[0.283s] Invoking command in '/home/suv-user/foxy/colcon_ws/src/build/turtlebot3_msgs': CMAKE_PREFIX_PATH=${CMAKE_PREFIX_PATH}:/home/suv-user/foxy/colcon_ws/install/turtlebot3_teleop:/home/suv-user/foxy/colcon_ws/install/turtlebot3_example:/home/suv-user/foxy/colcon_ws/install/odom_simulator:/home/suv-user/foxy/colcon_ws/install/motors_control:/home/suv-user/foxy/colcon_ws/install/motor_control2:/home/suv-user/suv-docker/rocker_test/docker-ros2/foxy/colcon_ws/install/turtlebot3_teleop:/home/suv-user/suv-docker/rocker_test/docker-ros2/foxy/colcon_ws/install/turtlebot3_example:/opt/ros/foxy /usr/bin/cmake /home/suv-user/foxy/colcon_ws/src/turtlebot3/turtlebot3_msgs -DAMENT_CMAKE_SYMLINK_INSTALL=1 -DCMAKE_INSTALL_PREFIX=/home/suv-user/foxy/colcon_ws/src/install/turtlebot3_msgs
[1.233s] -- The C compiler identification is GNU 9.3.0
[2.175s] -- The CXX compiler identification is GNU 9.3.0
[2.263s] -- Check for working C compiler: /usr/bin/cc
[3.034s] -- Check for working C compiler: /usr/bin/cc -- works
[3.041s] -- Detecting C compiler ABI info
[3.919s] -- Detecting C compiler ABI info - done
[4.090s] -- Detecting C compile features
[4.093s] -- Detecting C compile features - done
[4.149s] -- Check for working CXX compiler: /usr/bin/c++
[5.138s] -- Check for working CXX compiler: /usr/bin/c++ -- works
[5.144s] -- Detecting CXX compiler ABI info
[5.976s] -- Detecting CXX compiler ABI info - done
[6.159s] -- Detecting CXX compile features
[6.177s] -- Detecting CXX compile features - done
[6.282s] -- Found action_msgs: 1.0.0 (/opt/ros/foxy/share/action_msgs/cmake)
[6.740s] -- Found PythonInterp: /usr/bin/python3 (found suitable version "3.8.10", minimum required is "3") 
[6.741s] -- Using PYTHON_EXECUTABLE: /usr/bin/python3
[8.879s] -- Override CMake install command with custom implementation using symlinks instead of copying resources
[11.148s] -- Using all available rosidl_typesupport_c: rosidl_typesupport_fastrtps_c;rosidl_typesupport_introspection_c
[11.480s] -- Found rosidl_adapter: 1.2.1 (/opt/ros/foxy/share/rosidl_adapter/cmake)
[13.996s] -- Found OpenSSL: /usr/lib/aarch64-linux-gnu/libcrypto.so (found version "1.1.1f")  
[14.919s] -- Found FastRTPS: /opt/ros/foxy/include  
[17.338s] -- Using all available rosidl_typesupport_cpp: rosidl_typesupport_fastrtps_cpp;rosidl_typesupport_introspection_cpp
[19.383s] -- Found rosidl_default_generators: 1.0.1 (/opt/ros/foxy/share/rosidl_default_generators/cmake)
[19.844s] -- Found std_msgs: 2.0.5 (/opt/ros/foxy/share/std_msgs/cmake)
[21.051s] -- Found PythonInterp: /usr/bin/python3 (found version "3.8.10") 
[24.149s] -- Found ament_cmake_cppcheck: 0.9.6 (/opt/ros/foxy/share/ament_cmake_cppcheck/cmake)
[24.234s] -- Found ament_cmake_cpplint: 0.9.6 (/opt/ros/foxy/share/ament_cmake_cpplint/cmake)
[24.298s] -- Found ament_cmake_uncrustify: 0.9.6 (/opt/ros/foxy/share/ament_cmake_uncrustify/cmake)
[24.410s] -- Found ament_cmake_ros: 0.9.2 (/opt/ros/foxy/share/ament_cmake_ros/cmake)
[27.065s] -- Using all available rosidl_typesupport_c: rosidl_typesupport_fastrtps_c;rosidl_typesupport_introspection_c
[28.206s] -- Using all available rosidl_typesupport_cpp: rosidl_typesupport_fastrtps_cpp;rosidl_typesupport_introspection_cpp
[28.786s] -- Found PythonInterp: /usr/bin/python3 (found suitable version "3.8.10", minimum required is "3.5") 
[28.863s] -- Found python_cmake_module: 0.8.1 (/opt/ros/foxy/share/python_cmake_module/cmake)
[29.484s] -- Found PythonLibs: /usr/lib/aarch64-linux-gnu/libpython3.8.so (found suitable version "3.8.10", minimum required is "3.5") 
[29.489s] -- Using PYTHON_EXECUTABLE: /usr/bin/python3
[29.489s] -- Using PYTHON_INCLUDE_DIRS: /usr/include/python3.8
[29.490s] -- Using PYTHON_LIBRARIES: /usr/lib/aarch64-linux-gnu/libpython3.8.so
[30.053s] -- Found PythonExtra: .so  
[31.353s] -- Found ament_cmake_flake8: 0.9.6 (/opt/ros/foxy/share/ament_cmake_flake8/cmake)
[31.429s] -- Found ament_cmake_pep257: 0.9.6 (/opt/ros/foxy/share/ament_cmake_pep257/cmake)
[31.620s] -- Configuring done
[32.320s] -- Generating done
[32.337s] -- Build files have been written to: /home/suv-user/foxy/colcon_ws/src/build/turtlebot3_msgs
[32.409s] Invoked command in '/home/suv-user/foxy/colcon_ws/src/build/turtlebot3_msgs' returned '0': CMAKE_PREFIX_PATH=${CMAKE_PREFIX_PATH}:/home/suv-user/foxy/colcon_ws/install/turtlebot3_teleop:/home/suv-user/foxy/colcon_ws/install/turtlebot3_example:/home/suv-user/foxy/colcon_ws/install/odom_simulator:/home/suv-user/foxy/colcon_ws/install/motors_control:/home/suv-user/foxy/colcon_ws/install/motor_control2:/home/suv-user/suv-docker/rocker_test/docker-ros2/foxy/colcon_ws/install/turtlebot3_teleop:/home/suv-user/suv-docker/rocker_test/docker-ros2/foxy/colcon_ws/install/turtlebot3_example:/opt/ros/foxy /usr/bin/cmake /home/suv-user/foxy/colcon_ws/src/turtlebot3/turtlebot3_msgs -DAMENT_CMAKE_SYMLINK_INSTALL=1 -DCMAKE_INSTALL_PREFIX=/home/suv-user/foxy/colcon_ws/src/install/turtlebot3_msgs
[32.412s] Invoking command in '/home/suv-user/foxy/colcon_ws/src/build/turtlebot3_msgs': CMAKE_PREFIX_PATH=${CMAKE_PREFIX_PATH}:/home/suv-user/foxy/colcon_ws/install/turtlebot3_teleop:/home/suv-user/foxy/colcon_ws/install/turtlebot3_example:/home/suv-user/foxy/colcon_ws/install/odom_simulator:/home/suv-user/foxy/colcon_ws/install/motors_control:/home/suv-user/foxy/colcon_ws/install/motor_control2:/home/suv-user/suv-docker/rocker_test/docker-ros2/foxy/colcon_ws/install/turtlebot3_teleop:/home/suv-user/suv-docker/rocker_test/docker-ros2/foxy/colcon_ws/install/turtlebot3_example:/opt/ros/foxy /usr/bin/cmake --build /home/suv-user/foxy/colcon_ws/src/build/turtlebot3_msgs -- -j4 -l4
[32.736s] [35m[1mScanning dependencies of target turtlebot3_msgs__cpp[0m
[32.917s] [  1%] [34m[1mGenerating C++ code for ROS interfaces[0m
[44.698s] [  1%] Built target turtlebot3_msgs__cpp
[44.869s] [  2%] [34m[1mGenerating C code for ROS interfaces[0m
[57.869s] [35m[1mScanning dependencies of target turtlebot3_msgs__rosidl_generator_c[0m
[58.138s] [  4%] [32mBuilding C object CMakeFiles/turtlebot3_msgs__rosidl_generator_c.dir/rosidl_generator_c/turtlebot3_msgs/msg/detail/sensor_state__functions.c.o[0m
[58.735s] [  5%] [32mBuilding C object CMakeFiles/turtlebot3_msgs__rosidl_generator_c.dir/rosidl_generator_c/turtlebot3_msgs/msg/detail/sound__functions.c.o[0m
[59.300s] [  7%] [32mBuilding C object CMakeFiles/turtlebot3_msgs__rosidl_generator_c.dir/rosidl_generator_c/turtlebot3_msgs/msg/detail/version_info__functions.c.o[0m
[59.748s] [  8%] [32mBuilding C object CMakeFiles/turtlebot3_msgs__rosidl_generator_c.dir/rosidl_generator_c/turtlebot3_msgs/srv/detail/sound__functions.c.o[0m
[60.426s] [  9%] [32mBuilding C object CMakeFiles/turtlebot3_msgs__rosidl_generator_c.dir/rosidl_generator_c/turtlebot3_msgs/srv/detail/dqn__functions.c.o[0m
[60.854s] [ 11%] [32mBuilding C object CMakeFiles/turtlebot3_msgs__rosidl_generator_c.dir/rosidl_generator_c/turtlebot3_msgs/action/detail/patrol__functions.c.o[0m
[61.547s] [ 12%] [32m[1mLinking C shared library libturtlebot3_msgs__rosidl_generator_c.so[0m
[62.236s] [ 12%] Built target turtlebot3_msgs__rosidl_generator_c
[62.440s] [ 14%] [34m[1mGenerating C++ introspection for ROS interfaces[0m
[72.366s] [35m[1mScanning dependencies of target turtlebot3_msgs__rosidl_typesupport_introspection_cpp[0m
[72.573s] [ 15%] [32mBuilding CXX object CMakeFiles/turtlebot3_msgs__rosidl_typesupport_introspection_cpp.dir/rosidl_typesupport_introspection_cpp/turtlebot3_msgs/msg/detail/sensor_state__type_support.cpp.o[0m
[75.733s] [ 16%] [32mBuilding CXX object CMakeFiles/turtlebot3_msgs__rosidl_typesupport_introspection_cpp.dir/rosidl_typesupport_introspection_cpp/turtlebot3_msgs/msg/detail/sound__type_support.cpp.o[0m
[78.365s] [ 18%] [32mBuilding CXX object CMakeFiles/turtlebot3_msgs__rosidl_typesupport_introspection_cpp.dir/rosidl_typesupport_introspection_cpp/turtlebot3_msgs/msg/detail/version_info__type_support.cpp.o[0m
[81.344s] [ 19%] [32mBuilding CXX object CMakeFiles/turtlebot3_msgs__rosidl_typesupport_introspection_cpp.dir/rosidl_typesupport_introspection_cpp/turtlebot3_msgs/srv/detail/sound__type_support.cpp.o[0m
[83.774s] [ 21%] [32mBuilding CXX object CMakeFiles/turtlebot3_msgs__rosidl_typesupport_introspection_cpp.dir/rosidl_typesupport_introspection_cpp/turtlebot3_msgs/srv/detail/dqn__type_support.cpp.o[0m
[87.572s] [ 22%] [32mBuilding CXX object CMakeFiles/turtlebot3_msgs__rosidl_typesupport_introspection_cpp.dir/rosidl_typesupport_introspection_cpp/turtlebot3_msgs/action/detail/patrol__type_support.cpp.o[0m
[91.524s] [ 23%] [32m[1mLinking CXX shared library libturtlebot3_msgs__rosidl_typesupport_introspection_cpp.so[0m
[92.315s] [ 23%] Built target turtlebot3_msgs__rosidl_typesupport_introspection_cpp
[92.404s] [ 25%] [34m[1mGenerating C type support dispatch for ROS interfaces[0m
[98.665s] [35m[1mScanning dependencies of target turtlebot3_msgs__rosidl_typesupport_c[0m
[98.923s] [ 26%] [32mBuilding CXX object CMakeFiles/turtlebot3_msgs__rosidl_typesupport_c.dir/rosidl_typesupport_c/turtlebot3_msgs/msg/sensor_state__type_support.cpp.o[0m
[99.332s] [ 28%] [32mBuilding CXX object CMakeFiles/turtlebot3_msgs__rosidl_typesupport_c.dir/rosidl_typesupport_c/turtlebot3_msgs/msg/sound__type_support.cpp.o[0m
[99.881s] [ 29%] [32mBuilding CXX object CMakeFiles/turtlebot3_msgs__rosidl_typesupport_c.dir/rosidl_typesupport_c/turtlebot3_msgs/msg/version_info__type_support.cpp.o[0m
[100.229s] [ 30%] [32mBuilding CXX object CMakeFiles/turtlebot3_msgs__rosidl_typesupport_c.dir/rosidl_typesupport_c/turtlebot3_msgs/srv/sound__type_support.cpp.o[0m
[100.578s] [ 32%] [32mBuilding CXX object CMakeFiles/turtlebot3_msgs__rosidl_typesupport_c.dir/rosidl_typesupport_c/turtlebot3_msgs/srv/dqn__type_support.cpp.o[0m
[101.008s] [ 33%] [32mBuilding CXX object CMakeFiles/turtlebot3_msgs__rosidl_typesupport_c.dir/rosidl_typesupport_c/turtlebot3_msgs/action/patrol__type_support.cpp.o[0m
[101.493s] [ 35%] [32m[1mLinking CXX shared library libturtlebot3_msgs__rosidl_typesupport_c.so[0m
[101.990s] [ 35%] Built target turtlebot3_msgs__rosidl_typesupport_c
[102.175s] [ 36%] [34m[1mGenerating C introspection for ROS interfaces[0m
[111.107s] [35m[1mScanning dependencies of target turtlebot3_msgs__rosidl_typesupport_introspection_c[0m
[111.387s] [ 38%] [32mBuilding C object CMakeFiles/turtlebot3_msgs__rosidl_typesupport_introspection_c.dir/rosidl_typesupport_introspection_c/turtlebot3_msgs/msg/detail/sensor_state__type_support.c.o[0m
[111.900s] [ 39%] [32mBuilding C object CMakeFiles/turtlebot3_msgs__rosidl_typesupport_introspection_c.dir/rosidl_typesupport_introspection_c/turtlebot3_msgs/msg/detail/sound__type_support.c.o[0m
[112.398s] [ 40%] [32mBuilding C object CMakeFiles/turtlebot3_msgs__rosidl_typesupport_introspection_c.dir/rosidl_typesupport_introspection_c/turtlebot3_msgs/msg/detail/version_info__type_support.c.o[0m
[112.860s] [ 42%] [32mBuilding C object CMakeFiles/turtlebot3_msgs__rosidl_typesupport_introspection_c.dir/rosidl_typesupport_introspection_c/turtlebot3_msgs/srv/detail/sound__type_support.c.o[0m
[113.556s] [ 43%] [32mBuilding C object CMakeFiles/turtlebot3_msgs__rosidl_typesupport_introspection_c.dir/rosidl_typesupport_introspection_c/turtlebot3_msgs/srv/detail/dqn__type_support.c.o[0m
[114.077s] [ 45%] [32mBuilding C object CMakeFiles/turtlebot3_msgs__rosidl_typesupport_introspection_c.dir/rosidl_typesupport_introspection_c/turtlebot3_msgs/action/detail/patrol__type_support.c.o[0m
[114.633s] [ 46%] [32m[1mLinking C shared library libturtlebot3_msgs__rosidl_typesupport_introspection_c.so[0m
[115.148s] [ 46%] Built target turtlebot3_msgs__rosidl_typesupport_introspection_c
[115.397s] [ 47%] [34m[1mGenerating C++ type support for eProsima Fast-RTPS[0m
[125.971s] [35m[1mScanning dependencies of target turtlebot3_msgs__rosidl_typesupport_fastrtps_cpp[0m
[126.214s] [ 49%] [32mBuilding CXX object CMakeFiles/turtlebot3_msgs__rosidl_typesupport_fastrtps_cpp.dir/rosidl_typesupport_fastrtps_cpp/turtlebot3_msgs/msg/detail/dds_fastrtps/sensor_state__type_support.cpp.o[0m
[130.144s] [ 50%] [32mBuilding CXX object CMakeFiles/turtlebot3_msgs__rosidl_typesupport_fastrtps_cpp.dir/rosidl_typesupport_fastrtps_cpp/turtlebot3_msgs/msg/detail/dds_fastrtps/version_info__type_support.cpp.o[0m
[134.407s] [ 52%] [32mBuilding CXX object CMakeFiles/turtlebot3_msgs__rosidl_typesupport_fastrtps_cpp.dir/rosidl_typesupport_fastrtps_cpp/turtlebot3_msgs/srv/detail/dds_fastrtps/sound__type_support.cpp.o[0m
[138.626s] [ 53%] [32mBuilding CXX object CMakeFiles/turtlebot3_msgs__rosidl_typesupport_fastrtps_cpp.dir/rosidl_typesupport_fastrtps_cpp/turtlebot3_msgs/srv/detail/dds_fastrtps/dqn__type_support.cpp.o[0m
[143.352s] [ 54%] [32mBuilding CXX object CMakeFiles/turtlebot3_msgs__rosidl_typesupport_fastrtps_cpp.dir/rosidl_typesupport_fastrtps_cpp/turtlebot3_msgs/action/detail/dds_fastrtps/patrol__type_support.cpp.o[0m
[148.525s] [ 56%] [32mBuilding CXX object CMakeFiles/turtlebot3_msgs__rosidl_typesupport_fastrtps_cpp.dir/rosidl_typesupport_fastrtps_cpp/turtlebot3_msgs/msg/detail/dds_fastrtps/sound__type_support.cpp.o[0m
[151.453s] [ 57%] [32m[1mLinking CXX shared library libturtlebot3_msgs__rosidl_typesupport_fastrtps_cpp.so[0m
[152.103s] [ 57%] Built target turtlebot3_msgs__rosidl_typesupport_fastrtps_cpp
[152.265s] [ 59%] [34m[1mGenerating C++ type support dispatch for ROS interfaces[0m
[157.819s] [35m[1mScanning dependencies of target turtlebot3_msgs__rosidl_typesupport_cpp[0m
[158.064s] [ 60%] [32mBuilding CXX object CMakeFiles/turtlebot3_msgs__rosidl_typesupport_cpp.dir/rosidl_typesupport_cpp/turtlebot3_msgs/msg/sensor_state__type_support.cpp.o[0m
[160.571s] [ 61%] [32mBuilding CXX object CMakeFiles/turtlebot3_msgs__rosidl_typesupport_cpp.dir/rosidl_typesupport_cpp/turtlebot3_msgs/msg/version_info__type_support.cpp.o[0m
[163.470s] [ 63%] [32mBuilding CXX object CMakeFiles/turtlebot3_msgs__rosidl_typesupport_cpp.dir/rosidl_typesupport_cpp/turtlebot3_msgs/srv/sound__type_support.cpp.o[0m
[165.560s] [ 64%] [32mBuilding CXX object CMakeFiles/turtlebot3_msgs__rosidl_typesupport_cpp.dir/rosidl_typesupport_cpp/turtlebot3_msgs/srv/dqn__type_support.cpp.o[0m
[167.935s] [ 66%] [32mBuilding CXX object CMakeFiles/turtlebot3_msgs__rosidl_typesupport_cpp.dir/rosidl_typesupport_cpp/turtlebot3_msgs/action/patrol__type_support.cpp.o[0m
[171.439s] [ 67%] [32mBuilding CXX object CMakeFiles/turtlebot3_msgs__rosidl_typesupport_cpp.dir/rosidl_typesupport_cpp/turtlebot3_msgs/msg/sound__type_support.cpp.o[0m
[174.617s] [ 69%] [32m[1mLinking CXX shared library libturtlebot3_msgs__rosidl_typesupport_cpp.so[0m
[175.271s] [ 69%] Built target turtlebot3_msgs__rosidl_typesupport_cpp
[175.467s] [ 70%] [34m[1mGenerating C type support for eProsima Fast-RTPS[0m
[185.212s] [35m[1mScanning dependencies of target turtlebot3_msgs__rosidl_typesupport_fastrtps_c[0m
[185.571s] [ 71%] [32mBuilding CXX object CMakeFiles/turtlebot3_msgs__rosidl_typesupport_fastrtps_c.dir/rosidl_typesupport_fastrtps_c/turtlebot3_msgs/msg/detail/sensor_state__type_support_c.cpp.o[0m
[189.148s] [ 73%] [32mBuilding CXX object CMakeFiles/turtlebot3_msgs__rosidl_typesupport_fastrtps_c.dir/rosidl_typesupport_fastrtps_c/turtlebot3_msgs/srv/detail/sound__type_support_c.cpp.o[0m
[193.497s] [ 74%] [32mBuilding CXX object CMakeFiles/turtlebot3_msgs__rosidl_typesupport_fastrtps_c.dir/rosidl_typesupport_fastrtps_c/turtlebot3_msgs/srv/detail/dqn__type_support_c.cpp.o[0m
[197.044s] [ 76%] [32mBuilding CXX object CMakeFiles/turtlebot3_msgs__rosidl_typesupport_fastrtps_c.dir/rosidl_typesupport_fastrtps_c/turtlebot3_msgs/action/detail/patrol__type_support_c.cpp.o[0m
[200.525s] [ 77%] [32mBuilding CXX object CMakeFiles/turtlebot3_msgs__rosidl_typesupport_fastrtps_c.dir/rosidl_typesupport_fastrtps_c/turtlebot3_msgs/msg/detail/version_info__type_support_c.cpp.o[0m
[203.598s] [ 78%] [32mBuilding CXX object CMakeFiles/turtlebot3_msgs__rosidl_typesupport_fastrtps_c.dir/rosidl_typesupport_fastrtps_c/turtlebot3_msgs/msg/detail/sound__type_support_c.cpp.o[0m
[207.781s] [ 80%] [32m[1mLinking CXX shared library libturtlebot3_msgs__rosidl_typesupport_fastrtps_c.so[0m
[208.791s] [ 80%] Built target turtlebot3_msgs__rosidl_typesupport_fastrtps_c
[209.079s] [35m[1mScanning dependencies of target turtlebot3_msgs[0m
[209.271s] [ 80%] Built target turtlebot3_msgs
[209.464s] [35m[1mScanning dependencies of target turtlebot3_msgs__py[0m
[209.672s] [ 81%] [34m[1mGenerating Python code for ROS interfaces[0m
[231.853s] [ 81%] Built target turtlebot3_msgs__py
[231.953s] [35m[1mScanning dependencies of target turtlebot3_msgs__python[0m
[232.379s] [ 83%] [32mBuilding C object CMakeFiles/turtlebot3_msgs__python.dir/rosidl_generator_py/turtlebot3_msgs/msg/_sensor_state_s.c.o[0m
[233.449s] [ 84%] [32mBuilding C object CMakeFiles/turtlebot3_msgs__python.dir/rosidl_generator_py/turtlebot3_msgs/srv/_sound_s.c.o[0m
[234.691s] [ 85%] [32mBuilding C object CMakeFiles/turtlebot3_msgs__python.dir/rosidl_generator_py/turtlebot3_msgs/srv/_dqn_s.c.o[0m
[235.774s] [ 87%] [32mBuilding C object CMakeFiles/turtlebot3_msgs__python.dir/rosidl_generator_py/turtlebot3_msgs/action/_patrol_s.c.o[0m
[238.018s] [ 88%] [32mBuilding C object CMakeFiles/turtlebot3_msgs__python.dir/rosidl_generator_py/turtlebot3_msgs/msg/_version_info_s.c.o[0m
[239.169s] [ 90%] [32mBuilding C object CMakeFiles/turtlebot3_msgs__python.dir/rosidl_generator_py/turtlebot3_msgs/msg/_sound_s.c.o[0m
[240.323s] [ 91%] [32m[1mLinking C shared library rosidl_generator_py/turtlebot3_msgs/libturtlebot3_msgs__python.so[0m
[241.081s] [ 91%] Built target turtlebot3_msgs__python
[241.248s] [35m[1mScanning dependencies of target turtlebot3_msgs__rosidl_typesupport_fastrtps_c__pyext[0m
[241.563s] [ 92%] [32mBuilding C object CMakeFiles/turtlebot3_msgs__rosidl_typesupport_fastrtps_c__pyext.dir/rosidl_generator_py/turtlebot3_msgs/_turtlebot3_msgs_s.ep.rosidl_typesupport_fastrtps_c.c.o[0m
[243.462s] [ 94%] [32m[1mLinking CXX shared library rosidl_generator_py/turtlebot3_msgs/turtlebot3_msgs_s__rosidl_typesupport_fastrtps_c.cpython-38-aarch64-linux-gnu.so[0m
[244.380s] [ 94%] Built target turtlebot3_msgs__rosidl_typesupport_fastrtps_c__pyext
[244.670s] [35m[1mScanning dependencies of target turtlebot3_msgs__rosidl_typesupport_c__pyext[0m
[244.951s] [ 95%] [32mBuilding C object CMakeFiles/turtlebot3_msgs__rosidl_typesupport_c__pyext.dir/rosidl_generator_py/turtlebot3_msgs/_turtlebot3_msgs_s.ep.rosidl_typesupport_c.c.o[0m
[246.332s] [ 97%] [32m[1mLinking C shared library rosidl_generator_py/turtlebot3_msgs/turtlebot3_msgs_s__rosidl_typesupport_c.cpython-38-aarch64-linux-gnu.so[0m
[246.969s] [ 97%] Built target turtlebot3_msgs__rosidl_typesupport_c__pyext
[247.146s] [35m[1mScanning dependencies of target turtlebot3_msgs__rosidl_typesupport_introspection_c__pyext[0m
[247.532s] [ 98%] [32mBuilding C object CMakeFiles/turtlebot3_msgs__rosidl_typesupport_introspection_c__pyext.dir/rosidl_generator_py/turtlebot3_msgs/_turtlebot3_msgs_s.ep.rosidl_typesupport_introspection_c.c.o[0m
[248.836s] [100%] [32m[1mLinking C shared library rosidl_generator_py/turtlebot3_msgs/turtlebot3_msgs_s__rosidl_typesupport_introspection_c.cpython-38-aarch64-linux-gnu.so[0m
[249.482s] [100%] Built target turtlebot3_msgs__rosidl_typesupport_introspection_c__pyext
[249.579s] Invoked command in '/home/suv-user/foxy/colcon_ws/src/build/turtlebot3_msgs' returned '0': CMAKE_PREFIX_PATH=${CMAKE_PREFIX_PATH}:/home/suv-user/foxy/colcon_ws/install/turtlebot3_teleop:/home/suv-user/foxy/colcon_ws/install/turtlebot3_example:/home/suv-user/foxy/colcon_ws/install/odom_simulator:/home/suv-user/foxy/colcon_ws/install/motors_control:/home/suv-user/foxy/colcon_ws/install/motor_control2:/home/suv-user/suv-docker/rocker_test/docker-ros2/foxy/colcon_ws/install/turtlebot3_teleop:/home/suv-user/suv-docker/rocker_test/docker-ros2/foxy/colcon_ws/install/turtlebot3_example:/opt/ros/foxy /usr/bin/cmake --build /home/suv-user/foxy/colcon_ws/src/build/turtlebot3_msgs -- -j4 -l4
[254.248s] Invoking command in '/home/suv-user/foxy/colcon_ws/src/build/turtlebot3_msgs': CMAKE_PREFIX_PATH=${CMAKE_PREFIX_PATH}:/home/suv-user/foxy/colcon_ws/install/turtlebot3_teleop:/home/suv-user/foxy/colcon_ws/install/turtlebot3_example:/home/suv-user/foxy/colcon_ws/install/odom_simulator:/home/suv-user/foxy/colcon_ws/install/motors_control:/home/suv-user/foxy/colcon_ws/install/motor_control2:/home/suv-user/suv-docker/rocker_test/docker-ros2/foxy/colcon_ws/install/turtlebot3_teleop:/home/suv-user/suv-docker/rocker_test/docker-ros2/foxy/colcon_ws/install/turtlebot3_example:/opt/ros/foxy /usr/bin/cmake --install /home/suv-user/foxy/colcon_ws/src/build/turtlebot3_msgs
[254.394s] -- Install configuration: ""
[254.401s] -- Execute custom install script
[254.407s] -- Symlinking: /home/suv-user/foxy/colcon_ws/src/install/turtlebot3_msgs/share/ament_index/resource_index/rosidl_interfaces/turtlebot3_msgs
[254.541s] -- Symlinking: /home/suv-user/foxy/colcon_ws/src/install/turtlebot3_msgs/include/turtlebot3_msgs/action/detail/patrol__functions.h
[254.721s] -- Symlinking: /home/suv-user/foxy/colcon_ws/src/install/turtlebot3_msgs/include/turtlebot3_msgs/action/detail/patrol__struct.h
[254.855s] -- Symlinking: /home/suv-user/foxy/colcon_ws/src/install/turtlebot3_msgs/include/turtlebot3_msgs/action/detail/patrol__type_support.h
[254.979s] -- Symlinking: /home/suv-user/foxy/colcon_ws/src/install/turtlebot3_msgs/include/turtlebot3_msgs/action/patrol.h
[255.128s] -- Symlinking: /home/suv-user/foxy/colcon_ws/src/install/turtlebot3_msgs/include/turtlebot3_msgs/msg/detail/sensor_state__functions.h
[255.275s] -- Symlinking: /home/suv-user/foxy/colcon_ws/src/install/turtlebot3_msgs/include/turtlebot3_msgs/msg/detail/sensor_state__struct.h
[255.471s] -- Symlinking: /home/suv-user/foxy/colcon_ws/src/install/turtlebot3_msgs/include/turtlebot3_msgs/msg/detail/sensor_state__type_support.h
[255.591s] -- Symlinking: /home/suv-user/foxy/colcon_ws/src/install/turtlebot3_msgs/include/turtlebot3_msgs/msg/detail/sound__functions.h
[255.733s] -- Symlinking: /home/suv-user/foxy/colcon_ws/src/install/turtlebot3_msgs/include/turtlebot3_msgs/msg/detail/sound__struct.h
[255.885s] -- Symlinking: /home/suv-user/foxy/colcon_ws/src/install/turtlebot3_msgs/include/turtlebot3_msgs/msg/detail/sound__type_support.h
[256.048s] -- Symlinking: /home/suv-user/foxy/colcon_ws/src/install/turtlebot3_msgs/include/turtlebot3_msgs/msg/detail/version_info__functions.h
[256.208s] -- Symlinking: /home/suv-user/foxy/colcon_ws/src/install/turtlebot3_msgs/include/turtlebot3_msgs/msg/detail/version_info__struct.h
[256.399s] -- Symlinking: /home/suv-user/foxy/colcon_ws/src/install/turtlebot3_msgs/include/turtlebot3_msgs/msg/detail/version_info__type_support.h
[256.642s] -- Symlinking: /home/suv-user/foxy/colcon_ws/src/install/turtlebot3_msgs/include/turtlebot3_msgs/msg/rosidl_generator_c__visibility_control.h
[256.769s] -- Symlinking: /home/suv-user/foxy/colcon_ws/src/install/turtlebot3_msgs/include/turtlebot3_msgs/msg/sensor_state.h
[256.895s] -- Symlinking: /home/suv-user/foxy/colcon_ws/src/install/turtlebot3_msgs/include/turtlebot3_msgs/msg/sound.h
[256.995s] -- Symlinking: /home/suv-user/foxy/colcon_ws/src/install/turtlebot3_msgs/include/turtlebot3_msgs/msg/version_info.h
[257.222s] -- Symlinking: /home/suv-user/foxy/colcon_ws/src/install/turtlebot3_msgs/include/turtlebot3_msgs/srv/detail/dqn__functions.h
[257.379s] -- Symlinking: /home/suv-user/foxy/colcon_ws/src/install/turtlebot3_msgs/include/turtlebot3_msgs/srv/detail/dqn__struct.h
[257.553s] -- Symlinking: /home/suv-user/foxy/colcon_ws/src/install/turtlebot3_msgs/include/turtlebot3_msgs/srv/detail/dqn__type_support.h
[257.689s] -- Symlinking: /home/suv-user/foxy/colcon_ws/src/install/turtlebot3_msgs/include/turtlebot3_msgs/srv/detail/sound__functions.h
[257.828s] -- Symlinking: /home/suv-user/foxy/colcon_ws/src/install/turtlebot3_msgs/include/turtlebot3_msgs/srv/detail/sound__struct.h
[257.979s] -- Symlinking: /home/suv-user/foxy/colcon_ws/src/install/turtlebot3_msgs/include/turtlebot3_msgs/srv/detail/sound__type_support.h
[258.119s] -- Symlinking: /home/suv-user/foxy/colcon_ws/src/install/turtlebot3_msgs/include/turtlebot3_msgs/srv/dqn.h
[258.258s] -- Symlinking: /home/suv-user/foxy/colcon_ws/src/install/turtlebot3_msgs/include/turtlebot3_msgs/srv/sound.h
[258.387s] -- Symlinking: /home/suv-user/foxy/colcon_ws/src/install/turtlebot3_msgs/share/turtlebot3_msgs/environment/library_path.sh
[258.564s] -- Symlinking: /home/suv-user/foxy/colcon_ws/src/install/turtlebot3_msgs/share/turtlebot3_msgs/environment/library_path.dsv
[258.688s] -- Symlinking: /home/suv-user/foxy/colcon_ws/src/install/turtlebot3_msgs/include/turtlebot3_msgs/action/detail/patrol__rosidl_typesupport_fastrtps_c.h
[258.836s] -- Symlinking: /home/suv-user/foxy/colcon_ws/src/install/turtlebot3_msgs/include/turtlebot3_msgs/msg/detail/sensor_state__rosidl_typesupport_fastrtps_c.h
[258.971s] -- Symlinking: /home/suv-user/foxy/colcon_ws/src/install/turtlebot3_msgs/include/turtlebot3_msgs/msg/detail/sound__rosidl_typesupport_fastrtps_c.h
[259.148s] -- Symlinking: /home/suv-user/foxy/colcon_ws/src/install/turtlebot3_msgs/include/turtlebot3_msgs/msg/detail/version_info__rosidl_typesupport_fastrtps_c.h
[259.304s] -- Symlinking: /home/suv-user/foxy/colcon_ws/src/install/turtlebot3_msgs/include/turtlebot3_msgs/msg/rosidl_typesupport_fastrtps_c__visibility_control.h
[259.492s] -- Symlinking: /home/suv-user/foxy/colcon_ws/src/install/turtlebot3_msgs/include/turtlebot3_msgs/srv/detail/dqn__rosidl_typesupport_fastrtps_c.h
[259.610s] -- Symlinking: /home/suv-user/foxy/colcon_ws/src/install/turtlebot3_msgs/include/turtlebot3_msgs/srv/detail/sound__rosidl_typesupport_fastrtps_c.h
[259.747s] -- Symlinking: /home/suv-user/foxy/colcon_ws/src/install/turtlebot3_msgs/lib/libturtlebot3_msgs__rosidl_typesupport_fastrtps_c.so
[259.968s] -- Symlinking: /home/suv-user/foxy/colcon_ws/src/install/turtlebot3_msgs/include/turtlebot3_msgs/action/detail/patrol__rosidl_typesupport_fastrtps_cpp.hpp
[260.086s] -- Symlinking: /home/suv-user/foxy/colcon_ws/src/install/turtlebot3_msgs/include/turtlebot3_msgs/msg/detail/sensor_state__rosidl_typesupport_fastrtps_cpp.hpp
[260.196s] -- Symlinking: /home/suv-user/foxy/colcon_ws/src/install/turtlebot3_msgs/include/turtlebot3_msgs/msg/detail/sound__rosidl_typesupport_fastrtps_cpp.hpp
[260.301s] -- Symlinking: /home/suv-user/foxy/colcon_ws/src/install/turtlebot3_msgs/include/turtlebot3_msgs/msg/detail/version_info__rosidl_typesupport_fastrtps_cpp.hpp
[260.464s] -- Symlinking: /home/suv-user/foxy/colcon_ws/src/install/turtlebot3_msgs/include/turtlebot3_msgs/msg/rosidl_typesupport_fastrtps_cpp__visibility_control.h
[260.617s] -- Symlinking: /home/suv-user/foxy/colcon_ws/src/install/turtlebot3_msgs/include/turtlebot3_msgs/srv/detail/dqn__rosidl_typesupport_fastrtps_cpp.hpp
[260.732s] -- Symlinking: /home/suv-user/foxy/colcon_ws/src/install/turtlebot3_msgs/include/turtlebot3_msgs/srv/detail/sound__rosidl_typesupport_fastrtps_cpp.hpp
[260.883s] -- Symlinking: /home/suv-user/foxy/colcon_ws/src/install/turtlebot3_msgs/lib/libturtlebot3_msgs__rosidl_typesupport_fastrtps_cpp.so
[260.996s] -- Symlinking: /home/suv-user/foxy/colcon_ws/src/install/turtlebot3_msgs/include/turtlebot3_msgs/action/detail/patrol__rosidl_typesupport_introspection_c.h
[261.075s] -- Symlinking: /home/suv-user/foxy/colcon_ws/src/install/turtlebot3_msgs/include/turtlebot3_msgs/msg/detail/sensor_state__rosidl_typesupport_introspection_c.h
[261.146s] -- Symlinking: /home/suv-user/foxy/colcon_ws/src/install/turtlebot3_msgs/include/turtlebot3_msgs/msg/detail/sound__rosidl_typesupport_introspection_c.h
[261.286s] -- Symlinking: /home/suv-user/foxy/colcon_ws/src/install/turtlebot3_msgs/include/turtlebot3_msgs/msg/detail/version_info__rosidl_typesupport_introspection_c.h
[261.430s] -- Symlinking: /home/suv-user/foxy/colcon_ws/src/install/turtlebot3_msgs/include/turtlebot3_msgs/msg/rosidl_typesupport_introspection_c__visibility_control.h
[261.554s] -- Symlinking: /home/suv-user/foxy/colcon_ws/src/install/turtlebot3_msgs/include/turtlebot3_msgs/srv/detail/dqn__rosidl_typesupport_introspection_c.h
[261.715s] -- Symlinking: /home/suv-user/foxy/colcon_ws/src/install/turtlebot3_msgs/include/turtlebot3_msgs/srv/detail/sound__rosidl_typesupport_introspection_c.h
[261.912s] -- Symlinking: /home/suv-user/foxy/colcon_ws/src/install/turtlebot3_msgs/include/turtlebot3_msgs/action/detail/patrol__builder.hpp
[262.024s] -- Symlinking: /home/suv-user/foxy/colcon_ws/src/install/turtlebot3_msgs/include/turtlebot3_msgs/action/detail/patrol__struct.hpp
[262.186s] -- Symlinking: /home/suv-user/foxy/colcon_ws/src/install/turtlebot3_msgs/include/turtlebot3_msgs/action/detail/patrol__traits.hpp
[262.344s] -- Symlinking: /home/suv-user/foxy/colcon_ws/src/install/turtlebot3_msgs/include/turtlebot3_msgs/action/patrol.hpp
[262.498s] -- Symlinking: /home/suv-user/foxy/colcon_ws/src/install/turtlebot3_msgs/include/turtlebot3_msgs/msg/detail/sensor_state__builder.hpp
[262.640s] -- Symlinking: /home/suv-user/foxy/colcon_ws/src/install/turtlebot3_msgs/include/turtlebot3_msgs/msg/detail/sensor_state__struct.hpp
[262.748s] -- Symlinking: /home/suv-user/foxy/colcon_ws/src/install/turtlebot3_msgs/include/turtlebot3_msgs/msg/detail/sensor_state__traits.hpp
[262.880s] -- Symlinking: /home/suv-user/foxy/colcon_ws/src/install/turtlebot3_msgs/include/turtlebot3_msgs/msg/detail/sound__builder.hpp
[262.959s] -- Symlinking: /home/suv-user/foxy/colcon_ws/src/install/turtlebot3_msgs/include/turtlebot3_msgs/msg/detail/sound__struct.hpp
[263.152s] -- Symlinking: /home/suv-user/foxy/colcon_ws/src/install/turtlebot3_msgs/include/turtlebot3_msgs/msg/detail/sound__traits.hpp
[263.266s] -- Symlinking: /home/suv-user/foxy/colcon_ws/src/install/turtlebot3_msgs/include/turtlebot3_msgs/msg/detail/version_info__builder.hpp
[263.345s] -- Symlinking: /home/suv-user/foxy/colcon_ws/src/install/turtlebot3_msgs/include/turtlebot3_msgs/msg/detail/version_info__struct.hpp
[263.454s] -- Symlinking: /home/suv-user/foxy/colcon_ws/src/install/turtlebot3_msgs/include/turtlebot3_msgs/msg/detail/version_info__traits.hpp
[263.636s] -- Symlinking: /home/suv-user/foxy/colcon_ws/src/install/turtlebot3_msgs/include/turtlebot3_msgs/msg/sensor_state.hpp
[263.808s] -- Symlinking: /home/suv-user/foxy/colcon_ws/src/install/turtlebot3_msgs/include/turtlebot3_msgs/msg/sound.hpp
[263.929s] -- Symlinking: /home/suv-user/foxy/colcon_ws/src/install/turtlebot3_msgs/include/turtlebot3_msgs/msg/version_info.hpp
[264.031s] -- Symlinking: /home/suv-user/foxy/colcon_ws/src/install/turtlebot3_msgs/include/turtlebot3_msgs/srv/detail/dqn__builder.hpp
[264.157s] -- Symlinking: /home/suv-user/foxy/colcon_ws/src/install/turtlebot3_msgs/include/turtlebot3_msgs/srv/detail/dqn__struct.hpp
[264.320s] -- Symlinking: /home/suv-user/foxy/colcon_ws/src/install/turtlebot3_msgs/include/turtlebot3_msgs/srv/detail/dqn__traits.hpp
[264.445s] -- Symlinking: /home/suv-user/foxy/colcon_ws/src/install/turtlebot3_msgs/include/turtlebot3_msgs/srv/detail/sound__builder.hpp
[264.575s] -- Symlinking: /home/suv-user/foxy/colcon_ws/src/install/turtlebot3_msgs/include/turtlebot3_msgs/srv/detail/sound__struct.hpp
[264.671s] -- Symlinking: /home/suv-user/foxy/colcon_ws/src/install/turtlebot3_msgs/include/turtlebot3_msgs/srv/detail/sound__traits.hpp
[264.821s] -- Symlinking: /home/suv-user/foxy/colcon_ws/src/install/turtlebot3_msgs/include/turtlebot3_msgs/srv/dqn.hpp
[264.954s] -- Symlinking: /home/suv-user/foxy/colcon_ws/src/install/turtlebot3_msgs/include/turtlebot3_msgs/srv/sound.hpp
[265.155s] -- Symlinking: /home/suv-user/foxy/colcon_ws/src/install/turtlebot3_msgs/include/turtlebot3_msgs/action/detail/patrol__rosidl_typesupport_introspection_cpp.hpp
[265.261s] -- Symlinking: /home/suv-user/foxy/colcon_ws/src/install/turtlebot3_msgs/include/turtlebot3_msgs/msg/detail/sensor_state__rosidl_typesupport_introspection_cpp.hpp
[265.379s] -- Symlinking: /home/suv-user/foxy/colcon_ws/src/install/turtlebot3_msgs/include/turtlebot3_msgs/msg/detail/sound__rosidl_typesupport_introspection_cpp.hpp
[265.503s] -- Symlinking: /home/suv-user/foxy/colcon_ws/src/install/turtlebot3_msgs/include/turtlebot3_msgs/msg/detail/version_info__rosidl_typesupport_introspection_cpp.hpp
[265.594s] -- Symlinking: /home/suv-user/foxy/colcon_ws/src/install/turtlebot3_msgs/include/turtlebot3_msgs/srv/detail/dqn__rosidl_typesupport_introspection_cpp.hpp
[265.720s] -- Symlinking: /home/suv-user/foxy/colcon_ws/src/install/turtlebot3_msgs/include/turtlebot3_msgs/srv/detail/sound__rosidl_typesupport_introspection_cpp.hpp
[265.876s] -- Symlinking: /home/suv-user/foxy/colcon_ws/src/install/turtlebot3_msgs/share/turtlebot3_msgs/environment/pythonpath.sh
[265.967s] -- Symlinking: /home/suv-user/foxy/colcon_ws/src/install/turtlebot3_msgs/share/turtlebot3_msgs/environment/pythonpath.dsv
[266.046s] -- Symlinking: /home/suv-user/foxy/colcon_ws/src/install/turtlebot3_msgs/lib/python3.8/site-packages/turtlebot3_msgs/__init__.py
[266.171s] -- Symlinking: /home/suv-user/foxy/colcon_ws/src/install/turtlebot3_msgs/lib/python3.8/site-packages/turtlebot3_msgs/msg/__init__.py
[266.231s] -- Symlinking: /home/suv-user/foxy/colcon_ws/src/install/turtlebot3_msgs/lib/python3.8/site-packages/turtlebot3_msgs/msg/_sensor_state.py
[266.471s] -- Symlinking: /home/suv-user/foxy/colcon_ws/src/install/turtlebot3_msgs/lib/python3.8/site-packages/turtlebot3_msgs/msg/_sound.py
[266.595s] -- Symlinking: /home/suv-user/foxy/colcon_ws/src/install/turtlebot3_msgs/lib/python3.8/site-packages/turtlebot3_msgs/msg/_version_info.py
[266.702s] -- Symlinking: /home/suv-user/foxy/colcon_ws/src/install/turtlebot3_msgs/lib/python3.8/site-packages/turtlebot3_msgs/srv/__init__.py
[266.825s] -- Symlinking: /home/suv-user/foxy/colcon_ws/src/install/turtlebot3_msgs/lib/python3.8/site-packages/turtlebot3_msgs/srv/_dqn.py
[266.876s] -- Symlinking: /home/suv-user/foxy/colcon_ws/src/install/turtlebot3_msgs/lib/python3.8/site-packages/turtlebot3_msgs/srv/_sound.py
[267.019s] -- Symlinking: /home/suv-user/foxy/colcon_ws/src/install/turtlebot3_msgs/lib/python3.8/site-packages/turtlebot3_msgs/action/__init__.py
[267.138s] -- Symlinking: /home/suv-user/foxy/colcon_ws/src/install/turtlebot3_msgs/lib/python3.8/site-packages/turtlebot3_msgs/action/_patrol.py
[267.294s] -- Symlinking: /home/suv-user/foxy/colcon_ws/src/install/turtlebot3_msgs/lib/python3.8/site-packages/turtlebot3_msgs/turtlebot3_msgs_s__rosidl_typesupport_fastrtps_c.cpython-38-aarch64-linux-gnu.so
[267.410s] -- Symlinking: /home/suv-user/foxy/colcon_ws/src/install/turtlebot3_msgs/lib/python3.8/site-packages/turtlebot3_msgs/turtlebot3_msgs_s__rosidl_typesupport_introspection_c.cpython-38-aarch64-linux-gnu.so
[267.522s] -- Symlinking: /home/suv-user/foxy/colcon_ws/src/install/turtlebot3_msgs/lib/python3.8/site-packages/turtlebot3_msgs/turtlebot3_msgs_s__rosidl_typesupport_c.cpython-38-aarch64-linux-gnu.so
[267.727s] -- Symlinking: /home/suv-user/foxy/colcon_ws/src/install/turtlebot3_msgs/lib/libturtlebot3_msgs__python.so
[267.879s] -- Symlinking: /home/suv-user/foxy/colcon_ws/src/install/turtlebot3_msgs/share/turtlebot3_msgs/msg/SensorState.idl
[267.936s] -- Symlinking: /home/suv-user/foxy/colcon_ws/src/install/turtlebot3_msgs/share/turtlebot3_msgs/msg/Sound.idl
[268.109s] -- Symlinking: /home/suv-user/foxy/colcon_ws/src/install/turtlebot3_msgs/share/turtlebot3_msgs/msg/VersionInfo.idl
[268.203s] -- Symlinking: /home/suv-user/foxy/colcon_ws/src/install/turtlebot3_msgs/share/turtlebot3_msgs/srv/Sound.idl
[268.332s] -- Symlinking: /home/suv-user/foxy/colcon_ws/src/install/turtlebot3_msgs/share/turtlebot3_msgs/srv/Dqn.idl
[268.449s] -- Symlinking: /home/suv-user/foxy/colcon_ws/src/install/turtlebot3_msgs/share/turtlebot3_msgs/action/Patrol.idl
[268.603s] -- Symlinking: /home/suv-user/foxy/colcon_ws/src/install/turtlebot3_msgs/share/turtlebot3_msgs/msg/SensorState.msg
[268.760s] -- Symlinking: /home/suv-user/foxy/colcon_ws/src/install/turtlebot3_msgs/share/turtlebot3_msgs/msg/Sound.msg
[268.864s] -- Symlinking: /home/suv-user/foxy/colcon_ws/src/install/turtlebot3_msgs/share/turtlebot3_msgs/msg/VersionInfo.msg
[269.067s] -- Symlinking: /home/suv-user/foxy/colcon_ws/src/install/turtlebot3_msgs/share/turtlebot3_msgs/srv/Sound.srv
[269.183s] -- Symlinking: /home/suv-user/foxy/colcon_ws/src/install/turtlebot3_msgs/share/turtlebot3_msgs/srv/Sound_Request.msg
[269.302s] -- Symlinking: /home/suv-user/foxy/colcon_ws/src/install/turtlebot3_msgs/share/turtlebot3_msgs/srv/Sound_Response.msg
[269.416s] -- Symlinking: /home/suv-user/foxy/colcon_ws/src/install/turtlebot3_msgs/share/turtlebot3_msgs/srv/Dqn.srv
[269.581s] -- Symlinking: /home/suv-user/foxy/colcon_ws/src/install/turtlebot3_msgs/share/turtlebot3_msgs/srv/Dqn_Request.msg
[269.690s] -- Symlinking: /home/suv-user/foxy/colcon_ws/src/install/turtlebot3_msgs/share/turtlebot3_msgs/srv/Dqn_Response.msg
[269.819s] -- Symlinking: /home/suv-user/foxy/colcon_ws/src/install/turtlebot3_msgs/share/turtlebot3_msgs/action/Patrol.action
[269.945s] -- Symlinking: /home/suv-user/foxy/colcon_ws/src/install/turtlebot3_msgs/share/ament_index/resource_index/package_run_dependencies/turtlebot3_msgs
[270.053s] -- Symlinking: /home/suv-user/foxy/colcon_ws/src/install/turtlebot3_msgs/share/ament_index/resource_index/parent_prefix_path/turtlebot3_msgs
[270.196s] -- Symlinking: /home/suv-user/foxy/colcon_ws/src/install/turtlebot3_msgs/share/turtlebot3_msgs/environment/ament_prefix_path.sh
[270.347s] -- Symlinking: /home/suv-user/foxy/colcon_ws/src/install/turtlebot3_msgs/share/turtlebot3_msgs/environment/ament_prefix_path.dsv
[270.483s] -- Symlinking: /home/suv-user/foxy/colcon_ws/src/install/turtlebot3_msgs/share/turtlebot3_msgs/environment/path.sh
[270.580s] -- Symlinking: /home/suv-user/foxy/colcon_ws/src/install/turtlebot3_msgs/share/turtlebot3_msgs/environment/path.dsv
[270.656s] -- Symlinking: /home/suv-user/foxy/colcon_ws/src/install/turtlebot3_msgs/share/turtlebot3_msgs/local_setup.bash
[270.757s] -- Symlinking: /home/suv-user/foxy/colcon_ws/src/install/turtlebot3_msgs/share/turtlebot3_msgs/local_setup.sh
[270.892s] -- Symlinking: /home/suv-user/foxy/colcon_ws/src/install/turtlebot3_msgs/share/turtlebot3_msgs/local_setup.zsh
[271.013s] -- Symlinking: /home/suv-user/foxy/colcon_ws/src/install/turtlebot3_msgs/share/turtlebot3_msgs/local_setup.dsv
[271.116s] -- Symlinking: /home/suv-user/foxy/colcon_ws/src/install/turtlebot3_msgs/share/turtlebot3_msgs/package.dsv
[271.265s] -- Symlinking: /home/suv-user/foxy/colcon_ws/src/install/turtlebot3_msgs/share/ament_index/resource_index/packages/turtlebot3_msgs
[271.388s] -- Symlinking: /home/suv-user/foxy/colcon_ws/src/install/turtlebot3_msgs/share/turtlebot3_msgs/cmake/rosidl_cmake-extras.cmake
[271.499s] -- Symlinking: /home/suv-user/foxy/colcon_ws/src/install/turtlebot3_msgs/share/turtlebot3_msgs/cmake/ament_cmake_export_dependencies-extras.cmake
[271.667s] -- Symlinking: /home/suv-user/foxy/colcon_ws/src/install/turtlebot3_msgs/share/turtlebot3_msgs/cmake/ament_cmake_export_libraries-extras.cmake
[271.778s] -- Symlinking: /home/suv-user/foxy/colcon_ws/src/install/turtlebot3_msgs/share/turtlebot3_msgs/cmake/ament_cmake_export_targets-extras.cmake
[271.886s] -- Symlinking: /home/suv-user/foxy/colcon_ws/src/install/turtlebot3_msgs/share/turtlebot3_msgs/cmake/ament_cmake_export_include_directories-extras.cmake
[272.025s] -- Symlinking: /home/suv-user/foxy/colcon_ws/src/install/turtlebot3_msgs/share/turtlebot3_msgs/cmake/rosidl_cmake_export_typesupport_libraries-extras.cmake
[272.163s] -- Symlinking: /home/suv-user/foxy/colcon_ws/src/install/turtlebot3_msgs/share/turtlebot3_msgs/cmake/rosidl_cmake_export_typesupport_targets-extras.cmake
[272.294s] -- Symlinking: /home/suv-user/foxy/colcon_ws/src/install/turtlebot3_msgs/share/turtlebot3_msgs/cmake/turtlebot3_msgsConfig.cmake
[272.447s] -- Symlinking: /home/suv-user/foxy/colcon_ws/src/install/turtlebot3_msgs/share/turtlebot3_msgs/cmake/turtlebot3_msgsConfig-version.cmake
[272.595s] -- Symlinking: /home/suv-user/foxy/colcon_ws/src/install/turtlebot3_msgs/share/turtlebot3_msgs/package.xml
[272.756s] -- Installing: /home/suv-user/foxy/colcon_ws/src/install/turtlebot3_msgs/lib/libturtlebot3_msgs__rosidl_generator_c.so
[272.762s] -- Set runtime path of "/home/suv-user/foxy/colcon_ws/src/install/turtlebot3_msgs/lib/libturtlebot3_msgs__rosidl_generator_c.so" to ""
[272.783s] -- Installing: /home/suv-user/foxy/colcon_ws/src/install/turtlebot3_msgs/lib/libturtlebot3_msgs__rosidl_typesupport_introspection_c.so
[272.783s] -- Set runtime path of "/home/suv-user/foxy/colcon_ws/src/install/turtlebot3_msgs/lib/libturtlebot3_msgs__rosidl_typesupport_introspection_c.so" to ""
[272.784s] -- Installing: /home/suv-user/foxy/colcon_ws/src/install/turtlebot3_msgs/lib/libturtlebot3_msgs__rosidl_typesupport_c.so
[272.784s] -- Set runtime path of "/home/suv-user/foxy/colcon_ws/src/install/turtlebot3_msgs/lib/libturtlebot3_msgs__rosidl_typesupport_c.so" to ""
[272.785s] -- Installing: /home/suv-user/foxy/colcon_ws/src/install/turtlebot3_msgs/lib/libturtlebot3_msgs__rosidl_typesupport_introspection_cpp.so
[272.797s] -- Set runtime path of "/home/suv-user/foxy/colcon_ws/src/install/turtlebot3_msgs/lib/libturtlebot3_msgs__rosidl_typesupport_introspection_cpp.so" to ""
[272.799s] -- Installing: /home/suv-user/foxy/colcon_ws/src/install/turtlebot3_msgs/lib/libturtlebot3_msgs__rosidl_typesupport_cpp.so
[272.810s] -- Set runtime path of "/home/suv-user/foxy/colcon_ws/src/install/turtlebot3_msgs/lib/libturtlebot3_msgs__rosidl_typesupport_cpp.so" to ""
[273.556s] Compiling '/home/suv-user/foxy/colcon_ws/src/install/turtlebot3_msgs/lib/python3.8/site-packages/turtlebot3_msgs/__init__.py'...
[273.629s] -- Installing: /home/suv-user/foxy/colcon_ws/src/install/turtlebot3_msgs/share/turtlebot3_msgs/cmake/turtlebot3_msgs__rosidl_generator_cExport.cmake
[273.633s] -- Installing: /home/suv-user/foxy/colcon_ws/src/install/turtlebot3_msgs/share/turtlebot3_msgs/cmake/turtlebot3_msgs__rosidl_generator_cExport-noconfig.cmake
[273.637s] -- Installing: /home/suv-user/foxy/colcon_ws/src/install/turtlebot3_msgs/share/turtlebot3_msgs/cmake/turtlebot3_msgs__rosidl_typesupport_introspection_cExport.cmake
[273.641s] -- Installing: /home/suv-user/foxy/colcon_ws/src/install/turtlebot3_msgs/share/turtlebot3_msgs/cmake/turtlebot3_msgs__rosidl_typesupport_introspection_cExport-noconfig.cmake
[273.645s] -- Installing: /home/suv-user/foxy/colcon_ws/src/install/turtlebot3_msgs/share/turtlebot3_msgs/cmake/turtlebot3_msgs__rosidl_typesupport_cExport.cmake
[273.648s] -- Installing: /home/suv-user/foxy/colcon_ws/src/install/turtlebot3_msgs/share/turtlebot3_msgs/cmake/turtlebot3_msgs__rosidl_typesupport_cExport-noconfig.cmake
[273.652s] -- Installing: /home/suv-user/foxy/colcon_ws/src/install/turtlebot3_msgs/share/turtlebot3_msgs/cmake/turtlebot3_msgs__rosidl_generator_cppExport.cmake
[273.656s] -- Installing: /home/suv-user/foxy/colcon_ws/src/install/turtlebot3_msgs/share/turtlebot3_msgs/cmake/turtlebot3_msgs__rosidl_typesupport_introspection_cppExport.cmake
[273.659s] -- Installing: /home/suv-user/foxy/colcon_ws/src/install/turtlebot3_msgs/share/turtlebot3_msgs/cmake/turtlebot3_msgs__rosidl_typesupport_introspection_cppExport-noconfig.cmake
[273.663s] -- Installing: /home/suv-user/foxy/colcon_ws/src/install/turtlebot3_msgs/share/turtlebot3_msgs/cmake/turtlebot3_msgs__rosidl_typesupport_cppExport.cmake
[273.667s] -- Installing: /home/suv-user/foxy/colcon_ws/src/install/turtlebot3_msgs/share/turtlebot3_msgs/cmake/turtlebot3_msgs__rosidl_typesupport_cppExport-noconfig.cmake
[273.700s] Invoked command in '/home/suv-user/foxy/colcon_ws/src/build/turtlebot3_msgs' returned '0': CMAKE_PREFIX_PATH=${CMAKE_PREFIX_PATH}:/home/suv-user/foxy/colcon_ws/install/turtlebot3_teleop:/home/suv-user/foxy/colcon_ws/install/turtlebot3_example:/home/suv-user/foxy/colcon_ws/install/odom_simulator:/home/suv-user/foxy/colcon_ws/install/motors_control:/home/suv-user/foxy/colcon_ws/install/motor_control2:/home/suv-user/suv-docker/rocker_test/docker-ros2/foxy/colcon_ws/install/turtlebot3_teleop:/home/suv-user/suv-docker/rocker_test/docker-ros2/foxy/colcon_ws/install/turtlebot3_example:/opt/ros/foxy /usr/bin/cmake --install /home/suv-user/foxy/colcon_ws/src/build/turtlebot3_msgs
