running develop
running egg_info
creating odom_simulator.egg-info
writing odom_simulator.egg-info/PKG-INFO
writing dependency_links to odom_simulator.egg-info/dependency_links.txt
writing entry points to odom_simulator.egg-info/entry_points.txt
writing requirements to odom_simulator.egg-info/requires.txt
writing top-level names to odom_simulator.egg-info/top_level.txt
writing manifest file 'odom_simulator.egg-info/SOURCES.txt'
reading manifest file 'odom_simulator.egg-info/SOURCES.txt'
writing manifest file 'odom_simulator.egg-info/SOURCES.txt'
running build_ext
Creating /home/suv-user/foxy/colcon_ws/src/install/odom_simulator/lib/python3.8/site-packages/site.py
Creating /home/suv-user/foxy/colcon_ws/src/install/odom_simulator/lib/python3.8/site-packages/odom-simulator.egg-link (link to .)

Installed /home/suv-user/foxy/colcon_ws/src/build/odom_simulator
running install_data
creating /home/suv-user/foxy/colcon_ws/src/install/odom_simulator/share/ament_index
creating /home/suv-user/foxy/colcon_ws/src/install/odom_simulator/share/ament_index/resource_index
creating /home/suv-user/foxy/colcon_ws/src/install/odom_simulator/share/ament_index/resource_index/packages
copying resource/odom_simulator -> /home/suv-user/foxy/colcon_ws/src/install/odom_simulator/share/ament_index/resource_index/packages
copying package.xml -> /home/suv-user/foxy/colcon_ws/src/install/odom_simulator/share/odom_simulator
