[0.241s] Invoking command in '/home/suv-user/foxy/colcon_ws/src/build/turtlebot3_navigation2': CMAKE_PREFIX_PATH=${CMAKE_PREFIX_PATH}:/home/suv-user/foxy/colcon_ws/install/turtlebot3_teleop:/home/suv-user/foxy/colcon_ws/install/turtlebot3_example:/home/suv-user/foxy/colcon_ws/install/odom_simulator:/home/suv-user/foxy/colcon_ws/install/motors_control:/home/suv-user/foxy/colcon_ws/install/motor_control2:/home/suv-user/suv-docker/rocker_test/docker-ros2/foxy/colcon_ws/install/turtlebot3_teleop:/home/suv-user/suv-docker/rocker_test/docker-ros2/foxy/colcon_ws/install/turtlebot3_example:/opt/ros/foxy /usr/bin/cmake /home/suv-user/foxy/colcon_ws/src/turtlebot3/turtlebot3/turtlebot3_navigation2 -DAMENT_CMAKE_SYMLINK_INSTALL=1 -DCMAKE_INSTALL_PREFIX=/home/suv-user/foxy/colcon_ws/src/install/turtlebot3_navigation2
[0.880s] -- The C compiler identification is GNU 9.3.0
[1.554s] -- The CXX compiler identification is GNU 9.3.0
[1.681s] -- Check for working C compiler: /usr/bin/cc
[2.565s] -- Check for working C compiler: /usr/bin/cc -- works
[2.571s] -- Detecting C compiler ABI info
[3.607s] -- Detecting C compiler ABI info - done
[3.772s] -- Detecting C compile features
[3.775s] -- Detecting C compile features - done
[3.801s] -- Check for working CXX compiler: /usr/bin/c++
[4.859s] -- Check for working CXX compiler: /usr/bin/c++ -- works
[4.872s] -- Detecting CXX compiler ABI info
[5.941s] -- Detecting CXX compiler ABI info - done
[6.126s] -- Detecting CXX compile features
[6.127s] -- Detecting CXX compile features - done
[6.199s] -- Found ament_cmake: 0.9.9 (/opt/ros/foxy/share/ament_cmake/cmake)
[6.750s] -- Found PythonInterp: /usr/bin/python3 (found suitable version "3.8.10", minimum required is "3") 
[6.751s] -- Using PYTHON_EXECUTABLE: /usr/bin/python3
[9.221s] -- Override CMake install command with custom implementation using symlinks instead of copying resources
[11.219s] -- Configuring done
[11.244s] -- Generating done
[11.251s] -- Build files have been written to: /home/suv-user/foxy/colcon_ws/src/build/turtlebot3_navigation2
[11.298s] Invoked command in '/home/suv-user/foxy/colcon_ws/src/build/turtlebot3_navigation2' returned '0': CMAKE_PREFIX_PATH=${CMAKE_PREFIX_PATH}:/home/suv-user/foxy/colcon_ws/install/turtlebot3_teleop:/home/suv-user/foxy/colcon_ws/install/turtlebot3_example:/home/suv-user/foxy/colcon_ws/install/odom_simulator:/home/suv-user/foxy/colcon_ws/install/motors_control:/home/suv-user/foxy/colcon_ws/install/motor_control2:/home/suv-user/suv-docker/rocker_test/docker-ros2/foxy/colcon_ws/install/turtlebot3_teleop:/home/suv-user/suv-docker/rocker_test/docker-ros2/foxy/colcon_ws/install/turtlebot3_example:/opt/ros/foxy /usr/bin/cmake /home/suv-user/foxy/colcon_ws/src/turtlebot3/turtlebot3/turtlebot3_navigation2 -DAMENT_CMAKE_SYMLINK_INSTALL=1 -DCMAKE_INSTALL_PREFIX=/home/suv-user/foxy/colcon_ws/src/install/turtlebot3_navigation2
[11.305s] Invoking command in '/home/suv-user/foxy/colcon_ws/src/build/turtlebot3_navigation2': CMAKE_PREFIX_PATH=${CMAKE_PREFIX_PATH}:/home/suv-user/foxy/colcon_ws/install/turtlebot3_teleop:/home/suv-user/foxy/colcon_ws/install/turtlebot3_example:/home/suv-user/foxy/colcon_ws/install/odom_simulator:/home/suv-user/foxy/colcon_ws/install/motors_control:/home/suv-user/foxy/colcon_ws/install/motor_control2:/home/suv-user/suv-docker/rocker_test/docker-ros2/foxy/colcon_ws/install/turtlebot3_teleop:/home/suv-user/suv-docker/rocker_test/docker-ros2/foxy/colcon_ws/install/turtlebot3_example:/opt/ros/foxy /usr/bin/cmake --build /home/suv-user/foxy/colcon_ws/src/build/turtlebot3_navigation2 -- -j4 -l4
[11.926s] Invoked command in '/home/suv-user/foxy/colcon_ws/src/build/turtlebot3_navigation2' returned '0': CMAKE_PREFIX_PATH=${CMAKE_PREFIX_PATH}:/home/suv-user/foxy/colcon_ws/install/turtlebot3_teleop:/home/suv-user/foxy/colcon_ws/install/turtlebot3_example:/home/suv-user/foxy/colcon_ws/install/odom_simulator:/home/suv-user/foxy/colcon_ws/install/motors_control:/home/suv-user/foxy/colcon_ws/install/motor_control2:/home/suv-user/suv-docker/rocker_test/docker-ros2/foxy/colcon_ws/install/turtlebot3_teleop:/home/suv-user/suv-docker/rocker_test/docker-ros2/foxy/colcon_ws/install/turtlebot3_example:/opt/ros/foxy /usr/bin/cmake --build /home/suv-user/foxy/colcon_ws/src/build/turtlebot3_navigation2 -- -j4 -l4
[12.332s] Invoking command in '/home/suv-user/foxy/colcon_ws/src/build/turtlebot3_navigation2': CMAKE_PREFIX_PATH=${CMAKE_PREFIX_PATH}:/home/suv-user/foxy/colcon_ws/install/turtlebot3_teleop:/home/suv-user/foxy/colcon_ws/install/turtlebot3_example:/home/suv-user/foxy/colcon_ws/install/odom_simulator:/home/suv-user/foxy/colcon_ws/install/motors_control:/home/suv-user/foxy/colcon_ws/install/motor_control2:/home/suv-user/suv-docker/rocker_test/docker-ros2/foxy/colcon_ws/install/turtlebot3_teleop:/home/suv-user/suv-docker/rocker_test/docker-ros2/foxy/colcon_ws/install/turtlebot3_example:/opt/ros/foxy /usr/bin/cmake --install /home/suv-user/foxy/colcon_ws/src/build/turtlebot3_navigation2
[12.479s] -- Install configuration: ""
[12.492s] -- Execute custom install script
[12.512s] -- Symlinking: /home/suv-user/foxy/colcon_ws/src/install/turtlebot3_navigation2/share/turtlebot3_navigation2/launch/navigation2.launch.py
[12.629s] -- Symlinking: /home/suv-user/foxy/colcon_ws/src/install/turtlebot3_navigation2/share/turtlebot3_navigation2/map/turtlebot3_world.pgm
[12.752s] -- Symlinking: /home/suv-user/foxy/colcon_ws/src/install/turtlebot3_navigation2/share/turtlebot3_navigation2/map/turtlebot3_world.yaml
[12.963s] -- Symlinking: /home/suv-user/foxy/colcon_ws/src/install/turtlebot3_navigation2/share/turtlebot3_navigation2/param/burger.yaml
[13.068s] -- Symlinking: /home/suv-user/foxy/colcon_ws/src/install/turtlebot3_navigation2/share/turtlebot3_navigation2/param/waffle.yaml
[13.210s] -- Symlinking: /home/suv-user/foxy/colcon_ws/src/install/turtlebot3_navigation2/share/turtlebot3_navigation2/param/waffle_pi.yaml
[13.331s] -- Symlinking: /home/suv-user/foxy/colcon_ws/src/install/turtlebot3_navigation2/share/turtlebot3_navigation2/rviz/tb3_navigation2.rviz
[13.467s] -- Symlinking: /home/suv-user/foxy/colcon_ws/src/install/turtlebot3_navigation2/share/ament_index/resource_index/package_run_dependencies/turtlebot3_navigation2
[13.554s] -- Symlinking: /home/suv-user/foxy/colcon_ws/src/install/turtlebot3_navigation2/share/ament_index/resource_index/parent_prefix_path/turtlebot3_navigation2
[13.614s] -- Symlinking: /home/suv-user/foxy/colcon_ws/src/install/turtlebot3_navigation2/share/turtlebot3_navigation2/environment/ament_prefix_path.sh
[13.707s] -- Symlinking: /home/suv-user/foxy/colcon_ws/src/install/turtlebot3_navigation2/share/turtlebot3_navigation2/environment/ament_prefix_path.dsv
[13.806s] -- Symlinking: /home/suv-user/foxy/colcon_ws/src/install/turtlebot3_navigation2/share/turtlebot3_navigation2/environment/path.sh
[13.952s] -- Symlinking: /home/suv-user/foxy/colcon_ws/src/install/turtlebot3_navigation2/share/turtlebot3_navigation2/environment/path.dsv
[14.090s] -- Symlinking: /home/suv-user/foxy/colcon_ws/src/install/turtlebot3_navigation2/share/turtlebot3_navigation2/local_setup.bash
[14.272s] -- Symlinking: /home/suv-user/foxy/colcon_ws/src/install/turtlebot3_navigation2/share/turtlebot3_navigation2/local_setup.sh
[14.425s] -- Symlinking: /home/suv-user/foxy/colcon_ws/src/install/turtlebot3_navigation2/share/turtlebot3_navigation2/local_setup.zsh
[14.561s] -- Symlinking: /home/suv-user/foxy/colcon_ws/src/install/turtlebot3_navigation2/share/turtlebot3_navigation2/local_setup.dsv
[14.722s] -- Symlinking: /home/suv-user/foxy/colcon_ws/src/install/turtlebot3_navigation2/share/turtlebot3_navigation2/package.dsv
[14.866s] -- Symlinking: /home/suv-user/foxy/colcon_ws/src/install/turtlebot3_navigation2/share/ament_index/resource_index/packages/turtlebot3_navigation2
[14.989s] -- Symlinking: /home/suv-user/foxy/colcon_ws/src/install/turtlebot3_navigation2/share/turtlebot3_navigation2/cmake/turtlebot3_navigation2Config.cmake
[15.133s] -- Symlinking: /home/suv-user/foxy/colcon_ws/src/install/turtlebot3_navigation2/share/turtlebot3_navigation2/cmake/turtlebot3_navigation2Config-version.cmake
[15.272s] -- Symlinking: /home/suv-user/foxy/colcon_ws/src/install/turtlebot3_navigation2/share/turtlebot3_navigation2/package.xml
[15.390s] Invoked command in '/home/suv-user/foxy/colcon_ws/src/build/turtlebot3_navigation2' returned '0': CMAKE_PREFIX_PATH=${CMAKE_PREFIX_PATH}:/home/suv-user/foxy/colcon_ws/install/turtlebot3_teleop:/home/suv-user/foxy/colcon_ws/install/turtlebot3_example:/home/suv-user/foxy/colcon_ws/install/odom_simulator:/home/suv-user/foxy/colcon_ws/install/motors_control:/home/suv-user/foxy/colcon_ws/install/motor_control2:/home/suv-user/suv-docker/rocker_test/docker-ros2/foxy/colcon_ws/install/turtlebot3_teleop:/home/suv-user/suv-docker/rocker_test/docker-ros2/foxy/colcon_ws/install/turtlebot3_example:/opt/ros/foxy /usr/bin/cmake --install /home/suv-user/foxy/colcon_ws/src/build/turtlebot3_navigation2
