[8.524s] Invoking command in '/home/suv-user/foxy/colcon_ws/src/build/turtlebot3_teleop': PYTHONPATH=/home/suv-user/foxy/colcon_ws/src/install/turtlebot3_teleop/lib/python3.8/site-packages:${PYTHONPATH} /usr/bin/python3 setup.py develop --prefix /home/suv-user/foxy/colcon_ws/src/install/turtlebot3_teleop --editable --build-directory /home/suv-user/foxy/colcon_ws/src/build/turtlebot3_teleop/build --no-deps install_data --install-dir /home/suv-user/foxy/colcon_ws/src/install/turtlebot3_teleop
[11.217s] running develop
[12.955s] running egg_info
[12.956s] creating turtlebot3_teleop.egg-info
[12.957s] writing turtlebot3_teleop.egg-info/PKG-INFO
[12.959s] writing dependency_links to turtlebot3_teleop.egg-info/dependency_links.txt
[12.961s] writing entry points to turtlebot3_teleop.egg-info/entry_points.txt
[12.962s] writing requirements to turtlebot3_teleop.egg-info/requires.txt
[12.964s] writing top-level names to turtlebot3_teleop.egg-info/top_level.txt
[12.994s] writing manifest file 'turtlebot3_teleop.egg-info/SOURCES.txt'
[13.579s] reading manifest file 'turtlebot3_teleop.egg-info/SOURCES.txt'
[13.610s] writing manifest file 'turtlebot3_teleop.egg-info/SOURCES.txt'
[14.039s] running build_ext
[14.041s] Creating /home/suv-user/foxy/colcon_ws/src/install/turtlebot3_teleop/lib/python3.8/site-packages/site.py
[14.055s] Creating /home/suv-user/foxy/colcon_ws/src/install/turtlebot3_teleop/lib/python3.8/site-packages/turtlebot3-teleop.egg-link (link to .)
[14.065s] Installing teleop_keyboard script to /home/suv-user/foxy/colcon_ws/src/install/turtlebot3_teleop/lib/turtlebot3_teleop
[14.067s] 
[14.069s] Installed /home/suv-user/foxy/colcon_ws/src/build/turtlebot3_teleop
[14.069s] running install_data
[14.070s] creating /home/suv-user/foxy/colcon_ws/src/install/turtlebot3_teleop/share/ament_index
[14.070s] creating /home/suv-user/foxy/colcon_ws/src/install/turtlebot3_teleop/share/ament_index/resource_index
[14.071s] creating /home/suv-user/foxy/colcon_ws/src/install/turtlebot3_teleop/share/ament_index/resource_index/packages
[14.073s] copying resource/turtlebot3_teleop -> /home/suv-user/foxy/colcon_ws/src/install/turtlebot3_teleop/share/ament_index/resource_index/packages
[14.077s] copying package.xml -> /home/suv-user/foxy/colcon_ws/src/install/turtlebot3_teleop/share/turtlebot3_teleop
[14.447s] Invoked command in '/home/suv-user/foxy/colcon_ws/src/build/turtlebot3_teleop' returned '0': PYTHONPATH=/home/suv-user/foxy/colcon_ws/src/install/turtlebot3_teleop/lib/python3.8/site-packages:${PYTHONPATH} /usr/bin/python3 setup.py develop --prefix /home/suv-user/foxy/colcon_ws/src/install/turtlebot3_teleop --editable --build-directory /home/suv-user/foxy/colcon_ws/src/build/turtlebot3_teleop/build --no-deps install_data --install-dir /home/suv-user/foxy/colcon_ws/src/install/turtlebot3_teleop
