[0.248s] Invoking command in '/home/suv-user/foxy/colcon_ws/src/build/dynamixel_sdk': CMAKE_PREFIX_PATH=${CMAKE_PREFIX_PATH}:/home/suv-user/foxy/colcon_ws/install/turtlebot3_teleop:/home/suv-user/foxy/colcon_ws/install/turtlebot3_example:/home/suv-user/foxy/colcon_ws/install/odom_simulator:/home/suv-user/foxy/colcon_ws/install/motors_control:/home/suv-user/foxy/colcon_ws/install/motor_control2:/home/suv-user/suv-docker/rocker_test/docker-ros2/foxy/colcon_ws/install/turtlebot3_teleop:/home/suv-user/suv-docker/rocker_test/docker-ros2/foxy/colcon_ws/install/turtlebot3_example:/opt/ros/foxy /usr/bin/cmake /home/suv-user/foxy/colcon_ws/src/utils/DynamixelSDK/dynamixel_sdk -DAMENT_CMAKE_SYMLINK_INSTALL=1 -DCMAKE_INSTALL_PREFIX=/home/suv-user/foxy/colcon_ws/src/install/dynamixel_sdk
[1.170s] -- The C compiler identification is GNU 9.3.0
[2.170s] -- The CXX compiler identification is GNU 9.3.0
[2.246s] -- Check for working C compiler: /usr/bin/cc
[3.185s] -- Check for working C compiler: /usr/bin/cc -- works
[3.188s] -- Detecting C compiler ABI info
[3.931s] -- Detecting C compiler ABI info - done
[4.030s] -- Detecting C compile features
[4.044s] -- Detecting C compile features - done
[4.074s] -- Check for working CXX compiler: /usr/bin/c++
[4.943s] -- Check for working CXX compiler: /usr/bin/c++ -- works
[4.975s] -- Detecting CXX compiler ABI info
[5.733s] -- Detecting CXX compiler ABI info - done
[5.842s] -- Detecting CXX compile features
[5.842s] -- Detecting CXX compile features - done
[5.969s] -- Found ament_cmake: 0.9.9 (/opt/ros/foxy/share/ament_cmake/cmake)
[6.422s] -- Found PythonInterp: /usr/bin/python3 (found suitable version "3.8.10", minimum required is "3") 
[6.423s] -- Using PYTHON_EXECUTABLE: /usr/bin/python3
[8.573s] -- Override CMake install command with custom implementation using symlinks instead of copying resources
[10.286s] -- Configuring done
[10.318s] -- Generating done
[10.322s] -- Build files have been written to: /home/suv-user/foxy/colcon_ws/src/build/dynamixel_sdk
[10.344s] Invoked command in '/home/suv-user/foxy/colcon_ws/src/build/dynamixel_sdk' returned '0': CMAKE_PREFIX_PATH=${CMAKE_PREFIX_PATH}:/home/suv-user/foxy/colcon_ws/install/turtlebot3_teleop:/home/suv-user/foxy/colcon_ws/install/turtlebot3_example:/home/suv-user/foxy/colcon_ws/install/odom_simulator:/home/suv-user/foxy/colcon_ws/install/motors_control:/home/suv-user/foxy/colcon_ws/install/motor_control2:/home/suv-user/suv-docker/rocker_test/docker-ros2/foxy/colcon_ws/install/turtlebot3_teleop:/home/suv-user/suv-docker/rocker_test/docker-ros2/foxy/colcon_ws/install/turtlebot3_example:/opt/ros/foxy /usr/bin/cmake /home/suv-user/foxy/colcon_ws/src/utils/DynamixelSDK/dynamixel_sdk -DAMENT_CMAKE_SYMLINK_INSTALL=1 -DCMAKE_INSTALL_PREFIX=/home/suv-user/foxy/colcon_ws/src/install/dynamixel_sdk
[10.356s] Invoking command in '/home/suv-user/foxy/colcon_ws/src/build/dynamixel_sdk': CMAKE_PREFIX_PATH=${CMAKE_PREFIX_PATH}:/home/suv-user/foxy/colcon_ws/install/turtlebot3_teleop:/home/suv-user/foxy/colcon_ws/install/turtlebot3_example:/home/suv-user/foxy/colcon_ws/install/odom_simulator:/home/suv-user/foxy/colcon_ws/install/motors_control:/home/suv-user/foxy/colcon_ws/install/motor_control2:/home/suv-user/suv-docker/rocker_test/docker-ros2/foxy/colcon_ws/install/turtlebot3_teleop:/home/suv-user/suv-docker/rocker_test/docker-ros2/foxy/colcon_ws/install/turtlebot3_example:/opt/ros/foxy /usr/bin/cmake --build /home/suv-user/foxy/colcon_ws/src/build/dynamixel_sdk -- -j4 -l4
[10.958s] [35m[1mScanning dependencies of target dynamixel_sdk[0m
[11.148s] [ 10%] [32mBuilding CXX object CMakeFiles/dynamixel_sdk.dir/src/dynamixel_sdk/packet_handler.cpp.o[0m
[11.195s] [ 20%] [32mBuilding CXX object CMakeFiles/dynamixel_sdk.dir/src/dynamixel_sdk/protocol1_packet_handler.cpp.o[0m
[11.225s] [ 30%] [32mBuilding CXX object CMakeFiles/dynamixel_sdk.dir/src/dynamixel_sdk/protocol2_packet_handler.cpp.o[0m
[12.425s] [ 40%] [32mBuilding CXX object CMakeFiles/dynamixel_sdk.dir/src/dynamixel_sdk/group_sync_read.cpp.o[0m
[12.484s] [ 50%] [32mBuilding CXX object CMakeFiles/dynamixel_sdk.dir/src/dynamixel_sdk/group_sync_write.cpp.o[0m
[13.589s] [ 60%] [32mBuilding CXX object CMakeFiles/dynamixel_sdk.dir/src/dynamixel_sdk/group_bulk_read.cpp.o[0m
[14.907s] [ 70%] [32mBuilding CXX object CMakeFiles/dynamixel_sdk.dir/src/dynamixel_sdk/group_bulk_write.cpp.o[0m
[22.638s] [ 80%] [32mBuilding CXX object CMakeFiles/dynamixel_sdk.dir/src/dynamixel_sdk/port_handler_linux.cpp.o[0m
[23.527s] [ 90%] [32mBuilding CXX object CMakeFiles/dynamixel_sdk.dir/src/dynamixel_sdk/port_handler.cpp.o[0m
[23.970s] [100%] [32m[1mLinking CXX shared library libdynamixel_sdk.so[0m
[24.714s] [100%] Built target dynamixel_sdk
[24.857s] Invoked command in '/home/suv-user/foxy/colcon_ws/src/build/dynamixel_sdk' returned '0': CMAKE_PREFIX_PATH=${CMAKE_PREFIX_PATH}:/home/suv-user/foxy/colcon_ws/install/turtlebot3_teleop:/home/suv-user/foxy/colcon_ws/install/turtlebot3_example:/home/suv-user/foxy/colcon_ws/install/odom_simulator:/home/suv-user/foxy/colcon_ws/install/motors_control:/home/suv-user/foxy/colcon_ws/install/motor_control2:/home/suv-user/suv-docker/rocker_test/docker-ros2/foxy/colcon_ws/install/turtlebot3_teleop:/home/suv-user/suv-docker/rocker_test/docker-ros2/foxy/colcon_ws/install/turtlebot3_example:/opt/ros/foxy /usr/bin/cmake --build /home/suv-user/foxy/colcon_ws/src/build/dynamixel_sdk -- -j4 -l4
[25.740s] Invoking command in '/home/suv-user/foxy/colcon_ws/src/build/dynamixel_sdk': CMAKE_PREFIX_PATH=${CMAKE_PREFIX_PATH}:/home/suv-user/foxy/colcon_ws/install/turtlebot3_teleop:/home/suv-user/foxy/colcon_ws/install/turtlebot3_example:/home/suv-user/foxy/colcon_ws/install/odom_simulator:/home/suv-user/foxy/colcon_ws/install/motors_control:/home/suv-user/foxy/colcon_ws/install/motor_control2:/home/suv-user/suv-docker/rocker_test/docker-ros2/foxy/colcon_ws/install/turtlebot3_teleop:/home/suv-user/suv-docker/rocker_test/docker-ros2/foxy/colcon_ws/install/turtlebot3_example:/opt/ros/foxy /usr/bin/cmake --install /home/suv-user/foxy/colcon_ws/src/build/dynamixel_sdk
[25.817s] -- Install configuration: ""
[25.821s] -- Execute custom install script
[25.825s] -- Symlinking: /home/suv-user/foxy/colcon_ws/src/install/dynamixel_sdk/include//dynamixel_sdk/dynamixel_sdk.h
[25.873s] -- Symlinking: /home/suv-user/foxy/colcon_ws/src/install/dynamixel_sdk/include//dynamixel_sdk/group_bulk_read.h
[25.937s] -- Symlinking: /home/suv-user/foxy/colcon_ws/src/install/dynamixel_sdk/include//dynamixel_sdk/group_bulk_write.h
[26.079s] -- Symlinking: /home/suv-user/foxy/colcon_ws/src/install/dynamixel_sdk/include//dynamixel_sdk/group_sync_read.h
[26.170s] -- Symlinking: /home/suv-user/foxy/colcon_ws/src/install/dynamixel_sdk/include//dynamixel_sdk/group_sync_write.h
[26.345s] -- Symlinking: /home/suv-user/foxy/colcon_ws/src/install/dynamixel_sdk/include//dynamixel_sdk/packet_handler.h
[26.500s] -- Symlinking: /home/suv-user/foxy/colcon_ws/src/install/dynamixel_sdk/include//dynamixel_sdk/port_handler.h
[26.588s] -- Symlinking: /home/suv-user/foxy/colcon_ws/src/install/dynamixel_sdk/include//dynamixel_sdk/port_handler_arduino.h
[26.759s] -- Symlinking: /home/suv-user/foxy/colcon_ws/src/install/dynamixel_sdk/include//dynamixel_sdk/port_handler_linux.h
[26.886s] -- Symlinking: /home/suv-user/foxy/colcon_ws/src/install/dynamixel_sdk/include//dynamixel_sdk/port_handler_mac.h
[26.999s] -- Symlinking: /home/suv-user/foxy/colcon_ws/src/install/dynamixel_sdk/include//dynamixel_sdk/port_handler_windows.h
[27.160s] -- Symlinking: /home/suv-user/foxy/colcon_ws/src/install/dynamixel_sdk/include//dynamixel_sdk/protocol1_packet_handler.h
[27.286s] -- Symlinking: /home/suv-user/foxy/colcon_ws/src/install/dynamixel_sdk/include//dynamixel_sdk/protocol2_packet_handler.h
[27.458s] -- Symlinking: /home/suv-user/foxy/colcon_ws/src/install/dynamixel_sdk/lib/libdynamixel_sdk.so
[27.572s] -- Symlinking: /home/suv-user/foxy/colcon_ws/src/install/dynamixel_sdk/share/dynamixel_sdk/environment/library_path.sh
[27.726s] -- Symlinking: /home/suv-user/foxy/colcon_ws/src/install/dynamixel_sdk/share/dynamixel_sdk/environment/library_path.dsv
[27.860s] -- Symlinking: /home/suv-user/foxy/colcon_ws/src/install/dynamixel_sdk/share/ament_index/resource_index/package_run_dependencies/dynamixel_sdk
[28.024s] -- Symlinking: /home/suv-user/foxy/colcon_ws/src/install/dynamixel_sdk/share/ament_index/resource_index/parent_prefix_path/dynamixel_sdk
[28.141s] -- Symlinking: /home/suv-user/foxy/colcon_ws/src/install/dynamixel_sdk/share/dynamixel_sdk/environment/ament_prefix_path.sh
[28.296s] -- Symlinking: /home/suv-user/foxy/colcon_ws/src/install/dynamixel_sdk/share/dynamixel_sdk/environment/ament_prefix_path.dsv
[28.421s] -- Symlinking: /home/suv-user/foxy/colcon_ws/src/install/dynamixel_sdk/share/dynamixel_sdk/environment/path.sh
[28.492s] -- Symlinking: /home/suv-user/foxy/colcon_ws/src/install/dynamixel_sdk/share/dynamixel_sdk/environment/path.dsv
[28.623s] -- Symlinking: /home/suv-user/foxy/colcon_ws/src/install/dynamixel_sdk/share/dynamixel_sdk/local_setup.bash
[28.728s] -- Symlinking: /home/suv-user/foxy/colcon_ws/src/install/dynamixel_sdk/share/dynamixel_sdk/local_setup.sh
[28.788s] -- Symlinking: /home/suv-user/foxy/colcon_ws/src/install/dynamixel_sdk/share/dynamixel_sdk/local_setup.zsh
[28.902s] -- Symlinking: /home/suv-user/foxy/colcon_ws/src/install/dynamixel_sdk/share/dynamixel_sdk/local_setup.dsv
[28.966s] -- Symlinking: /home/suv-user/foxy/colcon_ws/src/install/dynamixel_sdk/share/dynamixel_sdk/package.dsv
[29.035s] -- Symlinking: /home/suv-user/foxy/colcon_ws/src/install/dynamixel_sdk/share/ament_index/resource_index/packages/dynamixel_sdk
[29.111s] -- Symlinking: /home/suv-user/foxy/colcon_ws/src/install/dynamixel_sdk/share/dynamixel_sdk/cmake/ament_cmake_export_include_directories-extras.cmake
[29.277s] -- Symlinking: /home/suv-user/foxy/colcon_ws/src/install/dynamixel_sdk/share/dynamixel_sdk/cmake/ament_cmake_export_libraries-extras.cmake
[29.393s] -- Symlinking: /home/suv-user/foxy/colcon_ws/src/install/dynamixel_sdk/share/dynamixel_sdk/cmake/dynamixel_sdkConfig.cmake
[29.551s] -- Symlinking: /home/suv-user/foxy/colcon_ws/src/install/dynamixel_sdk/share/dynamixel_sdk/cmake/dynamixel_sdkConfig-version.cmake
[29.694s] -- Symlinking: /home/suv-user/foxy/colcon_ws/src/install/dynamixel_sdk/share/dynamixel_sdk/package.xml
[29.838s] Invoked command in '/home/suv-user/foxy/colcon_ws/src/build/dynamixel_sdk' returned '0': CMAKE_PREFIX_PATH=${CMAKE_PREFIX_PATH}:/home/suv-user/foxy/colcon_ws/install/turtlebot3_teleop:/home/suv-user/foxy/colcon_ws/install/turtlebot3_example:/home/suv-user/foxy/colcon_ws/install/odom_simulator:/home/suv-user/foxy/colcon_ws/install/motors_control:/home/suv-user/foxy/colcon_ws/install/motor_control2:/home/suv-user/suv-docker/rocker_test/docker-ros2/foxy/colcon_ws/install/turtlebot3_teleop:/home/suv-user/suv-docker/rocker_test/docker-ros2/foxy/colcon_ws/install/turtlebot3_example:/opt/ros/foxy /usr/bin/cmake --install /home/suv-user/foxy/colcon_ws/src/build/dynamixel_sdk
