[11.998s] Invoking command in '/home/suv-user/foxy/colcon_ws/src/build/turtlebot3_example': AMENT_PREFIX_PATH=/home/suv-user/foxy/colcon_ws/src/install/turtlebot3_msgs:${AMENT_PREFIX_PATH} CMAKE_PREFIX_PATH=/home/suv-user/foxy/colcon_ws/src/install/turtlebot3_msgs:${CMAKE_PREFIX_PATH} LD_LIBRARY_PATH=/home/suv-user/foxy/colcon_ws/src/install/turtlebot3_msgs/lib:${LD_LIBRARY_PATH} PYTHONPATH=/home/suv-user/foxy/colcon_ws/src/install/turtlebot3_example/lib/python3.8/site-packages:/home/suv-user/foxy/colcon_ws/src/install/turtlebot3_msgs/lib/python3.8/site-packages:${PYTHONPATH} /usr/bin/python3 setup.py develop --prefix /home/suv-user/foxy/colcon_ws/src/install/turtlebot3_example --editable --build-directory /home/suv-user/foxy/colcon_ws/src/build/turtlebot3_example/build --no-deps install_data --install-dir /home/suv-user/foxy/colcon_ws/src/install/turtlebot3_example
[14.950s] running develop
[16.557s] running egg_info
[16.559s] creating turtlebot3_example.egg-info
[16.560s] writing turtlebot3_example.egg-info/PKG-INFO
[16.563s] writing dependency_links to turtlebot3_example.egg-info/dependency_links.txt
[16.566s] writing entry points to turtlebot3_example.egg-info/entry_points.txt
[16.568s] writing requirements to turtlebot3_example.egg-info/requires.txt
[16.570s] writing top-level names to turtlebot3_example.egg-info/top_level.txt
[16.588s] writing manifest file 'turtlebot3_example.egg-info/SOURCES.txt'
[17.010s] reading manifest file 'turtlebot3_example.egg-info/SOURCES.txt'
[17.013s] writing manifest file 'turtlebot3_example.egg-info/SOURCES.txt'
[17.335s] running build_ext
[17.339s] Creating /home/suv-user/foxy/colcon_ws/src/install/turtlebot3_example/lib/python3.8/site-packages/site.py
[17.385s] Creating /home/suv-user/foxy/colcon_ws/src/install/turtlebot3_example/lib/python3.8/site-packages/turtlebot3-example.egg-link (link to .)
[17.390s] Installing turtlebot3_obstacle_detection script to /home/suv-user/foxy/colcon_ws/src/install/turtlebot3_example/lib/turtlebot3_example
[17.392s] Installing turtlebot3_patrol_client script to /home/suv-user/foxy/colcon_ws/src/install/turtlebot3_example/lib/turtlebot3_example
[17.394s] Installing turtlebot3_patrol_server script to /home/suv-user/foxy/colcon_ws/src/install/turtlebot3_example/lib/turtlebot3_example
[17.395s] Installing turtlebot3_position_control script to /home/suv-user/foxy/colcon_ws/src/install/turtlebot3_example/lib/turtlebot3_example
[17.397s] 
[17.398s] Installed /home/suv-user/foxy/colcon_ws/src/build/turtlebot3_example
[17.399s] running install_data
[17.401s] creating /home/suv-user/foxy/colcon_ws/src/install/turtlebot3_example/share/ament_index
[17.402s] creating /home/suv-user/foxy/colcon_ws/src/install/turtlebot3_example/share/ament_index/resource_index
[17.403s] creating /home/suv-user/foxy/colcon_ws/src/install/turtlebot3_example/share/ament_index/resource_index/packages
[17.405s] copying resource/turtlebot3_example -> /home/suv-user/foxy/colcon_ws/src/install/turtlebot3_example/share/ament_index/resource_index/packages
[17.406s] copying package.xml -> /home/suv-user/foxy/colcon_ws/src/install/turtlebot3_example/share/turtlebot3_example
[17.617s] Invoked command in '/home/suv-user/foxy/colcon_ws/src/build/turtlebot3_example' returned '0': AMENT_PREFIX_PATH=/home/suv-user/foxy/colcon_ws/src/install/turtlebot3_msgs:${AMENT_PREFIX_PATH} CMAKE_PREFIX_PATH=/home/suv-user/foxy/colcon_ws/src/install/turtlebot3_msgs:${CMAKE_PREFIX_PATH} LD_LIBRARY_PATH=/home/suv-user/foxy/colcon_ws/src/install/turtlebot3_msgs/lib:${LD_LIBRARY_PATH} PYTHONPATH=/home/suv-user/foxy/colcon_ws/src/install/turtlebot3_example/lib/python3.8/site-packages:/home/suv-user/foxy/colcon_ws/src/install/turtlebot3_msgs/lib/python3.8/site-packages:${PYTHONPATH} /usr/bin/python3 setup.py develop --prefix /home/suv-user/foxy/colcon_ws/src/install/turtlebot3_example --editable --build-directory /home/suv-user/foxy/colcon_ws/src/build/turtlebot3_example/build --no-deps install_data --install-dir /home/suv-user/foxy/colcon_ws/src/install/turtlebot3_example
