[0.138s] Invoking command in '/home/suv-user/foxy/colcon_ws/src/build/turtlebot3_cartographer': CMAKE_PREFIX_PATH=${CMAKE_PREFIX_PATH}:/home/suv-user/foxy/colcon_ws/install/turtlebot3_teleop:/home/suv-user/foxy/colcon_ws/install/turtlebot3_example:/home/suv-user/foxy/colcon_ws/install/odom_simulator:/home/suv-user/foxy/colcon_ws/install/motors_control:/home/suv-user/foxy/colcon_ws/install/motor_control2:/home/suv-user/suv-docker/rocker_test/docker-ros2/foxy/colcon_ws/install/turtlebot3_teleop:/home/suv-user/suv-docker/rocker_test/docker-ros2/foxy/colcon_ws/install/turtlebot3_example:/opt/ros/foxy /usr/bin/cmake /home/suv-user/foxy/colcon_ws/src/turtlebot3/turtlebot3/turtlebot3_cartographer -DAMENT_CMAKE_SYMLINK_INSTALL=1 -DCMAKE_INSTALL_PREFIX=/home/suv-user/foxy/colcon_ws/src/install/turtlebot3_cartographer
[0.840s] -- The C compiler identification is GNU 9.3.0
[1.497s] -- The CXX compiler identification is GNU 9.3.0
[1.567s] -- Check for working C compiler: /usr/bin/cc
[2.636s] -- Check for working C compiler: /usr/bin/cc -- works
[2.643s] -- Detecting C compiler ABI info
[3.488s] -- Detecting C compiler ABI info - done
[3.602s] -- Detecting C compile features
[3.611s] -- Detecting C compile features - done
[3.658s] -- Check for working CXX compiler: /usr/bin/c++
[4.836s] -- Check for working CXX compiler: /usr/bin/c++ -- works
[4.842s] -- Detecting CXX compiler ABI info
[5.580s] -- Detecting CXX compiler ABI info - done
[5.671s] -- Detecting CXX compile features
[5.675s] -- Detecting CXX compile features - done
[5.749s] -- Found ament_cmake: 0.9.9 (/opt/ros/foxy/share/ament_cmake/cmake)
[6.293s] -- Found PythonInterp: /usr/bin/python3 (found suitable version "3.8.10", minimum required is "3") 
[6.295s] -- Using PYTHON_EXECUTABLE: /usr/bin/python3
[8.478s] -- Override CMake install command with custom implementation using symlinks instead of copying resources
[10.205s] -- Configuring done
[10.221s] -- Generating done
[10.234s] -- Build files have been written to: /home/suv-user/foxy/colcon_ws/src/build/turtlebot3_cartographer
[10.265s] Invoked command in '/home/suv-user/foxy/colcon_ws/src/build/turtlebot3_cartographer' returned '0': CMAKE_PREFIX_PATH=${CMAKE_PREFIX_PATH}:/home/suv-user/foxy/colcon_ws/install/turtlebot3_teleop:/home/suv-user/foxy/colcon_ws/install/turtlebot3_example:/home/suv-user/foxy/colcon_ws/install/odom_simulator:/home/suv-user/foxy/colcon_ws/install/motors_control:/home/suv-user/foxy/colcon_ws/install/motor_control2:/home/suv-user/suv-docker/rocker_test/docker-ros2/foxy/colcon_ws/install/turtlebot3_teleop:/home/suv-user/suv-docker/rocker_test/docker-ros2/foxy/colcon_ws/install/turtlebot3_example:/opt/ros/foxy /usr/bin/cmake /home/suv-user/foxy/colcon_ws/src/turtlebot3/turtlebot3/turtlebot3_cartographer -DAMENT_CMAKE_SYMLINK_INSTALL=1 -DCMAKE_INSTALL_PREFIX=/home/suv-user/foxy/colcon_ws/src/install/turtlebot3_cartographer
[10.272s] Invoking command in '/home/suv-user/foxy/colcon_ws/src/build/turtlebot3_cartographer': CMAKE_PREFIX_PATH=${CMAKE_PREFIX_PATH}:/home/suv-user/foxy/colcon_ws/install/turtlebot3_teleop:/home/suv-user/foxy/colcon_ws/install/turtlebot3_example:/home/suv-user/foxy/colcon_ws/install/odom_simulator:/home/suv-user/foxy/colcon_ws/install/motors_control:/home/suv-user/foxy/colcon_ws/install/motor_control2:/home/suv-user/suv-docker/rocker_test/docker-ros2/foxy/colcon_ws/install/turtlebot3_teleop:/home/suv-user/suv-docker/rocker_test/docker-ros2/foxy/colcon_ws/install/turtlebot3_example:/opt/ros/foxy /usr/bin/cmake --build /home/suv-user/foxy/colcon_ws/src/build/turtlebot3_cartographer -- -j4 -l4
[10.822s] Invoked command in '/home/suv-user/foxy/colcon_ws/src/build/turtlebot3_cartographer' returned '0': CMAKE_PREFIX_PATH=${CMAKE_PREFIX_PATH}:/home/suv-user/foxy/colcon_ws/install/turtlebot3_teleop:/home/suv-user/foxy/colcon_ws/install/turtlebot3_example:/home/suv-user/foxy/colcon_ws/install/odom_simulator:/home/suv-user/foxy/colcon_ws/install/motors_control:/home/suv-user/foxy/colcon_ws/install/motor_control2:/home/suv-user/suv-docker/rocker_test/docker-ros2/foxy/colcon_ws/install/turtlebot3_teleop:/home/suv-user/suv-docker/rocker_test/docker-ros2/foxy/colcon_ws/install/turtlebot3_example:/opt/ros/foxy /usr/bin/cmake --build /home/suv-user/foxy/colcon_ws/src/build/turtlebot3_cartographer -- -j4 -l4
[11.306s] Invoking command in '/home/suv-user/foxy/colcon_ws/src/build/turtlebot3_cartographer': CMAKE_PREFIX_PATH=${CMAKE_PREFIX_PATH}:/home/suv-user/foxy/colcon_ws/install/turtlebot3_teleop:/home/suv-user/foxy/colcon_ws/install/turtlebot3_example:/home/suv-user/foxy/colcon_ws/install/odom_simulator:/home/suv-user/foxy/colcon_ws/install/motors_control:/home/suv-user/foxy/colcon_ws/install/motor_control2:/home/suv-user/suv-docker/rocker_test/docker-ros2/foxy/colcon_ws/install/turtlebot3_teleop:/home/suv-user/suv-docker/rocker_test/docker-ros2/foxy/colcon_ws/install/turtlebot3_example:/opt/ros/foxy /usr/bin/cmake --install /home/suv-user/foxy/colcon_ws/src/build/turtlebot3_cartographer
[11.385s] -- Install configuration: ""
[11.388s] -- Execute custom install script
[11.391s] -- Symlinking: /home/suv-user/foxy/colcon_ws/src/install/turtlebot3_cartographer/share/turtlebot3_cartographer/config/turtlebot3_lds_2d.lua
[11.475s] -- Symlinking: /home/suv-user/foxy/colcon_ws/src/install/turtlebot3_cartographer/share/turtlebot3_cartographer/launch/cartographer.launch.py
[11.615s] -- Symlinking: /home/suv-user/foxy/colcon_ws/src/install/turtlebot3_cartographer/share/turtlebot3_cartographer/launch/occupancy_grid.launch.py
[11.782s] -- Symlinking: /home/suv-user/foxy/colcon_ws/src/install/turtlebot3_cartographer/share/turtlebot3_cartographer/rviz/tb3_cartographer.rviz
[11.891s] -- Symlinking: /home/suv-user/foxy/colcon_ws/src/install/turtlebot3_cartographer/share/ament_index/resource_index/package_run_dependencies/turtlebot3_cartographer
[12.007s] -- Symlinking: /home/suv-user/foxy/colcon_ws/src/install/turtlebot3_cartographer/share/ament_index/resource_index/parent_prefix_path/turtlebot3_cartographer
[12.140s] -- Symlinking: /home/suv-user/foxy/colcon_ws/src/install/turtlebot3_cartographer/share/turtlebot3_cartographer/environment/ament_prefix_path.sh
[12.289s] -- Symlinking: /home/suv-user/foxy/colcon_ws/src/install/turtlebot3_cartographer/share/turtlebot3_cartographer/environment/ament_prefix_path.dsv
[12.399s] -- Symlinking: /home/suv-user/foxy/colcon_ws/src/install/turtlebot3_cartographer/share/turtlebot3_cartographer/environment/path.sh
[12.520s] -- Symlinking: /home/suv-user/foxy/colcon_ws/src/install/turtlebot3_cartographer/share/turtlebot3_cartographer/environment/path.dsv
[12.617s] -- Symlinking: /home/suv-user/foxy/colcon_ws/src/install/turtlebot3_cartographer/share/turtlebot3_cartographer/local_setup.bash
[12.803s] -- Symlinking: /home/suv-user/foxy/colcon_ws/src/install/turtlebot3_cartographer/share/turtlebot3_cartographer/local_setup.sh
[12.961s] -- Symlinking: /home/suv-user/foxy/colcon_ws/src/install/turtlebot3_cartographer/share/turtlebot3_cartographer/local_setup.zsh
[13.204s] -- Symlinking: /home/suv-user/foxy/colcon_ws/src/install/turtlebot3_cartographer/share/turtlebot3_cartographer/local_setup.dsv
[13.289s] -- Symlinking: /home/suv-user/foxy/colcon_ws/src/install/turtlebot3_cartographer/share/turtlebot3_cartographer/package.dsv
[13.411s] -- Symlinking: /home/suv-user/foxy/colcon_ws/src/install/turtlebot3_cartographer/share/ament_index/resource_index/packages/turtlebot3_cartographer
[13.557s] -- Symlinking: /home/suv-user/foxy/colcon_ws/src/install/turtlebot3_cartographer/share/turtlebot3_cartographer/cmake/turtlebot3_cartographerConfig.cmake
[13.666s] -- Symlinking: /home/suv-user/foxy/colcon_ws/src/install/turtlebot3_cartographer/share/turtlebot3_cartographer/cmake/turtlebot3_cartographerConfig-version.cmake
[13.807s] -- Symlinking: /home/suv-user/foxy/colcon_ws/src/install/turtlebot3_cartographer/share/turtlebot3_cartographer/package.xml
[13.953s] Invoked command in '/home/suv-user/foxy/colcon_ws/src/build/turtlebot3_cartographer' returned '0': CMAKE_PREFIX_PATH=${CMAKE_PREFIX_PATH}:/home/suv-user/foxy/colcon_ws/install/turtlebot3_teleop:/home/suv-user/foxy/colcon_ws/install/turtlebot3_example:/home/suv-user/foxy/colcon_ws/install/odom_simulator:/home/suv-user/foxy/colcon_ws/install/motors_control:/home/suv-user/foxy/colcon_ws/install/motor_control2:/home/suv-user/suv-docker/rocker_test/docker-ros2/foxy/colcon_ws/install/turtlebot3_teleop:/home/suv-user/suv-docker/rocker_test/docker-ros2/foxy/colcon_ws/install/turtlebot3_example:/opt/ros/foxy /usr/bin/cmake --install /home/suv-user/foxy/colcon_ws/src/build/turtlebot3_cartographer
