-- The C compiler identification is GNU 9.3.0
-- The CXX compiler identification is GNU 9.3.0
-- Check for working C compiler: /usr/bin/cc
-- Check for working C compiler: /usr/bin/cc -- works
-- Detecting C compiler ABI info
-- Detecting C compiler ABI info - done
-- Detecting C compile features
-- Detecting C compile features - done
-- Check for working CXX compiler: /usr/bin/c++
-- Check for working CXX compiler: /usr/bin/c++ -- works
-- Detecting CXX compiler ABI info
-- Detecting CXX compiler ABI info - done
-- Detecting CXX compile features
-- Detecting CXX compile features - done
-- Found ament_cmake: 0.9.9 (/opt/ros/foxy/share/ament_cmake/cmake)
-- Found PythonInterp: /usr/bin/python3 (found suitable version "3.8.10", minimum required is "3") 
-- Using PYTHON_EXECUTABLE: /usr/bin/python3
-- Override CMake install command with custom implementation using symlinks instead of copying resources
-- Found rclcpp: 2.4.1 (/opt/ros/foxy/share/rclcpp/cmake)
-- Using all available rosidl_typesupport_c: rosidl_typesupport_fastrtps_c;rosidl_typesupport_introspection_c
-- Found rosidl_adapter: 1.2.1 (/opt/ros/foxy/share/rosidl_adapter/cmake)
-- Found OpenSSL: /usr/lib/aarch64-linux-gnu/libcrypto.so (found version "1.1.1f")  
-- Found FastRTPS: /opt/ros/foxy/include  
-- Using all available rosidl_typesupport_cpp: rosidl_typesupport_fastrtps_cpp;rosidl_typesupport_introspection_cpp
-- Found rmw_implementation_cmake: 1.0.3 (/opt/ros/foxy/share/rmw_implementation_cmake/cmake)
-- Using RMW implementation 'rmw_fastrtps_cpp' as default
-- Looking for pthread.h
-- Looking for pthread.h - found
-- Performing Test CMAKE_HAVE_LIBC_PTHREAD
-- Performing Test CMAKE_HAVE_LIBC_PTHREAD - Failed
-- Looking for pthread_create in pthreads
-- Looking for pthread_create in pthreads - not found
-- Looking for pthread_create in pthread
-- Looking for pthread_create in pthread - found
-- Found Threads: TRUE  
-- Found rclcpp_lifecycle: 2.4.1 (/opt/ros/foxy/share/rclcpp_lifecycle/cmake)
-- Found rclcpp_components: 2.4.1 (/opt/ros/foxy/share/rclcpp_components/cmake)
-- Found std_srvs: 2.0.5 (/opt/ros/foxy/share/std_srvs/cmake)
-- Found geometry_msgs: 2.0.5 (/opt/ros/foxy/share/geometry_msgs/cmake)
-- Found nav_msgs: 2.0.5 (/opt/ros/foxy/share/nav_msgs/cmake)
-- Found tf2: 0.13.13 (/opt/ros/foxy/share/tf2/cmake)
-- Found tf2_ros: 0.13.13 (/opt/ros/foxy/share/tf2_ros/cmake)
-- Found raspimouse_msgs: 1.0.2 (/home/suv-user/foxy/colcon_ws/src/install/raspimouse_msgs/share/raspimouse_msgs/cmake)
-- Found ament_lint_auto: 0.9.6 (/opt/ros/foxy/share/ament_lint_auto/cmake)
-- Added test 'copyright' to check source files copyright and LICENSE
-- Added test 'cppcheck' to perform static code analysis on C / C++ code
-- Configured cppcheck include dirs: /home/suv-user/foxy/colcon_ws/src/raspimouse2/raspimouse/include
-- Configured cppcheck exclude dirs and/or files: 
-- Added test 'cpplint' to check C / C++ code against the Google style
-- Configured cpplint exclude dirs and/or files: 
-- Added test 'lint_cmake' to check CMake code style
-- Added test 'uncrustify' to check C / C++ code style
-- Configured uncrustify additional arguments: 
-- Added test 'xmllint' to check XML markup files
-- Configuring done
-- Generating done
-- Build files have been written to: /home/suv-user/foxy/colcon_ws/src/build/raspimouse
[35m[1mScanning dependencies of target raspimouse_component[0m
[ 25%] [32mBuilding CXX object CMakeFiles/raspimouse_component.dir/src/raspimouse_component.cpp.o[0m
[ 50%] [32m[1mLinking CXX shared library libraspimouse_component.so[0m
[ 50%] Built target raspimouse_component
[35m[1mScanning dependencies of target raspimouse[0m
[ 75%] [32mBuilding CXX object CMakeFiles/raspimouse.dir/src/raspimouse.cpp.o[0m
[100%] [32m[1mLinking CXX executable raspimouse[0m
[100%] Built target raspimouse
-- Install configuration: ""
-- Execute custom install script
-- Symlinking: /home/suv-user/foxy/colcon_ws/src/install/raspimouse/share/raspimouse/environment/library_path.sh
-- Symlinking: /home/suv-user/foxy/colcon_ws/src/install/raspimouse/share/raspimouse/environment/library_path.dsv
-- Symlinking: /home/suv-user/foxy/colcon_ws/src/install/raspimouse/include/raspimouse/raspimouse_component.hpp
-- Symlinking: /home/suv-user/foxy/colcon_ws/src/install/raspimouse/lib/raspimouse/raspimouse
-- Symlinking: /home/suv-user/foxy/colcon_ws/src/install/raspimouse/share/ament_index/resource_index/package_run_dependencies/raspimouse
-- Symlinking: /home/suv-user/foxy/colcon_ws/src/install/raspimouse/share/ament_index/resource_index/parent_prefix_path/raspimouse
-- Symlinking: /home/suv-user/foxy/colcon_ws/src/install/raspimouse/share/raspimouse/environment/ament_prefix_path.sh
-- Symlinking: /home/suv-user/foxy/colcon_ws/src/install/raspimouse/share/raspimouse/environment/ament_prefix_path.dsv
-- Symlinking: /home/suv-user/foxy/colcon_ws/src/install/raspimouse/share/raspimouse/environment/path.sh
-- Symlinking: /home/suv-user/foxy/colcon_ws/src/install/raspimouse/share/raspimouse/environment/path.dsv
-- Symlinking: /home/suv-user/foxy/colcon_ws/src/install/raspimouse/share/raspimouse/local_setup.bash
-- Symlinking: /home/suv-user/foxy/colcon_ws/src/install/raspimouse/share/raspimouse/local_setup.sh
-- Symlinking: /home/suv-user/foxy/colcon_ws/src/install/raspimouse/share/raspimouse/local_setup.zsh
-- Symlinking: /home/suv-user/foxy/colcon_ws/src/install/raspimouse/share/raspimouse/local_setup.dsv
-- Symlinking: /home/suv-user/foxy/colcon_ws/src/install/raspimouse/share/raspimouse/package.dsv
-- Symlinking: /home/suv-user/foxy/colcon_ws/src/install/raspimouse/share/ament_index/resource_index/packages/raspimouse
-- Symlinking: /home/suv-user/foxy/colcon_ws/src/install/raspimouse/share/ament_index/resource_index/rclcpp_components/raspimouse
-- Symlinking: /home/suv-user/foxy/colcon_ws/src/install/raspimouse/share/raspimouse/cmake/ament_cmake_export_targets-extras.cmake
-- Symlinking: /home/suv-user/foxy/colcon_ws/src/install/raspimouse/share/raspimouse/cmake/ament_cmake_export_dependencies-extras.cmake
-- Symlinking: /home/suv-user/foxy/colcon_ws/src/install/raspimouse/share/raspimouse/cmake/ament_cmake_export_include_directories-extras.cmake
-- Symlinking: /home/suv-user/foxy/colcon_ws/src/install/raspimouse/share/raspimouse/cmake/ament_cmake_export_libraries-extras.cmake
-- Symlinking: /home/suv-user/foxy/colcon_ws/src/install/raspimouse/share/raspimouse/cmake/raspimouseConfig.cmake
-- Symlinking: /home/suv-user/foxy/colcon_ws/src/install/raspimouse/share/raspimouse/cmake/raspimouseConfig-version.cmake
-- Symlinking: /home/suv-user/foxy/colcon_ws/src/install/raspimouse/share/raspimouse/package.xml
-- Installing: /home/suv-user/foxy/colcon_ws/src/install/raspimouse/lib/libraspimouse_component.so
-- Set runtime path of "/home/suv-user/foxy/colcon_ws/src/install/raspimouse/lib/libraspimouse_component.so" to ""
-- Installing: /home/suv-user/foxy/colcon_ws/src/install/raspimouse/share/raspimouse/cmake/export_raspimouse_componentExport.cmake
-- Installing: /home/suv-user/foxy/colcon_ws/src/install/raspimouse/share/raspimouse/cmake/export_raspimouse_componentExport-noconfig.cmake
