[0.137s] Invoking command in '/home/suv-user/foxy/colcon_ws/src/build/raspimouse': AMENT_PREFIX_PATH=/home/suv-user/foxy/colcon_ws/src/install/raspimouse_msgs:${AMENT_PREFIX_PATH} CMAKE_PREFIX_PATH=/home/suv-user/foxy/colcon_ws/src/install/raspimouse_msgs:/home/suv-user/foxy/colcon_ws/install/turtlebot3:/home/suv-user/foxy/colcon_ws/install/turtlebot3_simulations:/home/suv-user/foxy/colcon_ws/install/turtlebot3_bringup:/home/suv-user/foxy/colcon_ws/install/turtlebot3_node:/home/suv-user/foxy/colcon_ws/install/turtlebot3_navigation2:/home/suv-user/foxy/colcon_ws/install/turtlebot3_fake_node:/home/suv-user/foxy/colcon_ws/install/turtlebot3_msgs:/home/suv-user/foxy/colcon_ws/install/turtlebot3_gazebo:/home/suv-user/foxy/colcon_ws/install/turtlebot3_description:/home/suv-user/foxy/colcon_ws/install/turtlebot3_cartographer:/home/suv-user/foxy/colcon_ws/install/raspimouse_ros2_examples:/home/suv-user/foxy/colcon_ws/install/slam_toolbox:/home/suv-user/foxy/colcon_ws/install/rplidar_ros:/home/suv-user/foxy/colcon_ws/install/hls_lfcd_lds_driver:/home/suv-user/foxy/colcon_ws/install/dynamixel_sdk_examples:/home/suv-user/foxy/colcon_ws/install/dynamixel_sdk_custom_interfaces:/home/suv-user/foxy/colcon_ws/install/dynamixel_sdk:/home/suv-user/suv-docker/rocker_test/docker-ros2/foxy/colcon_ws/install/turtlebot3:/home/suv-user/suv-docker/rocker_test/docker-ros2/foxy/colcon_ws/install/turtlebot3_simulations:/home/suv-user/suv-docker/rocker_test/docker-ros2/foxy/colcon_ws/install/turtlebot3_bringup:/home/suv-user/suv-docker/rocker_test/docker-ros2/foxy/colcon_ws/install/turtlebot3_node:/home/suv-user/suv-docker/rocker_test/docker-ros2/foxy/colcon_ws/install/turtlebot3_navigation2:/home/suv-user/suv-docker/rocker_test/docker-ros2/foxy/colcon_ws/install/turtlebot3_fake_node:/home/suv-user/suv-docker/rocker_test/docker-ros2/foxy/colcon_ws/install/turtlebot3_msgs:/home/suv-user/suv-docker/rocker_test/docker-ros2/foxy/colcon_ws/install/turtlebot3_gazebo:/home/suv-user/suv-docker/rocker_test/docker-ros2/foxy/colcon_ws/install/turtlebot3_description:/home/suv-user/suv-docker/rocker_test/docker-ros2/foxy/colcon_ws/install/turtlebot3_cartographer:/home/suv-user/suv-docker/rocker_test/docker-ros2/foxy/colcon_ws/install/slam_toolbox:/home/suv-user/suv-docker/rocker_test/docker-ros2/foxy/colcon_ws/install/rplidar_ros:/home/suv-user/suv-docker/rocker_test/docker-ros2/foxy/colcon_ws/install/hls_lfcd_lds_driver:/home/suv-user/suv-docker/rocker_test/docker-ros2/foxy/colcon_ws/install/dynamixel_sdk_examples:/home/suv-user/suv-docker/rocker_test/docker-ros2/foxy/colcon_ws/install/dynamixel_sdk_custom_interfaces:/home/suv-user/suv-docker/rocker_test/docker-ros2/foxy/colcon_ws/install/dynamixel_sdk:/home/suv-user/foxy/colcon_ws/install/turtlebot3_teleop:/home/suv-user/foxy/colcon_ws/install/turtlebot3_example:/home/suv-user/foxy/colcon_ws/install/odom_simulator:/home/suv-user/foxy/colcon_ws/install/motors_control:/home/suv-user/foxy/colcon_ws/install/motor_control2:/home/suv-user/suv-docker/rocker_test/docker-ros2/foxy/colcon_ws/install/turtlebot3_teleop:/home/suv-user/suv-docker/rocker_test/docker-ros2/foxy/colcon_ws/install/turtlebot3_example:/opt/ros/foxy LD_LIBRARY_PATH=/home/suv-user/foxy/colcon_ws/src/install/raspimouse_msgs/lib:${LD_LIBRARY_PATH} PYTHONPATH=/home/suv-user/foxy/colcon_ws/src/install/raspimouse_msgs/lib/python3.8/site-packages:${PYTHONPATH} /usr/bin/cmake /home/suv-user/foxy/colcon_ws/src/raspimouse2/raspimouse -DAMENT_CMAKE_SYMLINK_INSTALL=1 -DCMAKE_INSTALL_PREFIX=/home/suv-user/foxy/colcon_ws/src/install/raspimouse
[0.861s] -- The C compiler identification is GNU 9.3.0
[1.508s] -- The CXX compiler identification is GNU 9.3.0
[1.726s] -- Check for working C compiler: /usr/bin/cc
[2.609s] -- Check for working C compiler: /usr/bin/cc -- works
[2.610s] -- Detecting C compiler ABI info
[3.720s] -- Detecting C compiler ABI info - done
[3.908s] -- Detecting C compile features
[3.910s] -- Detecting C compile features - done
[3.969s] -- Check for working CXX compiler: /usr/bin/c++
[5.075s] -- Check for working CXX compiler: /usr/bin/c++ -- works
[5.086s] -- Detecting CXX compiler ABI info
[6.047s] -- Detecting CXX compiler ABI info - done
[6.133s] -- Detecting CXX compile features
[6.137s] -- Detecting CXX compile features - done
[6.213s] -- Found ament_cmake: 0.9.9 (/opt/ros/foxy/share/ament_cmake/cmake)
[6.587s] -- Found PythonInterp: /usr/bin/python3 (found suitable version "3.8.10", minimum required is "3") 
[6.590s] -- Using PYTHON_EXECUTABLE: /usr/bin/python3
[8.572s] -- Override CMake install command with custom implementation using symlinks instead of copying resources
[9.705s] -- Found rclcpp: 2.4.1 (/opt/ros/foxy/share/rclcpp/cmake)
[10.734s] -- Using all available rosidl_typesupport_c: rosidl_typesupport_fastrtps_c;rosidl_typesupport_introspection_c
[10.899s] -- Found rosidl_adapter: 1.2.1 (/opt/ros/foxy/share/rosidl_adapter/cmake)
[12.760s] -- Found OpenSSL: /usr/lib/aarch64-linux-gnu/libcrypto.so (found version "1.1.1f")  
[13.338s] -- Found FastRTPS: /opt/ros/foxy/include  
[14.630s] -- Using all available rosidl_typesupport_cpp: rosidl_typesupport_fastrtps_cpp;rosidl_typesupport_introspection_cpp
[15.190s] -- Found rmw_implementation_cmake: 1.0.3 (/opt/ros/foxy/share/rmw_implementation_cmake/cmake)
[15.214s] -- Using RMW implementation 'rmw_fastrtps_cpp' as default
[15.218s] -- Looking for pthread.h
[16.327s] -- Looking for pthread.h - found
[16.329s] -- Performing Test CMAKE_HAVE_LIBC_PTHREAD
[17.598s] -- Performing Test CMAKE_HAVE_LIBC_PTHREAD - Failed
[17.599s] -- Looking for pthread_create in pthreads
[18.592s] -- Looking for pthread_create in pthreads - not found
[18.593s] -- Looking for pthread_create in pthread
[19.809s] -- Looking for pthread_create in pthread - found
[19.814s] -- Found Threads: TRUE  
[21.597s] -- Found rclcpp_lifecycle: 2.4.1 (/opt/ros/foxy/share/rclcpp_lifecycle/cmake)
[22.310s] -- Found rclcpp_components: 2.4.1 (/opt/ros/foxy/share/rclcpp_components/cmake)
[23.118s] -- Found std_srvs: 2.0.5 (/opt/ros/foxy/share/std_srvs/cmake)
[23.298s] -- Found geometry_msgs: 2.0.5 (/opt/ros/foxy/share/geometry_msgs/cmake)
[23.836s] -- Found nav_msgs: 2.0.5 (/opt/ros/foxy/share/nav_msgs/cmake)
[24.710s] -- Found tf2: 0.13.13 (/opt/ros/foxy/share/tf2/cmake)
[24.871s] -- Found tf2_ros: 0.13.13 (/opt/ros/foxy/share/tf2_ros/cmake)
[28.104s] -- Found raspimouse_msgs: 1.0.2 (/home/suv-user/foxy/colcon_ws/src/install/raspimouse_msgs/share/raspimouse_msgs/cmake)
[28.498s] -- Found ament_lint_auto: 0.9.6 (/opt/ros/foxy/share/ament_lint_auto/cmake)
[30.065s] -- Added test 'copyright' to check source files copyright and LICENSE
[30.076s] -- Added test 'cppcheck' to perform static code analysis on C / C++ code
[30.080s] -- Configured cppcheck include dirs: /home/suv-user/foxy/colcon_ws/src/raspimouse2/raspimouse/include
[30.081s] -- Configured cppcheck exclude dirs and/or files: 
[30.103s] -- Added test 'cpplint' to check C / C++ code against the Google style
[30.104s] -- Configured cpplint exclude dirs and/or files: 
[30.130s] -- Added test 'lint_cmake' to check CMake code style
[30.139s] -- Added test 'uncrustify' to check C / C++ code style
[30.140s] -- Configured uncrustify additional arguments: 
[30.148s] -- Added test 'xmllint' to check XML markup files
[30.224s] -- Configuring done
[30.440s] -- Generating done
[30.467s] -- Build files have been written to: /home/suv-user/foxy/colcon_ws/src/build/raspimouse
[30.584s] Invoked command in '/home/suv-user/foxy/colcon_ws/src/build/raspimouse' returned '0': AMENT_PREFIX_PATH=/home/suv-user/foxy/colcon_ws/src/install/raspimouse_msgs:${AMENT_PREFIX_PATH} CMAKE_PREFIX_PATH=/home/suv-user/foxy/colcon_ws/src/install/raspimouse_msgs:/home/suv-user/foxy/colcon_ws/install/turtlebot3:/home/suv-user/foxy/colcon_ws/install/turtlebot3_simulations:/home/suv-user/foxy/colcon_ws/install/turtlebot3_bringup:/home/suv-user/foxy/colcon_ws/install/turtlebot3_node:/home/suv-user/foxy/colcon_ws/install/turtlebot3_navigation2:/home/suv-user/foxy/colcon_ws/install/turtlebot3_fake_node:/home/suv-user/foxy/colcon_ws/install/turtlebot3_msgs:/home/suv-user/foxy/colcon_ws/install/turtlebot3_gazebo:/home/suv-user/foxy/colcon_ws/install/turtlebot3_description:/home/suv-user/foxy/colcon_ws/install/turtlebot3_cartographer:/home/suv-user/foxy/colcon_ws/install/raspimouse_ros2_examples:/home/suv-user/foxy/colcon_ws/install/slam_toolbox:/home/suv-user/foxy/colcon_ws/install/rplidar_ros:/home/suv-user/foxy/colcon_ws/install/hls_lfcd_lds_driver:/home/suv-user/foxy/colcon_ws/install/dynamixel_sdk_examples:/home/suv-user/foxy/colcon_ws/install/dynamixel_sdk_custom_interfaces:/home/suv-user/foxy/colcon_ws/install/dynamixel_sdk:/home/suv-user/suv-docker/rocker_test/docker-ros2/foxy/colcon_ws/install/turtlebot3:/home/suv-user/suv-docker/rocker_test/docker-ros2/foxy/colcon_ws/install/turtlebot3_simulations:/home/suv-user/suv-docker/rocker_test/docker-ros2/foxy/colcon_ws/install/turtlebot3_bringup:/home/suv-user/suv-docker/rocker_test/docker-ros2/foxy/colcon_ws/install/turtlebot3_node:/home/suv-user/suv-docker/rocker_test/docker-ros2/foxy/colcon_ws/install/turtlebot3_navigation2:/home/suv-user/suv-docker/rocker_test/docker-ros2/foxy/colcon_ws/install/turtlebot3_fake_node:/home/suv-user/suv-docker/rocker_test/docker-ros2/foxy/colcon_ws/install/turtlebot3_msgs:/home/suv-user/suv-docker/rocker_test/docker-ros2/foxy/colcon_ws/install/turtlebot3_gazebo:/home/suv-user/suv-docker/rocker_test/docker-ros2/foxy/colcon_ws/install/turtlebot3_description:/home/suv-user/suv-docker/rocker_test/docker-ros2/foxy/colcon_ws/install/turtlebot3_cartographer:/home/suv-user/suv-docker/rocker_test/docker-ros2/foxy/colcon_ws/install/slam_toolbox:/home/suv-user/suv-docker/rocker_test/docker-ros2/foxy/colcon_ws/install/rplidar_ros:/home/suv-user/suv-docker/rocker_test/docker-ros2/foxy/colcon_ws/install/hls_lfcd_lds_driver:/home/suv-user/suv-docker/rocker_test/docker-ros2/foxy/colcon_ws/install/dynamixel_sdk_examples:/home/suv-user/suv-docker/rocker_test/docker-ros2/foxy/colcon_ws/install/dynamixel_sdk_custom_interfaces:/home/suv-user/suv-docker/rocker_test/docker-ros2/foxy/colcon_ws/install/dynamixel_sdk:/home/suv-user/foxy/colcon_ws/install/turtlebot3_teleop:/home/suv-user/foxy/colcon_ws/install/turtlebot3_example:/home/suv-user/foxy/colcon_ws/install/odom_simulator:/home/suv-user/foxy/colcon_ws/install/motors_control:/home/suv-user/foxy/colcon_ws/install/motor_control2:/home/suv-user/suv-docker/rocker_test/docker-ros2/foxy/colcon_ws/install/turtlebot3_teleop:/home/suv-user/suv-docker/rocker_test/docker-ros2/foxy/colcon_ws/install/turtlebot3_example:/opt/ros/foxy LD_LIBRARY_PATH=/home/suv-user/foxy/colcon_ws/src/install/raspimouse_msgs/lib:${LD_LIBRARY_PATH} PYTHONPATH=/home/suv-user/foxy/colcon_ws/src/install/raspimouse_msgs/lib/python3.8/site-packages:${PYTHONPATH} /usr/bin/cmake /home/suv-user/foxy/colcon_ws/src/raspimouse2/raspimouse -DAMENT_CMAKE_SYMLINK_INSTALL=1 -DCMAKE_INSTALL_PREFIX=/home/suv-user/foxy/colcon_ws/src/install/raspimouse
[30.588s] Invoking command in '/home/suv-user/foxy/colcon_ws/src/build/raspimouse': AMENT_PREFIX_PATH=/home/suv-user/foxy/colcon_ws/src/install/raspimouse_msgs:${AMENT_PREFIX_PATH} CMAKE_PREFIX_PATH=/home/suv-user/foxy/colcon_ws/src/install/raspimouse_msgs:/home/suv-user/foxy/colcon_ws/install/turtlebot3:/home/suv-user/foxy/colcon_ws/install/turtlebot3_simulations:/home/suv-user/foxy/colcon_ws/install/turtlebot3_bringup:/home/suv-user/foxy/colcon_ws/install/turtlebot3_node:/home/suv-user/foxy/colcon_ws/install/turtlebot3_navigation2:/home/suv-user/foxy/colcon_ws/install/turtlebot3_fake_node:/home/suv-user/foxy/colcon_ws/install/turtlebot3_msgs:/home/suv-user/foxy/colcon_ws/install/turtlebot3_gazebo:/home/suv-user/foxy/colcon_ws/install/turtlebot3_description:/home/suv-user/foxy/colcon_ws/install/turtlebot3_cartographer:/home/suv-user/foxy/colcon_ws/install/raspimouse_ros2_examples:/home/suv-user/foxy/colcon_ws/install/slam_toolbox:/home/suv-user/foxy/colcon_ws/install/rplidar_ros:/home/suv-user/foxy/colcon_ws/install/hls_lfcd_lds_driver:/home/suv-user/foxy/colcon_ws/install/dynamixel_sdk_examples:/home/suv-user/foxy/colcon_ws/install/dynamixel_sdk_custom_interfaces:/home/suv-user/foxy/colcon_ws/install/dynamixel_sdk:/home/suv-user/suv-docker/rocker_test/docker-ros2/foxy/colcon_ws/install/turtlebot3:/home/suv-user/suv-docker/rocker_test/docker-ros2/foxy/colcon_ws/install/turtlebot3_simulations:/home/suv-user/suv-docker/rocker_test/docker-ros2/foxy/colcon_ws/install/turtlebot3_bringup:/home/suv-user/suv-docker/rocker_test/docker-ros2/foxy/colcon_ws/install/turtlebot3_node:/home/suv-user/suv-docker/rocker_test/docker-ros2/foxy/colcon_ws/install/turtlebot3_navigation2:/home/suv-user/suv-docker/rocker_test/docker-ros2/foxy/colcon_ws/install/turtlebot3_fake_node:/home/suv-user/suv-docker/rocker_test/docker-ros2/foxy/colcon_ws/install/turtlebot3_msgs:/home/suv-user/suv-docker/rocker_test/docker-ros2/foxy/colcon_ws/install/turtlebot3_gazebo:/home/suv-user/suv-docker/rocker_test/docker-ros2/foxy/colcon_ws/install/turtlebot3_description:/home/suv-user/suv-docker/rocker_test/docker-ros2/foxy/colcon_ws/install/turtlebot3_cartographer:/home/suv-user/suv-docker/rocker_test/docker-ros2/foxy/colcon_ws/install/slam_toolbox:/home/suv-user/suv-docker/rocker_test/docker-ros2/foxy/colcon_ws/install/rplidar_ros:/home/suv-user/suv-docker/rocker_test/docker-ros2/foxy/colcon_ws/install/hls_lfcd_lds_driver:/home/suv-user/suv-docker/rocker_test/docker-ros2/foxy/colcon_ws/install/dynamixel_sdk_examples:/home/suv-user/suv-docker/rocker_test/docker-ros2/foxy/colcon_ws/install/dynamixel_sdk_custom_interfaces:/home/suv-user/suv-docker/rocker_test/docker-ros2/foxy/colcon_ws/install/dynamixel_sdk:/home/suv-user/foxy/colcon_ws/install/turtlebot3_teleop:/home/suv-user/foxy/colcon_ws/install/turtlebot3_example:/home/suv-user/foxy/colcon_ws/install/odom_simulator:/home/suv-user/foxy/colcon_ws/install/motors_control:/home/suv-user/foxy/colcon_ws/install/motor_control2:/home/suv-user/suv-docker/rocker_test/docker-ros2/foxy/colcon_ws/install/turtlebot3_teleop:/home/suv-user/suv-docker/rocker_test/docker-ros2/foxy/colcon_ws/install/turtlebot3_example:/opt/ros/foxy LD_LIBRARY_PATH=/home/suv-user/foxy/colcon_ws/src/install/raspimouse_msgs/lib:${LD_LIBRARY_PATH} PYTHONPATH=/home/suv-user/foxy/colcon_ws/src/install/raspimouse_msgs/lib/python3.8/site-packages:${PYTHONPATH} /usr/bin/cmake --build /home/suv-user/foxy/colcon_ws/src/build/raspimouse -- -j4 -l4
[31.179s] [35m[1mScanning dependencies of target raspimouse_component[0m
[31.789s] [ 25%] [32mBuilding CXX object CMakeFiles/raspimouse_component.dir/src/raspimouse_component.cpp.o[0m
[127.905s] [ 50%] [32m[1mLinking CXX shared library libraspimouse_component.so[0m
[133.712s] [ 50%] Built target raspimouse_component
[133.868s] [35m[1mScanning dependencies of target raspimouse[0m
[134.816s] [ 75%] [32mBuilding CXX object CMakeFiles/raspimouse.dir/src/raspimouse.cpp.o[0m
[156.827s] [100%] [32m[1mLinking CXX executable raspimouse[0m
[160.516s] [100%] Built target raspimouse
[160.727s] Invoked command in '/home/suv-user/foxy/colcon_ws/src/build/raspimouse' returned '0': AMENT_PREFIX_PATH=/home/suv-user/foxy/colcon_ws/src/install/raspimouse_msgs:${AMENT_PREFIX_PATH} CMAKE_PREFIX_PATH=/home/suv-user/foxy/colcon_ws/src/install/raspimouse_msgs:/home/suv-user/foxy/colcon_ws/install/turtlebot3:/home/suv-user/foxy/colcon_ws/install/turtlebot3_simulations:/home/suv-user/foxy/colcon_ws/install/turtlebot3_bringup:/home/suv-user/foxy/colcon_ws/install/turtlebot3_node:/home/suv-user/foxy/colcon_ws/install/turtlebot3_navigation2:/home/suv-user/foxy/colcon_ws/install/turtlebot3_fake_node:/home/suv-user/foxy/colcon_ws/install/turtlebot3_msgs:/home/suv-user/foxy/colcon_ws/install/turtlebot3_gazebo:/home/suv-user/foxy/colcon_ws/install/turtlebot3_description:/home/suv-user/foxy/colcon_ws/install/turtlebot3_cartographer:/home/suv-user/foxy/colcon_ws/install/raspimouse_ros2_examples:/home/suv-user/foxy/colcon_ws/install/slam_toolbox:/home/suv-user/foxy/colcon_ws/install/rplidar_ros:/home/suv-user/foxy/colcon_ws/install/hls_lfcd_lds_driver:/home/suv-user/foxy/colcon_ws/install/dynamixel_sdk_examples:/home/suv-user/foxy/colcon_ws/install/dynamixel_sdk_custom_interfaces:/home/suv-user/foxy/colcon_ws/install/dynamixel_sdk:/home/suv-user/suv-docker/rocker_test/docker-ros2/foxy/colcon_ws/install/turtlebot3:/home/suv-user/suv-docker/rocker_test/docker-ros2/foxy/colcon_ws/install/turtlebot3_simulations:/home/suv-user/suv-docker/rocker_test/docker-ros2/foxy/colcon_ws/install/turtlebot3_bringup:/home/suv-user/suv-docker/rocker_test/docker-ros2/foxy/colcon_ws/install/turtlebot3_node:/home/suv-user/suv-docker/rocker_test/docker-ros2/foxy/colcon_ws/install/turtlebot3_navigation2:/home/suv-user/suv-docker/rocker_test/docker-ros2/foxy/colcon_ws/install/turtlebot3_fake_node:/home/suv-user/suv-docker/rocker_test/docker-ros2/foxy/colcon_ws/install/turtlebot3_msgs:/home/suv-user/suv-docker/rocker_test/docker-ros2/foxy/colcon_ws/install/turtlebot3_gazebo:/home/suv-user/suv-docker/rocker_test/docker-ros2/foxy/colcon_ws/install/turtlebot3_description:/home/suv-user/suv-docker/rocker_test/docker-ros2/foxy/colcon_ws/install/turtlebot3_cartographer:/home/suv-user/suv-docker/rocker_test/docker-ros2/foxy/colcon_ws/install/slam_toolbox:/home/suv-user/suv-docker/rocker_test/docker-ros2/foxy/colcon_ws/install/rplidar_ros:/home/suv-user/suv-docker/rocker_test/docker-ros2/foxy/colcon_ws/install/hls_lfcd_lds_driver:/home/suv-user/suv-docker/rocker_test/docker-ros2/foxy/colcon_ws/install/dynamixel_sdk_examples:/home/suv-user/suv-docker/rocker_test/docker-ros2/foxy/colcon_ws/install/dynamixel_sdk_custom_interfaces:/home/suv-user/suv-docker/rocker_test/docker-ros2/foxy/colcon_ws/install/dynamixel_sdk:/home/suv-user/foxy/colcon_ws/install/turtlebot3_teleop:/home/suv-user/foxy/colcon_ws/install/turtlebot3_example:/home/suv-user/foxy/colcon_ws/install/odom_simulator:/home/suv-user/foxy/colcon_ws/install/motors_control:/home/suv-user/foxy/colcon_ws/install/motor_control2:/home/suv-user/suv-docker/rocker_test/docker-ros2/foxy/colcon_ws/install/turtlebot3_teleop:/home/suv-user/suv-docker/rocker_test/docker-ros2/foxy/colcon_ws/install/turtlebot3_example:/opt/ros/foxy LD_LIBRARY_PATH=/home/suv-user/foxy/colcon_ws/src/install/raspimouse_msgs/lib:${LD_LIBRARY_PATH} PYTHONPATH=/home/suv-user/foxy/colcon_ws/src/install/raspimouse_msgs/lib/python3.8/site-packages:${PYTHONPATH} /usr/bin/cmake --build /home/suv-user/foxy/colcon_ws/src/build/raspimouse -- -j4 -l4
[161.392s] Invoking command in '/home/suv-user/foxy/colcon_ws/src/build/raspimouse': AMENT_PREFIX_PATH=/home/suv-user/foxy/colcon_ws/src/install/raspimouse_msgs:${AMENT_PREFIX_PATH} CMAKE_PREFIX_PATH=/home/suv-user/foxy/colcon_ws/src/install/raspimouse_msgs:/home/suv-user/foxy/colcon_ws/install/turtlebot3:/home/suv-user/foxy/colcon_ws/install/turtlebot3_simulations:/home/suv-user/foxy/colcon_ws/install/turtlebot3_bringup:/home/suv-user/foxy/colcon_ws/install/turtlebot3_node:/home/suv-user/foxy/colcon_ws/install/turtlebot3_navigation2:/home/suv-user/foxy/colcon_ws/install/turtlebot3_fake_node:/home/suv-user/foxy/colcon_ws/install/turtlebot3_msgs:/home/suv-user/foxy/colcon_ws/install/turtlebot3_gazebo:/home/suv-user/foxy/colcon_ws/install/turtlebot3_description:/home/suv-user/foxy/colcon_ws/install/turtlebot3_cartographer:/home/suv-user/foxy/colcon_ws/install/raspimouse_ros2_examples:/home/suv-user/foxy/colcon_ws/install/slam_toolbox:/home/suv-user/foxy/colcon_ws/install/rplidar_ros:/home/suv-user/foxy/colcon_ws/install/hls_lfcd_lds_driver:/home/suv-user/foxy/colcon_ws/install/dynamixel_sdk_examples:/home/suv-user/foxy/colcon_ws/install/dynamixel_sdk_custom_interfaces:/home/suv-user/foxy/colcon_ws/install/dynamixel_sdk:/home/suv-user/suv-docker/rocker_test/docker-ros2/foxy/colcon_ws/install/turtlebot3:/home/suv-user/suv-docker/rocker_test/docker-ros2/foxy/colcon_ws/install/turtlebot3_simulations:/home/suv-user/suv-docker/rocker_test/docker-ros2/foxy/colcon_ws/install/turtlebot3_bringup:/home/suv-user/suv-docker/rocker_test/docker-ros2/foxy/colcon_ws/install/turtlebot3_node:/home/suv-user/suv-docker/rocker_test/docker-ros2/foxy/colcon_ws/install/turtlebot3_navigation2:/home/suv-user/suv-docker/rocker_test/docker-ros2/foxy/colcon_ws/install/turtlebot3_fake_node:/home/suv-user/suv-docker/rocker_test/docker-ros2/foxy/colcon_ws/install/turtlebot3_msgs:/home/suv-user/suv-docker/rocker_test/docker-ros2/foxy/colcon_ws/install/turtlebot3_gazebo:/home/suv-user/suv-docker/rocker_test/docker-ros2/foxy/colcon_ws/install/turtlebot3_description:/home/suv-user/suv-docker/rocker_test/docker-ros2/foxy/colcon_ws/install/turtlebot3_cartographer:/home/suv-user/suv-docker/rocker_test/docker-ros2/foxy/colcon_ws/install/slam_toolbox:/home/suv-user/suv-docker/rocker_test/docker-ros2/foxy/colcon_ws/install/rplidar_ros:/home/suv-user/suv-docker/rocker_test/docker-ros2/foxy/colcon_ws/install/hls_lfcd_lds_driver:/home/suv-user/suv-docker/rocker_test/docker-ros2/foxy/colcon_ws/install/dynamixel_sdk_examples:/home/suv-user/suv-docker/rocker_test/docker-ros2/foxy/colcon_ws/install/dynamixel_sdk_custom_interfaces:/home/suv-user/suv-docker/rocker_test/docker-ros2/foxy/colcon_ws/install/dynamixel_sdk:/home/suv-user/foxy/colcon_ws/install/turtlebot3_teleop:/home/suv-user/foxy/colcon_ws/install/turtlebot3_example:/home/suv-user/foxy/colcon_ws/install/odom_simulator:/home/suv-user/foxy/colcon_ws/install/motors_control:/home/suv-user/foxy/colcon_ws/install/motor_control2:/home/suv-user/suv-docker/rocker_test/docker-ros2/foxy/colcon_ws/install/turtlebot3_teleop:/home/suv-user/suv-docker/rocker_test/docker-ros2/foxy/colcon_ws/install/turtlebot3_example:/opt/ros/foxy LD_LIBRARY_PATH=/home/suv-user/foxy/colcon_ws/src/install/raspimouse_msgs/lib:${LD_LIBRARY_PATH} PYTHONPATH=/home/suv-user/foxy/colcon_ws/src/install/raspimouse_msgs/lib/python3.8/site-packages:${PYTHONPATH} /usr/bin/cmake --install /home/suv-user/foxy/colcon_ws/src/build/raspimouse
[161.492s] -- Install configuration: ""
[161.497s] -- Execute custom install script
[161.500s] -- Symlinking: /home/suv-user/foxy/colcon_ws/src/install/raspimouse/share/raspimouse/environment/library_path.sh
[161.640s] -- Symlinking: /home/suv-user/foxy/colcon_ws/src/install/raspimouse/share/raspimouse/environment/library_path.dsv
[161.772s] -- Symlinking: /home/suv-user/foxy/colcon_ws/src/install/raspimouse/include/raspimouse/raspimouse_component.hpp
[161.941s] -- Symlinking: /home/suv-user/foxy/colcon_ws/src/install/raspimouse/lib/raspimouse/raspimouse
[162.126s] -- Symlinking: /home/suv-user/foxy/colcon_ws/src/install/raspimouse/share/ament_index/resource_index/package_run_dependencies/raspimouse
[162.206s] -- Symlinking: /home/suv-user/foxy/colcon_ws/src/install/raspimouse/share/ament_index/resource_index/parent_prefix_path/raspimouse
[162.288s] -- Symlinking: /home/suv-user/foxy/colcon_ws/src/install/raspimouse/share/raspimouse/environment/ament_prefix_path.sh
[162.468s] -- Symlinking: /home/suv-user/foxy/colcon_ws/src/install/raspimouse/share/raspimouse/environment/ament_prefix_path.dsv
[162.618s] -- Symlinking: /home/suv-user/foxy/colcon_ws/src/install/raspimouse/share/raspimouse/environment/path.sh
[162.757s] -- Symlinking: /home/suv-user/foxy/colcon_ws/src/install/raspimouse/share/raspimouse/environment/path.dsv
[162.916s] -- Symlinking: /home/suv-user/foxy/colcon_ws/src/install/raspimouse/share/raspimouse/local_setup.bash
[163.134s] -- Symlinking: /home/suv-user/foxy/colcon_ws/src/install/raspimouse/share/raspimouse/local_setup.sh
[163.249s] -- Symlinking: /home/suv-user/foxy/colcon_ws/src/install/raspimouse/share/raspimouse/local_setup.zsh
[163.384s] -- Symlinking: /home/suv-user/foxy/colcon_ws/src/install/raspimouse/share/raspimouse/local_setup.dsv
[163.519s] -- Symlinking: /home/suv-user/foxy/colcon_ws/src/install/raspimouse/share/raspimouse/package.dsv
[163.712s] -- Symlinking: /home/suv-user/foxy/colcon_ws/src/install/raspimouse/share/ament_index/resource_index/packages/raspimouse
[163.789s] -- Symlinking: /home/suv-user/foxy/colcon_ws/src/install/raspimouse/share/ament_index/resource_index/rclcpp_components/raspimouse
[163.916s] -- Symlinking: /home/suv-user/foxy/colcon_ws/src/install/raspimouse/share/raspimouse/cmake/ament_cmake_export_targets-extras.cmake
[164.036s] -- Symlinking: /home/suv-user/foxy/colcon_ws/src/install/raspimouse/share/raspimouse/cmake/ament_cmake_export_dependencies-extras.cmake
[164.157s] -- Symlinking: /home/suv-user/foxy/colcon_ws/src/install/raspimouse/share/raspimouse/cmake/ament_cmake_export_include_directories-extras.cmake
[164.344s] -- Symlinking: /home/suv-user/foxy/colcon_ws/src/install/raspimouse/share/raspimouse/cmake/ament_cmake_export_libraries-extras.cmake
[164.464s] -- Symlinking: /home/suv-user/foxy/colcon_ws/src/install/raspimouse/share/raspimouse/cmake/raspimouseConfig.cmake
[164.556s] -- Symlinking: /home/suv-user/foxy/colcon_ws/src/install/raspimouse/share/raspimouse/cmake/raspimouseConfig-version.cmake
[164.745s] -- Symlinking: /home/suv-user/foxy/colcon_ws/src/install/raspimouse/share/raspimouse/package.xml
[164.842s] -- Installing: /home/suv-user/foxy/colcon_ws/src/install/raspimouse/lib/libraspimouse_component.so
[164.944s] -- Set runtime path of "/home/suv-user/foxy/colcon_ws/src/install/raspimouse/lib/libraspimouse_component.so" to ""
[164.948s] -- Installing: /home/suv-user/foxy/colcon_ws/src/install/raspimouse/share/raspimouse/cmake/export_raspimouse_componentExport.cmake
[164.952s] -- Installing: /home/suv-user/foxy/colcon_ws/src/install/raspimouse/share/raspimouse/cmake/export_raspimouse_componentExport-noconfig.cmake
[164.962s] Invoked command in '/home/suv-user/foxy/colcon_ws/src/build/raspimouse' returned '0': AMENT_PREFIX_PATH=/home/suv-user/foxy/colcon_ws/src/install/raspimouse_msgs:${AMENT_PREFIX_PATH} CMAKE_PREFIX_PATH=/home/suv-user/foxy/colcon_ws/src/install/raspimouse_msgs:/home/suv-user/foxy/colcon_ws/install/turtlebot3:/home/suv-user/foxy/colcon_ws/install/turtlebot3_simulations:/home/suv-user/foxy/colcon_ws/install/turtlebot3_bringup:/home/suv-user/foxy/colcon_ws/install/turtlebot3_node:/home/suv-user/foxy/colcon_ws/install/turtlebot3_navigation2:/home/suv-user/foxy/colcon_ws/install/turtlebot3_fake_node:/home/suv-user/foxy/colcon_ws/install/turtlebot3_msgs:/home/suv-user/foxy/colcon_ws/install/turtlebot3_gazebo:/home/suv-user/foxy/colcon_ws/install/turtlebot3_description:/home/suv-user/foxy/colcon_ws/install/turtlebot3_cartographer:/home/suv-user/foxy/colcon_ws/install/raspimouse_ros2_examples:/home/suv-user/foxy/colcon_ws/install/slam_toolbox:/home/suv-user/foxy/colcon_ws/install/rplidar_ros:/home/suv-user/foxy/colcon_ws/install/hls_lfcd_lds_driver:/home/suv-user/foxy/colcon_ws/install/dynamixel_sdk_examples:/home/suv-user/foxy/colcon_ws/install/dynamixel_sdk_custom_interfaces:/home/suv-user/foxy/colcon_ws/install/dynamixel_sdk:/home/suv-user/suv-docker/rocker_test/docker-ros2/foxy/colcon_ws/install/turtlebot3:/home/suv-user/suv-docker/rocker_test/docker-ros2/foxy/colcon_ws/install/turtlebot3_simulations:/home/suv-user/suv-docker/rocker_test/docker-ros2/foxy/colcon_ws/install/turtlebot3_bringup:/home/suv-user/suv-docker/rocker_test/docker-ros2/foxy/colcon_ws/install/turtlebot3_node:/home/suv-user/suv-docker/rocker_test/docker-ros2/foxy/colcon_ws/install/turtlebot3_navigation2:/home/suv-user/suv-docker/rocker_test/docker-ros2/foxy/colcon_ws/install/turtlebot3_fake_node:/home/suv-user/suv-docker/rocker_test/docker-ros2/foxy/colcon_ws/install/turtlebot3_msgs:/home/suv-user/suv-docker/rocker_test/docker-ros2/foxy/colcon_ws/install/turtlebot3_gazebo:/home/suv-user/suv-docker/rocker_test/docker-ros2/foxy/colcon_ws/install/turtlebot3_description:/home/suv-user/suv-docker/rocker_test/docker-ros2/foxy/colcon_ws/install/turtlebot3_cartographer:/home/suv-user/suv-docker/rocker_test/docker-ros2/foxy/colcon_ws/install/slam_toolbox:/home/suv-user/suv-docker/rocker_test/docker-ros2/foxy/colcon_ws/install/rplidar_ros:/home/suv-user/suv-docker/rocker_test/docker-ros2/foxy/colcon_ws/install/hls_lfcd_lds_driver:/home/suv-user/suv-docker/rocker_test/docker-ros2/foxy/colcon_ws/install/dynamixel_sdk_examples:/home/suv-user/suv-docker/rocker_test/docker-ros2/foxy/colcon_ws/install/dynamixel_sdk_custom_interfaces:/home/suv-user/suv-docker/rocker_test/docker-ros2/foxy/colcon_ws/install/dynamixel_sdk:/home/suv-user/foxy/colcon_ws/install/turtlebot3_teleop:/home/suv-user/foxy/colcon_ws/install/turtlebot3_example:/home/suv-user/foxy/colcon_ws/install/odom_simulator:/home/suv-user/foxy/colcon_ws/install/motors_control:/home/suv-user/foxy/colcon_ws/install/motor_control2:/home/suv-user/suv-docker/rocker_test/docker-ros2/foxy/colcon_ws/install/turtlebot3_teleop:/home/suv-user/suv-docker/rocker_test/docker-ros2/foxy/colcon_ws/install/turtlebot3_example:/opt/ros/foxy LD_LIBRARY_PATH=/home/suv-user/foxy/colcon_ws/src/install/raspimouse_msgs/lib:${LD_LIBRARY_PATH} PYTHONPATH=/home/suv-user/foxy/colcon_ws/src/install/raspimouse_msgs/lib/python3.8/site-packages:${PYTHONPATH} /usr/bin/cmake --install /home/suv-user/foxy/colcon_ws/src/build/raspimouse
