-- The C compiler identification is GNU 9.3.0
-- The CXX compiler identification is GNU 9.3.0
-- Check for working C compiler: /usr/bin/cc
-- Check for working C compiler: /usr/bin/cc -- works
-- Detecting C compiler ABI info
-- Detecting C compiler ABI info - done
-- Detecting C compile features
-- Detecting C compile features - done
-- Check for working CXX compiler: /usr/bin/c++
-- Check for working CXX compiler: /usr/bin/c++ -- works
-- Detecting CXX compiler ABI info
-- Detecting CXX compiler ABI info - done
-- Detecting CXX compile features
-- Detecting CXX compile features - done
-- Found ament_cmake: 0.9.9 (/opt/ros/foxy/share/ament_cmake/cmake)
-- Found PythonInterp: /usr/bin/python3 (found suitable version "3.8.10", minimum required is "3") 
-- Using PYTHON_EXECUTABLE: /usr/bin/python3
-- Override CMake install command with custom implementation using symlinks instead of copying resources
-- Found rosidl_default_generators: 1.0.1 (/opt/ros/foxy/share/rosidl_default_generators/cmake)
-- Using all available rosidl_typesupport_c: rosidl_typesupport_fastrtps_c;rosidl_typesupport_introspection_c
-- Found rosidl_adapter: 1.2.1 (/opt/ros/foxy/share/rosidl_adapter/cmake)
-- Found OpenSSL: /usr/lib/aarch64-linux-gnu/libcrypto.so (found version "1.1.1f")  
-- Found FastRTPS: /opt/ros/foxy/include  
-- Using all available rosidl_typesupport_cpp: rosidl_typesupport_fastrtps_cpp;rosidl_typesupport_introspection_cpp
-- Found PythonInterp: /usr/bin/python3 (found version "3.8.10") 
-- Found ament_cmake_ros: 0.9.2 (/opt/ros/foxy/share/ament_cmake_ros/cmake)
-- Using all available rosidl_typesupport_c: rosidl_typesupport_fastrtps_c;rosidl_typesupport_introspection_c
-- Using all available rosidl_typesupport_cpp: rosidl_typesupport_fastrtps_cpp;rosidl_typesupport_introspection_cpp
-- Found PythonInterp: /usr/bin/python3 (found suitable version "3.8.10", minimum required is "3.5") 
-- Found python_cmake_module: 0.8.1 (/opt/ros/foxy/share/python_cmake_module/cmake)
-- Found PythonLibs: /usr/lib/aarch64-linux-gnu/libpython3.8.so (found suitable version "3.8.10", minimum required is "3.5") 
-- Using PYTHON_EXECUTABLE: /usr/bin/python3
-- Using PYTHON_INCLUDE_DIRS: /usr/include/python3.8
-- Using PYTHON_LIBRARIES: /usr/lib/aarch64-linux-gnu/libpython3.8.so
-- Found PythonExtra: .so  
-- Found ament_lint_auto: 0.9.6 (/opt/ros/foxy/share/ament_lint_auto/cmake)
-- Added test 'copyright' to check source files copyright and LICENSE
-- Added test 'lint_cmake' to check CMake code style
-- Added test 'xmllint' to check XML markup files
-- Configuring done
-- Generating done
-- Build files have been written to: /home/suv-user/foxy/colcon_ws/src/build/raspimouse_msgs
[35m[1mScanning dependencies of target raspimouse_msgs__cpp[0m
[  2%] [34m[1mGenerating C++ code for ROS interfaces[0m
[  2%] Built target raspimouse_msgs__cpp
[  4%] [34m[1mGenerating C code for ROS interfaces[0m
[35m[1mScanning dependencies of target raspimouse_msgs__rosidl_generator_c[0m
[  6%] [32mBuilding C object CMakeFiles/raspimouse_msgs__rosidl_generator_c.dir/rosidl_generator_c/raspimouse_msgs/msg/detail/leds__functions.c.o[0m
[  8%] [32mBuilding C object CMakeFiles/raspimouse_msgs__rosidl_generator_c.dir/rosidl_generator_c/raspimouse_msgs/msg/detail/switches__functions.c.o[0m
[ 10%] [32mBuilding C object CMakeFiles/raspimouse_msgs__rosidl_generator_c.dir/rosidl_generator_c/raspimouse_msgs/msg/detail/light_sensors__functions.c.o[0m
[ 12%] [32m[1mLinking C shared library libraspimouse_msgs__rosidl_generator_c.so[0m
[ 12%] Built target raspimouse_msgs__rosidl_generator_c
[ 14%] [34m[1mGenerating C++ introspection for ROS interfaces[0m
[35m[1mScanning dependencies of target raspimouse_msgs__rosidl_typesupport_introspection_cpp[0m
[ 17%] [32mBuilding CXX object CMakeFiles/raspimouse_msgs__rosidl_typesupport_introspection_cpp.dir/rosidl_typesupport_introspection_cpp/raspimouse_msgs/msg/detail/leds__type_support.cpp.o[0m
[ 19%] [32mBuilding CXX object CMakeFiles/raspimouse_msgs__rosidl_typesupport_introspection_cpp.dir/rosidl_typesupport_introspection_cpp/raspimouse_msgs/msg/detail/switches__type_support.cpp.o[0m
[ 21%] [32mBuilding CXX object CMakeFiles/raspimouse_msgs__rosidl_typesupport_introspection_cpp.dir/rosidl_typesupport_introspection_cpp/raspimouse_msgs/msg/detail/light_sensors__type_support.cpp.o[0m
[ 23%] [32m[1mLinking CXX shared library libraspimouse_msgs__rosidl_typesupport_introspection_cpp.so[0m
[ 23%] Built target raspimouse_msgs__rosidl_typesupport_introspection_cpp
[ 25%] [34m[1mGenerating C introspection for ROS interfaces[0m
[35m[1mScanning dependencies of target raspimouse_msgs__rosidl_typesupport_introspection_c[0m
[ 27%] [32mBuilding C object CMakeFiles/raspimouse_msgs__rosidl_typesupport_introspection_c.dir/rosidl_typesupport_introspection_c/raspimouse_msgs/msg/detail/leds__type_support.c.o[0m
[ 29%] [32mBuilding C object CMakeFiles/raspimouse_msgs__rosidl_typesupport_introspection_c.dir/rosidl_typesupport_introspection_c/raspimouse_msgs/msg/detail/switches__type_support.c.o[0m
[ 31%] [32mBuilding C object CMakeFiles/raspimouse_msgs__rosidl_typesupport_introspection_c.dir/rosidl_typesupport_introspection_c/raspimouse_msgs/msg/detail/light_sensors__type_support.c.o[0m
[ 34%] [32m[1mLinking C shared library libraspimouse_msgs__rosidl_typesupport_introspection_c.so[0m
[ 34%] Built target raspimouse_msgs__rosidl_typesupport_introspection_c
[ 36%] [34m[1mGenerating C type support dispatch for ROS interfaces[0m
[35m[1mScanning dependencies of target raspimouse_msgs__rosidl_typesupport_c[0m
[ 38%] [32mBuilding CXX object CMakeFiles/raspimouse_msgs__rosidl_typesupport_c.dir/rosidl_typesupport_c/raspimouse_msgs/msg/leds__type_support.cpp.o[0m
[ 40%] [32mBuilding CXX object CMakeFiles/raspimouse_msgs__rosidl_typesupport_c.dir/rosidl_typesupport_c/raspimouse_msgs/msg/switches__type_support.cpp.o[0m
[ 42%] [32mBuilding CXX object CMakeFiles/raspimouse_msgs__rosidl_typesupport_c.dir/rosidl_typesupport_c/raspimouse_msgs/msg/light_sensors__type_support.cpp.o[0m
[ 44%] [32m[1mLinking CXX shared library libraspimouse_msgs__rosidl_typesupport_c.so[0m
[ 44%] Built target raspimouse_msgs__rosidl_typesupport_c
[ 46%] [34m[1mGenerating C++ type support for eProsima Fast-RTPS[0m
[35m[1mScanning dependencies of target raspimouse_msgs__rosidl_typesupport_fastrtps_cpp[0m
[ 48%] [32mBuilding CXX object CMakeFiles/raspimouse_msgs__rosidl_typesupport_fastrtps_cpp.dir/rosidl_typesupport_fastrtps_cpp/raspimouse_msgs/msg/detail/dds_fastrtps/leds__type_support.cpp.o[0m
[ 51%] [32mBuilding CXX object CMakeFiles/raspimouse_msgs__rosidl_typesupport_fastrtps_cpp.dir/rosidl_typesupport_fastrtps_cpp/raspimouse_msgs/msg/detail/dds_fastrtps/light_sensors__type_support.cpp.o[0m
[ 53%] [32mBuilding CXX object CMakeFiles/raspimouse_msgs__rosidl_typesupport_fastrtps_cpp.dir/rosidl_typesupport_fastrtps_cpp/raspimouse_msgs/msg/detail/dds_fastrtps/switches__type_support.cpp.o[0m
[ 55%] [32m[1mLinking CXX shared library libraspimouse_msgs__rosidl_typesupport_fastrtps_cpp.so[0m
[ 55%] Built target raspimouse_msgs__rosidl_typesupport_fastrtps_cpp
[ 57%] [34m[1mGenerating C++ type support dispatch for ROS interfaces[0m
[35m[1mScanning dependencies of target raspimouse_msgs__rosidl_typesupport_cpp[0m
[ 59%] [32mBuilding CXX object CMakeFiles/raspimouse_msgs__rosidl_typesupport_cpp.dir/rosidl_typesupport_cpp/raspimouse_msgs/msg/leds__type_support.cpp.o[0m
[ 61%] [32mBuilding CXX object CMakeFiles/raspimouse_msgs__rosidl_typesupport_cpp.dir/rosidl_typesupport_cpp/raspimouse_msgs/msg/light_sensors__type_support.cpp.o[0m
[ 63%] [32mBuilding CXX object CMakeFiles/raspimouse_msgs__rosidl_typesupport_cpp.dir/rosidl_typesupport_cpp/raspimouse_msgs/msg/switches__type_support.cpp.o[0m
[ 65%] [32m[1mLinking CXX shared library libraspimouse_msgs__rosidl_typesupport_cpp.so[0m
[ 65%] Built target raspimouse_msgs__rosidl_typesupport_cpp
[ 68%] [34m[1mGenerating C type support for eProsima Fast-RTPS[0m
[35m[1mScanning dependencies of target raspimouse_msgs__rosidl_typesupport_fastrtps_c[0m
[ 70%] [32mBuilding CXX object CMakeFiles/raspimouse_msgs__rosidl_typesupport_fastrtps_c.dir/rosidl_typesupport_fastrtps_c/raspimouse_msgs/msg/detail/leds__type_support_c.cpp.o[0m
[ 72%] [32mBuilding CXX object CMakeFiles/raspimouse_msgs__rosidl_typesupport_fastrtps_c.dir/rosidl_typesupport_fastrtps_c/raspimouse_msgs/msg/detail/light_sensors__type_support_c.cpp.o[0m
[ 74%] [32mBuilding CXX object CMakeFiles/raspimouse_msgs__rosidl_typesupport_fastrtps_c.dir/rosidl_typesupport_fastrtps_c/raspimouse_msgs/msg/detail/switches__type_support_c.cpp.o[0m
[ 76%] [32m[1mLinking CXX shared library libraspimouse_msgs__rosidl_typesupport_fastrtps_c.so[0m
[ 76%] Built target raspimouse_msgs__rosidl_typesupport_fastrtps_c
[35m[1mScanning dependencies of target raspimouse_msgs[0m
[ 76%] Built target raspimouse_msgs
[35m[1mScanning dependencies of target raspimouse_msgs__py[0m
[ 78%] [34m[1mGenerating Python code for ROS interfaces[0m
[ 78%] Built target raspimouse_msgs__py
[35m[1mScanning dependencies of target raspimouse_msgs__python[0m
[ 80%] [32mBuilding C object CMakeFiles/raspimouse_msgs__python.dir/rosidl_generator_py/raspimouse_msgs/msg/_leds_s.c.o[0m
[ 82%] [32mBuilding C object CMakeFiles/raspimouse_msgs__python.dir/rosidl_generator_py/raspimouse_msgs/msg/_light_sensors_s.c.o[0m
[ 85%] [32mBuilding C object CMakeFiles/raspimouse_msgs__python.dir/rosidl_generator_py/raspimouse_msgs/msg/_switches_s.c.o[0m
[ 87%] [32m[1mLinking C shared library rosidl_generator_py/raspimouse_msgs/libraspimouse_msgs__python.so[0m
[ 87%] Built target raspimouse_msgs__python
[35m[1mScanning dependencies of target raspimouse_msgs__rosidl_typesupport_introspection_c__pyext[0m
[ 89%] [32mBuilding C object CMakeFiles/raspimouse_msgs__rosidl_typesupport_introspection_c__pyext.dir/rosidl_generator_py/raspimouse_msgs/_raspimouse_msgs_s.ep.rosidl_typesupport_introspection_c.c.o[0m
[ 91%] [32m[1mLinking C shared library rosidl_generator_py/raspimouse_msgs/raspimouse_msgs_s__rosidl_typesupport_introspection_c.cpython-38-aarch64-linux-gnu.so[0m
[ 91%] Built target raspimouse_msgs__rosidl_typesupport_introspection_c__pyext
[35m[1mScanning dependencies of target raspimouse_msgs__rosidl_typesupport_fastrtps_c__pyext[0m
[ 93%] [32mBuilding C object CMakeFiles/raspimouse_msgs__rosidl_typesupport_fastrtps_c__pyext.dir/rosidl_generator_py/raspimouse_msgs/_raspimouse_msgs_s.ep.rosidl_typesupport_fastrtps_c.c.o[0m
[ 95%] [32m[1mLinking CXX shared library rosidl_generator_py/raspimouse_msgs/raspimouse_msgs_s__rosidl_typesupport_fastrtps_c.cpython-38-aarch64-linux-gnu.so[0m
[ 95%] Built target raspimouse_msgs__rosidl_typesupport_fastrtps_c__pyext
[35m[1mScanning dependencies of target raspimouse_msgs__rosidl_typesupport_c__pyext[0m
[ 97%] [32mBuilding C object CMakeFiles/raspimouse_msgs__rosidl_typesupport_c__pyext.dir/rosidl_generator_py/raspimouse_msgs/_raspimouse_msgs_s.ep.rosidl_typesupport_c.c.o[0m
[100%] [32m[1mLinking C shared library rosidl_generator_py/raspimouse_msgs/raspimouse_msgs_s__rosidl_typesupport_c.cpython-38-aarch64-linux-gnu.so[0m
[100%] Built target raspimouse_msgs__rosidl_typesupport_c__pyext
-- Install configuration: ""
-- Execute custom install script
-- Symlinking: /home/suv-user/foxy/colcon_ws/src/install/raspimouse_msgs/share/ament_index/resource_index/rosidl_interfaces/raspimouse_msgs
-- Symlinking: /home/suv-user/foxy/colcon_ws/src/install/raspimouse_msgs/include/raspimouse_msgs/msg/detail/leds__functions.h
-- Symlinking: /home/suv-user/foxy/colcon_ws/src/install/raspimouse_msgs/include/raspimouse_msgs/msg/detail/leds__struct.h
-- Symlinking: /home/suv-user/foxy/colcon_ws/src/install/raspimouse_msgs/include/raspimouse_msgs/msg/detail/leds__type_support.h
-- Symlinking: /home/suv-user/foxy/colcon_ws/src/install/raspimouse_msgs/include/raspimouse_msgs/msg/detail/light_sensors__functions.h
-- Symlinking: /home/suv-user/foxy/colcon_ws/src/install/raspimouse_msgs/include/raspimouse_msgs/msg/detail/light_sensors__struct.h
-- Symlinking: /home/suv-user/foxy/colcon_ws/src/install/raspimouse_msgs/include/raspimouse_msgs/msg/detail/light_sensors__type_support.h
-- Symlinking: /home/suv-user/foxy/colcon_ws/src/install/raspimouse_msgs/include/raspimouse_msgs/msg/detail/switches__functions.h
-- Symlinking: /home/suv-user/foxy/colcon_ws/src/install/raspimouse_msgs/include/raspimouse_msgs/msg/detail/switches__struct.h
-- Symlinking: /home/suv-user/foxy/colcon_ws/src/install/raspimouse_msgs/include/raspimouse_msgs/msg/detail/switches__type_support.h
-- Symlinking: /home/suv-user/foxy/colcon_ws/src/install/raspimouse_msgs/include/raspimouse_msgs/msg/leds.h
-- Symlinking: /home/suv-user/foxy/colcon_ws/src/install/raspimouse_msgs/include/raspimouse_msgs/msg/light_sensors.h
-- Symlinking: /home/suv-user/foxy/colcon_ws/src/install/raspimouse_msgs/include/raspimouse_msgs/msg/rosidl_generator_c__visibility_control.h
-- Symlinking: /home/suv-user/foxy/colcon_ws/src/install/raspimouse_msgs/include/raspimouse_msgs/msg/switches.h
-- Symlinking: /home/suv-user/foxy/colcon_ws/src/install/raspimouse_msgs/share/raspimouse_msgs/environment/library_path.sh
-- Symlinking: /home/suv-user/foxy/colcon_ws/src/install/raspimouse_msgs/share/raspimouse_msgs/environment/library_path.dsv
-- Symlinking: /home/suv-user/foxy/colcon_ws/src/install/raspimouse_msgs/include/raspimouse_msgs/msg/detail/leds__rosidl_typesupport_fastrtps_c.h
-- Symlinking: /home/suv-user/foxy/colcon_ws/src/install/raspimouse_msgs/include/raspimouse_msgs/msg/detail/light_sensors__rosidl_typesupport_fastrtps_c.h
-- Symlinking: /home/suv-user/foxy/colcon_ws/src/install/raspimouse_msgs/include/raspimouse_msgs/msg/detail/switches__rosidl_typesupport_fastrtps_c.h
-- Symlinking: /home/suv-user/foxy/colcon_ws/src/install/raspimouse_msgs/include/raspimouse_msgs/msg/rosidl_typesupport_fastrtps_c__visibility_control.h
-- Symlinking: /home/suv-user/foxy/colcon_ws/src/install/raspimouse_msgs/lib/libraspimouse_msgs__rosidl_typesupport_fastrtps_c.so
-- Symlinking: /home/suv-user/foxy/colcon_ws/src/install/raspimouse_msgs/include/raspimouse_msgs/msg/detail/leds__rosidl_typesupport_fastrtps_cpp.hpp
-- Symlinking: /home/suv-user/foxy/colcon_ws/src/install/raspimouse_msgs/include/raspimouse_msgs/msg/detail/light_sensors__rosidl_typesupport_fastrtps_cpp.hpp
-- Symlinking: /home/suv-user/foxy/colcon_ws/src/install/raspimouse_msgs/include/raspimouse_msgs/msg/detail/switches__rosidl_typesupport_fastrtps_cpp.hpp
-- Symlinking: /home/suv-user/foxy/colcon_ws/src/install/raspimouse_msgs/include/raspimouse_msgs/msg/rosidl_typesupport_fastrtps_cpp__visibility_control.h
-- Symlinking: /home/suv-user/foxy/colcon_ws/src/install/raspimouse_msgs/lib/libraspimouse_msgs__rosidl_typesupport_fastrtps_cpp.so
-- Symlinking: /home/suv-user/foxy/colcon_ws/src/install/raspimouse_msgs/include/raspimouse_msgs/msg/detail/leds__rosidl_typesupport_introspection_c.h
-- Symlinking: /home/suv-user/foxy/colcon_ws/src/install/raspimouse_msgs/include/raspimouse_msgs/msg/detail/light_sensors__rosidl_typesupport_introspection_c.h
-- Symlinking: /home/suv-user/foxy/colcon_ws/src/install/raspimouse_msgs/include/raspimouse_msgs/msg/detail/switches__rosidl_typesupport_introspection_c.h
-- Symlinking: /home/suv-user/foxy/colcon_ws/src/install/raspimouse_msgs/include/raspimouse_msgs/msg/rosidl_typesupport_introspection_c__visibility_control.h
-- Symlinking: /home/suv-user/foxy/colcon_ws/src/install/raspimouse_msgs/include/raspimouse_msgs/msg/detail/leds__builder.hpp
-- Symlinking: /home/suv-user/foxy/colcon_ws/src/install/raspimouse_msgs/include/raspimouse_msgs/msg/detail/leds__struct.hpp
-- Symlinking: /home/suv-user/foxy/colcon_ws/src/install/raspimouse_msgs/include/raspimouse_msgs/msg/detail/leds__traits.hpp
-- Symlinking: /home/suv-user/foxy/colcon_ws/src/install/raspimouse_msgs/include/raspimouse_msgs/msg/detail/light_sensors__builder.hpp
-- Symlinking: /home/suv-user/foxy/colcon_ws/src/install/raspimouse_msgs/include/raspimouse_msgs/msg/detail/light_sensors__struct.hpp
-- Symlinking: /home/suv-user/foxy/colcon_ws/src/install/raspimouse_msgs/include/raspimouse_msgs/msg/detail/light_sensors__traits.hpp
-- Symlinking: /home/suv-user/foxy/colcon_ws/src/install/raspimouse_msgs/include/raspimouse_msgs/msg/detail/switches__builder.hpp
-- Symlinking: /home/suv-user/foxy/colcon_ws/src/install/raspimouse_msgs/include/raspimouse_msgs/msg/detail/switches__struct.hpp
-- Symlinking: /home/suv-user/foxy/colcon_ws/src/install/raspimouse_msgs/include/raspimouse_msgs/msg/detail/switches__traits.hpp
-- Symlinking: /home/suv-user/foxy/colcon_ws/src/install/raspimouse_msgs/include/raspimouse_msgs/msg/leds.hpp
-- Symlinking: /home/suv-user/foxy/colcon_ws/src/install/raspimouse_msgs/include/raspimouse_msgs/msg/light_sensors.hpp
-- Symlinking: /home/suv-user/foxy/colcon_ws/src/install/raspimouse_msgs/include/raspimouse_msgs/msg/switches.hpp
-- Symlinking: /home/suv-user/foxy/colcon_ws/src/install/raspimouse_msgs/include/raspimouse_msgs/msg/detail/leds__rosidl_typesupport_introspection_cpp.hpp
-- Symlinking: /home/suv-user/foxy/colcon_ws/src/install/raspimouse_msgs/include/raspimouse_msgs/msg/detail/light_sensors__rosidl_typesupport_introspection_cpp.hpp
-- Symlinking: /home/suv-user/foxy/colcon_ws/src/install/raspimouse_msgs/include/raspimouse_msgs/msg/detail/switches__rosidl_typesupport_introspection_cpp.hpp
-- Symlinking: /home/suv-user/foxy/colcon_ws/src/install/raspimouse_msgs/share/raspimouse_msgs/environment/pythonpath.sh
-- Symlinking: /home/suv-user/foxy/colcon_ws/src/install/raspimouse_msgs/share/raspimouse_msgs/environment/pythonpath.dsv
-- Symlinking: /home/suv-user/foxy/colcon_ws/src/install/raspimouse_msgs/lib/python3.8/site-packages/raspimouse_msgs/__init__.py
-- Symlinking: /home/suv-user/foxy/colcon_ws/src/install/raspimouse_msgs/lib/python3.8/site-packages/raspimouse_msgs/msg/__init__.py
-- Symlinking: /home/suv-user/foxy/colcon_ws/src/install/raspimouse_msgs/lib/python3.8/site-packages/raspimouse_msgs/msg/_leds.py
-- Symlinking: /home/suv-user/foxy/colcon_ws/src/install/raspimouse_msgs/lib/python3.8/site-packages/raspimouse_msgs/msg/_light_sensors.py
-- Symlinking: /home/suv-user/foxy/colcon_ws/src/install/raspimouse_msgs/lib/python3.8/site-packages/raspimouse_msgs/msg/_switches.py
-- Symlinking: /home/suv-user/foxy/colcon_ws/src/install/raspimouse_msgs/lib/python3.8/site-packages/raspimouse_msgs/raspimouse_msgs_s__rosidl_typesupport_fastrtps_c.cpython-38-aarch64-linux-gnu.so
-- Symlinking: /home/suv-user/foxy/colcon_ws/src/install/raspimouse_msgs/lib/python3.8/site-packages/raspimouse_msgs/raspimouse_msgs_s__rosidl_typesupport_introspection_c.cpython-38-aarch64-linux-gnu.so
-- Symlinking: /home/suv-user/foxy/colcon_ws/src/install/raspimouse_msgs/lib/python3.8/site-packages/raspimouse_msgs/raspimouse_msgs_s__rosidl_typesupport_c.cpython-38-aarch64-linux-gnu.so
-- Symlinking: /home/suv-user/foxy/colcon_ws/src/install/raspimouse_msgs/lib/libraspimouse_msgs__python.so
-- Symlinking: /home/suv-user/foxy/colcon_ws/src/install/raspimouse_msgs/share/raspimouse_msgs/msg/Leds.idl
-- Symlinking: /home/suv-user/foxy/colcon_ws/src/install/raspimouse_msgs/share/raspimouse_msgs/msg/Switches.idl
-- Symlinking: /home/suv-user/foxy/colcon_ws/src/install/raspimouse_msgs/share/raspimouse_msgs/msg/LightSensors.idl
-- Symlinking: /home/suv-user/foxy/colcon_ws/src/install/raspimouse_msgs/share/raspimouse_msgs/msg/Leds.msg
-- Symlinking: /home/suv-user/foxy/colcon_ws/src/install/raspimouse_msgs/share/raspimouse_msgs/msg/Switches.msg
-- Symlinking: /home/suv-user/foxy/colcon_ws/src/install/raspimouse_msgs/share/raspimouse_msgs/msg/LightSensors.msg
-- Symlinking: /home/suv-user/foxy/colcon_ws/src/install/raspimouse_msgs/share/ament_index/resource_index/package_run_dependencies/raspimouse_msgs
-- Symlinking: /home/suv-user/foxy/colcon_ws/src/install/raspimouse_msgs/share/ament_index/resource_index/parent_prefix_path/raspimouse_msgs
-- Symlinking: /home/suv-user/foxy/colcon_ws/src/install/raspimouse_msgs/share/raspimouse_msgs/environment/ament_prefix_path.sh
-- Symlinking: /home/suv-user/foxy/colcon_ws/src/install/raspimouse_msgs/share/raspimouse_msgs/environment/ament_prefix_path.dsv
-- Symlinking: /home/suv-user/foxy/colcon_ws/src/install/raspimouse_msgs/share/raspimouse_msgs/environment/path.sh
-- Symlinking: /home/suv-user/foxy/colcon_ws/src/install/raspimouse_msgs/share/raspimouse_msgs/environment/path.dsv
-- Symlinking: /home/suv-user/foxy/colcon_ws/src/install/raspimouse_msgs/share/raspimouse_msgs/local_setup.bash
-- Symlinking: /home/suv-user/foxy/colcon_ws/src/install/raspimouse_msgs/share/raspimouse_msgs/local_setup.sh
-- Symlinking: /home/suv-user/foxy/colcon_ws/src/install/raspimouse_msgs/share/raspimouse_msgs/local_setup.zsh
-- Symlinking: /home/suv-user/foxy/colcon_ws/src/install/raspimouse_msgs/share/raspimouse_msgs/local_setup.dsv
-- Symlinking: /home/suv-user/foxy/colcon_ws/src/install/raspimouse_msgs/share/raspimouse_msgs/package.dsv
-- Symlinking: /home/suv-user/foxy/colcon_ws/src/install/raspimouse_msgs/share/ament_index/resource_index/packages/raspimouse_msgs
-- Symlinking: /home/suv-user/foxy/colcon_ws/src/install/raspimouse_msgs/share/raspimouse_msgs/cmake/rosidl_cmake-extras.cmake
-- Symlinking: /home/suv-user/foxy/colcon_ws/src/install/raspimouse_msgs/share/raspimouse_msgs/cmake/ament_cmake_export_dependencies-extras.cmake
-- Symlinking: /home/suv-user/foxy/colcon_ws/src/install/raspimouse_msgs/share/raspimouse_msgs/cmake/ament_cmake_export_libraries-extras.cmake
-- Symlinking: /home/suv-user/foxy/colcon_ws/src/install/raspimouse_msgs/share/raspimouse_msgs/cmake/ament_cmake_export_targets-extras.cmake
-- Symlinking: /home/suv-user/foxy/colcon_ws/src/install/raspimouse_msgs/share/raspimouse_msgs/cmake/ament_cmake_export_include_directories-extras.cmake
-- Symlinking: /home/suv-user/foxy/colcon_ws/src/install/raspimouse_msgs/share/raspimouse_msgs/cmake/rosidl_cmake_export_typesupport_libraries-extras.cmake
-- Symlinking: /home/suv-user/foxy/colcon_ws/src/install/raspimouse_msgs/share/raspimouse_msgs/cmake/rosidl_cmake_export_typesupport_targets-extras.cmake
-- Symlinking: /home/suv-user/foxy/colcon_ws/src/install/raspimouse_msgs/share/raspimouse_msgs/cmake/raspimouse_msgsConfig.cmake
-- Symlinking: /home/suv-user/foxy/colcon_ws/src/install/raspimouse_msgs/share/raspimouse_msgs/cmake/raspimouse_msgsConfig-version.cmake
-- Symlinking: /home/suv-user/foxy/colcon_ws/src/install/raspimouse_msgs/share/raspimouse_msgs/package.xml
-- Installing: /home/suv-user/foxy/colcon_ws/src/install/raspimouse_msgs/lib/libraspimouse_msgs__rosidl_generator_c.so
-- Set runtime path of "/home/suv-user/foxy/colcon_ws/src/install/raspimouse_msgs/lib/libraspimouse_msgs__rosidl_generator_c.so" to ""
-- Installing: /home/suv-user/foxy/colcon_ws/src/install/raspimouse_msgs/lib/libraspimouse_msgs__rosidl_typesupport_introspection_c.so
-- Set runtime path of "/home/suv-user/foxy/colcon_ws/src/install/raspimouse_msgs/lib/libraspimouse_msgs__rosidl_typesupport_introspection_c.so" to ""
-- Installing: /home/suv-user/foxy/colcon_ws/src/install/raspimouse_msgs/lib/libraspimouse_msgs__rosidl_typesupport_c.so
-- Set runtime path of "/home/suv-user/foxy/colcon_ws/src/install/raspimouse_msgs/lib/libraspimouse_msgs__rosidl_typesupport_c.so" to ""
-- Installing: /home/suv-user/foxy/colcon_ws/src/install/raspimouse_msgs/lib/libraspimouse_msgs__rosidl_typesupport_introspection_cpp.so
-- Set runtime path of "/home/suv-user/foxy/colcon_ws/src/install/raspimouse_msgs/lib/libraspimouse_msgs__rosidl_typesupport_introspection_cpp.so" to ""
-- Installing: /home/suv-user/foxy/colcon_ws/src/install/raspimouse_msgs/lib/libraspimouse_msgs__rosidl_typesupport_cpp.so
-- Set runtime path of "/home/suv-user/foxy/colcon_ws/src/install/raspimouse_msgs/lib/libraspimouse_msgs__rosidl_typesupport_cpp.so" to ""
Compiling '/home/suv-user/foxy/colcon_ws/src/install/raspimouse_msgs/lib/python3.8/site-packages/raspimouse_msgs/__init__.py'...
-- Installing: /home/suv-user/foxy/colcon_ws/src/install/raspimouse_msgs/share/raspimouse_msgs/cmake/raspimouse_msgs__rosidl_generator_cExport.cmake
-- Installing: /home/suv-user/foxy/colcon_ws/src/install/raspimouse_msgs/share/raspimouse_msgs/cmake/raspimouse_msgs__rosidl_generator_cExport-noconfig.cmake
-- Installing: /home/suv-user/foxy/colcon_ws/src/install/raspimouse_msgs/share/raspimouse_msgs/cmake/raspimouse_msgs__rosidl_typesupport_introspection_cExport.cmake
-- Installing: /home/suv-user/foxy/colcon_ws/src/install/raspimouse_msgs/share/raspimouse_msgs/cmake/raspimouse_msgs__rosidl_typesupport_introspection_cExport-noconfig.cmake
-- Installing: /home/suv-user/foxy/colcon_ws/src/install/raspimouse_msgs/share/raspimouse_msgs/cmake/raspimouse_msgs__rosidl_typesupport_cExport.cmake
-- Installing: /home/suv-user/foxy/colcon_ws/src/install/raspimouse_msgs/share/raspimouse_msgs/cmake/raspimouse_msgs__rosidl_typesupport_cExport-noconfig.cmake
-- Installing: /home/suv-user/foxy/colcon_ws/src/install/raspimouse_msgs/share/raspimouse_msgs/cmake/raspimouse_msgs__rosidl_generator_cppExport.cmake
-- Installing: /home/suv-user/foxy/colcon_ws/src/install/raspimouse_msgs/share/raspimouse_msgs/cmake/raspimouse_msgs__rosidl_typesupport_introspection_cppExport.cmake
-- Installing: /home/suv-user/foxy/colcon_ws/src/install/raspimouse_msgs/share/raspimouse_msgs/cmake/raspimouse_msgs__rosidl_typesupport_introspection_cppExport-noconfig.cmake
-- Installing: /home/suv-user/foxy/colcon_ws/src/install/raspimouse_msgs/share/raspimouse_msgs/cmake/raspimouse_msgs__rosidl_typesupport_cppExport.cmake
-- Installing: /home/suv-user/foxy/colcon_ws/src/install/raspimouse_msgs/share/raspimouse_msgs/cmake/raspimouse_msgs__rosidl_typesupport_cppExport-noconfig.cmake
