[0.196s] Invoking command in '/home/suv-user/foxy/colcon_ws/src/build/raspimouse_msgs': CMAKE_PREFIX_PATH=${CMAKE_PREFIX_PATH}:/home/suv-user/foxy/colcon_ws/install/turtlebot3_teleop:/home/suv-user/foxy/colcon_ws/install/turtlebot3_example:/home/suv-user/foxy/colcon_ws/install/odom_simulator:/home/suv-user/foxy/colcon_ws/install/motors_control:/home/suv-user/foxy/colcon_ws/install/motor_control2:/home/suv-user/suv-docker/rocker_test/docker-ros2/foxy/colcon_ws/install/turtlebot3_teleop:/home/suv-user/suv-docker/rocker_test/docker-ros2/foxy/colcon_ws/install/turtlebot3_example:/opt/ros/foxy /usr/bin/cmake /home/suv-user/foxy/colcon_ws/src/raspimouse2/raspimouse_msgs -DAMENT_CMAKE_SYMLINK_INSTALL=1 -DCMAKE_INSTALL_PREFIX=/home/suv-user/foxy/colcon_ws/src/install/raspimouse_msgs
[1.446s] -- The C compiler identification is GNU 9.3.0
[2.332s] -- The CXX compiler identification is GNU 9.3.0
[2.436s] -- Check for working C compiler: /usr/bin/cc
[3.425s] -- Check for working C compiler: /usr/bin/cc -- works
[3.429s] -- Detecting C compiler ABI info
[4.238s] -- Detecting C compiler ABI info - done
[4.334s] -- Detecting C compile features
[4.337s] -- Detecting C compile features - done
[4.373s] -- Check for working CXX compiler: /usr/bin/c++
[5.220s] -- Check for working CXX compiler: /usr/bin/c++ -- works
[5.223s] -- Detecting CXX compiler ABI info
[5.936s] -- Detecting CXX compiler ABI info - done
[6.063s] -- Detecting CXX compile features
[6.066s] -- Detecting CXX compile features - done
[6.153s] -- Found ament_cmake: 0.9.9 (/opt/ros/foxy/share/ament_cmake/cmake)
[6.743s] -- Found PythonInterp: /usr/bin/python3 (found suitable version "3.8.10", minimum required is "3") 
[6.744s] -- Using PYTHON_EXECUTABLE: /usr/bin/python3
[8.993s] -- Override CMake install command with custom implementation using symlinks instead of copying resources
[9.665s] -- Found rosidl_default_generators: 1.0.1 (/opt/ros/foxy/share/rosidl_default_generators/cmake)
[9.787s] -- Using all available rosidl_typesupport_c: rosidl_typesupport_fastrtps_c;rosidl_typesupport_introspection_c
[9.946s] -- Found rosidl_adapter: 1.2.1 (/opt/ros/foxy/share/rosidl_adapter/cmake)
[11.609s] -- Found OpenSSL: /usr/lib/aarch64-linux-gnu/libcrypto.so (found version "1.1.1f")  
[12.255s] -- Found FastRTPS: /opt/ros/foxy/include  
[13.583s] -- Using all available rosidl_typesupport_cpp: rosidl_typesupport_fastrtps_cpp;rosidl_typesupport_introspection_cpp
[14.428s] -- Found PythonInterp: /usr/bin/python3 (found version "3.8.10") 
[16.629s] -- Found ament_cmake_ros: 0.9.2 (/opt/ros/foxy/share/ament_cmake_ros/cmake)
[18.718s] -- Using all available rosidl_typesupport_c: rosidl_typesupport_fastrtps_c;rosidl_typesupport_introspection_c
[18.876s] -- Using all available rosidl_typesupport_cpp: rosidl_typesupport_fastrtps_cpp;rosidl_typesupport_introspection_cpp
[19.452s] -- Found PythonInterp: /usr/bin/python3 (found suitable version "3.8.10", minimum required is "3.5") 
[19.531s] -- Found python_cmake_module: 0.8.1 (/opt/ros/foxy/share/python_cmake_module/cmake)
[20.242s] -- Found PythonLibs: /usr/lib/aarch64-linux-gnu/libpython3.8.so (found suitable version "3.8.10", minimum required is "3.5") 
[20.243s] -- Using PYTHON_EXECUTABLE: /usr/bin/python3
[20.245s] -- Using PYTHON_INCLUDE_DIRS: /usr/include/python3.8
[20.246s] -- Using PYTHON_LIBRARIES: /usr/lib/aarch64-linux-gnu/libpython3.8.so
[21.006s] -- Found PythonExtra: .so  
[22.214s] -- Found ament_lint_auto: 0.9.6 (/opt/ros/foxy/share/ament_lint_auto/cmake)
[22.914s] -- Added test 'copyright' to check source files copyright and LICENSE
[22.953s] -- Added test 'lint_cmake' to check CMake code style
[22.993s] -- Added test 'xmllint' to check XML markup files
[23.073s] -- Configuring done
[23.273s] -- Generating done
[23.290s] -- Build files have been written to: /home/suv-user/foxy/colcon_ws/src/build/raspimouse_msgs
[23.323s] Invoked command in '/home/suv-user/foxy/colcon_ws/src/build/raspimouse_msgs' returned '0': CMAKE_PREFIX_PATH=${CMAKE_PREFIX_PATH}:/home/suv-user/foxy/colcon_ws/install/turtlebot3_teleop:/home/suv-user/foxy/colcon_ws/install/turtlebot3_example:/home/suv-user/foxy/colcon_ws/install/odom_simulator:/home/suv-user/foxy/colcon_ws/install/motors_control:/home/suv-user/foxy/colcon_ws/install/motor_control2:/home/suv-user/suv-docker/rocker_test/docker-ros2/foxy/colcon_ws/install/turtlebot3_teleop:/home/suv-user/suv-docker/rocker_test/docker-ros2/foxy/colcon_ws/install/turtlebot3_example:/opt/ros/foxy /usr/bin/cmake /home/suv-user/foxy/colcon_ws/src/raspimouse2/raspimouse_msgs -DAMENT_CMAKE_SYMLINK_INSTALL=1 -DCMAKE_INSTALL_PREFIX=/home/suv-user/foxy/colcon_ws/src/install/raspimouse_msgs
[23.327s] Invoking command in '/home/suv-user/foxy/colcon_ws/src/build/raspimouse_msgs': CMAKE_PREFIX_PATH=${CMAKE_PREFIX_PATH}:/home/suv-user/foxy/colcon_ws/install/turtlebot3_teleop:/home/suv-user/foxy/colcon_ws/install/turtlebot3_example:/home/suv-user/foxy/colcon_ws/install/odom_simulator:/home/suv-user/foxy/colcon_ws/install/motors_control:/home/suv-user/foxy/colcon_ws/install/motor_control2:/home/suv-user/suv-docker/rocker_test/docker-ros2/foxy/colcon_ws/install/turtlebot3_teleop:/home/suv-user/suv-docker/rocker_test/docker-ros2/foxy/colcon_ws/install/turtlebot3_example:/opt/ros/foxy /usr/bin/cmake --build /home/suv-user/foxy/colcon_ws/src/build/raspimouse_msgs -- -j4 -l4
[23.986s] [35m[1mScanning dependencies of target raspimouse_msgs__cpp[0m
[24.126s] [  2%] [34m[1mGenerating C++ code for ROS interfaces[0m
[29.392s] [  2%] Built target raspimouse_msgs__cpp
[29.553s] [  4%] [34m[1mGenerating C code for ROS interfaces[0m
[35.148s] [35m[1mScanning dependencies of target raspimouse_msgs__rosidl_generator_c[0m
[35.368s] [  6%] [32mBuilding C object CMakeFiles/raspimouse_msgs__rosidl_generator_c.dir/rosidl_generator_c/raspimouse_msgs/msg/detail/leds__functions.c.o[0m
[36.033s] [  8%] [32mBuilding C object CMakeFiles/raspimouse_msgs__rosidl_generator_c.dir/rosidl_generator_c/raspimouse_msgs/msg/detail/switches__functions.c.o[0m
[36.473s] [ 10%] [32mBuilding C object CMakeFiles/raspimouse_msgs__rosidl_generator_c.dir/rosidl_generator_c/raspimouse_msgs/msg/detail/light_sensors__functions.c.o[0m
[36.973s] [ 12%] [32m[1mLinking C shared library libraspimouse_msgs__rosidl_generator_c.so[0m
[37.402s] [ 12%] Built target raspimouse_msgs__rosidl_generator_c
[37.626s] [ 14%] [34m[1mGenerating C++ introspection for ROS interfaces[0m
[41.154s] [35m[1mScanning dependencies of target raspimouse_msgs__rosidl_typesupport_introspection_cpp[0m
[41.318s] [ 17%] [32mBuilding CXX object CMakeFiles/raspimouse_msgs__rosidl_typesupport_introspection_cpp.dir/rosidl_typesupport_introspection_cpp/raspimouse_msgs/msg/detail/leds__type_support.cpp.o[0m
[44.267s] [ 19%] [32mBuilding CXX object CMakeFiles/raspimouse_msgs__rosidl_typesupport_introspection_cpp.dir/rosidl_typesupport_introspection_cpp/raspimouse_msgs/msg/detail/switches__type_support.cpp.o[0m
[47.740s] [ 21%] [32mBuilding CXX object CMakeFiles/raspimouse_msgs__rosidl_typesupport_introspection_cpp.dir/rosidl_typesupport_introspection_cpp/raspimouse_msgs/msg/detail/light_sensors__type_support.cpp.o[0m
[50.568s] [ 23%] [32m[1mLinking CXX shared library libraspimouse_msgs__rosidl_typesupport_introspection_cpp.so[0m
[51.160s] [ 23%] Built target raspimouse_msgs__rosidl_typesupport_introspection_cpp
[51.266s] [ 25%] [34m[1mGenerating C introspection for ROS interfaces[0m
[55.662s] [35m[1mScanning dependencies of target raspimouse_msgs__rosidl_typesupport_introspection_c[0m
[55.830s] [ 27%] [32mBuilding C object CMakeFiles/raspimouse_msgs__rosidl_typesupport_introspection_c.dir/rosidl_typesupport_introspection_c/raspimouse_msgs/msg/detail/leds__type_support.c.o[0m
[56.201s] [ 29%] [32mBuilding C object CMakeFiles/raspimouse_msgs__rosidl_typesupport_introspection_c.dir/rosidl_typesupport_introspection_c/raspimouse_msgs/msg/detail/switches__type_support.c.o[0m
[56.684s] [ 31%] [32mBuilding C object CMakeFiles/raspimouse_msgs__rosidl_typesupport_introspection_c.dir/rosidl_typesupport_introspection_c/raspimouse_msgs/msg/detail/light_sensors__type_support.c.o[0m
[57.295s] [ 34%] [32m[1mLinking C shared library libraspimouse_msgs__rosidl_typesupport_introspection_c.so[0m
[57.725s] [ 34%] Built target raspimouse_msgs__rosidl_typesupport_introspection_c
[57.893s] [ 36%] [34m[1mGenerating C type support dispatch for ROS interfaces[0m
[61.148s] [35m[1mScanning dependencies of target raspimouse_msgs__rosidl_typesupport_c[0m
[61.358s] [ 38%] [32mBuilding CXX object CMakeFiles/raspimouse_msgs__rosidl_typesupport_c.dir/rosidl_typesupport_c/raspimouse_msgs/msg/leds__type_support.cpp.o[0m
[61.852s] [ 40%] [32mBuilding CXX object CMakeFiles/raspimouse_msgs__rosidl_typesupport_c.dir/rosidl_typesupport_c/raspimouse_msgs/msg/switches__type_support.cpp.o[0m
[62.309s] [ 42%] [32mBuilding CXX object CMakeFiles/raspimouse_msgs__rosidl_typesupport_c.dir/rosidl_typesupport_c/raspimouse_msgs/msg/light_sensors__type_support.cpp.o[0m
[62.637s] [ 44%] [32m[1mLinking CXX shared library libraspimouse_msgs__rosidl_typesupport_c.so[0m
[63.396s] [ 44%] Built target raspimouse_msgs__rosidl_typesupport_c
[63.608s] [ 46%] [34m[1mGenerating C++ type support for eProsima Fast-RTPS[0m
[67.761s] [35m[1mScanning dependencies of target raspimouse_msgs__rosidl_typesupport_fastrtps_cpp[0m
[68.145s] [ 48%] [32mBuilding CXX object CMakeFiles/raspimouse_msgs__rosidl_typesupport_fastrtps_cpp.dir/rosidl_typesupport_fastrtps_cpp/raspimouse_msgs/msg/detail/dds_fastrtps/leds__type_support.cpp.o[0m
[72.710s] [ 51%] [32mBuilding CXX object CMakeFiles/raspimouse_msgs__rosidl_typesupport_fastrtps_cpp.dir/rosidl_typesupport_fastrtps_cpp/raspimouse_msgs/msg/detail/dds_fastrtps/light_sensors__type_support.cpp.o[0m
[77.528s] [ 53%] [32mBuilding CXX object CMakeFiles/raspimouse_msgs__rosidl_typesupport_fastrtps_cpp.dir/rosidl_typesupport_fastrtps_cpp/raspimouse_msgs/msg/detail/dds_fastrtps/switches__type_support.cpp.o[0m
[81.126s] [ 55%] [32m[1mLinking CXX shared library libraspimouse_msgs__rosidl_typesupport_fastrtps_cpp.so[0m
[81.939s] [ 55%] Built target raspimouse_msgs__rosidl_typesupport_fastrtps_cpp
[82.082s] [ 57%] [34m[1mGenerating C++ type support dispatch for ROS interfaces[0m
[85.668s] [35m[1mScanning dependencies of target raspimouse_msgs__rosidl_typesupport_cpp[0m
[85.884s] [ 59%] [32mBuilding CXX object CMakeFiles/raspimouse_msgs__rosidl_typesupport_cpp.dir/rosidl_typesupport_cpp/raspimouse_msgs/msg/leds__type_support.cpp.o[0m
[89.413s] [ 61%] [32mBuilding CXX object CMakeFiles/raspimouse_msgs__rosidl_typesupport_cpp.dir/rosidl_typesupport_cpp/raspimouse_msgs/msg/light_sensors__type_support.cpp.o[0m
[92.268s] [ 63%] [32mBuilding CXX object CMakeFiles/raspimouse_msgs__rosidl_typesupport_cpp.dir/rosidl_typesupport_cpp/raspimouse_msgs/msg/switches__type_support.cpp.o[0m
[94.756s] [ 65%] [32m[1mLinking CXX shared library libraspimouse_msgs__rosidl_typesupport_cpp.so[0m
[95.298s] [ 65%] Built target raspimouse_msgs__rosidl_typesupport_cpp
[95.413s] [ 68%] [34m[1mGenerating C type support for eProsima Fast-RTPS[0m
[99.595s] [35m[1mScanning dependencies of target raspimouse_msgs__rosidl_typesupport_fastrtps_c[0m
[99.857s] [ 70%] [32mBuilding CXX object CMakeFiles/raspimouse_msgs__rosidl_typesupport_fastrtps_c.dir/rosidl_typesupport_fastrtps_c/raspimouse_msgs/msg/detail/leds__type_support_c.cpp.o[0m
[103.638s] [ 72%] [32mBuilding CXX object CMakeFiles/raspimouse_msgs__rosidl_typesupport_fastrtps_c.dir/rosidl_typesupport_fastrtps_c/raspimouse_msgs/msg/detail/light_sensors__type_support_c.cpp.o[0m
[107.075s] [ 74%] [32mBuilding CXX object CMakeFiles/raspimouse_msgs__rosidl_typesupport_fastrtps_c.dir/rosidl_typesupport_fastrtps_c/raspimouse_msgs/msg/detail/switches__type_support_c.cpp.o[0m
[110.462s] [ 76%] [32m[1mLinking CXX shared library libraspimouse_msgs__rosidl_typesupport_fastrtps_c.so[0m
[111.358s] [ 76%] Built target raspimouse_msgs__rosidl_typesupport_fastrtps_c
[111.454s] [35m[1mScanning dependencies of target raspimouse_msgs[0m
[111.524s] [ 76%] Built target raspimouse_msgs
[111.637s] [35m[1mScanning dependencies of target raspimouse_msgs__py[0m
[111.838s] [ 78%] [34m[1mGenerating Python code for ROS interfaces[0m
[118.552s] [ 78%] Built target raspimouse_msgs__py
[118.706s] [35m[1mScanning dependencies of target raspimouse_msgs__python[0m
[118.983s] [ 80%] [32mBuilding C object CMakeFiles/raspimouse_msgs__python.dir/rosidl_generator_py/raspimouse_msgs/msg/_leds_s.c.o[0m
[119.828s] [ 82%] [32mBuilding C object CMakeFiles/raspimouse_msgs__python.dir/rosidl_generator_py/raspimouse_msgs/msg/_light_sensors_s.c.o[0m
[120.848s] [ 85%] [32mBuilding C object CMakeFiles/raspimouse_msgs__python.dir/rosidl_generator_py/raspimouse_msgs/msg/_switches_s.c.o[0m
[121.906s] [ 87%] [32m[1mLinking C shared library rosidl_generator_py/raspimouse_msgs/libraspimouse_msgs__python.so[0m
[122.316s] [ 87%] Built target raspimouse_msgs__python
[122.580s] [35m[1mScanning dependencies of target raspimouse_msgs__rosidl_typesupport_introspection_c__pyext[0m
[122.830s] [ 89%] [32mBuilding C object CMakeFiles/raspimouse_msgs__rosidl_typesupport_introspection_c__pyext.dir/rosidl_generator_py/raspimouse_msgs/_raspimouse_msgs_s.ep.rosidl_typesupport_introspection_c.c.o[0m
[123.850s] [ 91%] [32m[1mLinking C shared library rosidl_generator_py/raspimouse_msgs/raspimouse_msgs_s__rosidl_typesupport_introspection_c.cpython-38-aarch64-linux-gnu.so[0m
[124.316s] [ 91%] Built target raspimouse_msgs__rosidl_typesupport_introspection_c__pyext
[124.491s] [35m[1mScanning dependencies of target raspimouse_msgs__rosidl_typesupport_fastrtps_c__pyext[0m
[124.772s] [ 93%] [32mBuilding C object CMakeFiles/raspimouse_msgs__rosidl_typesupport_fastrtps_c__pyext.dir/rosidl_generator_py/raspimouse_msgs/_raspimouse_msgs_s.ep.rosidl_typesupport_fastrtps_c.c.o[0m
[125.828s] [ 95%] [32m[1mLinking CXX shared library rosidl_generator_py/raspimouse_msgs/raspimouse_msgs_s__rosidl_typesupport_fastrtps_c.cpython-38-aarch64-linux-gnu.so[0m
[126.516s] [ 95%] Built target raspimouse_msgs__rosidl_typesupport_fastrtps_c__pyext
[126.698s] [35m[1mScanning dependencies of target raspimouse_msgs__rosidl_typesupport_c__pyext[0m
[126.948s] [ 97%] [32mBuilding C object CMakeFiles/raspimouse_msgs__rosidl_typesupport_c__pyext.dir/rosidl_generator_py/raspimouse_msgs/_raspimouse_msgs_s.ep.rosidl_typesupport_c.c.o[0m
[127.853s] [100%] [32m[1mLinking C shared library rosidl_generator_py/raspimouse_msgs/raspimouse_msgs_s__rosidl_typesupport_c.cpython-38-aarch64-linux-gnu.so[0m
[128.343s] [100%] Built target raspimouse_msgs__rosidl_typesupport_c__pyext
[128.557s] Invoked command in '/home/suv-user/foxy/colcon_ws/src/build/raspimouse_msgs' returned '0': CMAKE_PREFIX_PATH=${CMAKE_PREFIX_PATH}:/home/suv-user/foxy/colcon_ws/install/turtlebot3_teleop:/home/suv-user/foxy/colcon_ws/install/turtlebot3_example:/home/suv-user/foxy/colcon_ws/install/odom_simulator:/home/suv-user/foxy/colcon_ws/install/motors_control:/home/suv-user/foxy/colcon_ws/install/motor_control2:/home/suv-user/suv-docker/rocker_test/docker-ros2/foxy/colcon_ws/install/turtlebot3_teleop:/home/suv-user/suv-docker/rocker_test/docker-ros2/foxy/colcon_ws/install/turtlebot3_example:/opt/ros/foxy /usr/bin/cmake --build /home/suv-user/foxy/colcon_ws/src/build/raspimouse_msgs -- -j4 -l4
[130.964s] Invoking command in '/home/suv-user/foxy/colcon_ws/src/build/raspimouse_msgs': CMAKE_PREFIX_PATH=${CMAKE_PREFIX_PATH}:/home/suv-user/foxy/colcon_ws/install/turtlebot3_teleop:/home/suv-user/foxy/colcon_ws/install/turtlebot3_example:/home/suv-user/foxy/colcon_ws/install/odom_simulator:/home/suv-user/foxy/colcon_ws/install/motors_control:/home/suv-user/foxy/colcon_ws/install/motor_control2:/home/suv-user/suv-docker/rocker_test/docker-ros2/foxy/colcon_ws/install/turtlebot3_teleop:/home/suv-user/suv-docker/rocker_test/docker-ros2/foxy/colcon_ws/install/turtlebot3_example:/opt/ros/foxy /usr/bin/cmake --install /home/suv-user/foxy/colcon_ws/src/build/raspimouse_msgs
[131.149s] -- Install configuration: ""
[131.154s] -- Execute custom install script
[131.162s] -- Symlinking: /home/suv-user/foxy/colcon_ws/src/install/raspimouse_msgs/share/ament_index/resource_index/rosidl_interfaces/raspimouse_msgs
[131.327s] -- Symlinking: /home/suv-user/foxy/colcon_ws/src/install/raspimouse_msgs/include/raspimouse_msgs/msg/detail/leds__functions.h
[131.398s] -- Symlinking: /home/suv-user/foxy/colcon_ws/src/install/raspimouse_msgs/include/raspimouse_msgs/msg/detail/leds__struct.h
[131.520s] -- Symlinking: /home/suv-user/foxy/colcon_ws/src/install/raspimouse_msgs/include/raspimouse_msgs/msg/detail/leds__type_support.h
[131.596s] -- Symlinking: /home/suv-user/foxy/colcon_ws/src/install/raspimouse_msgs/include/raspimouse_msgs/msg/detail/light_sensors__functions.h
[131.727s] -- Symlinking: /home/suv-user/foxy/colcon_ws/src/install/raspimouse_msgs/include/raspimouse_msgs/msg/detail/light_sensors__struct.h
[131.807s] -- Symlinking: /home/suv-user/foxy/colcon_ws/src/install/raspimouse_msgs/include/raspimouse_msgs/msg/detail/light_sensors__type_support.h
[131.897s] -- Symlinking: /home/suv-user/foxy/colcon_ws/src/install/raspimouse_msgs/include/raspimouse_msgs/msg/detail/switches__functions.h
[132.054s] -- Symlinking: /home/suv-user/foxy/colcon_ws/src/install/raspimouse_msgs/include/raspimouse_msgs/msg/detail/switches__struct.h
[132.187s] -- Symlinking: /home/suv-user/foxy/colcon_ws/src/install/raspimouse_msgs/include/raspimouse_msgs/msg/detail/switches__type_support.h
[132.299s] -- Symlinking: /home/suv-user/foxy/colcon_ws/src/install/raspimouse_msgs/include/raspimouse_msgs/msg/leds.h
[132.437s] -- Symlinking: /home/suv-user/foxy/colcon_ws/src/install/raspimouse_msgs/include/raspimouse_msgs/msg/light_sensors.h
[132.552s] -- Symlinking: /home/suv-user/foxy/colcon_ws/src/install/raspimouse_msgs/include/raspimouse_msgs/msg/rosidl_generator_c__visibility_control.h
[132.668s] -- Symlinking: /home/suv-user/foxy/colcon_ws/src/install/raspimouse_msgs/include/raspimouse_msgs/msg/switches.h
[132.782s] -- Symlinking: /home/suv-user/foxy/colcon_ws/src/install/raspimouse_msgs/share/raspimouse_msgs/environment/library_path.sh
[132.956s] -- Symlinking: /home/suv-user/foxy/colcon_ws/src/install/raspimouse_msgs/share/raspimouse_msgs/environment/library_path.dsv
[133.059s] -- Symlinking: /home/suv-user/foxy/colcon_ws/src/install/raspimouse_msgs/include/raspimouse_msgs/msg/detail/leds__rosidl_typesupport_fastrtps_c.h
[133.165s] -- Symlinking: /home/suv-user/foxy/colcon_ws/src/install/raspimouse_msgs/include/raspimouse_msgs/msg/detail/light_sensors__rosidl_typesupport_fastrtps_c.h
[133.265s] -- Symlinking: /home/suv-user/foxy/colcon_ws/src/install/raspimouse_msgs/include/raspimouse_msgs/msg/detail/switches__rosidl_typesupport_fastrtps_c.h
[133.386s] -- Symlinking: /home/suv-user/foxy/colcon_ws/src/install/raspimouse_msgs/include/raspimouse_msgs/msg/rosidl_typesupport_fastrtps_c__visibility_control.h
[133.504s] -- Symlinking: /home/suv-user/foxy/colcon_ws/src/install/raspimouse_msgs/lib/libraspimouse_msgs__rosidl_typesupport_fastrtps_c.so
[133.630s] -- Symlinking: /home/suv-user/foxy/colcon_ws/src/install/raspimouse_msgs/include/raspimouse_msgs/msg/detail/leds__rosidl_typesupport_fastrtps_cpp.hpp
[133.762s] -- Symlinking: /home/suv-user/foxy/colcon_ws/src/install/raspimouse_msgs/include/raspimouse_msgs/msg/detail/light_sensors__rosidl_typesupport_fastrtps_cpp.hpp
[133.845s] -- Symlinking: /home/suv-user/foxy/colcon_ws/src/install/raspimouse_msgs/include/raspimouse_msgs/msg/detail/switches__rosidl_typesupport_fastrtps_cpp.hpp
[133.981s] -- Symlinking: /home/suv-user/foxy/colcon_ws/src/install/raspimouse_msgs/include/raspimouse_msgs/msg/rosidl_typesupport_fastrtps_cpp__visibility_control.h
[134.145s] -- Symlinking: /home/suv-user/foxy/colcon_ws/src/install/raspimouse_msgs/lib/libraspimouse_msgs__rosidl_typesupport_fastrtps_cpp.so
[134.270s] -- Symlinking: /home/suv-user/foxy/colcon_ws/src/install/raspimouse_msgs/include/raspimouse_msgs/msg/detail/leds__rosidl_typesupport_introspection_c.h
[134.417s] -- Symlinking: /home/suv-user/foxy/colcon_ws/src/install/raspimouse_msgs/include/raspimouse_msgs/msg/detail/light_sensors__rosidl_typesupport_introspection_c.h
[134.528s] -- Symlinking: /home/suv-user/foxy/colcon_ws/src/install/raspimouse_msgs/include/raspimouse_msgs/msg/detail/switches__rosidl_typesupport_introspection_c.h
[134.691s] -- Symlinking: /home/suv-user/foxy/colcon_ws/src/install/raspimouse_msgs/include/raspimouse_msgs/msg/rosidl_typesupport_introspection_c__visibility_control.h
[134.816s] -- Symlinking: /home/suv-user/foxy/colcon_ws/src/install/raspimouse_msgs/include/raspimouse_msgs/msg/detail/leds__builder.hpp
[134.942s] -- Symlinking: /home/suv-user/foxy/colcon_ws/src/install/raspimouse_msgs/include/raspimouse_msgs/msg/detail/leds__struct.hpp
[135.111s] -- Symlinking: /home/suv-user/foxy/colcon_ws/src/install/raspimouse_msgs/include/raspimouse_msgs/msg/detail/leds__traits.hpp
[135.227s] -- Symlinking: /home/suv-user/foxy/colcon_ws/src/install/raspimouse_msgs/include/raspimouse_msgs/msg/detail/light_sensors__builder.hpp
[135.385s] -- Symlinking: /home/suv-user/foxy/colcon_ws/src/install/raspimouse_msgs/include/raspimouse_msgs/msg/detail/light_sensors__struct.hpp
[135.487s] -- Symlinking: /home/suv-user/foxy/colcon_ws/src/install/raspimouse_msgs/include/raspimouse_msgs/msg/detail/light_sensors__traits.hpp
[135.644s] -- Symlinking: /home/suv-user/foxy/colcon_ws/src/install/raspimouse_msgs/include/raspimouse_msgs/msg/detail/switches__builder.hpp
[135.777s] -- Symlinking: /home/suv-user/foxy/colcon_ws/src/install/raspimouse_msgs/include/raspimouse_msgs/msg/detail/switches__struct.hpp
[135.913s] -- Symlinking: /home/suv-user/foxy/colcon_ws/src/install/raspimouse_msgs/include/raspimouse_msgs/msg/detail/switches__traits.hpp
[136.064s] -- Symlinking: /home/suv-user/foxy/colcon_ws/src/install/raspimouse_msgs/include/raspimouse_msgs/msg/leds.hpp
[136.269s] -- Symlinking: /home/suv-user/foxy/colcon_ws/src/install/raspimouse_msgs/include/raspimouse_msgs/msg/light_sensors.hpp
[136.396s] -- Symlinking: /home/suv-user/foxy/colcon_ws/src/install/raspimouse_msgs/include/raspimouse_msgs/msg/switches.hpp
[136.545s] -- Symlinking: /home/suv-user/foxy/colcon_ws/src/install/raspimouse_msgs/include/raspimouse_msgs/msg/detail/leds__rosidl_typesupport_introspection_cpp.hpp
[136.653s] -- Symlinking: /home/suv-user/foxy/colcon_ws/src/install/raspimouse_msgs/include/raspimouse_msgs/msg/detail/light_sensors__rosidl_typesupport_introspection_cpp.hpp
[136.770s] -- Symlinking: /home/suv-user/foxy/colcon_ws/src/install/raspimouse_msgs/include/raspimouse_msgs/msg/detail/switches__rosidl_typesupport_introspection_cpp.hpp
[136.904s] -- Symlinking: /home/suv-user/foxy/colcon_ws/src/install/raspimouse_msgs/share/raspimouse_msgs/environment/pythonpath.sh
[136.994s] -- Symlinking: /home/suv-user/foxy/colcon_ws/src/install/raspimouse_msgs/share/raspimouse_msgs/environment/pythonpath.dsv
[137.148s] -- Symlinking: /home/suv-user/foxy/colcon_ws/src/install/raspimouse_msgs/lib/python3.8/site-packages/raspimouse_msgs/__init__.py
[137.283s] -- Symlinking: /home/suv-user/foxy/colcon_ws/src/install/raspimouse_msgs/lib/python3.8/site-packages/raspimouse_msgs/msg/__init__.py
[137.418s] -- Symlinking: /home/suv-user/foxy/colcon_ws/src/install/raspimouse_msgs/lib/python3.8/site-packages/raspimouse_msgs/msg/_leds.py
[137.525s] -- Symlinking: /home/suv-user/foxy/colcon_ws/src/install/raspimouse_msgs/lib/python3.8/site-packages/raspimouse_msgs/msg/_light_sensors.py
[137.647s] -- Symlinking: /home/suv-user/foxy/colcon_ws/src/install/raspimouse_msgs/lib/python3.8/site-packages/raspimouse_msgs/msg/_switches.py
[137.746s] -- Symlinking: /home/suv-user/foxy/colcon_ws/src/install/raspimouse_msgs/lib/python3.8/site-packages/raspimouse_msgs/raspimouse_msgs_s__rosidl_typesupport_fastrtps_c.cpython-38-aarch64-linux-gnu.so
[137.802s] -- Symlinking: /home/suv-user/foxy/colcon_ws/src/install/raspimouse_msgs/lib/python3.8/site-packages/raspimouse_msgs/raspimouse_msgs_s__rosidl_typesupport_introspection_c.cpython-38-aarch64-linux-gnu.so
[137.911s] -- Symlinking: /home/suv-user/foxy/colcon_ws/src/install/raspimouse_msgs/lib/python3.8/site-packages/raspimouse_msgs/raspimouse_msgs_s__rosidl_typesupport_c.cpython-38-aarch64-linux-gnu.so
[137.984s] -- Symlinking: /home/suv-user/foxy/colcon_ws/src/install/raspimouse_msgs/lib/libraspimouse_msgs__python.so
[138.055s] -- Symlinking: /home/suv-user/foxy/colcon_ws/src/install/raspimouse_msgs/share/raspimouse_msgs/msg/Leds.idl
[138.160s] -- Symlinking: /home/suv-user/foxy/colcon_ws/src/install/raspimouse_msgs/share/raspimouse_msgs/msg/Switches.idl
[138.280s] -- Symlinking: /home/suv-user/foxy/colcon_ws/src/install/raspimouse_msgs/share/raspimouse_msgs/msg/LightSensors.idl
[138.410s] -- Symlinking: /home/suv-user/foxy/colcon_ws/src/install/raspimouse_msgs/share/raspimouse_msgs/msg/Leds.msg
[138.624s] -- Symlinking: /home/suv-user/foxy/colcon_ws/src/install/raspimouse_msgs/share/raspimouse_msgs/msg/Switches.msg
[138.767s] -- Symlinking: /home/suv-user/foxy/colcon_ws/src/install/raspimouse_msgs/share/raspimouse_msgs/msg/LightSensors.msg
[138.859s] -- Symlinking: /home/suv-user/foxy/colcon_ws/src/install/raspimouse_msgs/share/ament_index/resource_index/package_run_dependencies/raspimouse_msgs
[139.028s] -- Symlinking: /home/suv-user/foxy/colcon_ws/src/install/raspimouse_msgs/share/ament_index/resource_index/parent_prefix_path/raspimouse_msgs
[139.181s] -- Symlinking: /home/suv-user/foxy/colcon_ws/src/install/raspimouse_msgs/share/raspimouse_msgs/environment/ament_prefix_path.sh
[139.319s] -- Symlinking: /home/suv-user/foxy/colcon_ws/src/install/raspimouse_msgs/share/raspimouse_msgs/environment/ament_prefix_path.dsv
[139.451s] -- Symlinking: /home/suv-user/foxy/colcon_ws/src/install/raspimouse_msgs/share/raspimouse_msgs/environment/path.sh
[139.611s] -- Symlinking: /home/suv-user/foxy/colcon_ws/src/install/raspimouse_msgs/share/raspimouse_msgs/environment/path.dsv
[139.726s] -- Symlinking: /home/suv-user/foxy/colcon_ws/src/install/raspimouse_msgs/share/raspimouse_msgs/local_setup.bash
[139.861s] -- Symlinking: /home/suv-user/foxy/colcon_ws/src/install/raspimouse_msgs/share/raspimouse_msgs/local_setup.sh
[140.020s] -- Symlinking: /home/suv-user/foxy/colcon_ws/src/install/raspimouse_msgs/share/raspimouse_msgs/local_setup.zsh
[140.214s] -- Symlinking: /home/suv-user/foxy/colcon_ws/src/install/raspimouse_msgs/share/raspimouse_msgs/local_setup.dsv
[140.360s] -- Symlinking: /home/suv-user/foxy/colcon_ws/src/install/raspimouse_msgs/share/raspimouse_msgs/package.dsv
[140.496s] -- Symlinking: /home/suv-user/foxy/colcon_ws/src/install/raspimouse_msgs/share/ament_index/resource_index/packages/raspimouse_msgs
[140.695s] -- Symlinking: /home/suv-user/foxy/colcon_ws/src/install/raspimouse_msgs/share/raspimouse_msgs/cmake/rosidl_cmake-extras.cmake
[140.829s] -- Symlinking: /home/suv-user/foxy/colcon_ws/src/install/raspimouse_msgs/share/raspimouse_msgs/cmake/ament_cmake_export_dependencies-extras.cmake
[140.957s] -- Symlinking: /home/suv-user/foxy/colcon_ws/src/install/raspimouse_msgs/share/raspimouse_msgs/cmake/ament_cmake_export_libraries-extras.cmake
[141.103s] -- Symlinking: /home/suv-user/foxy/colcon_ws/src/install/raspimouse_msgs/share/raspimouse_msgs/cmake/ament_cmake_export_targets-extras.cmake
[141.229s] -- Symlinking: /home/suv-user/foxy/colcon_ws/src/install/raspimouse_msgs/share/raspimouse_msgs/cmake/ament_cmake_export_include_directories-extras.cmake
[141.337s] -- Symlinking: /home/suv-user/foxy/colcon_ws/src/install/raspimouse_msgs/share/raspimouse_msgs/cmake/rosidl_cmake_export_typesupport_libraries-extras.cmake
[141.472s] -- Symlinking: /home/suv-user/foxy/colcon_ws/src/install/raspimouse_msgs/share/raspimouse_msgs/cmake/rosidl_cmake_export_typesupport_targets-extras.cmake
[141.590s] -- Symlinking: /home/suv-user/foxy/colcon_ws/src/install/raspimouse_msgs/share/raspimouse_msgs/cmake/raspimouse_msgsConfig.cmake
[141.839s] -- Symlinking: /home/suv-user/foxy/colcon_ws/src/install/raspimouse_msgs/share/raspimouse_msgs/cmake/raspimouse_msgsConfig-version.cmake
[142.032s] -- Symlinking: /home/suv-user/foxy/colcon_ws/src/install/raspimouse_msgs/share/raspimouse_msgs/package.xml
[142.169s] -- Installing: /home/suv-user/foxy/colcon_ws/src/install/raspimouse_msgs/lib/libraspimouse_msgs__rosidl_generator_c.so
[142.177s] -- Set runtime path of "/home/suv-user/foxy/colcon_ws/src/install/raspimouse_msgs/lib/libraspimouse_msgs__rosidl_generator_c.so" to ""
[142.177s] -- Installing: /home/suv-user/foxy/colcon_ws/src/install/raspimouse_msgs/lib/libraspimouse_msgs__rosidl_typesupport_introspection_c.so
[142.179s] -- Set runtime path of "/home/suv-user/foxy/colcon_ws/src/install/raspimouse_msgs/lib/libraspimouse_msgs__rosidl_typesupport_introspection_c.so" to ""
[142.183s] -- Installing: /home/suv-user/foxy/colcon_ws/src/install/raspimouse_msgs/lib/libraspimouse_msgs__rosidl_typesupport_c.so
[142.184s] -- Set runtime path of "/home/suv-user/foxy/colcon_ws/src/install/raspimouse_msgs/lib/libraspimouse_msgs__rosidl_typesupport_c.so" to ""
[142.185s] -- Installing: /home/suv-user/foxy/colcon_ws/src/install/raspimouse_msgs/lib/libraspimouse_msgs__rosidl_typesupport_introspection_cpp.so
[142.186s] -- Set runtime path of "/home/suv-user/foxy/colcon_ws/src/install/raspimouse_msgs/lib/libraspimouse_msgs__rosidl_typesupport_introspection_cpp.so" to ""
[142.187s] -- Installing: /home/suv-user/foxy/colcon_ws/src/install/raspimouse_msgs/lib/libraspimouse_msgs__rosidl_typesupport_cpp.so
[142.188s] -- Set runtime path of "/home/suv-user/foxy/colcon_ws/src/install/raspimouse_msgs/lib/libraspimouse_msgs__rosidl_typesupport_cpp.so" to ""
[142.751s] Compiling '/home/suv-user/foxy/colcon_ws/src/install/raspimouse_msgs/lib/python3.8/site-packages/raspimouse_msgs/__init__.py'...
[142.788s] -- Installing: /home/suv-user/foxy/colcon_ws/src/install/raspimouse_msgs/share/raspimouse_msgs/cmake/raspimouse_msgs__rosidl_generator_cExport.cmake
[142.788s] -- Installing: /home/suv-user/foxy/colcon_ws/src/install/raspimouse_msgs/share/raspimouse_msgs/cmake/raspimouse_msgs__rosidl_generator_cExport-noconfig.cmake
[142.789s] -- Installing: /home/suv-user/foxy/colcon_ws/src/install/raspimouse_msgs/share/raspimouse_msgs/cmake/raspimouse_msgs__rosidl_typesupport_introspection_cExport.cmake
[142.789s] -- Installing: /home/suv-user/foxy/colcon_ws/src/install/raspimouse_msgs/share/raspimouse_msgs/cmake/raspimouse_msgs__rosidl_typesupport_introspection_cExport-noconfig.cmake
[142.790s] -- Installing: /home/suv-user/foxy/colcon_ws/src/install/raspimouse_msgs/share/raspimouse_msgs/cmake/raspimouse_msgs__rosidl_typesupport_cExport.cmake
[142.791s] -- Installing: /home/suv-user/foxy/colcon_ws/src/install/raspimouse_msgs/share/raspimouse_msgs/cmake/raspimouse_msgs__rosidl_typesupport_cExport-noconfig.cmake
[142.792s] -- Installing: /home/suv-user/foxy/colcon_ws/src/install/raspimouse_msgs/share/raspimouse_msgs/cmake/raspimouse_msgs__rosidl_generator_cppExport.cmake
[142.796s] -- Installing: /home/suv-user/foxy/colcon_ws/src/install/raspimouse_msgs/share/raspimouse_msgs/cmake/raspimouse_msgs__rosidl_typesupport_introspection_cppExport.cmake
[142.797s] -- Installing: /home/suv-user/foxy/colcon_ws/src/install/raspimouse_msgs/share/raspimouse_msgs/cmake/raspimouse_msgs__rosidl_typesupport_introspection_cppExport-noconfig.cmake
[142.797s] -- Installing: /home/suv-user/foxy/colcon_ws/src/install/raspimouse_msgs/share/raspimouse_msgs/cmake/raspimouse_msgs__rosidl_typesupport_cppExport.cmake
[142.799s] -- Installing: /home/suv-user/foxy/colcon_ws/src/install/raspimouse_msgs/share/raspimouse_msgs/cmake/raspimouse_msgs__rosidl_typesupport_cppExport-noconfig.cmake
[142.828s] Invoked command in '/home/suv-user/foxy/colcon_ws/src/build/raspimouse_msgs' returned '0': CMAKE_PREFIX_PATH=${CMAKE_PREFIX_PATH}:/home/suv-user/foxy/colcon_ws/install/turtlebot3_teleop:/home/suv-user/foxy/colcon_ws/install/turtlebot3_example:/home/suv-user/foxy/colcon_ws/install/odom_simulator:/home/suv-user/foxy/colcon_ws/install/motors_control:/home/suv-user/foxy/colcon_ws/install/motor_control2:/home/suv-user/suv-docker/rocker_test/docker-ros2/foxy/colcon_ws/install/turtlebot3_teleop:/home/suv-user/suv-docker/rocker_test/docker-ros2/foxy/colcon_ws/install/turtlebot3_example:/opt/ros/foxy /usr/bin/cmake --install /home/suv-user/foxy/colcon_ws/src/build/raspimouse_msgs
