running develop
running egg_info
creating motors_control.egg-info
writing motors_control.egg-info/PKG-INFO
writing dependency_links to motors_control.egg-info/dependency_links.txt
writing entry points to motors_control.egg-info/entry_points.txt
writing requirements to motors_control.egg-info/requires.txt
writing top-level names to motors_control.egg-info/top_level.txt
writing manifest file 'motors_control.egg-info/SOURCES.txt'
reading manifest file 'motors_control.egg-info/SOURCES.txt'
writing manifest file 'motors_control.egg-info/SOURCES.txt'
running build_ext
Creating /home/suv-user/foxy/colcon_ws/src/install/motors_control/lib/python3.8/site-packages/site.py
Creating /home/suv-user/foxy/colcon_ws/src/install/motors_control/lib/python3.8/site-packages/motors-control.egg-link (link to .)
Installing serialcom script to /home/suv-user/foxy/colcon_ws/src/install/motors_control/lib/motors_control

Installed /home/suv-user/foxy/colcon_ws/src/build/motors_control
running install_data
creating /home/suv-user/foxy/colcon_ws/src/install/motors_control/share/ament_index
creating /home/suv-user/foxy/colcon_ws/src/install/motors_control/share/ament_index/resource_index
creating /home/suv-user/foxy/colcon_ws/src/install/motors_control/share/ament_index/resource_index/packages
copying resource/motors_control -> /home/suv-user/foxy/colcon_ws/src/install/motors_control/share/ament_index/resource_index/packages
copying package.xml -> /home/suv-user/foxy/colcon_ws/src/install/motors_control/share/motors_control
