-- The C compiler identification is GNU 9.3.0
-- The CXX compiler identification is GNU 9.3.0
-- Check for working C compiler: /usr/bin/cc
-- Check for working C compiler: /usr/bin/cc -- works
-- Detecting C compiler ABI info
-- Detecting C compiler ABI info - done
-- Detecting C compile features
-- Detecting C compile features - done
-- Check for working CXX compiler: /usr/bin/c++
-- Check for working CXX compiler: /usr/bin/c++ -- works
-- Detecting CXX compiler ABI info
-- Detecting CXX compiler ABI info - done
-- Detecting CXX compile features
-- Detecting CXX compile features - done
-- Found ament_cmake: 0.9.9 (/opt/ros/foxy/share/ament_cmake/cmake)
-- Found PythonInterp: /usr/bin/python3 (found suitable version "3.8.10", minimum required is "3") 
-- Using PYTHON_EXECUTABLE: /usr/bin/python3
-- Override CMake install command with custom implementation using symlinks instead of copying resources
-- Found rclcpp: 2.4.1 (/opt/ros/foxy/share/rclcpp/cmake)
-- Using all available rosidl_typesupport_c: rosidl_typesupport_fastrtps_c;rosidl_typesupport_introspection_c
-- Found rosidl_adapter: 1.2.1 (/opt/ros/foxy/share/rosidl_adapter/cmake)
-- Found OpenSSL: /usr/lib/aarch64-linux-gnu/libcrypto.so (found version "1.1.1f")  
-- Found FastRTPS: /opt/ros/foxy/include  
-- Using all available rosidl_typesupport_cpp: rosidl_typesupport_fastrtps_cpp;rosidl_typesupport_introspection_cpp
-- Found rmw_implementation_cmake: 1.0.3 (/opt/ros/foxy/share/rmw_implementation_cmake/cmake)
-- Using RMW implementation 'rmw_fastrtps_cpp' as default
-- Looking for pthread.h
-- Looking for pthread.h - found
-- Performing Test CMAKE_HAVE_LIBC_PTHREAD
-- Performing Test CMAKE_HAVE_LIBC_PTHREAD - Failed
-- Looking for pthread_create in pthreads
-- Looking for pthread_create in pthreads - not found
-- Looking for pthread_create in pthread
-- Looking for pthread_create in pthread - found
-- Found Threads: TRUE  
-- Found rclcpp_components: 2.4.1 (/opt/ros/foxy/share/rclcpp_components/cmake)
-- Found rclcpp_lifecycle: 2.4.1 (/opt/ros/foxy/share/rclcpp_lifecycle/cmake)
-- Found std_srvs: 2.0.5 (/opt/ros/foxy/share/std_srvs/cmake)
-- Found sensor_msgs: 2.0.5 (/opt/ros/foxy/share/sensor_msgs/cmake)
-- Found OpenCV: /usr (found version "4.2.0") 
-- Found raspimouse_msgs: 1.0.2 (/home/suv-user/foxy/colcon_ws/src/install/raspimouse_msgs/share/raspimouse_msgs/cmake)
-- Found raspimouse: 1.0.2 (/home/suv-user/foxy/colcon_ws/src/install/raspimouse/share/raspimouse/cmake)
-- Found rt_usb_9axisimu_driver: 2.0.1 (/opt/ros/foxy/share/rt_usb_9axisimu_driver/cmake)
-- Found ament_lint_auto: 0.9.6 (/opt/ros/foxy/share/ament_lint_auto/cmake)
-- Added test 'copyright' to check source files copyright and LICENSE
-- Added test 'cppcheck' to perform static code analysis on C / C++ code
-- Configured cppcheck include dirs: /home/suv-user/foxy/colcon_ws/src/raspimouse_ros2_examples/include
-- Configured cppcheck exclude dirs and/or files: 
-- Added test 'cpplint' to check C / C++ code against the Google style
-- Configured cpplint exclude dirs and/or files: 
-- Added test 'flake8' to check Python code syntax and style conventions
-- Added test 'lint_cmake' to check CMake code style
-- Added test 'pep257' to check Python code against some of the style conventions in PEP 257
-- Added test 'uncrustify' to check C / C++ code style
-- Configured uncrustify additional arguments: 
-- Added test 'xmllint' to check XML markup files
-- Configuring done
-- Generating done
-- Build files have been written to: /home/suv-user/foxy/colcon_ws/src/build/raspimouse_ros2_examples
[35m[1mScanning dependencies of target direction_controller_component[0m
[35m[1mScanning dependencies of target lifecycle_node_manager[0m
[35m[1mScanning dependencies of target line_follower_component[0m
[35m[1mScanning dependencies of target object_tracking_component[0m
[  8%] [32mBuilding CXX object CMakeFiles/lifecycle_node_manager.dir/src/lifecycle_node_manager.cpp.o[0m
[ 16%] [32mBuilding CXX object CMakeFiles/direction_controller_component.dir/src/direction_controller_component.cpp.o[0m
[ 25%] [32mBuilding CXX object CMakeFiles/line_follower_component.dir/src/line_follower_component.cpp.o[0m
[ 33%] [32mBuilding CXX object CMakeFiles/object_tracking_component.dir/src/object_tracking_component.cpp.o[0m
[ 41%] [32m[1mLinking CXX executable lifecycle_node_manager[0m
[ 41%] Built target lifecycle_node_manager
[ 50%] [32m[1mLinking CXX shared library libobject_tracking_component.so[0m
[ 50%] Built target object_tracking_component
[ 58%] [32m[1mLinking CXX shared library libdirection_controller_component.so[0m
[ 58%] Built target direction_controller_component
[35m[1mScanning dependencies of target direction_controller[0m
[ 66%] [32m[1mLinking CXX shared library libline_follower_component.so[0m
[ 75%] [32mBuilding CXX object CMakeFiles/direction_controller.dir/src/direction_controller.cpp.o[0m
[ 75%] Built target line_follower_component
[35m[1mScanning dependencies of target line_follower[0m
[ 83%] [32mBuilding CXX object CMakeFiles/line_follower.dir/src/line_follower.cpp.o[0m
[ 91%] [32m[1mLinking CXX executable direction_controller[0m
[ 91%] Built target direction_controller
[100%] [32m[1mLinking CXX executable line_follower[0m
[100%] Built target line_follower
-- Install configuration: ""
-- Execute custom install script
-- Symlinking: /home/suv-user/foxy/colcon_ws/src/install/raspimouse_ros2_examples/share/raspimouse_ros2_examples/environment/library_path.sh
-- Symlinking: /home/suv-user/foxy/colcon_ws/src/install/raspimouse_ros2_examples/share/raspimouse_ros2_examples/environment/library_path.dsv
-- Symlinking: /home/suv-user/foxy/colcon_ws/src/install/raspimouse_ros2_examples/include/raspimouse_ros2_examples/direction_controller_component.hpp
-- Symlinking: /home/suv-user/foxy/colcon_ws/src/install/raspimouse_ros2_examples/include/raspimouse_ros2_examples/line_follower_component.hpp
-- Symlinking: /home/suv-user/foxy/colcon_ws/src/install/raspimouse_ros2_examples/include/raspimouse_ros2_examples/object_tracking_component.hpp
-- Symlinking: /home/suv-user/foxy/colcon_ws/src/install/raspimouse_ros2_examples/include/raspimouse_ros2_examples/visibility_control.h
-- Symlinking: /home/suv-user/foxy/colcon_ws/src/install/raspimouse_ros2_examples/lib/raspimouse_ros2_examples/lifecycle_node_manager
-- Symlinking: /home/suv-user/foxy/colcon_ws/src/install/raspimouse_ros2_examples/lib/raspimouse_ros2_examples/line_follower
-- Symlinking: /home/suv-user/foxy/colcon_ws/src/install/raspimouse_ros2_examples/lib/raspimouse_ros2_examples/direction_controller
-- Symlinking: /home/suv-user/foxy/colcon_ws/src/install/raspimouse_ros2_examples/share/raspimouse_ros2_examples/environment/pythonpath.sh
-- Symlinking: /home/suv-user/foxy/colcon_ws/src/install/raspimouse_ros2_examples/share/raspimouse_ros2_examples/environment/pythonpath.dsv
-- Symlinking: /home/suv-user/foxy/colcon_ws/src/install/raspimouse_ros2_examples/lib/python3.8/site-packages/raspimouse_ros2_examples/__init__.py
-- Symlinking: /home/suv-user/foxy/colcon_ws/src/install/raspimouse_ros2_examples/lib/python3.8/site-packages/raspimouse_ros2_examples/joystick_control.py
-- Symlinking: /home/suv-user/foxy/colcon_ws/src/install/raspimouse_ros2_examples/lib/raspimouse_ros2_examples/joystick_control.py
-- Symlinking: /home/suv-user/foxy/colcon_ws/src/install/raspimouse_ros2_examples/share/raspimouse_ros2_examples//launch/direction_controller.launch.py
-- Symlinking: /home/suv-user/foxy/colcon_ws/src/install/raspimouse_ros2_examples/share/raspimouse_ros2_examples//launch/line_follower.launch.py
-- Symlinking: /home/suv-user/foxy/colcon_ws/src/install/raspimouse_ros2_examples/share/raspimouse_ros2_examples//launch/mouse_with_lidar.launch.py
-- Symlinking: /home/suv-user/foxy/colcon_ws/src/install/raspimouse_ros2_examples/share/raspimouse_ros2_examples//launch/object_tracking.launch.py
-- Symlinking: /home/suv-user/foxy/colcon_ws/src/install/raspimouse_ros2_examples/share/raspimouse_ros2_examples//launch/slam.launch.py
-- Symlinking: /home/suv-user/foxy/colcon_ws/src/install/raspimouse_ros2_examples/share/raspimouse_ros2_examples//launch/teleop_joy.launch.py
-- Symlinking: /home/suv-user/foxy/colcon_ws/src/install/raspimouse_ros2_examples/share/raspimouse_ros2_examples//config/configure_camera.bash
-- Symlinking: /home/suv-user/foxy/colcon_ws/src/install/raspimouse_ros2_examples/share/raspimouse_ros2_examples//config/default.rviz
-- Symlinking: /home/suv-user/foxy/colcon_ws/src/install/raspimouse_ros2_examples/share/raspimouse_ros2_examples//config/joy_dualshock3.yml
-- Symlinking: /home/suv-user/foxy/colcon_ws/src/install/raspimouse_ros2_examples/share/raspimouse_ros2_examples//config/joy_f710.yml
-- Symlinking: /home/suv-user/foxy/colcon_ws/src/install/raspimouse_ros2_examples/share/raspimouse_ros2_examples//config/mapper_params_offline.yaml
-- Symlinking: /home/suv-user/foxy/colcon_ws/src/install/raspimouse_ros2_examples/share/raspimouse_ros2_examples//config/mouse.yml
-- Symlinking: /home/suv-user/foxy/colcon_ws/src/install/raspimouse_ros2_examples/share/ament_index/resource_index/package_run_dependencies/raspimouse_ros2_examples
-- Symlinking: /home/suv-user/foxy/colcon_ws/src/install/raspimouse_ros2_examples/share/ament_index/resource_index/parent_prefix_path/raspimouse_ros2_examples
-- Symlinking: /home/suv-user/foxy/colcon_ws/src/install/raspimouse_ros2_examples/share/raspimouse_ros2_examples/environment/ament_prefix_path.sh
-- Symlinking: /home/suv-user/foxy/colcon_ws/src/install/raspimouse_ros2_examples/share/raspimouse_ros2_examples/environment/ament_prefix_path.dsv
-- Symlinking: /home/suv-user/foxy/colcon_ws/src/install/raspimouse_ros2_examples/share/raspimouse_ros2_examples/environment/path.sh
-- Symlinking: /home/suv-user/foxy/colcon_ws/src/install/raspimouse_ros2_examples/share/raspimouse_ros2_examples/environment/path.dsv
-- Symlinking: /home/suv-user/foxy/colcon_ws/src/install/raspimouse_ros2_examples/share/raspimouse_ros2_examples/local_setup.bash
-- Symlinking: /home/suv-user/foxy/colcon_ws/src/install/raspimouse_ros2_examples/share/raspimouse_ros2_examples/local_setup.sh
-- Symlinking: /home/suv-user/foxy/colcon_ws/src/install/raspimouse_ros2_examples/share/raspimouse_ros2_examples/local_setup.zsh
-- Symlinking: /home/suv-user/foxy/colcon_ws/src/install/raspimouse_ros2_examples/share/raspimouse_ros2_examples/local_setup.dsv
-- Symlinking: /home/suv-user/foxy/colcon_ws/src/install/raspimouse_ros2_examples/share/raspimouse_ros2_examples/package.dsv
-- Symlinking: /home/suv-user/foxy/colcon_ws/src/install/raspimouse_ros2_examples/share/ament_index/resource_index/packages/raspimouse_ros2_examples
-- Symlinking: /home/suv-user/foxy/colcon_ws/src/install/raspimouse_ros2_examples/share/ament_index/resource_index/rclcpp_components/raspimouse_ros2_examples
-- Symlinking: /home/suv-user/foxy/colcon_ws/src/install/raspimouse_ros2_examples/share/raspimouse_ros2_examples/cmake/ament_cmake_export_targets-extras.cmake
-- Symlinking: /home/suv-user/foxy/colcon_ws/src/install/raspimouse_ros2_examples/share/raspimouse_ros2_examples/cmake/ament_cmake_export_dependencies-extras.cmake
-- Symlinking: /home/suv-user/foxy/colcon_ws/src/install/raspimouse_ros2_examples/share/raspimouse_ros2_examples/cmake/ament_cmake_export_include_directories-extras.cmake
-- Symlinking: /home/suv-user/foxy/colcon_ws/src/install/raspimouse_ros2_examples/share/raspimouse_ros2_examples/cmake/ament_cmake_export_libraries-extras.cmake
-- Symlinking: /home/suv-user/foxy/colcon_ws/src/install/raspimouse_ros2_examples/share/raspimouse_ros2_examples/cmake/raspimouse_ros2_examplesConfig.cmake
-- Symlinking: /home/suv-user/foxy/colcon_ws/src/install/raspimouse_ros2_examples/share/raspimouse_ros2_examples/cmake/raspimouse_ros2_examplesConfig-version.cmake
-- Symlinking: /home/suv-user/foxy/colcon_ws/src/install/raspimouse_ros2_examples/share/raspimouse_ros2_examples/package.xml
-- Installing: /home/suv-user/foxy/colcon_ws/src/install/raspimouse_ros2_examples/lib/libobject_tracking_component.so
-- Set runtime path of "/home/suv-user/foxy/colcon_ws/src/install/raspimouse_ros2_examples/lib/libobject_tracking_component.so" to ""
-- Installing: /home/suv-user/foxy/colcon_ws/src/install/raspimouse_ros2_examples/lib/libline_follower_component.so
-- Set runtime path of "/home/suv-user/foxy/colcon_ws/src/install/raspimouse_ros2_examples/lib/libline_follower_component.so" to ""
-- Installing: /home/suv-user/foxy/colcon_ws/src/install/raspimouse_ros2_examples/lib/libdirection_controller_component.so
-- Set runtime path of "/home/suv-user/foxy/colcon_ws/src/install/raspimouse_ros2_examples/lib/libdirection_controller_component.so" to ""
Listing '/home/suv-user/foxy/colcon_ws/src/install/raspimouse_ros2_examples/lib/python3.8/site-packages/raspimouse_ros2_examples'...
Compiling '/home/suv-user/foxy/colcon_ws/src/install/raspimouse_ros2_examples/lib/python3.8/site-packages/raspimouse_ros2_examples/__init__.py'...
Compiling '/home/suv-user/foxy/colcon_ws/src/install/raspimouse_ros2_examples/lib/python3.8/site-packages/raspimouse_ros2_examples/joystick_control.py'...
-- Installing: /home/suv-user/foxy/colcon_ws/src/install/raspimouse_ros2_examples/share/raspimouse_ros2_examples/cmake/export_raspimouse_ros2_examplesExport.cmake
-- Installing: /home/suv-user/foxy/colcon_ws/src/install/raspimouse_ros2_examples/share/raspimouse_ros2_examples/cmake/export_raspimouse_ros2_examplesExport-noconfig.cmake
