[0.513s] Invoking command in '/home/suv-user/foxy/colcon_ws/src/build/raspimouse_ros2_examples': AMENT_PREFIX_PATH=/home/suv-user/foxy/colcon_ws/src/install/raspimouse:/home/suv-user/foxy/colcon_ws/src/install/slam_toolbox:/home/suv-user/foxy/colcon_ws/src/install/raspimouse_msgs:/home/suv-user/foxy/colcon_ws/src/install/hls_lfcd_lds_driver:${AMENT_PREFIX_PATH} CMAKE_PREFIX_PATH=/home/suv-user/foxy/colcon_ws/src/install/raspimouse:/home/suv-user/foxy/colcon_ws/src/install/slam_toolbox:/home/suv-user/foxy/colcon_ws/src/install/raspimouse_msgs:/home/suv-user/foxy/colcon_ws/src/install/hls_lfcd_lds_driver:/home/suv-user/foxy/colcon_ws/install/turtlebot3:/home/suv-user/foxy/colcon_ws/install/turtlebot3_simulations:/home/suv-user/foxy/colcon_ws/install/turtlebot3_bringup:/home/suv-user/foxy/colcon_ws/install/turtlebot3_node:/home/suv-user/foxy/colcon_ws/install/turtlebot3_navigation2:/home/suv-user/foxy/colcon_ws/install/turtlebot3_fake_node:/home/suv-user/foxy/colcon_ws/install/turtlebot3_msgs:/home/suv-user/foxy/colcon_ws/install/turtlebot3_gazebo:/home/suv-user/foxy/colcon_ws/install/turtlebot3_description:/home/suv-user/foxy/colcon_ws/install/turtlebot3_cartographer:/home/suv-user/foxy/colcon_ws/install/raspimouse_ros2_examples:/home/suv-user/foxy/colcon_ws/install/slam_toolbox:/home/suv-user/foxy/colcon_ws/install/rplidar_ros:/home/suv-user/foxy/colcon_ws/install/hls_lfcd_lds_driver:/home/suv-user/foxy/colcon_ws/install/dynamixel_sdk_examples:/home/suv-user/foxy/colcon_ws/install/dynamixel_sdk_custom_interfaces:/home/suv-user/foxy/colcon_ws/install/dynamixel_sdk:/home/suv-user/suv-docker/rocker_test/docker-ros2/foxy/colcon_ws/install/turtlebot3:/home/suv-user/suv-docker/rocker_test/docker-ros2/foxy/colcon_ws/install/turtlebot3_simulations:/home/suv-user/suv-docker/rocker_test/docker-ros2/foxy/colcon_ws/install/turtlebot3_bringup:/home/suv-user/suv-docker/rocker_test/docker-ros2/foxy/colcon_ws/install/turtlebot3_node:/home/suv-user/suv-docker/rocker_test/docker-ros2/foxy/colcon_ws/install/turtlebot3_navigation2:/home/suv-user/suv-docker/rocker_test/docker-ros2/foxy/colcon_ws/install/turtlebot3_fake_node:/home/suv-user/suv-docker/rocker_test/docker-ros2/foxy/colcon_ws/install/turtlebot3_msgs:/home/suv-user/suv-docker/rocker_test/docker-ros2/foxy/colcon_ws/install/turtlebot3_gazebo:/home/suv-user/suv-docker/rocker_test/docker-ros2/foxy/colcon_ws/install/turtlebot3_description:/home/suv-user/suv-docker/rocker_test/docker-ros2/foxy/colcon_ws/install/turtlebot3_cartographer:/home/suv-user/suv-docker/rocker_test/docker-ros2/foxy/colcon_ws/install/slam_toolbox:/home/suv-user/suv-docker/rocker_test/docker-ros2/foxy/colcon_ws/install/rplidar_ros:/home/suv-user/suv-docker/rocker_test/docker-ros2/foxy/colcon_ws/install/hls_lfcd_lds_driver:/home/suv-user/suv-docker/rocker_test/docker-ros2/foxy/colcon_ws/install/dynamixel_sdk_examples:/home/suv-user/suv-docker/rocker_test/docker-ros2/foxy/colcon_ws/install/dynamixel_sdk_custom_interfaces:/home/suv-user/suv-docker/rocker_test/docker-ros2/foxy/colcon_ws/install/dynamixel_sdk:/home/suv-user/foxy/colcon_ws/install/turtlebot3_teleop:/home/suv-user/foxy/colcon_ws/install/turtlebot3_example:/home/suv-user/foxy/colcon_ws/install/odom_simulator:/home/suv-user/foxy/colcon_ws/install/motors_control:/home/suv-user/foxy/colcon_ws/install/motor_control2:/home/suv-user/suv-docker/rocker_test/docker-ros2/foxy/colcon_ws/install/turtlebot3_teleop:/home/suv-user/suv-docker/rocker_test/docker-ros2/foxy/colcon_ws/install/turtlebot3_example:/opt/ros/foxy LD_LIBRARY_PATH=/home/suv-user/foxy/colcon_ws/src/install/raspimouse/lib:/home/suv-user/foxy/colcon_ws/src/install/slam_toolbox/lib:/home/suv-user/foxy/colcon_ws/src/install/raspimouse_msgs/lib:${LD_LIBRARY_PATH} PYTHONPATH=/home/suv-user/foxy/colcon_ws/src/install/slam_toolbox/lib/python3.8/site-packages:/home/suv-user/foxy/colcon_ws/src/install/raspimouse_msgs/lib/python3.8/site-packages:${PYTHONPATH} /usr/bin/cmake /home/suv-user/foxy/colcon_ws/src/raspimouse_ros2_examples -DAMENT_CMAKE_SYMLINK_INSTALL=1 -DCMAKE_INSTALL_PREFIX=/home/suv-user/foxy/colcon_ws/src/install/raspimouse_ros2_examples
[1.057s] -- The C compiler identification is GNU 9.3.0
[1.358s] -- The CXX compiler identification is GNU 9.3.0
[1.408s] -- Check for working C compiler: /usr/bin/cc
[1.751s] -- Check for working C compiler: /usr/bin/cc -- works
[1.756s] -- Detecting C compiler ABI info
[2.089s] -- Detecting C compiler ABI info - done
[2.139s] -- Detecting C compile features
[2.141s] -- Detecting C compile features - done
[2.155s] -- Check for working CXX compiler: /usr/bin/c++
[2.527s] -- Check for working CXX compiler: /usr/bin/c++ -- works
[2.531s] -- Detecting CXX compiler ABI info
[2.918s] -- Detecting CXX compiler ABI info - done
[2.969s] -- Detecting CXX compile features
[2.973s] -- Detecting CXX compile features - done
[3.083s] -- Found ament_cmake: 0.9.9 (/opt/ros/foxy/share/ament_cmake/cmake)
[3.386s] -- Found PythonInterp: /usr/bin/python3 (found suitable version "3.8.10", minimum required is "3") 
[3.387s] -- Using PYTHON_EXECUTABLE: /usr/bin/python3
[4.937s] -- Override CMake install command with custom implementation using symlinks instead of copying resources
[5.514s] -- Found rclcpp: 2.4.1 (/opt/ros/foxy/share/rclcpp/cmake)
[6.262s] -- Using all available rosidl_typesupport_c: rosidl_typesupport_fastrtps_c;rosidl_typesupport_introspection_c
[6.399s] -- Found rosidl_adapter: 1.2.1 (/opt/ros/foxy/share/rosidl_adapter/cmake)
[7.323s] -- Found OpenSSL: /usr/lib/aarch64-linux-gnu/libcrypto.so (found version "1.1.1f")  
[7.583s] -- Found FastRTPS: /opt/ros/foxy/include  
[8.348s] -- Using all available rosidl_typesupport_cpp: rosidl_typesupport_fastrtps_cpp;rosidl_typesupport_introspection_cpp
[8.897s] -- Found rmw_implementation_cmake: 1.0.3 (/opt/ros/foxy/share/rmw_implementation_cmake/cmake)
[8.920s] -- Using RMW implementation 'rmw_fastrtps_cpp' as default
[8.927s] -- Looking for pthread.h
[9.264s] -- Looking for pthread.h - found
[9.265s] -- Performing Test CMAKE_HAVE_LIBC_PTHREAD
[9.605s] -- Performing Test CMAKE_HAVE_LIBC_PTHREAD - Failed
[9.606s] -- Looking for pthread_create in pthreads
[9.880s] -- Looking for pthread_create in pthreads - not found
[9.881s] -- Looking for pthread_create in pthread
[10.209s] -- Looking for pthread_create in pthread - found
[10.212s] -- Found Threads: TRUE  
[11.284s] -- Found rclcpp_components: 2.4.1 (/opt/ros/foxy/share/rclcpp_components/cmake)
[11.760s] -- Found rclcpp_lifecycle: 2.4.1 (/opt/ros/foxy/share/rclcpp_lifecycle/cmake)
[12.117s] -- Found std_srvs: 2.0.5 (/opt/ros/foxy/share/std_srvs/cmake)
[12.213s] -- Found sensor_msgs: 2.0.5 (/opt/ros/foxy/share/sensor_msgs/cmake)
[12.943s] -- Found OpenCV: /usr (found version "4.2.0") 
[12.958s] -- Found raspimouse_msgs: 1.0.2 (/home/suv-user/foxy/colcon_ws/src/install/raspimouse_msgs/share/raspimouse_msgs/cmake)
[13.025s] -- Found raspimouse: 1.0.2 (/home/suv-user/foxy/colcon_ws/src/install/raspimouse/share/raspimouse/cmake)
[15.474s] -- Found rt_usb_9axisimu_driver: 2.0.1 (/opt/ros/foxy/share/rt_usb_9axisimu_driver/cmake)
[16.035s] -- Found ament_lint_auto: 0.9.6 (/opt/ros/foxy/share/ament_lint_auto/cmake)
[16.900s] -- Added test 'copyright' to check source files copyright and LICENSE
[16.952s] -- Added test 'cppcheck' to perform static code analysis on C / C++ code
[16.955s] -- Configured cppcheck include dirs: /home/suv-user/foxy/colcon_ws/src/raspimouse_ros2_examples/include
[16.955s] -- Configured cppcheck exclude dirs and/or files: 
[16.987s] -- Added test 'cpplint' to check C / C++ code against the Google style
[16.987s] -- Configured cpplint exclude dirs and/or files: 
[16.996s] -- Added test 'flake8' to check Python code syntax and style conventions
[17.008s] -- Added test 'lint_cmake' to check CMake code style
[17.018s] -- Added test 'pep257' to check Python code against some of the style conventions in PEP 257
[17.049s] -- Added test 'uncrustify' to check C / C++ code style
[17.050s] -- Configured uncrustify additional arguments: 
[17.058s] -- Added test 'xmllint' to check XML markup files
[17.119s] -- Configuring done
[17.358s] -- Generating done
[17.369s] -- Build files have been written to: /home/suv-user/foxy/colcon_ws/src/build/raspimouse_ros2_examples
[17.413s] Invoked command in '/home/suv-user/foxy/colcon_ws/src/build/raspimouse_ros2_examples' returned '0': AMENT_PREFIX_PATH=/home/suv-user/foxy/colcon_ws/src/install/raspimouse:/home/suv-user/foxy/colcon_ws/src/install/slam_toolbox:/home/suv-user/foxy/colcon_ws/src/install/raspimouse_msgs:/home/suv-user/foxy/colcon_ws/src/install/hls_lfcd_lds_driver:${AMENT_PREFIX_PATH} CMAKE_PREFIX_PATH=/home/suv-user/foxy/colcon_ws/src/install/raspimouse:/home/suv-user/foxy/colcon_ws/src/install/slam_toolbox:/home/suv-user/foxy/colcon_ws/src/install/raspimouse_msgs:/home/suv-user/foxy/colcon_ws/src/install/hls_lfcd_lds_driver:/home/suv-user/foxy/colcon_ws/install/turtlebot3:/home/suv-user/foxy/colcon_ws/install/turtlebot3_simulations:/home/suv-user/foxy/colcon_ws/install/turtlebot3_bringup:/home/suv-user/foxy/colcon_ws/install/turtlebot3_node:/home/suv-user/foxy/colcon_ws/install/turtlebot3_navigation2:/home/suv-user/foxy/colcon_ws/install/turtlebot3_fake_node:/home/suv-user/foxy/colcon_ws/install/turtlebot3_msgs:/home/suv-user/foxy/colcon_ws/install/turtlebot3_gazebo:/home/suv-user/foxy/colcon_ws/install/turtlebot3_description:/home/suv-user/foxy/colcon_ws/install/turtlebot3_cartographer:/home/suv-user/foxy/colcon_ws/install/raspimouse_ros2_examples:/home/suv-user/foxy/colcon_ws/install/slam_toolbox:/home/suv-user/foxy/colcon_ws/install/rplidar_ros:/home/suv-user/foxy/colcon_ws/install/hls_lfcd_lds_driver:/home/suv-user/foxy/colcon_ws/install/dynamixel_sdk_examples:/home/suv-user/foxy/colcon_ws/install/dynamixel_sdk_custom_interfaces:/home/suv-user/foxy/colcon_ws/install/dynamixel_sdk:/home/suv-user/suv-docker/rocker_test/docker-ros2/foxy/colcon_ws/install/turtlebot3:/home/suv-user/suv-docker/rocker_test/docker-ros2/foxy/colcon_ws/install/turtlebot3_simulations:/home/suv-user/suv-docker/rocker_test/docker-ros2/foxy/colcon_ws/install/turtlebot3_bringup:/home/suv-user/suv-docker/rocker_test/docker-ros2/foxy/colcon_ws/install/turtlebot3_node:/home/suv-user/suv-docker/rocker_test/docker-ros2/foxy/colcon_ws/install/turtlebot3_navigation2:/home/suv-user/suv-docker/rocker_test/docker-ros2/foxy/colcon_ws/install/turtlebot3_fake_node:/home/suv-user/suv-docker/rocker_test/docker-ros2/foxy/colcon_ws/install/turtlebot3_msgs:/home/suv-user/suv-docker/rocker_test/docker-ros2/foxy/colcon_ws/install/turtlebot3_gazebo:/home/suv-user/suv-docker/rocker_test/docker-ros2/foxy/colcon_ws/install/turtlebot3_description:/home/suv-user/suv-docker/rocker_test/docker-ros2/foxy/colcon_ws/install/turtlebot3_cartographer:/home/suv-user/suv-docker/rocker_test/docker-ros2/foxy/colcon_ws/install/slam_toolbox:/home/suv-user/suv-docker/rocker_test/docker-ros2/foxy/colcon_ws/install/rplidar_ros:/home/suv-user/suv-docker/rocker_test/docker-ros2/foxy/colcon_ws/install/hls_lfcd_lds_driver:/home/suv-user/suv-docker/rocker_test/docker-ros2/foxy/colcon_ws/install/dynamixel_sdk_examples:/home/suv-user/suv-docker/rocker_test/docker-ros2/foxy/colcon_ws/install/dynamixel_sdk_custom_interfaces:/home/suv-user/suv-docker/rocker_test/docker-ros2/foxy/colcon_ws/install/dynamixel_sdk:/home/suv-user/foxy/colcon_ws/install/turtlebot3_teleop:/home/suv-user/foxy/colcon_ws/install/turtlebot3_example:/home/suv-user/foxy/colcon_ws/install/odom_simulator:/home/suv-user/foxy/colcon_ws/install/motors_control:/home/suv-user/foxy/colcon_ws/install/motor_control2:/home/suv-user/suv-docker/rocker_test/docker-ros2/foxy/colcon_ws/install/turtlebot3_teleop:/home/suv-user/suv-docker/rocker_test/docker-ros2/foxy/colcon_ws/install/turtlebot3_example:/opt/ros/foxy LD_LIBRARY_PATH=/home/suv-user/foxy/colcon_ws/src/install/raspimouse/lib:/home/suv-user/foxy/colcon_ws/src/install/slam_toolbox/lib:/home/suv-user/foxy/colcon_ws/src/install/raspimouse_msgs/lib:${LD_LIBRARY_PATH} PYTHONPATH=/home/suv-user/foxy/colcon_ws/src/install/slam_toolbox/lib/python3.8/site-packages:/home/suv-user/foxy/colcon_ws/src/install/raspimouse_msgs/lib/python3.8/site-packages:${PYTHONPATH} /usr/bin/cmake /home/suv-user/foxy/colcon_ws/src/raspimouse_ros2_examples -DAMENT_CMAKE_SYMLINK_INSTALL=1 -DCMAKE_INSTALL_PREFIX=/home/suv-user/foxy/colcon_ws/src/install/raspimouse_ros2_examples
[17.426s] Invoking command in '/home/suv-user/foxy/colcon_ws/src/build/raspimouse_ros2_examples': AMENT_PREFIX_PATH=/home/suv-user/foxy/colcon_ws/src/install/raspimouse:/home/suv-user/foxy/colcon_ws/src/install/slam_toolbox:/home/suv-user/foxy/colcon_ws/src/install/raspimouse_msgs:/home/suv-user/foxy/colcon_ws/src/install/hls_lfcd_lds_driver:${AMENT_PREFIX_PATH} CMAKE_PREFIX_PATH=/home/suv-user/foxy/colcon_ws/src/install/raspimouse:/home/suv-user/foxy/colcon_ws/src/install/slam_toolbox:/home/suv-user/foxy/colcon_ws/src/install/raspimouse_msgs:/home/suv-user/foxy/colcon_ws/src/install/hls_lfcd_lds_driver:/home/suv-user/foxy/colcon_ws/install/turtlebot3:/home/suv-user/foxy/colcon_ws/install/turtlebot3_simulations:/home/suv-user/foxy/colcon_ws/install/turtlebot3_bringup:/home/suv-user/foxy/colcon_ws/install/turtlebot3_node:/home/suv-user/foxy/colcon_ws/install/turtlebot3_navigation2:/home/suv-user/foxy/colcon_ws/install/turtlebot3_fake_node:/home/suv-user/foxy/colcon_ws/install/turtlebot3_msgs:/home/suv-user/foxy/colcon_ws/install/turtlebot3_gazebo:/home/suv-user/foxy/colcon_ws/install/turtlebot3_description:/home/suv-user/foxy/colcon_ws/install/turtlebot3_cartographer:/home/suv-user/foxy/colcon_ws/install/raspimouse_ros2_examples:/home/suv-user/foxy/colcon_ws/install/slam_toolbox:/home/suv-user/foxy/colcon_ws/install/rplidar_ros:/home/suv-user/foxy/colcon_ws/install/hls_lfcd_lds_driver:/home/suv-user/foxy/colcon_ws/install/dynamixel_sdk_examples:/home/suv-user/foxy/colcon_ws/install/dynamixel_sdk_custom_interfaces:/home/suv-user/foxy/colcon_ws/install/dynamixel_sdk:/home/suv-user/suv-docker/rocker_test/docker-ros2/foxy/colcon_ws/install/turtlebot3:/home/suv-user/suv-docker/rocker_test/docker-ros2/foxy/colcon_ws/install/turtlebot3_simulations:/home/suv-user/suv-docker/rocker_test/docker-ros2/foxy/colcon_ws/install/turtlebot3_bringup:/home/suv-user/suv-docker/rocker_test/docker-ros2/foxy/colcon_ws/install/turtlebot3_node:/home/suv-user/suv-docker/rocker_test/docker-ros2/foxy/colcon_ws/install/turtlebot3_navigation2:/home/suv-user/suv-docker/rocker_test/docker-ros2/foxy/colcon_ws/install/turtlebot3_fake_node:/home/suv-user/suv-docker/rocker_test/docker-ros2/foxy/colcon_ws/install/turtlebot3_msgs:/home/suv-user/suv-docker/rocker_test/docker-ros2/foxy/colcon_ws/install/turtlebot3_gazebo:/home/suv-user/suv-docker/rocker_test/docker-ros2/foxy/colcon_ws/install/turtlebot3_description:/home/suv-user/suv-docker/rocker_test/docker-ros2/foxy/colcon_ws/install/turtlebot3_cartographer:/home/suv-user/suv-docker/rocker_test/docker-ros2/foxy/colcon_ws/install/slam_toolbox:/home/suv-user/suv-docker/rocker_test/docker-ros2/foxy/colcon_ws/install/rplidar_ros:/home/suv-user/suv-docker/rocker_test/docker-ros2/foxy/colcon_ws/install/hls_lfcd_lds_driver:/home/suv-user/suv-docker/rocker_test/docker-ros2/foxy/colcon_ws/install/dynamixel_sdk_examples:/home/suv-user/suv-docker/rocker_test/docker-ros2/foxy/colcon_ws/install/dynamixel_sdk_custom_interfaces:/home/suv-user/suv-docker/rocker_test/docker-ros2/foxy/colcon_ws/install/dynamixel_sdk:/home/suv-user/foxy/colcon_ws/install/turtlebot3_teleop:/home/suv-user/foxy/colcon_ws/install/turtlebot3_example:/home/suv-user/foxy/colcon_ws/install/odom_simulator:/home/suv-user/foxy/colcon_ws/install/motors_control:/home/suv-user/foxy/colcon_ws/install/motor_control2:/home/suv-user/suv-docker/rocker_test/docker-ros2/foxy/colcon_ws/install/turtlebot3_teleop:/home/suv-user/suv-docker/rocker_test/docker-ros2/foxy/colcon_ws/install/turtlebot3_example:/opt/ros/foxy LD_LIBRARY_PATH=/home/suv-user/foxy/colcon_ws/src/install/raspimouse/lib:/home/suv-user/foxy/colcon_ws/src/install/slam_toolbox/lib:/home/suv-user/foxy/colcon_ws/src/install/raspimouse_msgs/lib:${LD_LIBRARY_PATH} PYTHONPATH=/home/suv-user/foxy/colcon_ws/src/install/slam_toolbox/lib/python3.8/site-packages:/home/suv-user/foxy/colcon_ws/src/install/raspimouse_msgs/lib/python3.8/site-packages:${PYTHONPATH} /usr/bin/cmake --build /home/suv-user/foxy/colcon_ws/src/build/raspimouse_ros2_examples -- -j4 -l4
[17.636s] [35m[1mScanning dependencies of target direction_controller_component[0m
[17.642s] [35m[1mScanning dependencies of target lifecycle_node_manager[0m
[17.652s] [35m[1mScanning dependencies of target line_follower_component[0m
[17.658s] [35m[1mScanning dependencies of target object_tracking_component[0m
[17.905s] [  8%] [32mBuilding CXX object CMakeFiles/lifecycle_node_manager.dir/src/lifecycle_node_manager.cpp.o[0m
[17.950s] [ 16%] [32mBuilding CXX object CMakeFiles/direction_controller_component.dir/src/direction_controller_component.cpp.o[0m
[17.961s] [ 25%] [32mBuilding CXX object CMakeFiles/line_follower_component.dir/src/line_follower_component.cpp.o[0m
[18.201s] [ 33%] [32mBuilding CXX object CMakeFiles/object_tracking_component.dir/src/object_tracking_component.cpp.o[0m
[37.904s] [ 41%] [32m[1mLinking CXX executable lifecycle_node_manager[0m
[39.032s] [ 41%] Built target lifecycle_node_manager
[53.510s] [ 50%] [32m[1mLinking CXX shared library libobject_tracking_component.so[0m
[55.356s] [ 50%] Built target object_tracking_component
[62.935s] [ 58%] [32m[1mLinking CXX shared library libdirection_controller_component.so[0m
[64.948s] [ 58%] Built target direction_controller_component
[65.005s] [35m[1mScanning dependencies of target direction_controller[0m
[65.189s] [ 66%] [32m[1mLinking CXX shared library libline_follower_component.so[0m
[65.282s] [ 75%] [32mBuilding CXX object CMakeFiles/direction_controller.dir/src/direction_controller.cpp.o[0m
[67.168s] [ 75%] Built target line_follower_component
[67.224s] [35m[1mScanning dependencies of target line_follower[0m
[67.446s] [ 83%] [32mBuilding CXX object CMakeFiles/line_follower.dir/src/line_follower.cpp.o[0m
[76.569s] [ 91%] [32m[1mLinking CXX executable direction_controller[0m
[78.040s] [ 91%] Built target direction_controller
[79.058s] [100%] [32m[1mLinking CXX executable line_follower[0m
[80.968s] [100%] Built target line_follower
[81.022s] Invoked command in '/home/suv-user/foxy/colcon_ws/src/build/raspimouse_ros2_examples' returned '0': AMENT_PREFIX_PATH=/home/suv-user/foxy/colcon_ws/src/install/raspimouse:/home/suv-user/foxy/colcon_ws/src/install/slam_toolbox:/home/suv-user/foxy/colcon_ws/src/install/raspimouse_msgs:/home/suv-user/foxy/colcon_ws/src/install/hls_lfcd_lds_driver:${AMENT_PREFIX_PATH} CMAKE_PREFIX_PATH=/home/suv-user/foxy/colcon_ws/src/install/raspimouse:/home/suv-user/foxy/colcon_ws/src/install/slam_toolbox:/home/suv-user/foxy/colcon_ws/src/install/raspimouse_msgs:/home/suv-user/foxy/colcon_ws/src/install/hls_lfcd_lds_driver:/home/suv-user/foxy/colcon_ws/install/turtlebot3:/home/suv-user/foxy/colcon_ws/install/turtlebot3_simulations:/home/suv-user/foxy/colcon_ws/install/turtlebot3_bringup:/home/suv-user/foxy/colcon_ws/install/turtlebot3_node:/home/suv-user/foxy/colcon_ws/install/turtlebot3_navigation2:/home/suv-user/foxy/colcon_ws/install/turtlebot3_fake_node:/home/suv-user/foxy/colcon_ws/install/turtlebot3_msgs:/home/suv-user/foxy/colcon_ws/install/turtlebot3_gazebo:/home/suv-user/foxy/colcon_ws/install/turtlebot3_description:/home/suv-user/foxy/colcon_ws/install/turtlebot3_cartographer:/home/suv-user/foxy/colcon_ws/install/raspimouse_ros2_examples:/home/suv-user/foxy/colcon_ws/install/slam_toolbox:/home/suv-user/foxy/colcon_ws/install/rplidar_ros:/home/suv-user/foxy/colcon_ws/install/hls_lfcd_lds_driver:/home/suv-user/foxy/colcon_ws/install/dynamixel_sdk_examples:/home/suv-user/foxy/colcon_ws/install/dynamixel_sdk_custom_interfaces:/home/suv-user/foxy/colcon_ws/install/dynamixel_sdk:/home/suv-user/suv-docker/rocker_test/docker-ros2/foxy/colcon_ws/install/turtlebot3:/home/suv-user/suv-docker/rocker_test/docker-ros2/foxy/colcon_ws/install/turtlebot3_simulations:/home/suv-user/suv-docker/rocker_test/docker-ros2/foxy/colcon_ws/install/turtlebot3_bringup:/home/suv-user/suv-docker/rocker_test/docker-ros2/foxy/colcon_ws/install/turtlebot3_node:/home/suv-user/suv-docker/rocker_test/docker-ros2/foxy/colcon_ws/install/turtlebot3_navigation2:/home/suv-user/suv-docker/rocker_test/docker-ros2/foxy/colcon_ws/install/turtlebot3_fake_node:/home/suv-user/suv-docker/rocker_test/docker-ros2/foxy/colcon_ws/install/turtlebot3_msgs:/home/suv-user/suv-docker/rocker_test/docker-ros2/foxy/colcon_ws/install/turtlebot3_gazebo:/home/suv-user/suv-docker/rocker_test/docker-ros2/foxy/colcon_ws/install/turtlebot3_description:/home/suv-user/suv-docker/rocker_test/docker-ros2/foxy/colcon_ws/install/turtlebot3_cartographer:/home/suv-user/suv-docker/rocker_test/docker-ros2/foxy/colcon_ws/install/slam_toolbox:/home/suv-user/suv-docker/rocker_test/docker-ros2/foxy/colcon_ws/install/rplidar_ros:/home/suv-user/suv-docker/rocker_test/docker-ros2/foxy/colcon_ws/install/hls_lfcd_lds_driver:/home/suv-user/suv-docker/rocker_test/docker-ros2/foxy/colcon_ws/install/dynamixel_sdk_examples:/home/suv-user/suv-docker/rocker_test/docker-ros2/foxy/colcon_ws/install/dynamixel_sdk_custom_interfaces:/home/suv-user/suv-docker/rocker_test/docker-ros2/foxy/colcon_ws/install/dynamixel_sdk:/home/suv-user/foxy/colcon_ws/install/turtlebot3_teleop:/home/suv-user/foxy/colcon_ws/install/turtlebot3_example:/home/suv-user/foxy/colcon_ws/install/odom_simulator:/home/suv-user/foxy/colcon_ws/install/motors_control:/home/suv-user/foxy/colcon_ws/install/motor_control2:/home/suv-user/suv-docker/rocker_test/docker-ros2/foxy/colcon_ws/install/turtlebot3_teleop:/home/suv-user/suv-docker/rocker_test/docker-ros2/foxy/colcon_ws/install/turtlebot3_example:/opt/ros/foxy LD_LIBRARY_PATH=/home/suv-user/foxy/colcon_ws/src/install/raspimouse/lib:/home/suv-user/foxy/colcon_ws/src/install/slam_toolbox/lib:/home/suv-user/foxy/colcon_ws/src/install/raspimouse_msgs/lib:${LD_LIBRARY_PATH} PYTHONPATH=/home/suv-user/foxy/colcon_ws/src/install/slam_toolbox/lib/python3.8/site-packages:/home/suv-user/foxy/colcon_ws/src/install/raspimouse_msgs/lib/python3.8/site-packages:${PYTHONPATH} /usr/bin/cmake --build /home/suv-user/foxy/colcon_ws/src/build/raspimouse_ros2_examples -- -j4 -l4
[81.223s] Invoking command in '/home/suv-user/foxy/colcon_ws/src/build/raspimouse_ros2_examples': AMENT_PREFIX_PATH=/home/suv-user/foxy/colcon_ws/src/install/raspimouse:/home/suv-user/foxy/colcon_ws/src/install/slam_toolbox:/home/suv-user/foxy/colcon_ws/src/install/raspimouse_msgs:/home/suv-user/foxy/colcon_ws/src/install/hls_lfcd_lds_driver:${AMENT_PREFIX_PATH} CMAKE_PREFIX_PATH=/home/suv-user/foxy/colcon_ws/src/install/raspimouse:/home/suv-user/foxy/colcon_ws/src/install/slam_toolbox:/home/suv-user/foxy/colcon_ws/src/install/raspimouse_msgs:/home/suv-user/foxy/colcon_ws/src/install/hls_lfcd_lds_driver:/home/suv-user/foxy/colcon_ws/install/turtlebot3:/home/suv-user/foxy/colcon_ws/install/turtlebot3_simulations:/home/suv-user/foxy/colcon_ws/install/turtlebot3_bringup:/home/suv-user/foxy/colcon_ws/install/turtlebot3_node:/home/suv-user/foxy/colcon_ws/install/turtlebot3_navigation2:/home/suv-user/foxy/colcon_ws/install/turtlebot3_fake_node:/home/suv-user/foxy/colcon_ws/install/turtlebot3_msgs:/home/suv-user/foxy/colcon_ws/install/turtlebot3_gazebo:/home/suv-user/foxy/colcon_ws/install/turtlebot3_description:/home/suv-user/foxy/colcon_ws/install/turtlebot3_cartographer:/home/suv-user/foxy/colcon_ws/install/raspimouse_ros2_examples:/home/suv-user/foxy/colcon_ws/install/slam_toolbox:/home/suv-user/foxy/colcon_ws/install/rplidar_ros:/home/suv-user/foxy/colcon_ws/install/hls_lfcd_lds_driver:/home/suv-user/foxy/colcon_ws/install/dynamixel_sdk_examples:/home/suv-user/foxy/colcon_ws/install/dynamixel_sdk_custom_interfaces:/home/suv-user/foxy/colcon_ws/install/dynamixel_sdk:/home/suv-user/suv-docker/rocker_test/docker-ros2/foxy/colcon_ws/install/turtlebot3:/home/suv-user/suv-docker/rocker_test/docker-ros2/foxy/colcon_ws/install/turtlebot3_simulations:/home/suv-user/suv-docker/rocker_test/docker-ros2/foxy/colcon_ws/install/turtlebot3_bringup:/home/suv-user/suv-docker/rocker_test/docker-ros2/foxy/colcon_ws/install/turtlebot3_node:/home/suv-user/suv-docker/rocker_test/docker-ros2/foxy/colcon_ws/install/turtlebot3_navigation2:/home/suv-user/suv-docker/rocker_test/docker-ros2/foxy/colcon_ws/install/turtlebot3_fake_node:/home/suv-user/suv-docker/rocker_test/docker-ros2/foxy/colcon_ws/install/turtlebot3_msgs:/home/suv-user/suv-docker/rocker_test/docker-ros2/foxy/colcon_ws/install/turtlebot3_gazebo:/home/suv-user/suv-docker/rocker_test/docker-ros2/foxy/colcon_ws/install/turtlebot3_description:/home/suv-user/suv-docker/rocker_test/docker-ros2/foxy/colcon_ws/install/turtlebot3_cartographer:/home/suv-user/suv-docker/rocker_test/docker-ros2/foxy/colcon_ws/install/slam_toolbox:/home/suv-user/suv-docker/rocker_test/docker-ros2/foxy/colcon_ws/install/rplidar_ros:/home/suv-user/suv-docker/rocker_test/docker-ros2/foxy/colcon_ws/install/hls_lfcd_lds_driver:/home/suv-user/suv-docker/rocker_test/docker-ros2/foxy/colcon_ws/install/dynamixel_sdk_examples:/home/suv-user/suv-docker/rocker_test/docker-ros2/foxy/colcon_ws/install/dynamixel_sdk_custom_interfaces:/home/suv-user/suv-docker/rocker_test/docker-ros2/foxy/colcon_ws/install/dynamixel_sdk:/home/suv-user/foxy/colcon_ws/install/turtlebot3_teleop:/home/suv-user/foxy/colcon_ws/install/turtlebot3_example:/home/suv-user/foxy/colcon_ws/install/odom_simulator:/home/suv-user/foxy/colcon_ws/install/motors_control:/home/suv-user/foxy/colcon_ws/install/motor_control2:/home/suv-user/suv-docker/rocker_test/docker-ros2/foxy/colcon_ws/install/turtlebot3_teleop:/home/suv-user/suv-docker/rocker_test/docker-ros2/foxy/colcon_ws/install/turtlebot3_example:/opt/ros/foxy LD_LIBRARY_PATH=/home/suv-user/foxy/colcon_ws/src/install/raspimouse/lib:/home/suv-user/foxy/colcon_ws/src/install/slam_toolbox/lib:/home/suv-user/foxy/colcon_ws/src/install/raspimouse_msgs/lib:${LD_LIBRARY_PATH} PYTHONPATH=/home/suv-user/foxy/colcon_ws/src/install/slam_toolbox/lib/python3.8/site-packages:/home/suv-user/foxy/colcon_ws/src/install/raspimouse_msgs/lib/python3.8/site-packages:${PYTHONPATH} /usr/bin/cmake --install /home/suv-user/foxy/colcon_ws/src/build/raspimouse_ros2_examples
[81.275s] -- Install configuration: ""
[81.276s] -- Execute custom install script
[81.278s] -- Symlinking: /home/suv-user/foxy/colcon_ws/src/install/raspimouse_ros2_examples/share/raspimouse_ros2_examples/environment/library_path.sh
[81.323s] -- Symlinking: /home/suv-user/foxy/colcon_ws/src/install/raspimouse_ros2_examples/share/raspimouse_ros2_examples/environment/library_path.dsv
[81.367s] -- Symlinking: /home/suv-user/foxy/colcon_ws/src/install/raspimouse_ros2_examples/include/raspimouse_ros2_examples/direction_controller_component.hpp
[81.416s] -- Symlinking: /home/suv-user/foxy/colcon_ws/src/install/raspimouse_ros2_examples/include/raspimouse_ros2_examples/line_follower_component.hpp
[81.462s] -- Symlinking: /home/suv-user/foxy/colcon_ws/src/install/raspimouse_ros2_examples/include/raspimouse_ros2_examples/object_tracking_component.hpp
[81.512s] -- Symlinking: /home/suv-user/foxy/colcon_ws/src/install/raspimouse_ros2_examples/include/raspimouse_ros2_examples/visibility_control.h
[81.559s] -- Symlinking: /home/suv-user/foxy/colcon_ws/src/install/raspimouse_ros2_examples/lib/raspimouse_ros2_examples/lifecycle_node_manager
[81.605s] -- Symlinking: /home/suv-user/foxy/colcon_ws/src/install/raspimouse_ros2_examples/lib/raspimouse_ros2_examples/line_follower
[81.648s] -- Symlinking: /home/suv-user/foxy/colcon_ws/src/install/raspimouse_ros2_examples/lib/raspimouse_ros2_examples/direction_controller
[81.693s] -- Symlinking: /home/suv-user/foxy/colcon_ws/src/install/raspimouse_ros2_examples/share/raspimouse_ros2_examples/environment/pythonpath.sh
[81.738s] -- Symlinking: /home/suv-user/foxy/colcon_ws/src/install/raspimouse_ros2_examples/share/raspimouse_ros2_examples/environment/pythonpath.dsv
[81.785s] -- Symlinking: /home/suv-user/foxy/colcon_ws/src/install/raspimouse_ros2_examples/lib/python3.8/site-packages/raspimouse_ros2_examples/__init__.py
[81.830s] -- Symlinking: /home/suv-user/foxy/colcon_ws/src/install/raspimouse_ros2_examples/lib/python3.8/site-packages/raspimouse_ros2_examples/joystick_control.py
[81.874s] -- Symlinking: /home/suv-user/foxy/colcon_ws/src/install/raspimouse_ros2_examples/lib/raspimouse_ros2_examples/joystick_control.py
[81.920s] -- Symlinking: /home/suv-user/foxy/colcon_ws/src/install/raspimouse_ros2_examples/share/raspimouse_ros2_examples//launch/direction_controller.launch.py
[81.968s] -- Symlinking: /home/suv-user/foxy/colcon_ws/src/install/raspimouse_ros2_examples/share/raspimouse_ros2_examples//launch/line_follower.launch.py
[82.012s] -- Symlinking: /home/suv-user/foxy/colcon_ws/src/install/raspimouse_ros2_examples/share/raspimouse_ros2_examples//launch/mouse_with_lidar.launch.py
[82.056s] -- Symlinking: /home/suv-user/foxy/colcon_ws/src/install/raspimouse_ros2_examples/share/raspimouse_ros2_examples//launch/object_tracking.launch.py
[82.105s] -- Symlinking: /home/suv-user/foxy/colcon_ws/src/install/raspimouse_ros2_examples/share/raspimouse_ros2_examples//launch/slam.launch.py
[82.149s] -- Symlinking: /home/suv-user/foxy/colcon_ws/src/install/raspimouse_ros2_examples/share/raspimouse_ros2_examples//launch/teleop_joy.launch.py
[82.196s] -- Symlinking: /home/suv-user/foxy/colcon_ws/src/install/raspimouse_ros2_examples/share/raspimouse_ros2_examples//config/configure_camera.bash
[82.241s] -- Symlinking: /home/suv-user/foxy/colcon_ws/src/install/raspimouse_ros2_examples/share/raspimouse_ros2_examples//config/default.rviz
[82.290s] -- Symlinking: /home/suv-user/foxy/colcon_ws/src/install/raspimouse_ros2_examples/share/raspimouse_ros2_examples//config/joy_dualshock3.yml
[82.335s] -- Symlinking: /home/suv-user/foxy/colcon_ws/src/install/raspimouse_ros2_examples/share/raspimouse_ros2_examples//config/joy_f710.yml
[82.385s] -- Symlinking: /home/suv-user/foxy/colcon_ws/src/install/raspimouse_ros2_examples/share/raspimouse_ros2_examples//config/mapper_params_offline.yaml
[82.429s] -- Symlinking: /home/suv-user/foxy/colcon_ws/src/install/raspimouse_ros2_examples/share/raspimouse_ros2_examples//config/mouse.yml
[82.479s] -- Symlinking: /home/suv-user/foxy/colcon_ws/src/install/raspimouse_ros2_examples/share/ament_index/resource_index/package_run_dependencies/raspimouse_ros2_examples
[82.524s] -- Symlinking: /home/suv-user/foxy/colcon_ws/src/install/raspimouse_ros2_examples/share/ament_index/resource_index/parent_prefix_path/raspimouse_ros2_examples
[82.573s] -- Symlinking: /home/suv-user/foxy/colcon_ws/src/install/raspimouse_ros2_examples/share/raspimouse_ros2_examples/environment/ament_prefix_path.sh
[82.618s] -- Symlinking: /home/suv-user/foxy/colcon_ws/src/install/raspimouse_ros2_examples/share/raspimouse_ros2_examples/environment/ament_prefix_path.dsv
[82.661s] -- Symlinking: /home/suv-user/foxy/colcon_ws/src/install/raspimouse_ros2_examples/share/raspimouse_ros2_examples/environment/path.sh
[82.715s] -- Symlinking: /home/suv-user/foxy/colcon_ws/src/install/raspimouse_ros2_examples/share/raspimouse_ros2_examples/environment/path.dsv
[82.761s] -- Symlinking: /home/suv-user/foxy/colcon_ws/src/install/raspimouse_ros2_examples/share/raspimouse_ros2_examples/local_setup.bash
[82.804s] -- Symlinking: /home/suv-user/foxy/colcon_ws/src/install/raspimouse_ros2_examples/share/raspimouse_ros2_examples/local_setup.sh
[82.852s] -- Symlinking: /home/suv-user/foxy/colcon_ws/src/install/raspimouse_ros2_examples/share/raspimouse_ros2_examples/local_setup.zsh
[82.896s] -- Symlinking: /home/suv-user/foxy/colcon_ws/src/install/raspimouse_ros2_examples/share/raspimouse_ros2_examples/local_setup.dsv
[82.944s] -- Symlinking: /home/suv-user/foxy/colcon_ws/src/install/raspimouse_ros2_examples/share/raspimouse_ros2_examples/package.dsv
[82.986s] -- Symlinking: /home/suv-user/foxy/colcon_ws/src/install/raspimouse_ros2_examples/share/ament_index/resource_index/packages/raspimouse_ros2_examples
[83.029s] -- Symlinking: /home/suv-user/foxy/colcon_ws/src/install/raspimouse_ros2_examples/share/ament_index/resource_index/rclcpp_components/raspimouse_ros2_examples
[83.072s] -- Symlinking: /home/suv-user/foxy/colcon_ws/src/install/raspimouse_ros2_examples/share/raspimouse_ros2_examples/cmake/ament_cmake_export_targets-extras.cmake
[83.114s] -- Symlinking: /home/suv-user/foxy/colcon_ws/src/install/raspimouse_ros2_examples/share/raspimouse_ros2_examples/cmake/ament_cmake_export_dependencies-extras.cmake
[83.156s] -- Symlinking: /home/suv-user/foxy/colcon_ws/src/install/raspimouse_ros2_examples/share/raspimouse_ros2_examples/cmake/ament_cmake_export_include_directories-extras.cmake
[83.198s] -- Symlinking: /home/suv-user/foxy/colcon_ws/src/install/raspimouse_ros2_examples/share/raspimouse_ros2_examples/cmake/ament_cmake_export_libraries-extras.cmake
[83.241s] -- Symlinking: /home/suv-user/foxy/colcon_ws/src/install/raspimouse_ros2_examples/share/raspimouse_ros2_examples/cmake/raspimouse_ros2_examplesConfig.cmake
[83.283s] -- Symlinking: /home/suv-user/foxy/colcon_ws/src/install/raspimouse_ros2_examples/share/raspimouse_ros2_examples/cmake/raspimouse_ros2_examplesConfig-version.cmake
[83.325s] -- Symlinking: /home/suv-user/foxy/colcon_ws/src/install/raspimouse_ros2_examples/share/raspimouse_ros2_examples/package.xml
[83.367s] -- Installing: /home/suv-user/foxy/colcon_ws/src/install/raspimouse_ros2_examples/lib/libobject_tracking_component.so
[83.377s] -- Set runtime path of "/home/suv-user/foxy/colcon_ws/src/install/raspimouse_ros2_examples/lib/libobject_tracking_component.so" to ""
[83.378s] -- Installing: /home/suv-user/foxy/colcon_ws/src/install/raspimouse_ros2_examples/lib/libline_follower_component.so
[83.403s] -- Set runtime path of "/home/suv-user/foxy/colcon_ws/src/install/raspimouse_ros2_examples/lib/libline_follower_component.so" to ""
[83.404s] -- Installing: /home/suv-user/foxy/colcon_ws/src/install/raspimouse_ros2_examples/lib/libdirection_controller_component.so
[83.429s] -- Set runtime path of "/home/suv-user/foxy/colcon_ws/src/install/raspimouse_ros2_examples/lib/libdirection_controller_component.so" to ""
[83.680s] Listing '/home/suv-user/foxy/colcon_ws/src/install/raspimouse_ros2_examples/lib/python3.8/site-packages/raspimouse_ros2_examples'...
[83.680s] Compiling '/home/suv-user/foxy/colcon_ws/src/install/raspimouse_ros2_examples/lib/python3.8/site-packages/raspimouse_ros2_examples/__init__.py'...
[83.681s] Compiling '/home/suv-user/foxy/colcon_ws/src/install/raspimouse_ros2_examples/lib/python3.8/site-packages/raspimouse_ros2_examples/joystick_control.py'...
[83.704s] -- Installing: /home/suv-user/foxy/colcon_ws/src/install/raspimouse_ros2_examples/share/raspimouse_ros2_examples/cmake/export_raspimouse_ros2_examplesExport.cmake
[83.705s] -- Installing: /home/suv-user/foxy/colcon_ws/src/install/raspimouse_ros2_examples/share/raspimouse_ros2_examples/cmake/export_raspimouse_ros2_examplesExport-noconfig.cmake
[83.723s] Invoked command in '/home/suv-user/foxy/colcon_ws/src/build/raspimouse_ros2_examples' returned '0': AMENT_PREFIX_PATH=/home/suv-user/foxy/colcon_ws/src/install/raspimouse:/home/suv-user/foxy/colcon_ws/src/install/slam_toolbox:/home/suv-user/foxy/colcon_ws/src/install/raspimouse_msgs:/home/suv-user/foxy/colcon_ws/src/install/hls_lfcd_lds_driver:${AMENT_PREFIX_PATH} CMAKE_PREFIX_PATH=/home/suv-user/foxy/colcon_ws/src/install/raspimouse:/home/suv-user/foxy/colcon_ws/src/install/slam_toolbox:/home/suv-user/foxy/colcon_ws/src/install/raspimouse_msgs:/home/suv-user/foxy/colcon_ws/src/install/hls_lfcd_lds_driver:/home/suv-user/foxy/colcon_ws/install/turtlebot3:/home/suv-user/foxy/colcon_ws/install/turtlebot3_simulations:/home/suv-user/foxy/colcon_ws/install/turtlebot3_bringup:/home/suv-user/foxy/colcon_ws/install/turtlebot3_node:/home/suv-user/foxy/colcon_ws/install/turtlebot3_navigation2:/home/suv-user/foxy/colcon_ws/install/turtlebot3_fake_node:/home/suv-user/foxy/colcon_ws/install/turtlebot3_msgs:/home/suv-user/foxy/colcon_ws/install/turtlebot3_gazebo:/home/suv-user/foxy/colcon_ws/install/turtlebot3_description:/home/suv-user/foxy/colcon_ws/install/turtlebot3_cartographer:/home/suv-user/foxy/colcon_ws/install/raspimouse_ros2_examples:/home/suv-user/foxy/colcon_ws/install/slam_toolbox:/home/suv-user/foxy/colcon_ws/install/rplidar_ros:/home/suv-user/foxy/colcon_ws/install/hls_lfcd_lds_driver:/home/suv-user/foxy/colcon_ws/install/dynamixel_sdk_examples:/home/suv-user/foxy/colcon_ws/install/dynamixel_sdk_custom_interfaces:/home/suv-user/foxy/colcon_ws/install/dynamixel_sdk:/home/suv-user/suv-docker/rocker_test/docker-ros2/foxy/colcon_ws/install/turtlebot3:/home/suv-user/suv-docker/rocker_test/docker-ros2/foxy/colcon_ws/install/turtlebot3_simulations:/home/suv-user/suv-docker/rocker_test/docker-ros2/foxy/colcon_ws/install/turtlebot3_bringup:/home/suv-user/suv-docker/rocker_test/docker-ros2/foxy/colcon_ws/install/turtlebot3_node:/home/suv-user/suv-docker/rocker_test/docker-ros2/foxy/colcon_ws/install/turtlebot3_navigation2:/home/suv-user/suv-docker/rocker_test/docker-ros2/foxy/colcon_ws/install/turtlebot3_fake_node:/home/suv-user/suv-docker/rocker_test/docker-ros2/foxy/colcon_ws/install/turtlebot3_msgs:/home/suv-user/suv-docker/rocker_test/docker-ros2/foxy/colcon_ws/install/turtlebot3_gazebo:/home/suv-user/suv-docker/rocker_test/docker-ros2/foxy/colcon_ws/install/turtlebot3_description:/home/suv-user/suv-docker/rocker_test/docker-ros2/foxy/colcon_ws/install/turtlebot3_cartographer:/home/suv-user/suv-docker/rocker_test/docker-ros2/foxy/colcon_ws/install/slam_toolbox:/home/suv-user/suv-docker/rocker_test/docker-ros2/foxy/colcon_ws/install/rplidar_ros:/home/suv-user/suv-docker/rocker_test/docker-ros2/foxy/colcon_ws/install/hls_lfcd_lds_driver:/home/suv-user/suv-docker/rocker_test/docker-ros2/foxy/colcon_ws/install/dynamixel_sdk_examples:/home/suv-user/suv-docker/rocker_test/docker-ros2/foxy/colcon_ws/install/dynamixel_sdk_custom_interfaces:/home/suv-user/suv-docker/rocker_test/docker-ros2/foxy/colcon_ws/install/dynamixel_sdk:/home/suv-user/foxy/colcon_ws/install/turtlebot3_teleop:/home/suv-user/foxy/colcon_ws/install/turtlebot3_example:/home/suv-user/foxy/colcon_ws/install/odom_simulator:/home/suv-user/foxy/colcon_ws/install/motors_control:/home/suv-user/foxy/colcon_ws/install/motor_control2:/home/suv-user/suv-docker/rocker_test/docker-ros2/foxy/colcon_ws/install/turtlebot3_teleop:/home/suv-user/suv-docker/rocker_test/docker-ros2/foxy/colcon_ws/install/turtlebot3_example:/opt/ros/foxy LD_LIBRARY_PATH=/home/suv-user/foxy/colcon_ws/src/install/raspimouse/lib:/home/suv-user/foxy/colcon_ws/src/install/slam_toolbox/lib:/home/suv-user/foxy/colcon_ws/src/install/raspimouse_msgs/lib:${LD_LIBRARY_PATH} PYTHONPATH=/home/suv-user/foxy/colcon_ws/src/install/slam_toolbox/lib/python3.8/site-packages:/home/suv-user/foxy/colcon_ws/src/install/raspimouse_msgs/lib/python3.8/site-packages:${PYTHONPATH} /usr/bin/cmake --install /home/suv-user/foxy/colcon_ws/src/build/raspimouse_ros2_examples
