[0.232s] Invoking command in '/home/suv-user/foxy/colcon_ws/src/build/turtlebot3_description': CMAKE_PREFIX_PATH=${CMAKE_PREFIX_PATH}:/home/suv-user/foxy/colcon_ws/install/turtlebot3_teleop:/home/suv-user/foxy/colcon_ws/install/turtlebot3_example:/home/suv-user/foxy/colcon_ws/install/odom_simulator:/home/suv-user/foxy/colcon_ws/install/motors_control:/home/suv-user/foxy/colcon_ws/install/motor_control2:/home/suv-user/suv-docker/rocker_test/docker-ros2/foxy/colcon_ws/install/turtlebot3_teleop:/home/suv-user/suv-docker/rocker_test/docker-ros2/foxy/colcon_ws/install/turtlebot3_example:/opt/ros/foxy /usr/bin/cmake /home/suv-user/foxy/colcon_ws/src/turtlebot3/turtlebot3/turtlebot3_description -DAMENT_CMAKE_SYMLINK_INSTALL=1 -DCMAKE_INSTALL_PREFIX=/home/suv-user/foxy/colcon_ws/src/install/turtlebot3_description
[1.084s] -- The C compiler identification is GNU 9.3.0
[2.067s] -- The CXX compiler identification is GNU 9.3.0
[2.141s] -- Check for working C compiler: /usr/bin/cc
[2.977s] -- Check for working C compiler: /usr/bin/cc -- works
[2.981s] -- Detecting C compiler ABI info
[4.002s] -- Detecting C compiler ABI info - done
[4.123s] -- Detecting C compile features
[4.127s] -- Detecting C compile features - done
[4.141s] -- Check for working CXX compiler: /usr/bin/c++
[4.916s] -- Check for working CXX compiler: /usr/bin/c++ -- works
[4.927s] -- Detecting CXX compiler ABI info
[5.931s] -- Detecting CXX compiler ABI info - done
[6.106s] -- Detecting CXX compile features
[6.119s] -- Detecting CXX compile features - done
[6.203s] -- Found ament_cmake: 0.9.9 (/opt/ros/foxy/share/ament_cmake/cmake)
[6.775s] -- Found PythonInterp: /usr/bin/python3 (found suitable version "3.8.10", minimum required is "3") 
[6.777s] -- Using PYTHON_EXECUTABLE: /usr/bin/python3
[8.441s] -- Override CMake install command with custom implementation using symlinks instead of copying resources
[9.464s] -- Found urdf: 2.4.0 (/opt/ros/foxy/share/urdf/cmake)
[11.071s] -- Configuring done
[11.109s] -- Generating done
[11.120s] -- Build files have been written to: /home/suv-user/foxy/colcon_ws/src/build/turtlebot3_description
[11.180s] Invoked command in '/home/suv-user/foxy/colcon_ws/src/build/turtlebot3_description' returned '0': CMAKE_PREFIX_PATH=${CMAKE_PREFIX_PATH}:/home/suv-user/foxy/colcon_ws/install/turtlebot3_teleop:/home/suv-user/foxy/colcon_ws/install/turtlebot3_example:/home/suv-user/foxy/colcon_ws/install/odom_simulator:/home/suv-user/foxy/colcon_ws/install/motors_control:/home/suv-user/foxy/colcon_ws/install/motor_control2:/home/suv-user/suv-docker/rocker_test/docker-ros2/foxy/colcon_ws/install/turtlebot3_teleop:/home/suv-user/suv-docker/rocker_test/docker-ros2/foxy/colcon_ws/install/turtlebot3_example:/opt/ros/foxy /usr/bin/cmake /home/suv-user/foxy/colcon_ws/src/turtlebot3/turtlebot3/turtlebot3_description -DAMENT_CMAKE_SYMLINK_INSTALL=1 -DCMAKE_INSTALL_PREFIX=/home/suv-user/foxy/colcon_ws/src/install/turtlebot3_description
[11.182s] Invoking command in '/home/suv-user/foxy/colcon_ws/src/build/turtlebot3_description': CMAKE_PREFIX_PATH=${CMAKE_PREFIX_PATH}:/home/suv-user/foxy/colcon_ws/install/turtlebot3_teleop:/home/suv-user/foxy/colcon_ws/install/turtlebot3_example:/home/suv-user/foxy/colcon_ws/install/odom_simulator:/home/suv-user/foxy/colcon_ws/install/motors_control:/home/suv-user/foxy/colcon_ws/install/motor_control2:/home/suv-user/suv-docker/rocker_test/docker-ros2/foxy/colcon_ws/install/turtlebot3_teleop:/home/suv-user/suv-docker/rocker_test/docker-ros2/foxy/colcon_ws/install/turtlebot3_example:/opt/ros/foxy /usr/bin/cmake --build /home/suv-user/foxy/colcon_ws/src/build/turtlebot3_description -- -j4 -l4
[11.706s] Invoked command in '/home/suv-user/foxy/colcon_ws/src/build/turtlebot3_description' returned '0': CMAKE_PREFIX_PATH=${CMAKE_PREFIX_PATH}:/home/suv-user/foxy/colcon_ws/install/turtlebot3_teleop:/home/suv-user/foxy/colcon_ws/install/turtlebot3_example:/home/suv-user/foxy/colcon_ws/install/odom_simulator:/home/suv-user/foxy/colcon_ws/install/motors_control:/home/suv-user/foxy/colcon_ws/install/motor_control2:/home/suv-user/suv-docker/rocker_test/docker-ros2/foxy/colcon_ws/install/turtlebot3_teleop:/home/suv-user/suv-docker/rocker_test/docker-ros2/foxy/colcon_ws/install/turtlebot3_example:/opt/ros/foxy /usr/bin/cmake --build /home/suv-user/foxy/colcon_ws/src/build/turtlebot3_description -- -j4 -l4
[12.549s] Invoking command in '/home/suv-user/foxy/colcon_ws/src/build/turtlebot3_description': CMAKE_PREFIX_PATH=${CMAKE_PREFIX_PATH}:/home/suv-user/foxy/colcon_ws/install/turtlebot3_teleop:/home/suv-user/foxy/colcon_ws/install/turtlebot3_example:/home/suv-user/foxy/colcon_ws/install/odom_simulator:/home/suv-user/foxy/colcon_ws/install/motors_control:/home/suv-user/foxy/colcon_ws/install/motor_control2:/home/suv-user/suv-docker/rocker_test/docker-ros2/foxy/colcon_ws/install/turtlebot3_teleop:/home/suv-user/suv-docker/rocker_test/docker-ros2/foxy/colcon_ws/install/turtlebot3_example:/opt/ros/foxy /usr/bin/cmake --install /home/suv-user/foxy/colcon_ws/src/build/turtlebot3_description
[12.765s] -- Install configuration: ""
[12.776s] -- Execute custom install script
[12.795s] -- Symlinking: /home/suv-user/foxy/colcon_ws/src/install/turtlebot3_description/share/turtlebot3_description/meshes/bases/burger_base.stl
[13.102s] -- Symlinking: /home/suv-user/foxy/colcon_ws/src/install/turtlebot3_description/share/turtlebot3_description/meshes/bases/waffle_base.stl
[13.308s] -- Symlinking: /home/suv-user/foxy/colcon_ws/src/install/turtlebot3_description/share/turtlebot3_description/meshes/bases/waffle_pi_base.stl
[13.473s] -- Symlinking: /home/suv-user/foxy/colcon_ws/src/install/turtlebot3_description/share/turtlebot3_description/meshes/sensors/astra.dae
[13.613s] -- Symlinking: /home/suv-user/foxy/colcon_ws/src/install/turtlebot3_description/share/turtlebot3_description/meshes/sensors/astra.jpg
[13.706s] -- Symlinking: /home/suv-user/foxy/colcon_ws/src/install/turtlebot3_description/share/turtlebot3_description/meshes/sensors/lds.stl
[13.981s] -- Symlinking: /home/suv-user/foxy/colcon_ws/src/install/turtlebot3_description/share/turtlebot3_description/meshes/sensors/r200.dae
[14.221s] -- Symlinking: /home/suv-user/foxy/colcon_ws/src/install/turtlebot3_description/share/turtlebot3_description/meshes/sensors/r200.jpg
[14.359s] -- Symlinking: /home/suv-user/foxy/colcon_ws/src/install/turtlebot3_description/share/turtlebot3_description/meshes/wheels/left_tire.stl
[14.484s] -- Symlinking: /home/suv-user/foxy/colcon_ws/src/install/turtlebot3_description/share/turtlebot3_description/meshes/wheels/right_tire.stl
[14.636s] -- Symlinking: /home/suv-user/foxy/colcon_ws/src/install/turtlebot3_description/share/turtlebot3_description/rviz/model.rviz
[14.805s] -- Symlinking: /home/suv-user/foxy/colcon_ws/src/install/turtlebot3_description/share/turtlebot3_description/urdf/common_properties.urdf
[15.009s] -- Symlinking: /home/suv-user/foxy/colcon_ws/src/install/turtlebot3_description/share/turtlebot3_description/urdf/turtlebot3_burger.urdf
[15.161s] -- Symlinking: /home/suv-user/foxy/colcon_ws/src/install/turtlebot3_description/share/turtlebot3_description/urdf/turtlebot3_waffle.urdf
[15.321s] -- Symlinking: /home/suv-user/foxy/colcon_ws/src/install/turtlebot3_description/share/turtlebot3_description/urdf/turtlebot3_waffle_pi.urdf
[15.518s] -- Symlinking: /home/suv-user/foxy/colcon_ws/src/install/turtlebot3_description/share/ament_index/resource_index/package_run_dependencies/turtlebot3_description
[15.713s] -- Symlinking: /home/suv-user/foxy/colcon_ws/src/install/turtlebot3_description/share/ament_index/resource_index/parent_prefix_path/turtlebot3_description
[16.035s] -- Symlinking: /home/suv-user/foxy/colcon_ws/src/install/turtlebot3_description/share/turtlebot3_description/environment/ament_prefix_path.sh
[16.234s] -- Symlinking: /home/suv-user/foxy/colcon_ws/src/install/turtlebot3_description/share/turtlebot3_description/environment/ament_prefix_path.dsv
[16.452s] -- Symlinking: /home/suv-user/foxy/colcon_ws/src/install/turtlebot3_description/share/turtlebot3_description/environment/path.sh
[16.649s] -- Symlinking: /home/suv-user/foxy/colcon_ws/src/install/turtlebot3_description/share/turtlebot3_description/environment/path.dsv
[16.890s] -- Symlinking: /home/suv-user/foxy/colcon_ws/src/install/turtlebot3_description/share/turtlebot3_description/local_setup.bash
[17.092s] -- Symlinking: /home/suv-user/foxy/colcon_ws/src/install/turtlebot3_description/share/turtlebot3_description/local_setup.sh
[17.286s] -- Symlinking: /home/suv-user/foxy/colcon_ws/src/install/turtlebot3_description/share/turtlebot3_description/local_setup.zsh
[17.427s] -- Symlinking: /home/suv-user/foxy/colcon_ws/src/install/turtlebot3_description/share/turtlebot3_description/local_setup.dsv
[17.658s] -- Symlinking: /home/suv-user/foxy/colcon_ws/src/install/turtlebot3_description/share/turtlebot3_description/package.dsv
[17.908s] -- Symlinking: /home/suv-user/foxy/colcon_ws/src/install/turtlebot3_description/share/ament_index/resource_index/packages/turtlebot3_description
[18.164s] -- Symlinking: /home/suv-user/foxy/colcon_ws/src/install/turtlebot3_description/share/turtlebot3_description/cmake/turtlebot3_descriptionConfig.cmake
[18.265s] -- Symlinking: /home/suv-user/foxy/colcon_ws/src/install/turtlebot3_description/share/turtlebot3_description/cmake/turtlebot3_descriptionConfig-version.cmake
[18.402s] -- Symlinking: /home/suv-user/foxy/colcon_ws/src/install/turtlebot3_description/share/turtlebot3_description/package.xml
[18.559s] Invoked command in '/home/suv-user/foxy/colcon_ws/src/build/turtlebot3_description' returned '0': CMAKE_PREFIX_PATH=${CMAKE_PREFIX_PATH}:/home/suv-user/foxy/colcon_ws/install/turtlebot3_teleop:/home/suv-user/foxy/colcon_ws/install/turtlebot3_example:/home/suv-user/foxy/colcon_ws/install/odom_simulator:/home/suv-user/foxy/colcon_ws/install/motors_control:/home/suv-user/foxy/colcon_ws/install/motor_control2:/home/suv-user/suv-docker/rocker_test/docker-ros2/foxy/colcon_ws/install/turtlebot3_teleop:/home/suv-user/suv-docker/rocker_test/docker-ros2/foxy/colcon_ws/install/turtlebot3_example:/opt/ros/foxy /usr/bin/cmake --install /home/suv-user/foxy/colcon_ws/src/build/turtlebot3_description
