Performing C SOURCE FILE Test CMAKE_HAVE_LIBC_PTHREAD failed with the following output:
Change Dir: /home/suv-user/foxy/colcon_ws/src/build/slam_toolbox/CMakeFiles/CMakeTmp

Run Build Command(s):/usr/bin/make cmTC_1c129/fast && /usr/bin/make -f CMakeFiles/cmTC_1c129.dir/build.make CMakeFiles/cmTC_1c129.dir/build
make[1]: Entering directory '/home/suv-user/foxy/colcon_ws/src/build/slam_toolbox/CMakeFiles/CMakeTmp'
Building C object CMakeFiles/cmTC_1c129.dir/src.c.o
/usr/bin/cc   -DCMAKE_HAVE_LIBC_PTHREAD   -o CMakeFiles/cmTC_1c129.dir/src.c.o   -c /home/suv-user/foxy/colcon_ws/src/build/slam_toolbox/CMakeFiles/CMakeTmp/src.c
Linking C executable cmTC_1c129
/usr/bin/cmake -E cmake_link_script CMakeFiles/cmTC_1c129.dir/link.txt --verbose=1
/usr/bin/cc  -DCMAKE_HAVE_LIBC_PTHREAD    CMakeFiles/cmTC_1c129.dir/src.c.o  -o cmTC_1c129 
/usr/bin/ld: CMakeFiles/cmTC_1c129.dir/src.c.o: in function `main':
src.c:(.text+0x48): undefined reference to `pthread_create'
/usr/bin/ld: src.c:(.text+0x50): undefined reference to `pthread_detach'
/usr/bin/ld: src.c:(.text+0x5c): undefined reference to `pthread_join'
collect2: error: ld returned 1 exit status
make[1]: *** [CMakeFiles/cmTC_1c129.dir/build.make:87: cmTC_1c129] Error 1
make[1]: Leaving directory '/home/suv-user/foxy/colcon_ws/src/build/slam_toolbox/CMakeFiles/CMakeTmp'
make: *** [Makefile:121: cmTC_1c129/fast] Error 2


Source file was:
#include <pthread.h>

void* test_func(void* data)
{
  return data;
}

int main(void)
{
  pthread_t thread;
  pthread_create(&thread, NULL, test_func, NULL);
  pthread_detach(thread);
  pthread_join(thread, NULL);
  pthread_atfork(NULL, NULL, NULL);
  pthread_exit(NULL);

  return 0;
}

Determining if the function pthread_create exists in the pthreads failed with the following output:
Change Dir: /home/suv-user/foxy/colcon_ws/src/build/slam_toolbox/CMakeFiles/CMakeTmp

Run Build Command(s):/usr/bin/make cmTC_f37eb/fast && /usr/bin/make -f CMakeFiles/cmTC_f37eb.dir/build.make CMakeFiles/cmTC_f37eb.dir/build
make[1]: Entering directory '/home/suv-user/foxy/colcon_ws/src/build/slam_toolbox/CMakeFiles/CMakeTmp'
Building C object CMakeFiles/cmTC_f37eb.dir/CheckFunctionExists.c.o
/usr/bin/cc   -DCHECK_FUNCTION_EXISTS=pthread_create   -o CMakeFiles/cmTC_f37eb.dir/CheckFunctionExists.c.o   -c /usr/share/cmake-3.16/Modules/CheckFunctionExists.c
Linking C executable cmTC_f37eb
/usr/bin/cmake -E cmake_link_script CMakeFiles/cmTC_f37eb.dir/link.txt --verbose=1
/usr/bin/cc  -DCHECK_FUNCTION_EXISTS=pthread_create    CMakeFiles/cmTC_f37eb.dir/CheckFunctionExists.c.o  -o cmTC_f37eb  -lpthreads 
/usr/bin/ld: cannot find -lpthreads
collect2: error: ld returned 1 exit status
make[1]: *** [CMakeFiles/cmTC_f37eb.dir/build.make:87: cmTC_f37eb] Error 1
make[1]: Leaving directory '/home/suv-user/foxy/colcon_ws/src/build/slam_toolbox/CMakeFiles/CMakeTmp'
make: *** [Makefile:121: cmTC_f37eb/fast] Error 2



Determining if the function sgemm_ exists failed with the following output:
Change Dir: /home/suv-user/foxy/colcon_ws/src/build/slam_toolbox/CMakeFiles/CMakeTmp

Run Build Command(s):/usr/bin/make cmTC_b77cb/fast && /usr/bin/make -f CMakeFiles/cmTC_b77cb.dir/build.make CMakeFiles/cmTC_b77cb.dir/build
make[1]: Entering directory '/home/suv-user/foxy/colcon_ws/src/build/slam_toolbox/CMakeFiles/CMakeTmp'
Building C object CMakeFiles/cmTC_b77cb.dir/CheckFunctionExists.c.o
/usr/bin/cc   -DCHECK_FUNCTION_EXISTS=sgemm_   -o CMakeFiles/cmTC_b77cb.dir/CheckFunctionExists.c.o   -c /usr/share/cmake-3.16/Modules/CheckFunctionExists.c
Linking C executable cmTC_b77cb
/usr/bin/cmake -E cmake_link_script CMakeFiles/cmTC_b77cb.dir/link.txt --verbose=1
/usr/bin/cc  -DCHECK_FUNCTION_EXISTS=sgemm_    CMakeFiles/cmTC_b77cb.dir/CheckFunctionExists.c.o  -o cmTC_b77cb 
/usr/bin/ld: CMakeFiles/cmTC_b77cb.dir/CheckFunctionExists.c.o: in function `main':
CheckFunctionExists.c:(.text+0x10): undefined reference to `sgemm_'
collect2: error: ld returned 1 exit status
make[1]: *** [CMakeFiles/cmTC_b77cb.dir/build.make:87: cmTC_b77cb] Error 1
make[1]: Leaving directory '/home/suv-user/foxy/colcon_ws/src/build/slam_toolbox/CMakeFiles/CMakeTmp'
make: *** [Makefile:121: cmTC_b77cb/fast] Error 2



Determining if the function cheev_ exists failed with the following output:
Change Dir: /home/suv-user/foxy/colcon_ws/src/build/slam_toolbox/CMakeFiles/CMakeTmp

Run Build Command(s):/usr/bin/make cmTC_86d82/fast && /usr/bin/make -f CMakeFiles/cmTC_86d82.dir/build.make CMakeFiles/cmTC_86d82.dir/build
make[1]: Entering directory '/home/suv-user/foxy/colcon_ws/src/build/slam_toolbox/CMakeFiles/CMakeTmp'
Building C object CMakeFiles/cmTC_86d82.dir/CheckFunctionExists.c.o
/usr/bin/cc   -DCHECK_FUNCTION_EXISTS=cheev_   -o CMakeFiles/cmTC_86d82.dir/CheckFunctionExists.c.o   -c /usr/share/cmake-3.16/Modules/CheckFunctionExists.c
Linking C executable cmTC_86d82
/usr/bin/cmake -E cmake_link_script CMakeFiles/cmTC_86d82.dir/link.txt --verbose=1
/usr/bin/cc  -DCHECK_FUNCTION_EXISTS=cheev_    CMakeFiles/cmTC_86d82.dir/CheckFunctionExists.c.o  -o cmTC_86d82  /usr/lib/aarch64-linux-gnu/libblas.so 
/usr/bin/ld: CMakeFiles/cmTC_86d82.dir/CheckFunctionExists.c.o: in function `main':
CheckFunctionExists.c:(.text+0x10): undefined reference to `cheev_'
collect2: error: ld returned 1 exit status
make[1]: *** [CMakeFiles/cmTC_86d82.dir/build.make:88: cmTC_86d82] Error 1
make[1]: Leaving directory '/home/suv-user/foxy/colcon_ws/src/build/slam_toolbox/CMakeFiles/CMakeTmp'
make: *** [Makefile:121: cmTC_86d82/fast] Error 2



