[0.227s] Invoking command in '/home/suv-user/foxy/colcon_ws/src/build/slam_toolbox': CMAKE_PREFIX_PATH=${CMAKE_PREFIX_PATH}:/home/suv-user/foxy/colcon_ws/install/turtlebot3_teleop:/home/suv-user/foxy/colcon_ws/install/turtlebot3_example:/home/suv-user/foxy/colcon_ws/install/odom_simulator:/home/suv-user/foxy/colcon_ws/install/motors_control:/home/suv-user/foxy/colcon_ws/install/motor_control2:/home/suv-user/suv-docker/rocker_test/docker-ros2/foxy/colcon_ws/install/turtlebot3_teleop:/home/suv-user/suv-docker/rocker_test/docker-ros2/foxy/colcon_ws/install/turtlebot3_example:/opt/ros/foxy /usr/bin/cmake /home/suv-user/foxy/colcon_ws/src/slam_toolbox -DAMENT_CMAKE_SYMLINK_INSTALL=1 -DCMAKE_INSTALL_PREFIX=/home/suv-user/foxy/colcon_ws/src/install/slam_toolbox
[1.081s] -- The C compiler identification is GNU 9.3.0
[1.759s] -- The CXX compiler identification is GNU 9.3.0
[1.880s] -- Check for working C compiler: /usr/bin/cc
[2.830s] -- Check for working C compiler: /usr/bin/cc -- works
[2.836s] -- Detecting C compiler ABI info
[3.775s] -- Detecting C compiler ABI info - done
[3.923s] -- Detecting C compile features
[3.924s] -- Detecting C compile features - done
[3.960s] -- Check for working CXX compiler: /usr/bin/c++
[4.967s] -- Check for working CXX compiler: /usr/bin/c++ -- works
[4.980s] -- Detecting CXX compiler ABI info
[5.960s] -- Detecting CXX compiler ABI info - done
[6.042s] -- Detecting CXX compile features
[6.046s] -- Detecting CXX compile features - done
[6.111s] -- Found ament_cmake: 0.9.9 (/opt/ros/foxy/share/ament_cmake/cmake)
[6.671s] -- Found PythonInterp: /usr/bin/python3 (found suitable version "3.8.10", minimum required is "3") 
[6.673s] -- Using PYTHON_EXECUTABLE: /usr/bin/python3
[8.923s] -- Override CMake install command with custom implementation using symlinks instead of copying resources
[9.890s] -- Found message_filters: 3.2.5 (/opt/ros/foxy/share/message_filters/cmake)
[10.016s] -- Found nav_msgs: 2.0.5 (/opt/ros/foxy/share/nav_msgs/cmake)
[10.808s] -- Using all available rosidl_typesupport_c: rosidl_typesupport_fastrtps_c;rosidl_typesupport_introspection_c
[11.073s] -- Found rosidl_adapter: 1.2.1 (/opt/ros/foxy/share/rosidl_adapter/cmake)
[12.926s] -- Found OpenSSL: /usr/lib/aarch64-linux-gnu/libcrypto.so (found version "1.1.1f")  
[13.384s] -- Found FastRTPS: /opt/ros/foxy/include  
[14.958s] -- Using all available rosidl_typesupport_cpp: rosidl_typesupport_fastrtps_cpp;rosidl_typesupport_introspection_cpp
[16.954s] -- Found rclcpp: 2.4.1 (/opt/ros/foxy/share/rclcpp/cmake)
[17.955s] -- Found rmw_implementation_cmake: 1.0.3 (/opt/ros/foxy/share/rmw_implementation_cmake/cmake)
[17.980s] -- Using RMW implementation 'rmw_fastrtps_cpp' as default
[17.989s] -- Looking for pthread.h
[18.955s] -- Looking for pthread.h - found
[18.955s] -- Performing Test CMAKE_HAVE_LIBC_PTHREAD
[20.104s] -- Performing Test CMAKE_HAVE_LIBC_PTHREAD - Failed
[20.106s] -- Looking for pthread_create in pthreads
[20.696s] -- Looking for pthread_create in pthreads - not found
[20.698s] -- Looking for pthread_create in pthread
[21.715s] -- Looking for pthread_create in pthread - found
[21.718s] -- Found Threads: TRUE  
[23.207s] -- Found sensor_msgs: 2.0.5 (/opt/ros/foxy/share/sensor_msgs/cmake)
[23.880s] -- Found tf2: 0.13.13 (/opt/ros/foxy/share/tf2/cmake)
[24.137s] -- Found tf2_ros: 0.13.13 (/opt/ros/foxy/share/tf2_ros/cmake)
[28.795s] -- Found visualization_msgs: 2.0.5 (/opt/ros/foxy/share/visualization_msgs/cmake)
[30.106s] -- Found pluginlib: 2.5.4 (/opt/ros/foxy/share/pluginlib/cmake)
[30.618s] -- Found tf2_geometry_msgs: 0.13.13 (/opt/ros/foxy/share/tf2_geometry_msgs/cmake)
[30.870s] -- Found eigen3_cmake_module: 0.1.1 (/opt/ros/foxy/share/eigen3_cmake_module/cmake)
[30.979s] -- Found Eigen3: TRUE (found version "3.3.7") 
[31.201s] -- Found tf2_sensor_msgs: 0.13.13 (/opt/ros/foxy/share/tf2_sensor_msgs/cmake)
[31.403s] -- Found std_srvs: 2.0.5 (/opt/ros/foxy/share/std_srvs/cmake)
[31.654s] -- Found rosidl_default_generators: 1.0.1 (/opt/ros/foxy/share/rosidl_default_generators/cmake)
[31.868s] -- Found nav2_map_server: 0.4.7 (/opt/ros/foxy/share/nav2_map_server/cmake)
[32.000s] -- Found rviz_common: 8.2.6 (/opt/ros/foxy/share/rviz_common/cmake)
[32.474s] -- Setting OGRE_DIR to: '/opt/ros/foxy/share/rviz_ogre_vendor/cmake/../../../opt/rviz_ogre_vendor/lib/OGRE/cmake'
[32.517s] -- Found OGRE
[32.521s] --   static     : OFF
[32.523s] --   components : HLMS;MeshLodGenerator;Overlay;Paging;Property;RTShaderSystem;Terrain;Volume
[32.525s] --   plugins    : Plugin_BSPSceneManager;Plugin_OctreeSceneManager;Plugin_PCZSceneManager;Plugin_ParticleFX;RenderSystem_GL;RenderSystem_GL3Plus;Codec_STBI
[32.526s] --   media      : /opt/ros/foxy/opt/rviz_ogre_vendor/share/OGRE/Media
[32.526s] -- OGRE_LIBRARIES: OgreHLMS;OgreMeshLodGenerator;OgreOverlay;OgrePaging;OgreProperty;OgreRTShaderSystem;OgreTerrain;OgreVolume;OgreMain
[32.527s] -- OGRE_LIBRARY_DIRS: /opt/ros/foxy/opt/rviz_ogre_vendor/lib
[32.528s] -- OGRE_PLUGINS: Plugin_BSPSceneManager;Plugin_OctreeSceneManager;Plugin_PCZSceneManager;Plugin_ParticleFX;RenderSystem_GL;RenderSystem_GL3Plus;Codec_STBI
[32.528s] -- OGRE_PLUGIN_DIR: /opt/ros/foxy/opt/rviz_ogre_vendor/lib/OGRE
[32.530s] -- rviz_ogre_vendor::OgreOverlay for IMPORTED_LOCATION_RELEASE: /opt/ros/foxy/opt/rviz_ogre_vendor/lib/libOgreOverlay.so
[32.531s] -- rviz_ogre_vendor::OgreOverlay for IMPORTED_LOCATION_DEBUG: /opt/ros/foxy/opt/rviz_ogre_vendor/lib/libOgreOverlay.so
[32.532s] -- rviz_ogre_vendor::OgreMain for IMPORTED_LOCATION_RELEASE: /opt/ros/foxy/opt/rviz_ogre_vendor/lib/libOgreMain.so
[32.535s] -- rviz_ogre_vendor::OgreMain for IMPORTED_LOCATION_DEBUG: /opt/ros/foxy/opt/rviz_ogre_vendor/lib/libOgreMain.so
[32.863s] -- Found ZLIB: /usr/lib/aarch64-linux-gnu/libz.so (found version "1.2.11") 
[33.007s] -- Found OpenGL: /usr/lib/aarch64-linux-gnu/libOpenGL.so   
[35.150s] -- Found X11: /usr/include   
[35.166s] -- Looking for XOpenDisplay in /usr/lib/aarch64-linux-gnu/libX11.so;/usr/lib/aarch64-linux-gnu/libXext.so
[36.521s] -- Looking for XOpenDisplay in /usr/lib/aarch64-linux-gnu/libX11.so;/usr/lib/aarch64-linux-gnu/libXext.so - found
[36.522s] -- Looking for gethostbyname
[37.511s] -- Looking for gethostbyname - found
[37.513s] -- Looking for connect
[38.483s] -- Looking for connect - found
[38.485s] -- Looking for remove
[39.739s] -- Looking for remove - found
[39.740s] -- Looking for shmat
[40.763s] -- Looking for shmat - found
[40.765s] -- Looking for IceConnectionNumber in ICE
[41.565s] -- Looking for IceConnectionNumber in ICE - found
[41.591s] -- rviz_ogre_vendor::RenderSystem_GL for IMPORTED_LOCATION_RELEASE: _render_system_gl_static_library_abs-NOTFOUND
[41.592s] -- rviz_ogre_vendor::RenderSystem_GL for IMPORTED_LOCATION_DEBUG: _render_system_gl_static_library_abs-NOTFOUND
[43.001s] -- library: /usr/lib/aarch64-linux-gnu/libcurl.so
[44.255s] -- Setting yaml-cpp_DIR to: '/opt/ros/foxy/share/yaml_cpp_vendor/cmake/../../../opt/yaml_cpp_vendor/lib/cmake/yaml-cpp'
[44.405s] -- Found rviz_default_plugins: 8.2.6 (/opt/ros/foxy/share/rviz_default_plugins/cmake)
[48.491s] -- Found Boost: /usr/lib/aarch64-linux-gnu/cmake/Boost-1.71.0/BoostConfig.cmake (found version "1.71.0") found components: system serialization filesystem thread 
[50.158s] -- Found PkgConfig: /usr/bin/pkg-config (found version "0.29.1") 
[50.238s] -- Found CSPARSE: /usr/include/suitesparse  
[51.003s] -- Found CHOLMOD: /usr/include/suitesparse  
[51.021s] -- Looking for sgemm_
[51.776s] -- Looking for sgemm_ - not found
[52.353s] -- Looking for sgemm_
[53.455s] -- Looking for sgemm_ - found
[53.457s] -- Found BLAS: /usr/lib/aarch64-linux-gnu/libblas.so  
[53.471s] -- Looking for cheev_
[54.825s] -- Looking for cheev_ - not found
[55.019s] -- Looking for cheev_
[56.166s] -- Looking for cheev_ - found
[56.166s] -- A library with LAPACK API found.
[56.276s] -- Found installed version of Eigen: /usr/lib/cmake/eigen3
[56.283s] -- Found required Ceres dependency: Eigen version 3.3.7 in /usr/include/eigen3
[56.357s] -- Found required Ceres dependency: glog
[56.404s] -- Found installed version of gflags: /usr/lib/aarch64-linux-gnu/cmake/gflags
[56.405s] -- Detected gflags version: 2.2.2
[56.432s] -- Found required Ceres dependency: gflags
[56.447s] -- Found Ceres version: 1.14.0 installed in: /usr with components: [EigenSparse, SparseLinearAlgebraLibrary, LAPACK, SuiteSparse, CXSparse, SchurSpecializations, OpenMP, Multithreading]
[57.148s] -- Found PythonInterp: /usr/bin/python3 (found version "3.8.10") 
[60.374s] -- Found ament_cmake_ros: 0.9.2 (/opt/ros/foxy/share/ament_cmake_ros/cmake)
[64.431s] -- Using all available rosidl_typesupport_c: rosidl_typesupport_fastrtps_c;rosidl_typesupport_introspection_c
[66.153s] -- Using all available rosidl_typesupport_cpp: rosidl_typesupport_fastrtps_cpp;rosidl_typesupport_introspection_cpp
[66.510s] -- Found PythonInterp: /usr/bin/python3 (found suitable version "3.8.10", minimum required is "3.5") 
[66.642s] -- Found python_cmake_module: 0.8.1 (/opt/ros/foxy/share/python_cmake_module/cmake)
[67.057s] -- Found PythonLibs: /usr/lib/aarch64-linux-gnu/libpython3.8.so (found suitable version "3.8.10", minimum required is "3.5") 
[67.062s] -- Using PYTHON_EXECUTABLE: /usr/bin/python3
[67.063s] -- Using PYTHON_INCLUDE_DIRS: /usr/include/python3.8
[67.063s] -- Using PYTHON_LIBRARIES: /usr/lib/aarch64-linux-gnu/libpython3.8.so
[67.517s] -- Found PythonExtra: .so  
[70.130s] -- Configuring done
[72.289s] -- Generating done
[72.319s] -- Build files have been written to: /home/suv-user/foxy/colcon_ws/src/build/slam_toolbox
[72.420s] Invoked command in '/home/suv-user/foxy/colcon_ws/src/build/slam_toolbox' returned '0': CMAKE_PREFIX_PATH=${CMAKE_PREFIX_PATH}:/home/suv-user/foxy/colcon_ws/install/turtlebot3_teleop:/home/suv-user/foxy/colcon_ws/install/turtlebot3_example:/home/suv-user/foxy/colcon_ws/install/odom_simulator:/home/suv-user/foxy/colcon_ws/install/motors_control:/home/suv-user/foxy/colcon_ws/install/motor_control2:/home/suv-user/suv-docker/rocker_test/docker-ros2/foxy/colcon_ws/install/turtlebot3_teleop:/home/suv-user/suv-docker/rocker_test/docker-ros2/foxy/colcon_ws/install/turtlebot3_example:/opt/ros/foxy /usr/bin/cmake /home/suv-user/foxy/colcon_ws/src/slam_toolbox -DAMENT_CMAKE_SYMLINK_INSTALL=1 -DCMAKE_INSTALL_PREFIX=/home/suv-user/foxy/colcon_ws/src/install/slam_toolbox
[72.438s] Invoking command in '/home/suv-user/foxy/colcon_ws/src/build/slam_toolbox': CMAKE_PREFIX_PATH=${CMAKE_PREFIX_PATH}:/home/suv-user/foxy/colcon_ws/install/turtlebot3_teleop:/home/suv-user/foxy/colcon_ws/install/turtlebot3_example:/home/suv-user/foxy/colcon_ws/install/odom_simulator:/home/suv-user/foxy/colcon_ws/install/motors_control:/home/suv-user/foxy/colcon_ws/install/motor_control2:/home/suv-user/suv-docker/rocker_test/docker-ros2/foxy/colcon_ws/install/turtlebot3_teleop:/home/suv-user/suv-docker/rocker_test/docker-ros2/foxy/colcon_ws/install/turtlebot3_example:/opt/ros/foxy /usr/bin/cmake --build /home/suv-user/foxy/colcon_ws/src/build/slam_toolbox -- -j4 -l4
[73.106s] [35m[1mScanning dependencies of target kartoSlamToolbox[0m
[73.809s] [  1%] [32mBuilding CXX object lib/karto_sdk/CMakeFiles/kartoSlamToolbox.dir/src/Karto.cpp.o[0m
[184.383s] [  1%] [32mBuilding CXX object lib/karto_sdk/CMakeFiles/kartoSlamToolbox.dir/src/Mapper.cpp.o[0m
[364.194s] [  2%] [32m[1mLinking CXX shared library libkartoSlamToolbox.so[0m
[366.211s] [  2%] Built target kartoSlamToolbox
[366.328s] [  3%] [34m[1mGenerating C code for ROS interfaces[0m
[373.334s] [35m[1mScanning dependencies of target slam_toolbox__rosidl_generator_c[0m
[373.457s] [  3%] [32mBuilding C object CMakeFiles/slam_toolbox__rosidl_generator_c.dir/rosidl_generator_c/slam_toolbox/srv/detail/pause__functions.c.o[0m
[373.858s] [  4%] [32mBuilding C object CMakeFiles/slam_toolbox__rosidl_generator_c.dir/rosidl_generator_c/slam_toolbox/srv/detail/toggle_interactive__functions.c.o[0m
[374.262s] [  5%] [32mBuilding C object CMakeFiles/slam_toolbox__rosidl_generator_c.dir/rosidl_generator_c/slam_toolbox/srv/detail/clear__functions.c.o[0m
[374.684s] [  5%] [32mBuilding C object CMakeFiles/slam_toolbox__rosidl_generator_c.dir/rosidl_generator_c/slam_toolbox/srv/detail/save_map__functions.c.o[0m
[375.162s] [  6%] [32mBuilding C object CMakeFiles/slam_toolbox__rosidl_generator_c.dir/rosidl_generator_c/slam_toolbox/srv/detail/loop_closure__functions.c.o[0m
[375.562s] [  7%] [32mBuilding C object CMakeFiles/slam_toolbox__rosidl_generator_c.dir/rosidl_generator_c/slam_toolbox/srv/detail/merge_maps__functions.c.o[0m
[375.946s] [  8%] [32mBuilding C object CMakeFiles/slam_toolbox__rosidl_generator_c.dir/rosidl_generator_c/slam_toolbox/srv/detail/add_submap__functions.c.o[0m
[376.339s] [  8%] [32mBuilding C object CMakeFiles/slam_toolbox__rosidl_generator_c.dir/rosidl_generator_c/slam_toolbox/srv/detail/deserialize_pose_graph__functions.c.o[0m
[376.739s] [  9%] [32mBuilding C object CMakeFiles/slam_toolbox__rosidl_generator_c.dir/rosidl_generator_c/slam_toolbox/srv/detail/serialize_pose_graph__functions.c.o[0m
[377.144s] [ 10%] [32mBuilding C object CMakeFiles/slam_toolbox__rosidl_generator_c.dir/rosidl_generator_c/slam_toolbox/srv/detail/clear_queue__functions.c.o[0m
[377.535s] [ 11%] [32m[1mLinking C shared library libslam_toolbox__rosidl_generator_c.so[0m
[377.781s] [ 11%] Built target slam_toolbox__rosidl_generator_c
[377.847s] [35m[1mScanning dependencies of target slam_toolbox__cpp[0m
[377.911s] [ 12%] [34m[1mGenerating C++ code for ROS interfaces[0m
[384.013s] [ 12%] Built target slam_toolbox__cpp
[384.080s] [ 13%] [34m[1mGenerating C type support dispatch for ROS interfaces[0m
[387.351s] [35m[1mScanning dependencies of target slam_toolbox__rosidl_typesupport_c[0m
[387.452s] [ 13%] [32mBuilding CXX object CMakeFiles/slam_toolbox__rosidl_typesupport_c.dir/rosidl_typesupport_c/slam_toolbox/srv/pause__type_support.cpp.o[0m
[387.626s] [ 14%] [32mBuilding CXX object CMakeFiles/slam_toolbox__rosidl_typesupport_c.dir/rosidl_typesupport_c/slam_toolbox/srv/clear_queue__type_support.cpp.o[0m
[387.795s] [ 15%] [32mBuilding CXX object CMakeFiles/slam_toolbox__rosidl_typesupport_c.dir/rosidl_typesupport_c/slam_toolbox/srv/toggle_interactive__type_support.cpp.o[0m
[387.967s] [ 15%] [32mBuilding CXX object CMakeFiles/slam_toolbox__rosidl_typesupport_c.dir/rosidl_typesupport_c/slam_toolbox/srv/clear__type_support.cpp.o[0m
[388.138s] [ 16%] [32mBuilding CXX object CMakeFiles/slam_toolbox__rosidl_typesupport_c.dir/rosidl_typesupport_c/slam_toolbox/srv/save_map__type_support.cpp.o[0m
[388.309s] [ 17%] [32mBuilding CXX object CMakeFiles/slam_toolbox__rosidl_typesupport_c.dir/rosidl_typesupport_c/slam_toolbox/srv/loop_closure__type_support.cpp.o[0m
[388.476s] [ 18%] [32mBuilding CXX object CMakeFiles/slam_toolbox__rosidl_typesupport_c.dir/rosidl_typesupport_c/slam_toolbox/srv/merge_maps__type_support.cpp.o[0m
[388.651s] [ 18%] [32mBuilding CXX object CMakeFiles/slam_toolbox__rosidl_typesupport_c.dir/rosidl_typesupport_c/slam_toolbox/srv/add_submap__type_support.cpp.o[0m
[388.837s] [ 19%] [32mBuilding CXX object CMakeFiles/slam_toolbox__rosidl_typesupport_c.dir/rosidl_typesupport_c/slam_toolbox/srv/deserialize_pose_graph__type_support.cpp.o[0m
[389.014s] [ 20%] [32mBuilding CXX object CMakeFiles/slam_toolbox__rosidl_typesupport_c.dir/rosidl_typesupport_c/slam_toolbox/srv/serialize_pose_graph__type_support.cpp.o[0m
[389.191s] [ 21%] [32m[1mLinking CXX shared library libslam_toolbox__rosidl_typesupport_c.so[0m
[389.400s] [ 21%] Built target slam_toolbox__rosidl_typesupport_c
[389.466s] [ 22%] [34m[1mGenerating C++ type support for eProsima Fast-RTPS[0m
[394.817s] [35m[1mScanning dependencies of target slam_toolbox__rosidl_typesupport_fastrtps_cpp[0m
[395.006s] [ 23%] [32mBuilding CXX object CMakeFiles/slam_toolbox__rosidl_typesupport_fastrtps_cpp.dir/rosidl_typesupport_fastrtps_cpp/slam_toolbox/srv/detail/dds_fastrtps/pause__type_support.cpp.o[0m
[397.395s] [ 23%] [32mBuilding CXX object CMakeFiles/slam_toolbox__rosidl_typesupport_fastrtps_cpp.dir/rosidl_typesupport_fastrtps_cpp/slam_toolbox/srv/detail/dds_fastrtps/clear_queue__type_support.cpp.o[0m
[399.689s] [ 24%] [32mBuilding CXX object CMakeFiles/slam_toolbox__rosidl_typesupport_fastrtps_cpp.dir/rosidl_typesupport_fastrtps_cpp/slam_toolbox/srv/detail/dds_fastrtps/toggle_interactive__type_support.cpp.o[0m
[401.903s] [ 25%] [32mBuilding CXX object CMakeFiles/slam_toolbox__rosidl_typesupport_fastrtps_cpp.dir/rosidl_typesupport_fastrtps_cpp/slam_toolbox/srv/detail/dds_fastrtps/clear__type_support.cpp.o[0m
[404.210s] [ 26%] [32mBuilding CXX object CMakeFiles/slam_toolbox__rosidl_typesupport_fastrtps_cpp.dir/rosidl_typesupport_fastrtps_cpp/slam_toolbox/srv/detail/dds_fastrtps/save_map__type_support.cpp.o[0m
[406.504s] [ 26%] [32mBuilding CXX object CMakeFiles/slam_toolbox__rosidl_typesupport_fastrtps_cpp.dir/rosidl_typesupport_fastrtps_cpp/slam_toolbox/srv/detail/dds_fastrtps/loop_closure__type_support.cpp.o[0m
[408.974s] [ 27%] [32mBuilding CXX object CMakeFiles/slam_toolbox__rosidl_typesupport_fastrtps_cpp.dir/rosidl_typesupport_fastrtps_cpp/slam_toolbox/srv/detail/dds_fastrtps/merge_maps__type_support.cpp.o[0m
[411.284s] [ 28%] [32mBuilding CXX object CMakeFiles/slam_toolbox__rosidl_typesupport_fastrtps_cpp.dir/rosidl_typesupport_fastrtps_cpp/slam_toolbox/srv/detail/dds_fastrtps/add_submap__type_support.cpp.o[0m
[413.739s] [ 29%] [32mBuilding CXX object CMakeFiles/slam_toolbox__rosidl_typesupport_fastrtps_cpp.dir/rosidl_typesupport_fastrtps_cpp/slam_toolbox/srv/detail/dds_fastrtps/deserialize_pose_graph__type_support.cpp.o[0m
[416.218s] [ 29%] [32mBuilding CXX object CMakeFiles/slam_toolbox__rosidl_typesupport_fastrtps_cpp.dir/rosidl_typesupport_fastrtps_cpp/slam_toolbox/srv/detail/dds_fastrtps/serialize_pose_graph__type_support.cpp.o[0m
[418.614s] [ 30%] [32m[1mLinking CXX shared library libslam_toolbox__rosidl_typesupport_fastrtps_cpp.so[0m
[419.112s] [ 30%] Built target slam_toolbox__rosidl_typesupport_fastrtps_cpp
[419.185s] [ 31%] [34m[1mGenerating C++ introspection for ROS interfaces[0m
[423.622s] [35m[1mScanning dependencies of target slam_toolbox__rosidl_typesupport_introspection_cpp[0m
[423.748s] [ 32%] [32mBuilding CXX object CMakeFiles/slam_toolbox__rosidl_typesupport_introspection_cpp.dir/rosidl_typesupport_introspection_cpp/slam_toolbox/srv/detail/pause__type_support.cpp.o[0m
[425.342s] [ 33%] [32mBuilding CXX object CMakeFiles/slam_toolbox__rosidl_typesupport_introspection_cpp.dir/rosidl_typesupport_introspection_cpp/slam_toolbox/srv/detail/clear_queue__type_support.cpp.o[0m
[426.875s] [ 33%] [32mBuilding CXX object CMakeFiles/slam_toolbox__rosidl_typesupport_introspection_cpp.dir/rosidl_typesupport_introspection_cpp/slam_toolbox/srv/detail/toggle_interactive__type_support.cpp.o[0m
[428.482s] [ 34%] [32mBuilding CXX object CMakeFiles/slam_toolbox__rosidl_typesupport_introspection_cpp.dir/rosidl_typesupport_introspection_cpp/slam_toolbox/srv/detail/clear__type_support.cpp.o[0m
[430.002s] [ 35%] [32mBuilding CXX object CMakeFiles/slam_toolbox__rosidl_typesupport_introspection_cpp.dir/rosidl_typesupport_introspection_cpp/slam_toolbox/srv/detail/save_map__type_support.cpp.o[0m
[431.590s] [ 35%] [32mBuilding CXX object CMakeFiles/slam_toolbox__rosidl_typesupport_introspection_cpp.dir/rosidl_typesupport_introspection_cpp/slam_toolbox/srv/detail/loop_closure__type_support.cpp.o[0m
[433.131s] [ 36%] [32mBuilding CXX object CMakeFiles/slam_toolbox__rosidl_typesupport_introspection_cpp.dir/rosidl_typesupport_introspection_cpp/slam_toolbox/srv/detail/merge_maps__type_support.cpp.o[0m
[434.725s] [ 37%] [32mBuilding CXX object CMakeFiles/slam_toolbox__rosidl_typesupport_introspection_cpp.dir/rosidl_typesupport_introspection_cpp/slam_toolbox/srv/detail/add_submap__type_support.cpp.o[0m
[436.511s] [ 38%] [32mBuilding CXX object CMakeFiles/slam_toolbox__rosidl_typesupport_introspection_cpp.dir/rosidl_typesupport_introspection_cpp/slam_toolbox/srv/detail/deserialize_pose_graph__type_support.cpp.o[0m
[438.181s] [ 38%] [32mBuilding CXX object CMakeFiles/slam_toolbox__rosidl_typesupport_introspection_cpp.dir/rosidl_typesupport_introspection_cpp/slam_toolbox/srv/detail/serialize_pose_graph__type_support.cpp.o[0m
[439.798s] [ 39%] [32m[1mLinking CXX shared library libslam_toolbox__rosidl_typesupport_introspection_cpp.so[0m
[440.117s] [ 39%] Built target slam_toolbox__rosidl_typesupport_introspection_cpp
[440.185s] [ 40%] [34m[1mGenerating C type support for eProsima Fast-RTPS[0m
[445.185s] [35m[1mScanning dependencies of target slam_toolbox__rosidl_typesupport_fastrtps_c[0m
[445.422s] [ 40%] [32mBuilding CXX object CMakeFiles/slam_toolbox__rosidl_typesupport_fastrtps_c.dir/rosidl_typesupport_fastrtps_c/slam_toolbox/srv/detail/pause__type_support_c.cpp.o[0m
[447.331s] [ 41%] [32mBuilding CXX object CMakeFiles/slam_toolbox__rosidl_typesupport_fastrtps_c.dir/rosidl_typesupport_fastrtps_c/slam_toolbox/srv/detail/clear_queue__type_support_c.cpp.o[0m
[449.328s] [ 42%] [32mBuilding CXX object CMakeFiles/slam_toolbox__rosidl_typesupport_fastrtps_c.dir/rosidl_typesupport_fastrtps_c/slam_toolbox/srv/detail/toggle_interactive__type_support_c.cpp.o[0m
[451.232s] [ 43%] [32mBuilding CXX object CMakeFiles/slam_toolbox__rosidl_typesupport_fastrtps_c.dir/rosidl_typesupport_fastrtps_c/slam_toolbox/srv/detail/clear__type_support_c.cpp.o[0m
[452.936s] [ 43%] [32mBuilding CXX object CMakeFiles/slam_toolbox__rosidl_typesupport_fastrtps_c.dir/rosidl_typesupport_fastrtps_c/slam_toolbox/srv/detail/save_map__type_support_c.cpp.o[0m
[454.654s] [ 44%] [32mBuilding CXX object CMakeFiles/slam_toolbox__rosidl_typesupport_fastrtps_c.dir/rosidl_typesupport_fastrtps_c/slam_toolbox/srv/detail/loop_closure__type_support_c.cpp.o[0m
[456.377s] [ 45%] [32mBuilding CXX object CMakeFiles/slam_toolbox__rosidl_typesupport_fastrtps_c.dir/rosidl_typesupport_fastrtps_c/slam_toolbox/srv/detail/merge_maps__type_support_c.cpp.o[0m
[458.085s] [ 46%] [32mBuilding CXX object CMakeFiles/slam_toolbox__rosidl_typesupport_fastrtps_c.dir/rosidl_typesupport_fastrtps_c/slam_toolbox/srv/detail/add_submap__type_support_c.cpp.o[0m
[460.011s] [ 46%] [32mBuilding CXX object CMakeFiles/slam_toolbox__rosidl_typesupport_fastrtps_c.dir/rosidl_typesupport_fastrtps_c/slam_toolbox/srv/detail/deserialize_pose_graph__type_support_c.cpp.o[0m
[462.130s] [ 47%] [32mBuilding CXX object CMakeFiles/slam_toolbox__rosidl_typesupport_fastrtps_c.dir/rosidl_typesupport_fastrtps_c/slam_toolbox/srv/detail/serialize_pose_graph__type_support_c.cpp.o[0m
[463.975s] [ 48%] [32m[1mLinking CXX shared library libslam_toolbox__rosidl_typesupport_fastrtps_c.so[0m
[464.347s] [ 48%] Built target slam_toolbox__rosidl_typesupport_fastrtps_c
[464.408s] [ 49%] [34m[1mGenerating C++ type support dispatch for ROS interfaces[0m
[464.410s] [ 50%] [34m[1mGenerating C introspection for ROS interfaces[0m
[467.655s] [35m[1mScanning dependencies of target slam_toolbox__rosidl_typesupport_cpp[0m
[467.748s] [ 51%] [32mBuilding CXX object CMakeFiles/slam_toolbox__rosidl_typesupport_cpp.dir/rosidl_typesupport_cpp/slam_toolbox/srv/pause__type_support.cpp.o[0m
[467.750s] [ 51%] [32mBuilding CXX object CMakeFiles/slam_toolbox__rosidl_typesupport_cpp.dir/rosidl_typesupport_cpp/slam_toolbox/srv/clear_queue__type_support.cpp.o[0m
[468.852s] [ 52%] [32mBuilding CXX object CMakeFiles/slam_toolbox__rosidl_typesupport_cpp.dir/rosidl_typesupport_cpp/slam_toolbox/srv/toggle_interactive__type_support.cpp.o[0m
[469.020s] [35m[1mScanning dependencies of target slam_toolbox__rosidl_typesupport_introspection_c[0m
[469.234s] [ 53%] [32mBuilding C object CMakeFiles/slam_toolbox__rosidl_typesupport_introspection_c.dir/rosidl_typesupport_introspection_c/slam_toolbox/srv/detail/pause__type_support.c.o[0m
[469.313s] [ 54%] [32mBuilding CXX object CMakeFiles/slam_toolbox__rosidl_typesupport_cpp.dir/rosidl_typesupport_cpp/slam_toolbox/srv/clear__type_support.cpp.o[0m
[469.345s] [ 55%] [32mBuilding CXX object CMakeFiles/slam_toolbox__rosidl_typesupport_cpp.dir/rosidl_typesupport_cpp/slam_toolbox/srv/save_map__type_support.cpp.o[0m
[469.543s] [ 55%] [32mBuilding C object CMakeFiles/slam_toolbox__rosidl_typesupport_introspection_c.dir/rosidl_typesupport_introspection_c/slam_toolbox/srv/detail/clear_queue__type_support.c.o[0m
[469.913s] [ 56%] [32mBuilding C object CMakeFiles/slam_toolbox__rosidl_typesupport_introspection_c.dir/rosidl_typesupport_introspection_c/slam_toolbox/srv/detail/toggle_interactive__type_support.c.o[0m
[470.291s] [ 57%] [32mBuilding C object CMakeFiles/slam_toolbox__rosidl_typesupport_introspection_c.dir/rosidl_typesupport_introspection_c/slam_toolbox/srv/detail/clear__type_support.c.o[0m
[470.570s] [ 57%] [32mBuilding CXX object CMakeFiles/slam_toolbox__rosidl_typesupport_cpp.dir/rosidl_typesupport_cpp/slam_toolbox/srv/loop_closure__type_support.cpp.o[0m
[470.696s] [ 57%] [32mBuilding C object CMakeFiles/slam_toolbox__rosidl_typesupport_introspection_c.dir/rosidl_typesupport_introspection_c/slam_toolbox/srv/detail/save_map__type_support.c.o[0m
[471.025s] [ 58%] [32mBuilding CXX object CMakeFiles/slam_toolbox__rosidl_typesupport_cpp.dir/rosidl_typesupport_cpp/slam_toolbox/srv/merge_maps__type_support.cpp.o[0m
[471.030s] [ 59%] [32mBuilding C object CMakeFiles/slam_toolbox__rosidl_typesupport_introspection_c.dir/rosidl_typesupport_introspection_c/slam_toolbox/srv/detail/loop_closure__type_support.c.o[0m
[471.329s] [ 60%] [32mBuilding CXX object CMakeFiles/slam_toolbox__rosidl_typesupport_cpp.dir/rosidl_typesupport_cpp/slam_toolbox/srv/add_submap__type_support.cpp.o[0m
[471.410s] [ 61%] [32mBuilding C object CMakeFiles/slam_toolbox__rosidl_typesupport_introspection_c.dir/rosidl_typesupport_introspection_c/slam_toolbox/srv/detail/merge_maps__type_support.c.o[0m
[471.794s] [ 62%] [32mBuilding C object CMakeFiles/slam_toolbox__rosidl_typesupport_introspection_c.dir/rosidl_typesupport_introspection_c/slam_toolbox/srv/detail/add_submap__type_support.c.o[0m
[472.169s] [ 62%] [32mBuilding C object CMakeFiles/slam_toolbox__rosidl_typesupport_introspection_c.dir/rosidl_typesupport_introspection_c/slam_toolbox/srv/detail/deserialize_pose_graph__type_support.c.o[0m
[472.301s] [ 62%] [32mBuilding CXX object CMakeFiles/slam_toolbox__rosidl_typesupport_cpp.dir/rosidl_typesupport_cpp/slam_toolbox/srv/deserialize_pose_graph__type_support.cpp.o[0m
[472.594s] [ 63%] [32mBuilding C object CMakeFiles/slam_toolbox__rosidl_typesupport_introspection_c.dir/rosidl_typesupport_introspection_c/slam_toolbox/srv/detail/serialize_pose_graph__type_support.c.o[0m
[472.730s] [ 64%] [32mBuilding CXX object CMakeFiles/slam_toolbox__rosidl_typesupport_cpp.dir/rosidl_typesupport_cpp/slam_toolbox/srv/serialize_pose_graph__type_support.cpp.o[0m
[473.086s] [ 65%] [32m[1mLinking C shared library libslam_toolbox__rosidl_typesupport_introspection_c.so[0m
[473.335s] [ 65%] Built target slam_toolbox__rosidl_typesupport_introspection_c
[474.250s] [ 66%] [32m[1mLinking CXX shared library libslam_toolbox__rosidl_typesupport_cpp.so[0m
[474.459s] [ 66%] Built target slam_toolbox__rosidl_typesupport_cpp
[474.515s] [35m[1mScanning dependencies of target slam_toolbox[0m
[474.579s] [ 66%] Built target slam_toolbox
[474.643s] [35m[1mScanning dependencies of target toolbox_common[0m
[474.650s] [35m[1mScanning dependencies of target slam_toolbox__py[0m
[474.729s] [ 67%] [34m[1mGenerating Python code for ROS interfaces[0m
[475.847s] [ 68%] [32mBuilding CXX object CMakeFiles/toolbox_common.dir/src/slam_toolbox_common.cpp.o[0m
[485.239s] [ 68%] Built target slam_toolbox__py
[485.292s] [ 69%] [32mBuilding CXX object CMakeFiles/toolbox_common.dir/src/map_saver.cpp.o[0m
[485.305s] [35m[1mScanning dependencies of target ceres_solver_plugin[0m
[485.793s] [ 70%] [32mBuilding CXX object CMakeFiles/ceres_solver_plugin.dir/solvers/ceres_solver.cpp.o[0m
[486.651s] [ 70%] [34m[1mGenerating rviz_plugin/moc_slam_toolbox_rviz_plugin.cpp[0m
[486.824s] [35m[1mScanning dependencies of target SlamToolboxPlugin[0m
[487.991s] [ 71%] [32mBuilding CXX object CMakeFiles/SlamToolboxPlugin.dir/rviz_plugin/slam_toolbox_rviz_plugin.cpp.o[0m
[539.041s] [ 71%] [32mBuilding CXX object CMakeFiles/toolbox_common.dir/src/loop_closure_assistant.cpp.o[0m
[555.934s] [ 72%] [32m[1mLinking CXX shared library libceres_solver_plugin.so[0m
[559.798s] [ 72%] Built target ceres_solver_plugin
[571.626s] [ 73%] [32mBuilding CXX object CMakeFiles/SlamToolboxPlugin.dir/rviz_plugin/moc_slam_toolbox_rviz_plugin.cpp.o[0m
[593.341s] [ 73%] [32m[1mLinking CXX shared library libSlamToolboxPlugin.so[0m
[600.507s] [ 73%] Built target SlamToolboxPlugin
[602.592s] [ 74%] [32mBuilding CXX object CMakeFiles/toolbox_common.dir/src/laser_utils.cpp.o[0m
[627.751s] [ 75%] [32mBuilding CXX object CMakeFiles/toolbox_common.dir/src/slam_mapper.cpp.o[0m
[682.613s] [ 76%] [32m[1mLinking CXX shared library libtoolbox_common.so[0m
[686.841s] [ 76%] Built target toolbox_common
[686.906s] [35m[1mScanning dependencies of target lifelong_slam_toolbox[0m
[686.906s] [35m[1mScanning dependencies of target sync_slam_toolbox[0m
[686.910s] [35m[1mScanning dependencies of target slam_toolbox__python[0m
[687.324s] [ 77%] [32mBuilding C object CMakeFiles/slam_toolbox__python.dir/rosidl_generator_py/slam_toolbox/srv/_pause_s.c.o[0m
[688.071s] [35m[1mScanning dependencies of target localization_slam_toolbox[0m
[688.235s] [ 78%] [32mBuilding CXX object CMakeFiles/sync_slam_toolbox.dir/src/slam_toolbox_sync.cpp.o[0m
[688.258s] [ 79%] [32mBuilding CXX object CMakeFiles/lifelong_slam_toolbox.dir/src/experimental/slam_toolbox_lifelong.cpp.o[0m
[688.481s] [ 79%] [32mBuilding C object CMakeFiles/slam_toolbox__python.dir/rosidl_generator_py/slam_toolbox/srv/_clear_queue_s.c.o[0m
[688.763s] [ 80%] [32mBuilding CXX object CMakeFiles/localization_slam_toolbox.dir/src/slam_toolbox_localization.cpp.o[0m
[689.459s] [ 81%] [32mBuilding C object CMakeFiles/slam_toolbox__python.dir/rosidl_generator_py/slam_toolbox/srv/_toggle_interactive_s.c.o[0m
[690.482s] [ 82%] [32mBuilding C object CMakeFiles/slam_toolbox__python.dir/rosidl_generator_py/slam_toolbox/srv/_clear_s.c.o[0m
[691.319s] [ 83%] [32mBuilding C object CMakeFiles/slam_toolbox__python.dir/rosidl_generator_py/slam_toolbox/srv/_save_map_s.c.o[0m
[692.629s] [ 83%] [32mBuilding C object CMakeFiles/slam_toolbox__python.dir/rosidl_generator_py/slam_toolbox/srv/_loop_closure_s.c.o[0m
[693.654s] [ 84%] [32mBuilding C object CMakeFiles/slam_toolbox__python.dir/rosidl_generator_py/slam_toolbox/srv/_merge_maps_s.c.o[0m
[694.492s] [ 85%] [32mBuilding C object CMakeFiles/slam_toolbox__python.dir/rosidl_generator_py/slam_toolbox/srv/_add_submap_s.c.o[0m
[695.211s] [ 86%] [32mBuilding C object CMakeFiles/slam_toolbox__python.dir/rosidl_generator_py/slam_toolbox/srv/_deserialize_pose_graph_s.c.o[0m
[696.275s] [ 86%] [32mBuilding C object CMakeFiles/slam_toolbox__python.dir/rosidl_generator_py/slam_toolbox/srv/_serialize_pose_graph_s.c.o[0m
[697.069s] [ 87%] [32m[1mLinking C shared library rosidl_generator_py/slam_toolbox/libslam_toolbox__python.so[0m
[697.667s] [ 87%] Built target slam_toolbox__python
[744.142s] [35m[1mScanning dependencies of target async_slam_toolbox[0m
[747.578s] [ 88%] [32mBuilding CXX object CMakeFiles/async_slam_toolbox.dir/src/slam_toolbox_async.cpp.o[0m
[760.111s] [ 90%] [32m[1mLinking CXX shared library libsync_slam_toolbox.so[0m
[760.122s] [ 90%] [32m[1mLinking CXX shared library liblifelong_slam_toolbox.so[0m
[765.591s] [ 90%] Built target sync_slam_toolbox
[765.713s] [ 90%] Built target lifelong_slam_toolbox
[782.904s] [ 90%] [32m[1mLinking CXX shared library liblocalization_slam_toolbox.so[0m
[785.437s] [ 90%] Built target localization_slam_toolbox
[787.498s] [35m[1mScanning dependencies of target slam_toolbox__rosidl_typesupport_c__pyext[0m
[787.707s] [ 90%] [32mBuilding C object CMakeFiles/slam_toolbox__rosidl_typesupport_c__pyext.dir/rosidl_generator_py/slam_toolbox/_slam_toolbox_s.ep.rosidl_typesupport_c.c.o[0m
[788.696s] [35m[1mScanning dependencies of target slam_toolbox__rosidl_typesupport_introspection_c__pyext[0m
[788.891s] [ 91%] [32mBuilding C object CMakeFiles/slam_toolbox__rosidl_typesupport_introspection_c__pyext.dir/rosidl_generator_py/slam_toolbox/_slam_toolbox_s.ep.rosidl_typesupport_introspection_c.c.o[0m
[788.913s] [35m[1mScanning dependencies of target slam_toolbox__rosidl_typesupport_fastrtps_c__pyext[0m
[789.185s] [ 91%] [32mBuilding C object CMakeFiles/slam_toolbox__rosidl_typesupport_fastrtps_c__pyext.dir/rosidl_generator_py/slam_toolbox/_slam_toolbox_s.ep.rosidl_typesupport_fastrtps_c.c.o[0m
[790.558s] [ 92%] [32m[1mLinking C shared library rosidl_generator_py/slam_toolbox/slam_toolbox_s__rosidl_typesupport_c.cpython-38-aarch64-linux-gnu.so[0m
[790.954s] [ 92%] Built target slam_toolbox__rosidl_typesupport_c__pyext
[791.092s] [35m[1mScanning dependencies of target lifelong_slam_toolbox_node[0m
[791.479s] [ 92%] [32m[1mLinking C shared library rosidl_generator_py/slam_toolbox/slam_toolbox_s__rosidl_typesupport_introspection_c.cpython-38-aarch64-linux-gnu.so[0m
[791.810s] [ 92%] Built target slam_toolbox__rosidl_typesupport_introspection_c__pyext
[791.845s] [ 93%] [32m[1mLinking CXX shared library rosidl_generator_py/slam_toolbox/slam_toolbox_s__rosidl_typesupport_fastrtps_c.cpython-38-aarch64-linux-gnu.so[0m
[791.939s] [35m[1mScanning dependencies of target merge_maps_kinematic[0m
[792.455s] [ 94%] [32mBuilding CXX object CMakeFiles/merge_maps_kinematic.dir/src/merge_maps_kinematic.cpp.o[0m
[792.471s] [ 94%] [32mBuilding CXX object CMakeFiles/lifelong_slam_toolbox_node.dir/src/experimental/slam_toolbox_lifelong_node.cpp.o[0m
[792.513s] [ 94%] Built target slam_toolbox__rosidl_typesupport_fastrtps_c__pyext
[817.520s] [ 95%] [32m[1mLinking CXX shared library libasync_slam_toolbox.so[0m
[820.048s] [ 95%] Built target async_slam_toolbox
[833.128s] [35m[1mScanning dependencies of target localization_slam_toolbox_node[0m
[833.682s] [ 96%] [32mBuilding CXX object CMakeFiles/localization_slam_toolbox_node.dir/src/slam_toolbox_localization_node.cpp.o[0m
[834.702s] [35m[1mScanning dependencies of target sync_slam_toolbox_node[0m
[835.326s] [ 96%] [32mBuilding CXX object CMakeFiles/sync_slam_toolbox_node.dir/src/slam_toolbox_sync_node.cpp.o[0m
[865.645s] [ 97%] [32m[1mLinking CXX executable lifelong_slam_toolbox_node[0m
[872.578s] [ 97%] Built target lifelong_slam_toolbox_node
[891.880s] [ 97%] [32m[1mLinking CXX executable merge_maps_kinematic[0m
[897.151s] [ 97%] Built target merge_maps_kinematic
[905.105s] [ 98%] [32m[1mLinking CXX executable localization_slam_toolbox_node[0m
[905.649s] [ 99%] [32m[1mLinking CXX executable sync_slam_toolbox_node[0m
[908.184s] [ 99%] Built target localization_slam_toolbox_node
[908.665s] [ 99%] Built target sync_slam_toolbox_node
[908.730s] [35m[1mScanning dependencies of target async_slam_toolbox_node[0m
[910.167s] [100%] [32mBuilding CXX object CMakeFiles/async_slam_toolbox_node.dir/src/slam_toolbox_async_node.cpp.o[0m
[965.850s] [100%] [32m[1mLinking CXX executable async_slam_toolbox_node[0m
[968.660s] [100%] Built target async_slam_toolbox_node
[968.742s] Invoked command in '/home/suv-user/foxy/colcon_ws/src/build/slam_toolbox' returned '0': CMAKE_PREFIX_PATH=${CMAKE_PREFIX_PATH}:/home/suv-user/foxy/colcon_ws/install/turtlebot3_teleop:/home/suv-user/foxy/colcon_ws/install/turtlebot3_example:/home/suv-user/foxy/colcon_ws/install/odom_simulator:/home/suv-user/foxy/colcon_ws/install/motors_control:/home/suv-user/foxy/colcon_ws/install/motor_control2:/home/suv-user/suv-docker/rocker_test/docker-ros2/foxy/colcon_ws/install/turtlebot3_teleop:/home/suv-user/suv-docker/rocker_test/docker-ros2/foxy/colcon_ws/install/turtlebot3_example:/opt/ros/foxy /usr/bin/cmake --build /home/suv-user/foxy/colcon_ws/src/build/slam_toolbox -- -j4 -l4
[970.216s] Invoking command in '/home/suv-user/foxy/colcon_ws/src/build/slam_toolbox': CMAKE_PREFIX_PATH=${CMAKE_PREFIX_PATH}:/home/suv-user/foxy/colcon_ws/install/turtlebot3_teleop:/home/suv-user/foxy/colcon_ws/install/turtlebot3_example:/home/suv-user/foxy/colcon_ws/install/odom_simulator:/home/suv-user/foxy/colcon_ws/install/motors_control:/home/suv-user/foxy/colcon_ws/install/motor_control2:/home/suv-user/suv-docker/rocker_test/docker-ros2/foxy/colcon_ws/install/turtlebot3_teleop:/home/suv-user/suv-docker/rocker_test/docker-ros2/foxy/colcon_ws/install/turtlebot3_example:/opt/ros/foxy /usr/bin/cmake --install /home/suv-user/foxy/colcon_ws/src/build/slam_toolbox
[970.257s] -- Install configuration: "Release"
[970.262s] -- Execute custom install script
[970.267s] -- Symlinking: /home/suv-user/foxy/colcon_ws/src/install/slam_toolbox/include//karto_sdk/Karto.h
[970.312s] -- Symlinking: /home/suv-user/foxy/colcon_ws/src/install/slam_toolbox/include//karto_sdk/Macros.h
[970.362s] -- Symlinking: /home/suv-user/foxy/colcon_ws/src/install/slam_toolbox/include//karto_sdk/Mapper.h
[970.408s] -- Symlinking: /home/suv-user/foxy/colcon_ws/src/install/slam_toolbox/include//karto_sdk/Math.h
[970.453s] -- Symlinking: /home/suv-user/foxy/colcon_ws/src/install/slam_toolbox/include//karto_sdk/Types.h
[970.497s] -- Symlinking: /home/suv-user/foxy/colcon_ws/src/install/slam_toolbox/include//karto_sdk/nanoflann.hpp
[970.538s] -- Symlinking: /home/suv-user/foxy/colcon_ws/src/install/slam_toolbox/include//karto_sdk/nanoflann_adaptors.h
[970.587s] -- Symlinking: /home/suv-user/foxy/colcon_ws/src/install/slam_toolbox/lib/libkartoSlamToolbox.so
[970.661s] -- Symlinking: /home/suv-user/foxy/colcon_ws/src/install/slam_toolbox/share/karto_sdk/environment/library_path.sh
[970.712s] -- Symlinking: /home/suv-user/foxy/colcon_ws/src/install/slam_toolbox/share/karto_sdk/environment/library_path.dsv
[970.762s] -- Symlinking: /home/suv-user/foxy/colcon_ws/src/install/slam_toolbox/share/ament_index/resource_index/package_run_dependencies/karto_sdk
[970.809s] -- Symlinking: /home/suv-user/foxy/colcon_ws/src/install/slam_toolbox/share/ament_index/resource_index/parent_prefix_path/karto_sdk
[970.874s] -- Symlinking: /home/suv-user/foxy/colcon_ws/src/install/slam_toolbox/share/karto_sdk/environment/ament_prefix_path.sh
[970.916s] -- Symlinking: /home/suv-user/foxy/colcon_ws/src/install/slam_toolbox/share/karto_sdk/environment/ament_prefix_path.dsv
[970.960s] -- Symlinking: /home/suv-user/foxy/colcon_ws/src/install/slam_toolbox/share/karto_sdk/environment/path.sh
[971.005s] -- Symlinking: /home/suv-user/foxy/colcon_ws/src/install/slam_toolbox/share/karto_sdk/environment/path.dsv
[971.050s] -- Symlinking: /home/suv-user/foxy/colcon_ws/src/install/slam_toolbox/share/karto_sdk/local_setup.bash
[971.095s] -- Symlinking: /home/suv-user/foxy/colcon_ws/src/install/slam_toolbox/share/karto_sdk/local_setup.sh
[971.147s] -- Symlinking: /home/suv-user/foxy/colcon_ws/src/install/slam_toolbox/share/karto_sdk/local_setup.zsh
[971.192s] -- Symlinking: /home/suv-user/foxy/colcon_ws/src/install/slam_toolbox/share/karto_sdk/local_setup.dsv
[971.245s] -- Symlinking: /home/suv-user/foxy/colcon_ws/src/install/slam_toolbox/share/karto_sdk/package.dsv
[971.305s] -- Symlinking: /home/suv-user/foxy/colcon_ws/src/install/slam_toolbox/share/ament_index/resource_index/packages/karto_sdk
[971.360s] -- Symlinking: /home/suv-user/foxy/colcon_ws/src/install/slam_toolbox/share/karto_sdk/cmake/ament_cmake_export_libraries-extras.cmake
[971.420s] -- Symlinking: /home/suv-user/foxy/colcon_ws/src/install/slam_toolbox/share/karto_sdk/cmake/ament_cmake_export_include_directories-extras.cmake
[971.472s] -- Symlinking: /home/suv-user/foxy/colcon_ws/src/install/slam_toolbox/share/karto_sdk/cmake/ament_cmake_export_dependencies-extras.cmake
[971.521s] -- Symlinking: /home/suv-user/foxy/colcon_ws/src/install/slam_toolbox/share/karto_sdk/cmake/karto_sdkConfig.cmake
[971.572s] -- Symlinking: /home/suv-user/foxy/colcon_ws/src/install/slam_toolbox/share/karto_sdk/cmake/karto_sdkConfig-version.cmake
[971.617s] -- Symlinking: /home/suv-user/foxy/colcon_ws/src/install/slam_toolbox/share/karto_sdk/package.xml
[971.663s] -- Symlinking: /home/suv-user/foxy/colcon_ws/src/install/slam_toolbox/share/ament_index/resource_index/rosidl_interfaces/slam_toolbox
[971.723s] -- Symlinking: /home/suv-user/foxy/colcon_ws/src/install/slam_toolbox/include/slam_toolbox/msg/rosidl_generator_c__visibility_control.h
[971.768s] -- Symlinking: /home/suv-user/foxy/colcon_ws/src/install/slam_toolbox/include/slam_toolbox/srv/add_submap.h
[971.811s] -- Symlinking: /home/suv-user/foxy/colcon_ws/src/install/slam_toolbox/include/slam_toolbox/srv/clear.h
[971.858s] -- Symlinking: /home/suv-user/foxy/colcon_ws/src/install/slam_toolbox/include/slam_toolbox/srv/clear_queue.h
[971.899s] -- Symlinking: /home/suv-user/foxy/colcon_ws/src/install/slam_toolbox/include/slam_toolbox/srv/deserialize_pose_graph.h
[971.957s] -- Symlinking: /home/suv-user/foxy/colcon_ws/src/install/slam_toolbox/include/slam_toolbox/srv/detail/add_submap__functions.h
[971.998s] -- Symlinking: /home/suv-user/foxy/colcon_ws/src/install/slam_toolbox/include/slam_toolbox/srv/detail/add_submap__struct.h
[972.041s] -- Symlinking: /home/suv-user/foxy/colcon_ws/src/install/slam_toolbox/include/slam_toolbox/srv/detail/add_submap__type_support.h
[972.084s] -- Symlinking: /home/suv-user/foxy/colcon_ws/src/install/slam_toolbox/include/slam_toolbox/srv/detail/clear__functions.h
[972.124s] -- Symlinking: /home/suv-user/foxy/colcon_ws/src/install/slam_toolbox/include/slam_toolbox/srv/detail/clear__struct.h
[972.172s] -- Symlinking: /home/suv-user/foxy/colcon_ws/src/install/slam_toolbox/include/slam_toolbox/srv/detail/clear__type_support.h
[972.217s] -- Symlinking: /home/suv-user/foxy/colcon_ws/src/install/slam_toolbox/include/slam_toolbox/srv/detail/clear_queue__functions.h
[972.263s] -- Symlinking: /home/suv-user/foxy/colcon_ws/src/install/slam_toolbox/include/slam_toolbox/srv/detail/clear_queue__struct.h
[972.303s] -- Symlinking: /home/suv-user/foxy/colcon_ws/src/install/slam_toolbox/include/slam_toolbox/srv/detail/clear_queue__type_support.h
[972.352s] -- Symlinking: /home/suv-user/foxy/colcon_ws/src/install/slam_toolbox/include/slam_toolbox/srv/detail/deserialize_pose_graph__functions.h
[972.393s] -- Symlinking: /home/suv-user/foxy/colcon_ws/src/install/slam_toolbox/include/slam_toolbox/srv/detail/deserialize_pose_graph__struct.h
[972.436s] -- Symlinking: /home/suv-user/foxy/colcon_ws/src/install/slam_toolbox/include/slam_toolbox/srv/detail/deserialize_pose_graph__type_support.h
[972.479s] -- Symlinking: /home/suv-user/foxy/colcon_ws/src/install/slam_toolbox/include/slam_toolbox/srv/detail/loop_closure__functions.h
[972.527s] -- Symlinking: /home/suv-user/foxy/colcon_ws/src/install/slam_toolbox/include/slam_toolbox/srv/detail/loop_closure__struct.h
[972.570s] -- Symlinking: /home/suv-user/foxy/colcon_ws/src/install/slam_toolbox/include/slam_toolbox/srv/detail/loop_closure__type_support.h
[972.611s] -- Symlinking: /home/suv-user/foxy/colcon_ws/src/install/slam_toolbox/include/slam_toolbox/srv/detail/merge_maps__functions.h
[972.654s] -- Symlinking: /home/suv-user/foxy/colcon_ws/src/install/slam_toolbox/include/slam_toolbox/srv/detail/merge_maps__struct.h
[972.696s] -- Symlinking: /home/suv-user/foxy/colcon_ws/src/install/slam_toolbox/include/slam_toolbox/srv/detail/merge_maps__type_support.h
[972.738s] -- Symlinking: /home/suv-user/foxy/colcon_ws/src/install/slam_toolbox/include/slam_toolbox/srv/detail/pause__functions.h
[972.782s] -- Symlinking: /home/suv-user/foxy/colcon_ws/src/install/slam_toolbox/include/slam_toolbox/srv/detail/pause__struct.h
[972.826s] -- Symlinking: /home/suv-user/foxy/colcon_ws/src/install/slam_toolbox/include/slam_toolbox/srv/detail/pause__type_support.h
[972.870s] -- Symlinking: /home/suv-user/foxy/colcon_ws/src/install/slam_toolbox/include/slam_toolbox/srv/detail/save_map__functions.h
[972.912s] -- Symlinking: /home/suv-user/foxy/colcon_ws/src/install/slam_toolbox/include/slam_toolbox/srv/detail/save_map__struct.h
[972.955s] -- Symlinking: /home/suv-user/foxy/colcon_ws/src/install/slam_toolbox/include/slam_toolbox/srv/detail/save_map__type_support.h
[972.997s] -- Symlinking: /home/suv-user/foxy/colcon_ws/src/install/slam_toolbox/include/slam_toolbox/srv/detail/serialize_pose_graph__functions.h
[973.039s] -- Symlinking: /home/suv-user/foxy/colcon_ws/src/install/slam_toolbox/include/slam_toolbox/srv/detail/serialize_pose_graph__struct.h
[973.082s] -- Symlinking: /home/suv-user/foxy/colcon_ws/src/install/slam_toolbox/include/slam_toolbox/srv/detail/serialize_pose_graph__type_support.h
[973.122s] -- Symlinking: /home/suv-user/foxy/colcon_ws/src/install/slam_toolbox/include/slam_toolbox/srv/detail/toggle_interactive__functions.h
[973.165s] -- Symlinking: /home/suv-user/foxy/colcon_ws/src/install/slam_toolbox/include/slam_toolbox/srv/detail/toggle_interactive__struct.h
[973.206s] -- Symlinking: /home/suv-user/foxy/colcon_ws/src/install/slam_toolbox/include/slam_toolbox/srv/detail/toggle_interactive__type_support.h
[973.254s] -- Symlinking: /home/suv-user/foxy/colcon_ws/src/install/slam_toolbox/include/slam_toolbox/srv/loop_closure.h
[973.295s] -- Symlinking: /home/suv-user/foxy/colcon_ws/src/install/slam_toolbox/include/slam_toolbox/srv/merge_maps.h
[973.338s] -- Symlinking: /home/suv-user/foxy/colcon_ws/src/install/slam_toolbox/include/slam_toolbox/srv/pause.h
[973.381s] -- Symlinking: /home/suv-user/foxy/colcon_ws/src/install/slam_toolbox/include/slam_toolbox/srv/save_map.h
[973.423s] -- Symlinking: /home/suv-user/foxy/colcon_ws/src/install/slam_toolbox/include/slam_toolbox/srv/serialize_pose_graph.h
[973.466s] -- Symlinking: /home/suv-user/foxy/colcon_ws/src/install/slam_toolbox/include/slam_toolbox/srv/toggle_interactive.h
[973.527s] -- Symlinking: /home/suv-user/foxy/colcon_ws/src/install/slam_toolbox/share/slam_toolbox/environment/library_path.sh
[973.570s] -- Symlinking: /home/suv-user/foxy/colcon_ws/src/install/slam_toolbox/share/slam_toolbox/environment/library_path.dsv
[973.637s] -- Symlinking: /home/suv-user/foxy/colcon_ws/src/install/slam_toolbox/include/slam_toolbox/msg/rosidl_typesupport_fastrtps_c__visibility_control.h
[973.683s] -- Symlinking: /home/suv-user/foxy/colcon_ws/src/install/slam_toolbox/include/slam_toolbox/srv/detail/add_submap__rosidl_typesupport_fastrtps_c.h
[973.726s] -- Symlinking: /home/suv-user/foxy/colcon_ws/src/install/slam_toolbox/include/slam_toolbox/srv/detail/clear__rosidl_typesupport_fastrtps_c.h
[973.772s] -- Symlinking: /home/suv-user/foxy/colcon_ws/src/install/slam_toolbox/include/slam_toolbox/srv/detail/clear_queue__rosidl_typesupport_fastrtps_c.h
[973.816s] -- Symlinking: /home/suv-user/foxy/colcon_ws/src/install/slam_toolbox/include/slam_toolbox/srv/detail/deserialize_pose_graph__rosidl_typesupport_fastrtps_c.h
[973.861s] -- Symlinking: /home/suv-user/foxy/colcon_ws/src/install/slam_toolbox/include/slam_toolbox/srv/detail/loop_closure__rosidl_typesupport_fastrtps_c.h
[973.909s] -- Symlinking: /home/suv-user/foxy/colcon_ws/src/install/slam_toolbox/include/slam_toolbox/srv/detail/merge_maps__rosidl_typesupport_fastrtps_c.h
[973.953s] -- Symlinking: /home/suv-user/foxy/colcon_ws/src/install/slam_toolbox/include/slam_toolbox/srv/detail/pause__rosidl_typesupport_fastrtps_c.h
[973.996s] -- Symlinking: /home/suv-user/foxy/colcon_ws/src/install/slam_toolbox/include/slam_toolbox/srv/detail/save_map__rosidl_typesupport_fastrtps_c.h
[974.040s] -- Symlinking: /home/suv-user/foxy/colcon_ws/src/install/slam_toolbox/include/slam_toolbox/srv/detail/serialize_pose_graph__rosidl_typesupport_fastrtps_c.h
[974.084s] -- Symlinking: /home/suv-user/foxy/colcon_ws/src/install/slam_toolbox/include/slam_toolbox/srv/detail/toggle_interactive__rosidl_typesupport_fastrtps_c.h
[974.130s] -- Symlinking: /home/suv-user/foxy/colcon_ws/src/install/slam_toolbox/lib/libslam_toolbox__rosidl_typesupport_fastrtps_c.so
[974.194s] -- Symlinking: /home/suv-user/foxy/colcon_ws/src/install/slam_toolbox/include/slam_toolbox/msg/rosidl_typesupport_fastrtps_cpp__visibility_control.h
[974.242s] -- Symlinking: /home/suv-user/foxy/colcon_ws/src/install/slam_toolbox/include/slam_toolbox/srv/detail/add_submap__rosidl_typesupport_fastrtps_cpp.hpp
[974.284s] -- Symlinking: /home/suv-user/foxy/colcon_ws/src/install/slam_toolbox/include/slam_toolbox/srv/detail/clear__rosidl_typesupport_fastrtps_cpp.hpp
[974.328s] -- Symlinking: /home/suv-user/foxy/colcon_ws/src/install/slam_toolbox/include/slam_toolbox/srv/detail/clear_queue__rosidl_typesupport_fastrtps_cpp.hpp
[974.373s] -- Symlinking: /home/suv-user/foxy/colcon_ws/src/install/slam_toolbox/include/slam_toolbox/srv/detail/deserialize_pose_graph__rosidl_typesupport_fastrtps_cpp.hpp
[974.418s] -- Symlinking: /home/suv-user/foxy/colcon_ws/src/install/slam_toolbox/include/slam_toolbox/srv/detail/loop_closure__rosidl_typesupport_fastrtps_cpp.hpp
[974.461s] -- Symlinking: /home/suv-user/foxy/colcon_ws/src/install/slam_toolbox/include/slam_toolbox/srv/detail/merge_maps__rosidl_typesupport_fastrtps_cpp.hpp
[974.505s] -- Symlinking: /home/suv-user/foxy/colcon_ws/src/install/slam_toolbox/include/slam_toolbox/srv/detail/pause__rosidl_typesupport_fastrtps_cpp.hpp
[974.548s] -- Symlinking: /home/suv-user/foxy/colcon_ws/src/install/slam_toolbox/include/slam_toolbox/srv/detail/save_map__rosidl_typesupport_fastrtps_cpp.hpp
[974.598s] -- Symlinking: /home/suv-user/foxy/colcon_ws/src/install/slam_toolbox/include/slam_toolbox/srv/detail/serialize_pose_graph__rosidl_typesupport_fastrtps_cpp.hpp
[974.643s] -- Symlinking: /home/suv-user/foxy/colcon_ws/src/install/slam_toolbox/include/slam_toolbox/srv/detail/toggle_interactive__rosidl_typesupport_fastrtps_cpp.hpp
[974.690s] -- Symlinking: /home/suv-user/foxy/colcon_ws/src/install/slam_toolbox/lib/libslam_toolbox__rosidl_typesupport_fastrtps_cpp.so
[974.749s] -- Symlinking: /home/suv-user/foxy/colcon_ws/src/install/slam_toolbox/include/slam_toolbox/msg/rosidl_typesupport_introspection_c__visibility_control.h
[974.794s] -- Symlinking: /home/suv-user/foxy/colcon_ws/src/install/slam_toolbox/include/slam_toolbox/srv/detail/add_submap__rosidl_typesupport_introspection_c.h
[974.845s] -- Symlinking: /home/suv-user/foxy/colcon_ws/src/install/slam_toolbox/include/slam_toolbox/srv/detail/clear__rosidl_typesupport_introspection_c.h
[974.892s] -- Symlinking: /home/suv-user/foxy/colcon_ws/src/install/slam_toolbox/include/slam_toolbox/srv/detail/clear_queue__rosidl_typesupport_introspection_c.h
[974.940s] -- Symlinking: /home/suv-user/foxy/colcon_ws/src/install/slam_toolbox/include/slam_toolbox/srv/detail/deserialize_pose_graph__rosidl_typesupport_introspection_c.h
[974.986s] -- Symlinking: /home/suv-user/foxy/colcon_ws/src/install/slam_toolbox/include/slam_toolbox/srv/detail/loop_closure__rosidl_typesupport_introspection_c.h
[975.029s] -- Symlinking: /home/suv-user/foxy/colcon_ws/src/install/slam_toolbox/include/slam_toolbox/srv/detail/merge_maps__rosidl_typesupport_introspection_c.h
[975.073s] -- Symlinking: /home/suv-user/foxy/colcon_ws/src/install/slam_toolbox/include/slam_toolbox/srv/detail/pause__rosidl_typesupport_introspection_c.h
[975.115s] -- Symlinking: /home/suv-user/foxy/colcon_ws/src/install/slam_toolbox/include/slam_toolbox/srv/detail/save_map__rosidl_typesupport_introspection_c.h
[975.166s] -- Symlinking: /home/suv-user/foxy/colcon_ws/src/install/slam_toolbox/include/slam_toolbox/srv/detail/serialize_pose_graph__rosidl_typesupport_introspection_c.h
[975.215s] -- Symlinking: /home/suv-user/foxy/colcon_ws/src/install/slam_toolbox/include/slam_toolbox/srv/detail/toggle_interactive__rosidl_typesupport_introspection_c.h
[975.261s] -- Symlinking: /home/suv-user/foxy/colcon_ws/src/install/slam_toolbox/include/slam_toolbox/srv/add_submap.hpp
[975.305s] -- Symlinking: /home/suv-user/foxy/colcon_ws/src/install/slam_toolbox/include/slam_toolbox/srv/clear.hpp
[975.349s] -- Symlinking: /home/suv-user/foxy/colcon_ws/src/install/slam_toolbox/include/slam_toolbox/srv/clear_queue.hpp
[975.396s] -- Symlinking: /home/suv-user/foxy/colcon_ws/src/install/slam_toolbox/include/slam_toolbox/srv/deserialize_pose_graph.hpp
[975.445s] -- Symlinking: /home/suv-user/foxy/colcon_ws/src/install/slam_toolbox/include/slam_toolbox/srv/detail/add_submap__builder.hpp
[975.489s] -- Symlinking: /home/suv-user/foxy/colcon_ws/src/install/slam_toolbox/include/slam_toolbox/srv/detail/add_submap__struct.hpp
[975.538s] -- Symlinking: /home/suv-user/foxy/colcon_ws/src/install/slam_toolbox/include/slam_toolbox/srv/detail/add_submap__traits.hpp
[975.584s] -- Symlinking: /home/suv-user/foxy/colcon_ws/src/install/slam_toolbox/include/slam_toolbox/srv/detail/clear__builder.hpp
[975.635s] -- Symlinking: /home/suv-user/foxy/colcon_ws/src/install/slam_toolbox/include/slam_toolbox/srv/detail/clear__struct.hpp
[975.679s] -- Symlinking: /home/suv-user/foxy/colcon_ws/src/install/slam_toolbox/include/slam_toolbox/srv/detail/clear__traits.hpp
[975.721s] -- Symlinking: /home/suv-user/foxy/colcon_ws/src/install/slam_toolbox/include/slam_toolbox/srv/detail/clear_queue__builder.hpp
[975.769s] -- Symlinking: /home/suv-user/foxy/colcon_ws/src/install/slam_toolbox/include/slam_toolbox/srv/detail/clear_queue__struct.hpp
[975.813s] -- Symlinking: /home/suv-user/foxy/colcon_ws/src/install/slam_toolbox/include/slam_toolbox/srv/detail/clear_queue__traits.hpp
[975.860s] -- Symlinking: /home/suv-user/foxy/colcon_ws/src/install/slam_toolbox/include/slam_toolbox/srv/detail/deserialize_pose_graph__builder.hpp
[975.906s] -- Symlinking: /home/suv-user/foxy/colcon_ws/src/install/slam_toolbox/include/slam_toolbox/srv/detail/deserialize_pose_graph__struct.hpp
[975.951s] -- Symlinking: /home/suv-user/foxy/colcon_ws/src/install/slam_toolbox/include/slam_toolbox/srv/detail/deserialize_pose_graph__traits.hpp
[976.001s] -- Symlinking: /home/suv-user/foxy/colcon_ws/src/install/slam_toolbox/include/slam_toolbox/srv/detail/loop_closure__builder.hpp
[976.049s] -- Symlinking: /home/suv-user/foxy/colcon_ws/src/install/slam_toolbox/include/slam_toolbox/srv/detail/loop_closure__struct.hpp
[976.101s] -- Symlinking: /home/suv-user/foxy/colcon_ws/src/install/slam_toolbox/include/slam_toolbox/srv/detail/loop_closure__traits.hpp
[976.144s] -- Symlinking: /home/suv-user/foxy/colcon_ws/src/install/slam_toolbox/include/slam_toolbox/srv/detail/merge_maps__builder.hpp
[976.197s] -- Symlinking: /home/suv-user/foxy/colcon_ws/src/install/slam_toolbox/include/slam_toolbox/srv/detail/merge_maps__struct.hpp
[976.248s] -- Symlinking: /home/suv-user/foxy/colcon_ws/src/install/slam_toolbox/include/slam_toolbox/srv/detail/merge_maps__traits.hpp
[976.292s] -- Symlinking: /home/suv-user/foxy/colcon_ws/src/install/slam_toolbox/include/slam_toolbox/srv/detail/pause__builder.hpp
[976.341s] -- Symlinking: /home/suv-user/foxy/colcon_ws/src/install/slam_toolbox/include/slam_toolbox/srv/detail/pause__struct.hpp
[976.388s] -- Symlinking: /home/suv-user/foxy/colcon_ws/src/install/slam_toolbox/include/slam_toolbox/srv/detail/pause__traits.hpp
[976.439s] -- Symlinking: /home/suv-user/foxy/colcon_ws/src/install/slam_toolbox/include/slam_toolbox/srv/detail/save_map__builder.hpp
[976.483s] -- Symlinking: /home/suv-user/foxy/colcon_ws/src/install/slam_toolbox/include/slam_toolbox/srv/detail/save_map__struct.hpp
[976.525s] -- Symlinking: /home/suv-user/foxy/colcon_ws/src/install/slam_toolbox/include/slam_toolbox/srv/detail/save_map__traits.hpp
[976.567s] -- Symlinking: /home/suv-user/foxy/colcon_ws/src/install/slam_toolbox/include/slam_toolbox/srv/detail/serialize_pose_graph__builder.hpp
[976.610s] -- Symlinking: /home/suv-user/foxy/colcon_ws/src/install/slam_toolbox/include/slam_toolbox/srv/detail/serialize_pose_graph__struct.hpp
[976.655s] -- Symlinking: /home/suv-user/foxy/colcon_ws/src/install/slam_toolbox/include/slam_toolbox/srv/detail/serialize_pose_graph__traits.hpp
[976.701s] -- Symlinking: /home/suv-user/foxy/colcon_ws/src/install/slam_toolbox/include/slam_toolbox/srv/detail/toggle_interactive__builder.hpp
[976.751s] -- Symlinking: /home/suv-user/foxy/colcon_ws/src/install/slam_toolbox/include/slam_toolbox/srv/detail/toggle_interactive__struct.hpp
[976.793s] -- Symlinking: /home/suv-user/foxy/colcon_ws/src/install/slam_toolbox/include/slam_toolbox/srv/detail/toggle_interactive__traits.hpp
[976.842s] -- Symlinking: /home/suv-user/foxy/colcon_ws/src/install/slam_toolbox/include/slam_toolbox/srv/loop_closure.hpp
[976.885s] -- Symlinking: /home/suv-user/foxy/colcon_ws/src/install/slam_toolbox/include/slam_toolbox/srv/merge_maps.hpp
[976.934s] -- Symlinking: /home/suv-user/foxy/colcon_ws/src/install/slam_toolbox/include/slam_toolbox/srv/pause.hpp
[976.977s] -- Symlinking: /home/suv-user/foxy/colcon_ws/src/install/slam_toolbox/include/slam_toolbox/srv/save_map.hpp
[977.030s] -- Symlinking: /home/suv-user/foxy/colcon_ws/src/install/slam_toolbox/include/slam_toolbox/srv/serialize_pose_graph.hpp
[977.077s] -- Symlinking: /home/suv-user/foxy/colcon_ws/src/install/slam_toolbox/include/slam_toolbox/srv/toggle_interactive.hpp
[977.128s] -- Symlinking: /home/suv-user/foxy/colcon_ws/src/install/slam_toolbox/include/slam_toolbox/srv/detail/add_submap__rosidl_typesupport_introspection_cpp.hpp
[977.178s] -- Symlinking: /home/suv-user/foxy/colcon_ws/src/install/slam_toolbox/include/slam_toolbox/srv/detail/clear__rosidl_typesupport_introspection_cpp.hpp
[977.224s] -- Symlinking: /home/suv-user/foxy/colcon_ws/src/install/slam_toolbox/include/slam_toolbox/srv/detail/clear_queue__rosidl_typesupport_introspection_cpp.hpp
[977.274s] -- Symlinking: /home/suv-user/foxy/colcon_ws/src/install/slam_toolbox/include/slam_toolbox/srv/detail/deserialize_pose_graph__rosidl_typesupport_introspection_cpp.hpp
[977.318s] -- Symlinking: /home/suv-user/foxy/colcon_ws/src/install/slam_toolbox/include/slam_toolbox/srv/detail/loop_closure__rosidl_typesupport_introspection_cpp.hpp
[977.370s] -- Symlinking: /home/suv-user/foxy/colcon_ws/src/install/slam_toolbox/include/slam_toolbox/srv/detail/merge_maps__rosidl_typesupport_introspection_cpp.hpp
[977.421s] -- Symlinking: /home/suv-user/foxy/colcon_ws/src/install/slam_toolbox/include/slam_toolbox/srv/detail/pause__rosidl_typesupport_introspection_cpp.hpp
[977.465s] -- Symlinking: /home/suv-user/foxy/colcon_ws/src/install/slam_toolbox/include/slam_toolbox/srv/detail/save_map__rosidl_typesupport_introspection_cpp.hpp
[977.515s] -- Symlinking: /home/suv-user/foxy/colcon_ws/src/install/slam_toolbox/include/slam_toolbox/srv/detail/serialize_pose_graph__rosidl_typesupport_introspection_cpp.hpp
[977.556s] -- Symlinking: /home/suv-user/foxy/colcon_ws/src/install/slam_toolbox/include/slam_toolbox/srv/detail/toggle_interactive__rosidl_typesupport_introspection_cpp.hpp
[977.605s] -- Symlinking: /home/suv-user/foxy/colcon_ws/src/install/slam_toolbox/share/slam_toolbox/environment/pythonpath.sh
[977.649s] -- Symlinking: /home/suv-user/foxy/colcon_ws/src/install/slam_toolbox/share/slam_toolbox/environment/pythonpath.dsv
[977.696s] -- Symlinking: /home/suv-user/foxy/colcon_ws/src/install/slam_toolbox/lib/python3.8/site-packages/slam_toolbox/__init__.py
[977.743s] -- Symlinking: /home/suv-user/foxy/colcon_ws/src/install/slam_toolbox/lib/python3.8/site-packages/slam_toolbox/srv/__init__.py
[977.786s] -- Symlinking: /home/suv-user/foxy/colcon_ws/src/install/slam_toolbox/lib/python3.8/site-packages/slam_toolbox/srv/_add_submap.py
[977.828s] -- Symlinking: /home/suv-user/foxy/colcon_ws/src/install/slam_toolbox/lib/python3.8/site-packages/slam_toolbox/srv/_clear.py
[977.873s] -- Symlinking: /home/suv-user/foxy/colcon_ws/src/install/slam_toolbox/lib/python3.8/site-packages/slam_toolbox/srv/_clear_queue.py
[977.916s] -- Symlinking: /home/suv-user/foxy/colcon_ws/src/install/slam_toolbox/lib/python3.8/site-packages/slam_toolbox/srv/_deserialize_pose_graph.py
[977.959s] -- Symlinking: /home/suv-user/foxy/colcon_ws/src/install/slam_toolbox/lib/python3.8/site-packages/slam_toolbox/srv/_loop_closure.py
[978.001s] -- Symlinking: /home/suv-user/foxy/colcon_ws/src/install/slam_toolbox/lib/python3.8/site-packages/slam_toolbox/srv/_merge_maps.py
[978.044s] -- Symlinking: /home/suv-user/foxy/colcon_ws/src/install/slam_toolbox/lib/python3.8/site-packages/slam_toolbox/srv/_pause.py
[978.088s] -- Symlinking: /home/suv-user/foxy/colcon_ws/src/install/slam_toolbox/lib/python3.8/site-packages/slam_toolbox/srv/_save_map.py
[978.131s] -- Symlinking: /home/suv-user/foxy/colcon_ws/src/install/slam_toolbox/lib/python3.8/site-packages/slam_toolbox/srv/_serialize_pose_graph.py
[978.176s] -- Symlinking: /home/suv-user/foxy/colcon_ws/src/install/slam_toolbox/lib/python3.8/site-packages/slam_toolbox/srv/_toggle_interactive.py
[978.222s] -- Symlinking: /home/suv-user/foxy/colcon_ws/src/install/slam_toolbox/lib/python3.8/site-packages/slam_toolbox/slam_toolbox_s__rosidl_typesupport_fastrtps_c.cpython-38-aarch64-linux-gnu.so
[978.267s] -- Symlinking: /home/suv-user/foxy/colcon_ws/src/install/slam_toolbox/lib/python3.8/site-packages/slam_toolbox/slam_toolbox_s__rosidl_typesupport_introspection_c.cpython-38-aarch64-linux-gnu.so
[978.311s] -- Symlinking: /home/suv-user/foxy/colcon_ws/src/install/slam_toolbox/lib/python3.8/site-packages/slam_toolbox/slam_toolbox_s__rosidl_typesupport_c.cpython-38-aarch64-linux-gnu.so
[978.358s] -- Symlinking: /home/suv-user/foxy/colcon_ws/src/install/slam_toolbox/lib/libslam_toolbox__python.so
[978.409s] -- Symlinking: /home/suv-user/foxy/colcon_ws/src/install/slam_toolbox/share/slam_toolbox/srv/Pause.idl
[978.452s] -- Symlinking: /home/suv-user/foxy/colcon_ws/src/install/slam_toolbox/share/slam_toolbox/srv/ClearQueue.idl
[978.495s] -- Symlinking: /home/suv-user/foxy/colcon_ws/src/install/slam_toolbox/share/slam_toolbox/srv/ToggleInteractive.idl
[978.537s] -- Symlinking: /home/suv-user/foxy/colcon_ws/src/install/slam_toolbox/share/slam_toolbox/srv/Clear.idl
[978.581s] -- Symlinking: /home/suv-user/foxy/colcon_ws/src/install/slam_toolbox/share/slam_toolbox/srv/SaveMap.idl
[978.627s] -- Symlinking: /home/suv-user/foxy/colcon_ws/src/install/slam_toolbox/share/slam_toolbox/srv/LoopClosure.idl
[978.669s] -- Symlinking: /home/suv-user/foxy/colcon_ws/src/install/slam_toolbox/share/slam_toolbox/srv/MergeMaps.idl
[978.714s] -- Symlinking: /home/suv-user/foxy/colcon_ws/src/install/slam_toolbox/share/slam_toolbox/srv/AddSubmap.idl
[978.757s] -- Symlinking: /home/suv-user/foxy/colcon_ws/src/install/slam_toolbox/share/slam_toolbox/srv/DeserializePoseGraph.idl
[978.800s] -- Symlinking: /home/suv-user/foxy/colcon_ws/src/install/slam_toolbox/share/slam_toolbox/srv/SerializePoseGraph.idl
[978.847s] -- Symlinking: /home/suv-user/foxy/colcon_ws/src/install/slam_toolbox/share/slam_toolbox/srvs/Pause.srv
[978.896s] -- Symlinking: /home/suv-user/foxy/colcon_ws/src/install/slam_toolbox/share/slam_toolbox/srvs/Pause_Request.msg
[978.940s] -- Symlinking: /home/suv-user/foxy/colcon_ws/src/install/slam_toolbox/share/slam_toolbox/srvs/Pause_Response.msg
[978.984s] -- Symlinking: /home/suv-user/foxy/colcon_ws/src/install/slam_toolbox/share/slam_toolbox/srvs/ClearQueue.srv
[979.028s] -- Symlinking: /home/suv-user/foxy/colcon_ws/src/install/slam_toolbox/share/slam_toolbox/srvs/ClearQueue_Request.msg
[979.071s] -- Symlinking: /home/suv-user/foxy/colcon_ws/src/install/slam_toolbox/share/slam_toolbox/srvs/ClearQueue_Response.msg
[979.113s] -- Symlinking: /home/suv-user/foxy/colcon_ws/src/install/slam_toolbox/share/slam_toolbox/srvs/ToggleInteractive.srv
[979.156s] -- Symlinking: /home/suv-user/foxy/colcon_ws/src/install/slam_toolbox/share/slam_toolbox/srvs/ToggleInteractive_Request.msg
[979.204s] -- Symlinking: /home/suv-user/foxy/colcon_ws/src/install/slam_toolbox/share/slam_toolbox/srvs/ToggleInteractive_Response.msg
[979.251s] -- Symlinking: /home/suv-user/foxy/colcon_ws/src/install/slam_toolbox/share/slam_toolbox/srvs/Clear.srv
[979.303s] -- Symlinking: /home/suv-user/foxy/colcon_ws/src/install/slam_toolbox/share/slam_toolbox/srvs/Clear_Request.msg
[979.347s] -- Symlinking: /home/suv-user/foxy/colcon_ws/src/install/slam_toolbox/share/slam_toolbox/srvs/Clear_Response.msg
[979.397s] -- Symlinking: /home/suv-user/foxy/colcon_ws/src/install/slam_toolbox/share/slam_toolbox/srvs/SaveMap.srv
[979.450s] -- Symlinking: /home/suv-user/foxy/colcon_ws/src/install/slam_toolbox/share/slam_toolbox/srvs/SaveMap_Request.msg
[979.495s] -- Symlinking: /home/suv-user/foxy/colcon_ws/src/install/slam_toolbox/share/slam_toolbox/srvs/SaveMap_Response.msg
[979.544s] -- Symlinking: /home/suv-user/foxy/colcon_ws/src/install/slam_toolbox/share/slam_toolbox/srvs/LoopClosure.srv
[979.595s] -- Symlinking: /home/suv-user/foxy/colcon_ws/src/install/slam_toolbox/share/slam_toolbox/srvs/LoopClosure_Request.msg
[979.640s] -- Symlinking: /home/suv-user/foxy/colcon_ws/src/install/slam_toolbox/share/slam_toolbox/srvs/LoopClosure_Response.msg
[979.681s] -- Symlinking: /home/suv-user/foxy/colcon_ws/src/install/slam_toolbox/share/slam_toolbox/srvs/MergeMaps.srv
[979.725s] -- Symlinking: /home/suv-user/foxy/colcon_ws/src/install/slam_toolbox/share/slam_toolbox/srvs/MergeMaps_Request.msg
[979.773s] -- Symlinking: /home/suv-user/foxy/colcon_ws/src/install/slam_toolbox/share/slam_toolbox/srvs/MergeMaps_Response.msg
[979.815s] -- Symlinking: /home/suv-user/foxy/colcon_ws/src/install/slam_toolbox/share/slam_toolbox/srvs/AddSubmap.srv
[979.864s] -- Symlinking: /home/suv-user/foxy/colcon_ws/src/install/slam_toolbox/share/slam_toolbox/srvs/AddSubmap_Request.msg
[979.910s] -- Symlinking: /home/suv-user/foxy/colcon_ws/src/install/slam_toolbox/share/slam_toolbox/srvs/AddSubmap_Response.msg
[979.954s] -- Symlinking: /home/suv-user/foxy/colcon_ws/src/install/slam_toolbox/share/slam_toolbox/srvs/DeserializePoseGraph.srv
[980.003s] -- Symlinking: /home/suv-user/foxy/colcon_ws/src/install/slam_toolbox/share/slam_toolbox/srvs/DeserializePoseGraph_Request.msg
[980.056s] -- Symlinking: /home/suv-user/foxy/colcon_ws/src/install/slam_toolbox/share/slam_toolbox/srvs/DeserializePoseGraph_Response.msg
[980.104s] -- Symlinking: /home/suv-user/foxy/colcon_ws/src/install/slam_toolbox/share/slam_toolbox/srvs/SerializePoseGraph.srv
[980.149s] -- Symlinking: /home/suv-user/foxy/colcon_ws/src/install/slam_toolbox/share/slam_toolbox/srvs/SerializePoseGraph_Request.msg
[980.194s] -- Symlinking: /home/suv-user/foxy/colcon_ws/src/install/slam_toolbox/share/slam_toolbox/srvs/SerializePoseGraph_Response.msg
[980.240s] -- Symlinking: /home/suv-user/foxy/colcon_ws/src/install/slam_toolbox/share/slam_toolbox//rviz_plugins.xml
[980.286s] -- Symlinking: /home/suv-user/foxy/colcon_ws/src/install/slam_toolbox/share/slam_toolbox//solver_plugins.xml
[980.336s] -- Symlinking: /home/suv-user/foxy/colcon_ws/src/install/slam_toolbox/lib/slam_toolbox/async_slam_toolbox_node
[980.382s] -- Symlinking: /home/suv-user/foxy/colcon_ws/src/install/slam_toolbox/lib/slam_toolbox/sync_slam_toolbox_node
[980.430s] -- Symlinking: /home/suv-user/foxy/colcon_ws/src/install/slam_toolbox/lib/slam_toolbox/localization_slam_toolbox_node
[980.472s] -- Symlinking: /home/suv-user/foxy/colcon_ws/src/install/slam_toolbox/lib/slam_toolbox/lifelong_slam_toolbox_node
[980.514s] -- Symlinking: /home/suv-user/foxy/colcon_ws/src/install/slam_toolbox/lib/slam_toolbox/merge_maps_kinematic
[980.558s] -- Symlinking: /home/suv-user/foxy/colcon_ws/src/install/slam_toolbox/lib/libtoolbox_common.so
[980.613s] -- Symlinking: /home/suv-user/foxy/colcon_ws/src/install/slam_toolbox/lib/libSlamToolboxPlugin.so
[980.666s] -- Symlinking: /home/suv-user/foxy/colcon_ws/src/install/slam_toolbox/lib/libceres_solver_plugin.so
[980.722s] -- Symlinking: /home/suv-user/foxy/colcon_ws/src/install/slam_toolbox/lib/libasync_slam_toolbox.so
[980.765s] -- Symlinking: /home/suv-user/foxy/colcon_ws/src/install/slam_toolbox/lib/libsync_slam_toolbox.so
[980.816s] -- Symlinking: /home/suv-user/foxy/colcon_ws/src/install/slam_toolbox/lib/liblocalization_slam_toolbox.so
[980.887s] -- Symlinking: /home/suv-user/foxy/colcon_ws/src/install/slam_toolbox/lib/liblifelong_slam_toolbox.so
[980.945s] -- Symlinking: /home/suv-user/foxy/colcon_ws/src/install/slam_toolbox/include/slam_toolbox/experimental/slam_toolbox_lifelong.hpp
[980.997s] -- Symlinking: /home/suv-user/foxy/colcon_ws/src/install/slam_toolbox/include/slam_toolbox/get_pose_helper.hpp
[981.045s] -- Symlinking: /home/suv-user/foxy/colcon_ws/src/install/slam_toolbox/include/slam_toolbox/laser_utils.hpp
[981.104s] -- Symlinking: /home/suv-user/foxy/colcon_ws/src/install/slam_toolbox/include/slam_toolbox/loop_closure_assistant.hpp
[981.150s] -- Symlinking: /home/suv-user/foxy/colcon_ws/src/install/slam_toolbox/include/slam_toolbox/map_saver.hpp
[981.194s] -- Symlinking: /home/suv-user/foxy/colcon_ws/src/install/slam_toolbox/include/slam_toolbox/merge_maps_kinematic.hpp
[981.237s] -- Symlinking: /home/suv-user/foxy/colcon_ws/src/install/slam_toolbox/include/slam_toolbox/serialization.hpp
[981.287s] -- Symlinking: /home/suv-user/foxy/colcon_ws/src/install/slam_toolbox/include/slam_toolbox/slam_mapper.hpp
[981.331s] -- Symlinking: /home/suv-user/foxy/colcon_ws/src/install/slam_toolbox/include/slam_toolbox/slam_toolbox_async.hpp
[981.376s] -- Symlinking: /home/suv-user/foxy/colcon_ws/src/install/slam_toolbox/include/slam_toolbox/slam_toolbox_common.hpp
[981.420s] -- Symlinking: /home/suv-user/foxy/colcon_ws/src/install/slam_toolbox/include/slam_toolbox/slam_toolbox_localization.hpp
[981.471s] -- Symlinking: /home/suv-user/foxy/colcon_ws/src/install/slam_toolbox/include/slam_toolbox/slam_toolbox_sync.hpp
[981.517s] -- Symlinking: /home/suv-user/foxy/colcon_ws/src/install/slam_toolbox/include/slam_toolbox/snap_utils.hpp
[981.559s] -- Symlinking: /home/suv-user/foxy/colcon_ws/src/install/slam_toolbox/include/slam_toolbox/toolbox_msgs.hpp
[981.601s] -- Symlinking: /home/suv-user/foxy/colcon_ws/src/install/slam_toolbox/include/slam_toolbox/toolbox_types.hpp
[981.645s] -- Symlinking: /home/suv-user/foxy/colcon_ws/src/install/slam_toolbox/include/slam_toolbox/visualization_utils.hpp
[981.690s] -- Symlinking: /home/suv-user/foxy/colcon_ws/src/install/slam_toolbox/share/slam_toolbox/launch/lifelong_launch.py
[981.732s] -- Symlinking: /home/suv-user/foxy/colcon_ws/src/install/slam_toolbox/share/slam_toolbox/launch/localization_launch.py
[981.775s] -- Symlinking: /home/suv-user/foxy/colcon_ws/src/install/slam_toolbox/share/slam_toolbox/launch/merge_maps_kinematic_launch.py
[981.820s] -- Symlinking: /home/suv-user/foxy/colcon_ws/src/install/slam_toolbox/share/slam_toolbox/launch/offline_launch.py
[981.866s] -- Symlinking: /home/suv-user/foxy/colcon_ws/src/install/slam_toolbox/share/slam_toolbox/launch/online_async_launch.py
[981.909s] -- Symlinking: /home/suv-user/foxy/colcon_ws/src/install/slam_toolbox/share/slam_toolbox/launch/online_sync_launch.py
[981.954s] -- Symlinking: /home/suv-user/foxy/colcon_ws/src/install/slam_toolbox/share/slam_toolbox/config/mapper_params_lifelong.yaml
[981.999s] -- Symlinking: /home/suv-user/foxy/colcon_ws/src/install/slam_toolbox/share/slam_toolbox/config/mapper_params_localization.yaml
[982.046s] -- Symlinking: /home/suv-user/foxy/colcon_ws/src/install/slam_toolbox/share/slam_toolbox/config/mapper_params_offline.yaml
[982.089s] -- Symlinking: /home/suv-user/foxy/colcon_ws/src/install/slam_toolbox/share/slam_toolbox/config/mapper_params_online_async.yaml
[982.133s] -- Symlinking: /home/suv-user/foxy/colcon_ws/src/install/slam_toolbox/share/slam_toolbox/config/mapper_params_online_sync.yaml
[982.178s] -- Symlinking: /home/suv-user/foxy/colcon_ws/src/install/slam_toolbox/share/solver_plugins.xml
[982.222s] -- Symlinking: /home/suv-user/foxy/colcon_ws/src/install/slam_toolbox/share/rviz_plugins.xml
[982.268s] -- Symlinking: /home/suv-user/foxy/colcon_ws/src/install/slam_toolbox/share/ament_index/resource_index/package_run_dependencies/slam_toolbox
[982.311s] -- Symlinking: /home/suv-user/foxy/colcon_ws/src/install/slam_toolbox/share/ament_index/resource_index/parent_prefix_path/slam_toolbox
[982.355s] -- Symlinking: /home/suv-user/foxy/colcon_ws/src/install/slam_toolbox/share/slam_toolbox/environment/ament_prefix_path.sh
[982.398s] -- Symlinking: /home/suv-user/foxy/colcon_ws/src/install/slam_toolbox/share/slam_toolbox/environment/ament_prefix_path.dsv
[982.443s] -- Symlinking: /home/suv-user/foxy/colcon_ws/src/install/slam_toolbox/share/slam_toolbox/environment/path.sh
[982.486s] -- Symlinking: /home/suv-user/foxy/colcon_ws/src/install/slam_toolbox/share/slam_toolbox/environment/path.dsv
[982.531s] -- Symlinking: /home/suv-user/foxy/colcon_ws/src/install/slam_toolbox/share/slam_toolbox/local_setup.bash
[982.575s] -- Symlinking: /home/suv-user/foxy/colcon_ws/src/install/slam_toolbox/share/slam_toolbox/local_setup.sh
[982.620s] -- Symlinking: /home/suv-user/foxy/colcon_ws/src/install/slam_toolbox/share/slam_toolbox/local_setup.zsh
[982.665s] -- Symlinking: /home/suv-user/foxy/colcon_ws/src/install/slam_toolbox/share/slam_toolbox/local_setup.dsv
[982.709s] -- Symlinking: /home/suv-user/foxy/colcon_ws/src/install/slam_toolbox/share/slam_toolbox/package.dsv
[982.749s] -- Symlinking: /home/suv-user/foxy/colcon_ws/src/install/slam_toolbox/share/ament_index/resource_index/packages/slam_toolbox
[982.803s] -- Symlinking: /home/suv-user/foxy/colcon_ws/src/install/slam_toolbox/share/ament_index/resource_index/rviz_common__pluginlib__plugin/slam_toolbox
[982.847s] -- Symlinking: /home/suv-user/foxy/colcon_ws/src/install/slam_toolbox/share/ament_index/resource_index/slam_toolbox__pluginlib__plugin/slam_toolbox
[982.889s] -- Symlinking: /home/suv-user/foxy/colcon_ws/src/install/slam_toolbox/share/slam_toolbox/cmake/rosidl_cmake-extras.cmake
[982.935s] -- Symlinking: /home/suv-user/foxy/colcon_ws/src/install/slam_toolbox/share/slam_toolbox/cmake/ament_cmake_export_dependencies-extras.cmake
[982.994s] -- Symlinking: /home/suv-user/foxy/colcon_ws/src/install/slam_toolbox/share/slam_toolbox/cmake/ament_cmake_export_libraries-extras.cmake
[983.039s] -- Symlinking: /home/suv-user/foxy/colcon_ws/src/install/slam_toolbox/share/slam_toolbox/cmake/ament_cmake_export_targets-extras.cmake
[983.081s] -- Symlinking: /home/suv-user/foxy/colcon_ws/src/install/slam_toolbox/share/slam_toolbox/cmake/ament_cmake_export_include_directories-extras.cmake
[983.124s] -- Symlinking: /home/suv-user/foxy/colcon_ws/src/install/slam_toolbox/share/slam_toolbox/cmake/rosidl_cmake_export_typesupport_libraries-extras.cmake
[983.167s] -- Symlinking: /home/suv-user/foxy/colcon_ws/src/install/slam_toolbox/share/slam_toolbox/cmake/rosidl_cmake_export_typesupport_targets-extras.cmake
[983.211s] -- Symlinking: /home/suv-user/foxy/colcon_ws/src/install/slam_toolbox/share/slam_toolbox/cmake/slam_toolboxConfig.cmake
[983.262s] -- Symlinking: /home/suv-user/foxy/colcon_ws/src/install/slam_toolbox/share/slam_toolbox/cmake/slam_toolboxConfig-version.cmake
[983.309s] -- Symlinking: /home/suv-user/foxy/colcon_ws/src/install/slam_toolbox/share/slam_toolbox/package.xml
[983.351s] -- Installing: /home/suv-user/foxy/colcon_ws/src/install/slam_toolbox/lib/libslam_toolbox__rosidl_generator_c.so
[983.355s] -- Set runtime path of "/home/suv-user/foxy/colcon_ws/src/install/slam_toolbox/lib/libslam_toolbox__rosidl_generator_c.so" to ""
[983.356s] -- Installing: /home/suv-user/foxy/colcon_ws/src/install/slam_toolbox/lib/libslam_toolbox__rosidl_typesupport_introspection_c.so
[983.359s] -- Set runtime path of "/home/suv-user/foxy/colcon_ws/src/install/slam_toolbox/lib/libslam_toolbox__rosidl_typesupport_introspection_c.so" to ""
[983.360s] -- Installing: /home/suv-user/foxy/colcon_ws/src/install/slam_toolbox/lib/libslam_toolbox__rosidl_typesupport_c.so
[983.363s] -- Set runtime path of "/home/suv-user/foxy/colcon_ws/src/install/slam_toolbox/lib/libslam_toolbox__rosidl_typesupport_c.so" to ""
[983.363s] -- Installing: /home/suv-user/foxy/colcon_ws/src/install/slam_toolbox/lib/libslam_toolbox__rosidl_typesupport_introspection_cpp.so
[983.367s] -- Set runtime path of "/home/suv-user/foxy/colcon_ws/src/install/slam_toolbox/lib/libslam_toolbox__rosidl_typesupport_introspection_cpp.so" to ""
[983.368s] -- Installing: /home/suv-user/foxy/colcon_ws/src/install/slam_toolbox/lib/libslam_toolbox__rosidl_typesupport_cpp.so
[983.372s] -- Set runtime path of "/home/suv-user/foxy/colcon_ws/src/install/slam_toolbox/lib/libslam_toolbox__rosidl_typesupport_cpp.so" to ""
[983.898s] Compiling '/home/suv-user/foxy/colcon_ws/src/install/slam_toolbox/lib/python3.8/site-packages/slam_toolbox/__init__.py'...
[983.936s] -- Installing: /home/suv-user/foxy/colcon_ws/src/install/slam_toolbox/share/slam_toolbox/cmake/slam_toolbox__rosidl_generator_cExport.cmake
[983.938s] -- Installing: /home/suv-user/foxy/colcon_ws/src/install/slam_toolbox/share/slam_toolbox/cmake/slam_toolbox__rosidl_generator_cExport-release.cmake
[983.939s] -- Installing: /home/suv-user/foxy/colcon_ws/src/install/slam_toolbox/share/slam_toolbox/cmake/slam_toolbox__rosidl_typesupport_introspection_cExport.cmake
[983.941s] -- Installing: /home/suv-user/foxy/colcon_ws/src/install/slam_toolbox/share/slam_toolbox/cmake/slam_toolbox__rosidl_typesupport_introspection_cExport-release.cmake
[983.943s] -- Installing: /home/suv-user/foxy/colcon_ws/src/install/slam_toolbox/share/slam_toolbox/cmake/slam_toolbox__rosidl_typesupport_cExport.cmake
[983.944s] -- Installing: /home/suv-user/foxy/colcon_ws/src/install/slam_toolbox/share/slam_toolbox/cmake/slam_toolbox__rosidl_typesupport_cExport-release.cmake
[983.946s] -- Installing: /home/suv-user/foxy/colcon_ws/src/install/slam_toolbox/share/slam_toolbox/cmake/slam_toolbox__rosidl_generator_cppExport.cmake
[983.947s] -- Installing: /home/suv-user/foxy/colcon_ws/src/install/slam_toolbox/share/slam_toolbox/cmake/slam_toolbox__rosidl_typesupport_introspection_cppExport.cmake
[983.949s] -- Installing: /home/suv-user/foxy/colcon_ws/src/install/slam_toolbox/share/slam_toolbox/cmake/slam_toolbox__rosidl_typesupport_introspection_cppExport-release.cmake
[983.951s] -- Installing: /home/suv-user/foxy/colcon_ws/src/install/slam_toolbox/share/slam_toolbox/cmake/slam_toolbox__rosidl_typesupport_cppExport.cmake
[983.953s] -- Installing: /home/suv-user/foxy/colcon_ws/src/install/slam_toolbox/share/slam_toolbox/cmake/slam_toolbox__rosidl_typesupport_cppExport-release.cmake
[983.955s] -- Installing: /home/suv-user/foxy/colcon_ws/src/install/slam_toolbox/share/slam_toolbox/cmake/SlamToolboxPluginExport.cmake
[983.957s] -- Installing: /home/suv-user/foxy/colcon_ws/src/install/slam_toolbox/share/slam_toolbox/cmake/SlamToolboxPluginExport-release.cmake
[983.976s] Invoked command in '/home/suv-user/foxy/colcon_ws/src/build/slam_toolbox' returned '0': CMAKE_PREFIX_PATH=${CMAKE_PREFIX_PATH}:/home/suv-user/foxy/colcon_ws/install/turtlebot3_teleop:/home/suv-user/foxy/colcon_ws/install/turtlebot3_example:/home/suv-user/foxy/colcon_ws/install/odom_simulator:/home/suv-user/foxy/colcon_ws/install/motors_control:/home/suv-user/foxy/colcon_ws/install/motor_control2:/home/suv-user/suv-docker/rocker_test/docker-ros2/foxy/colcon_ws/install/turtlebot3_teleop:/home/suv-user/suv-docker/rocker_test/docker-ros2/foxy/colcon_ws/install/turtlebot3_example:/opt/ros/foxy /usr/bin/cmake --install /home/suv-user/foxy/colcon_ws/src/build/slam_toolbox
